TpTrace Verbose: 0 : 23744, 1, 2024/07/04, 10:42:15.561, 1694636076597, vstest.console.dll, Version: 17.9.0-release-23627-01 Current process architecture: X64
TpTrace Verbose: 0 : 23744, 1, 2024/07/04, 10:42:15.564, 1694636102940, vstest.console.dll, Runtime location: C:\Program Files\dotnet\shared\Microsoft.NETCore.App\8.0.2
TpTrace Verbose: 0 : 23744, 1, 2024/07/04, 10:42:15.566, 1694636118034, vstest.console.dll, ArtifactProcessingPostProcessModeProcessorExecutor.Initialize: ArtifactProcessingMode.Collect
TpTrace Verbose: 0 : 23744, 1, 2024/07/04, 10:42:15.566, 1694636118742, vstest.console.dll, TestSessionCorrelationIdProcessorModeProcessorExecutor.Initialize: TestSessionCorrelationId '13216_2fe8b878-c1f3-4040-ab5b-f85f2bf9de95'
TpTrace Information: 0 : 23744, 1, 2024/07/04, 10:42:15.572, 1694636181410, vstest.console.dll, FilePatternParser: The given file C:\Stuart\Projects\nunit-csharp-samples-master\nunit-csharp-samples-master\money\bin\Debug\net6.0\fine-code-coverage\build-output\Money.dll is a full path.
TpTrace Verbose: 0 : 23744, 1, 2024/07/04, 10:42:15.576, 1694636217023, vstest.console.dll, TestPluginCache.DiscoverTestExtensions: finding test extensions in assemblies ends with: RuntimeProvider.dll TPluginInfo: Microsoft.VisualStudio.TestPlatform.Common.ExtensionFramework.Utilities.TestRuntimePluginInformation TExtension: Microsoft.VisualStudio.TestPlatform.ObjectModel.Host.ITestRuntimeProvider
TpTrace Verbose: 0 : 23744, 1, 2024/07/04, 10:42:15.576, 1694636219745, vstest.console.dll, TestPluginCache.GetExtensionPaths: Filtered extension paths: 
TpTrace Verbose: 0 : 23744, 1, 2024/07/04, 10:42:15.576, 1694636220374, vstest.console.dll, TestPluginCache.GetExtensionPaths: Added default extension paths: C:\Program Files\dotnet\sdk\8.0.200\Extensions\Microsoft.Diagnostics.NETCore.Client.dll
C:\Program Files\dotnet\sdk\8.0.200\Extensions\Microsoft.TestPlatform.Extensions.BlameDataCollector.dll
C:\Program Files\dotnet\sdk\8.0.200\Extensions\Microsoft.TestPlatform.Extensions.EventLogCollector.dll
C:\Program Files\dotnet\sdk\8.0.200\Extensions\Microsoft.TestPlatform.TestHostRuntimeProvider.dll
C:\Program Files\dotnet\sdk\8.0.200\Extensions\Microsoft.VisualStudio.TestPlatform.Extensions.Html.TestLogger.dll
C:\Program Files\dotnet\sdk\8.0.200\Extensions\Microsoft.VisualStudio.TestPlatform.Extensions.Trx.TestLogger.dll
TpTrace Verbose: 0 : 23744, 1, 2024/07/04, 10:42:15.576, 1694636220561, vstest.console.dll, TestPluginCache.GetExtensionPaths: Added unfilterableExtensionPaths: 
TpTrace Information: 0 : 23744, 1, 2024/07/04, 10:42:15.576, 1694636224925, vstest.console.dll, AssemblyResolver.ctor: Creating AssemblyResolver with searchDirectories C:\Program Files\dotnet\sdk\8.0.200\Extensions,C:\Program Files\dotnet\sdk\8.0.200
TpTrace Verbose: 0 : 23744, 1, 2024/07/04, 10:42:15.578, 1694636239535, vstest.console.dll, TestPluginCache.DiscoverTestExtensions: Discovering the extensions using extension path.
TpTrace Verbose: 0 : 23744, 1, 2024/07/04, 10:42:15.578, 1694636240299, vstest.console.dll, TestPluginCache.GetExtensionPaths: Filtered extension paths: 
TpTrace Verbose: 0 : 23744, 1, 2024/07/04, 10:42:15.578, 1694636240464, vstest.console.dll, TestPluginCache.GetExtensionPaths: Added default extension paths: C:\Program Files\dotnet\sdk\8.0.200\Extensions\Microsoft.Diagnostics.NETCore.Client.dll
C:\Program Files\dotnet\sdk\8.0.200\Extensions\Microsoft.TestPlatform.Extensions.BlameDataCollector.dll
C:\Program Files\dotnet\sdk\8.0.200\Extensions\Microsoft.TestPlatform.Extensions.EventLogCollector.dll
C:\Program Files\dotnet\sdk\8.0.200\Extensions\Microsoft.TestPlatform.TestHostRuntimeProvider.dll
C:\Program Files\dotnet\sdk\8.0.200\Extensions\Microsoft.VisualStudio.TestPlatform.Extensions.Html.TestLogger.dll
C:\Program Files\dotnet\sdk\8.0.200\Extensions\Microsoft.VisualStudio.TestPlatform.Extensions.Trx.TestLogger.dll
TpTrace Verbose: 0 : 23744, 1, 2024/07/04, 10:42:15.578, 1694636240631, vstest.console.dll, TestPluginCache.GetExtensionPaths: Added unfilterableExtensionPaths: 
TpTrace Verbose: 0 : 23744, 1, 2024/07/04, 10:42:15.578, 1694636240907, vstest.console.dll, TestPluginCache.DiscoverTestExtensions: Discovering the extensions using allExtensionPaths: C:\Program Files\dotnet\sdk\8.0.200\Extensions\Microsoft.Diagnostics.NETCore.Client.dll
C:\Program Files\dotnet\sdk\8.0.200\Extensions\Microsoft.TestPlatform.Extensions.BlameDataCollector.dll
C:\Program Files\dotnet\sdk\8.0.200\Extensions\Microsoft.TestPlatform.Extensions.EventLogCollector.dll
C:\Program Files\dotnet\sdk\8.0.200\Extensions\Microsoft.TestPlatform.TestHostRuntimeProvider.dll
C:\Program Files\dotnet\sdk\8.0.200\Extensions\Microsoft.VisualStudio.TestPlatform.Extensions.Html.TestLogger.dll
C:\Program Files\dotnet\sdk\8.0.200\Extensions\Microsoft.VisualStudio.TestPlatform.Extensions.Trx.TestLogger.dll
TpTrace Information: 0 : 23744, 1, 2024/07/04, 10:42:15.578, 1694636242312, vstest.console.dll, AssemblyResolver.AddSearchDirectories: Adding more searchDirectories C:\Program Files\dotnet\sdk\8.0.200\Extensions,C:\Program Files\dotnet\sdk\8.0.200
TpTrace Information: 0 : 23744, 1, 2024/07/04, 10:42:15.578, 1694636242623, vstest.console.dll, AssemblyResolver.AddSearchDirectories: Adding more searchDirectories C:\Program Files\dotnet\sdk\8.0.200\Extensions,C:\Program Files\dotnet\sdk\8.0.200
TpTrace Information: 0 : 23744, 1, 2024/07/04, 10:42:15.578, 1694636242743, vstest.console.dll, AssemblyResolver.AddSearchDirectories: Adding more searchDirectories C:\Program Files\dotnet\sdk\8.0.200\Extensions,C:\Program Files\dotnet\sdk\8.0.200
TpTrace Information: 0 : 23744, 1, 2024/07/04, 10:42:15.578, 1694636243237, vstest.console.dll, AssemblyResolver.AddSearchDirectories: Adding more searchDirectories C:\Program Files\dotnet\sdk\8.0.200\Extensions,C:\Program Files\dotnet\sdk\8.0.200
TpTrace Information: 0 : 23744, 1, 2024/07/04, 10:42:15.578, 1694636243362, vstest.console.dll, AssemblyResolver.AddSearchDirectories: Adding more searchDirectories C:\Program Files\dotnet\sdk\8.0.200\Extensions,C:\Program Files\dotnet\sdk\8.0.200
TpTrace Information: 0 : 23744, 1, 2024/07/04, 10:42:15.578, 1694636243467, vstest.console.dll, AssemblyResolver.AddSearchDirectories: Adding more searchDirectories C:\Program Files\dotnet\sdk\8.0.200\Extensions,C:\Program Files\dotnet\sdk\8.0.200
TpTrace Information: 0 : 23744, 1, 2024/07/04, 10:42:15.578, 1694636246451, vstest.console.dll, AssemblyResolver.OnResolve: Microsoft.Diagnostics.NETCore.Client: Resolving assembly.
TpTrace Information: 0 : 23744, 1, 2024/07/04, 10:42:15.578, 1694636246888, vstest.console.dll, AssemblyResolver.OnResolve: Microsoft.Diagnostics.NETCore.Client: Searching in: 'C:\Program Files\dotnet\sdk\8.0.200\Extensions'.
TpTrace Information: 0 : 23744, 1, 2024/07/04, 10:42:15.584, 1694636298707, vstest.console.dll, AssemblyResolver.OnResolve: Microsoft.Diagnostics.NETCore.Client: Loading assembly 'C:\Program Files\dotnet\sdk\8.0.200\Extensions\Microsoft.Diagnostics.NETCore.Client.dll'.
TpTrace Information: 0 : 23744, 1, 2024/07/04, 10:42:15.584, 1694636302806, vstest.console.dll, AssemblyResolver.OnResolve: Resolved assembly: Microsoft.Diagnostics.NETCore.Client, from path: C:\Program Files\dotnet\sdk\8.0.200\Extensions\Microsoft.Diagnostics.NETCore.Client.dll
TpTrace Verbose: 0 : 23744, 1, 2024/07/04, 10:42:15.588, 1694636338461, vstest.console.dll, MetadataReaderExtensionsHelper: Discovering extensions inside assembly 'Microsoft.Diagnostics.NETCore.Client, Version=0.2.9.2401, Culture=neutral, PublicKeyToken=31bf3856ad364e35' file path 'C:\Program Files\dotnet\sdk\8.0.200\Extensions\Microsoft.Diagnostics.NETCore.Client.dll'
TpTrace Information: 0 : 23744, 1, 2024/07/04, 10:42:15.591, 1694636370052, vstest.console.dll, AssemblyResolver.OnResolve: Microsoft.Bcl.AsyncInterfaces: Resolving assembly.
TpTrace Information: 0 : 23744, 1, 2024/07/04, 10:42:15.591, 1694636370472, vstest.console.dll, AssemblyResolver.OnResolve: Microsoft.Bcl.AsyncInterfaces: Searching in: 'C:\Program Files\dotnet\sdk\8.0.200\Extensions'.
TpTrace Information: 0 : 23744, 1, 2024/07/04, 10:42:15.591, 1694636370914, vstest.console.dll, AssemblyResolver.OnResolve: Microsoft.Bcl.AsyncInterfaces: Assembly path does not exist: 'C:\Program Files\dotnet\sdk\8.0.200\Extensions\Microsoft.Bcl.AsyncInterfaces.dll', returning.
TpTrace Information: 0 : 23744, 1, 2024/07/04, 10:42:15.591, 1694636371747, vstest.console.dll, AssemblyResolver.OnResolve: Microsoft.Bcl.AsyncInterfaces: Assembly path does not exist: 'C:\Program Files\dotnet\sdk\8.0.200\Extensions\Microsoft.Bcl.AsyncInterfaces.exe', returning.
TpTrace Information: 0 : 23744, 1, 2024/07/04, 10:42:15.591, 1694636372366, vstest.console.dll, AssemblyResolver.OnResolve: Microsoft.Bcl.AsyncInterfaces: Searching in: 'C:\Program Files\dotnet\sdk\8.0.200'.
TpTrace Information: 0 : 23744, 1, 2024/07/04, 10:42:15.591, 1694636372681, vstest.console.dll, AssemblyResolver.OnResolve: Microsoft.Bcl.AsyncInterfaces: Assembly path does not exist: 'C:\Program Files\dotnet\sdk\8.0.200\Microsoft.Bcl.AsyncInterfaces.dll', returning.
TpTrace Information: 0 : 23744, 1, 2024/07/04, 10:42:15.591, 1694636372908, vstest.console.dll, AssemblyResolver.OnResolve: Microsoft.Bcl.AsyncInterfaces: Assembly path does not exist: 'C:\Program Files\dotnet\sdk\8.0.200\Microsoft.Bcl.AsyncInterfaces.exe', returning.
TpTrace Information: 0 : 23744, 1, 2024/07/04, 10:42:15.591, 1694636373024, vstest.console.dll, AssemblyResolver.OnResolve: Microsoft.Bcl.AsyncInterfaces: Failed to load assembly.
TpTrace Verbose: 0 : 23744, 1, 2024/07/04, 10:42:15.591, 1694636373482, vstest.console.dll, CurrentDomainAssemblyResolve: Resolving assembly 'Microsoft.Bcl.AsyncInterfaces'.
TpTrace Information: 0 : 23744, 1, 2024/07/04, 10:42:15.591, 1694636373861, vstest.console.dll, AssemblyResolver.OnResolve: Microsoft.Bcl.AsyncInterfaces: Resolving assembly.
TpTrace Information: 0 : 23744, 1, 2024/07/04, 10:42:15.591, 1694636374011, vstest.console.dll, AssemblyResolver.OnResolve: Microsoft.Bcl.AsyncInterfaces: Resolved from cache.
TpTrace Verbose: 0 : 23744, 1, 2024/07/04, 10:42:15.591, 1694636374113, vstest.console.dll, CurrentDomainAssemblyResolve: Resolving assembly 'Microsoft.Bcl.AsyncInterfaces'.
TpTrace Verbose: 0 : 23744, 1, 2024/07/04, 10:42:15.591, 1694636374252, vstest.console.dll, CurrentDomainAssemblyResolve: Failed to resolve assembly 'Microsoft.Bcl.AsyncInterfaces'.
TpTrace Verbose: 0 : 23744, 1, 2024/07/04, 10:42:15.592, 1694636380337, vstest.console.dll, CurrentDomainAssemblyResolve: Failed to resolve assembly 'Microsoft.Bcl.AsyncInterfaces'.
TpTrace Warning: 0 : 23744, 1, 2024/07/04, 10:42:15.600, 1694636459871, vstest.console.dll, TestPluginDiscoverer: Failed to get types from assembly 'Microsoft.Diagnostics.NETCore.Client, Version=0.2.9.2401, Culture=neutral, PublicKeyToken=31bf3856ad364e35'. Error: System.Reflection.ReflectionTypeLoadException: Unable to load one or more of the requested types.
Could not load file or assembly 'Microsoft.Bcl.AsyncInterfaces, Version=6.0.0.0, Culture=neutral, PublicKeyToken=cc7b13ffcd2ddd51'. The system cannot find the file specified.
   at System.Reflection.RuntimeModule.GetTypes(RuntimeModule module)
   at System.Reflection.RuntimeModule.GetTypes()
   at Microsoft.VisualStudio.TestPlatform.Common.ExtensionFramework.TestPluginDiscoverer.GetTestExtensionsFromAssembly[TPluginInfo,TExtension](Assembly assembly, Dictionary`2 pluginInfos, String filePath) in /_/src/Microsoft.TestPlatform.Common/ExtensionFramework/TestPluginDiscoverer.cs:line 158
System.IO.FileNotFoundException: Could not load file or assembly 'Microsoft.Bcl.AsyncInterfaces, Version=6.0.0.0, Culture=neutral, PublicKeyToken=cc7b13ffcd2ddd51'. The system cannot find the file specified.
File name: 'Microsoft.Bcl.AsyncInterfaces, Version=6.0.0.0, Culture=neutral, PublicKeyToken=cc7b13ffcd2ddd51'
 ---> System.IO.FileNotFoundException: Could not load file or assembly 'Microsoft.Bcl.AsyncInterfaces, Culture=neutral, PublicKeyToken=null'. The system cannot find the file specified.
File name: 'Microsoft.Bcl.AsyncInterfaces, Culture=neutral, PublicKeyToken=null'
   at System.Reflection.RuntimeAssembly.InternalLoad(AssemblyName assemblyName, StackCrawlMark& stackMark, AssemblyLoadContext assemblyLoadContext, RuntimeAssembly requestingAssembly, Boolean throwOnFileNotFound)
   at System.Reflection.Assembly.Load(AssemblyName assemblyRef)
   at Microsoft.VisualStudio.TestPlatform.Common.ExtensionFramework.TestPluginCache.CurrentDomainAssemblyResolve(Object sender, AssemblyResolveEventArgs args) in /_/src/Microsoft.TestPlatform.Common/ExtensionFramework/TestPluginCache.cs:line 513
   at System.Runtime.Loader.AssemblyLoadContext.GetFirstResolvedAssemblyFromResolvingEvent(AssemblyName assemblyName)
   at System.Runtime.Loader.AssemblyLoadContext.ResolveUsingEvent(AssemblyName assemblyName)
   at System.Runtime.Loader.AssemblyLoadContext.ResolveUsingResolvingEvent(IntPtr gchManagedAssemblyLoadContext, AssemblyName assemblyName)
TpTrace Warning: 0 : 23744, 1, 2024/07/04, 10:42:15.600, 1694636462138, vstest.console.dll, LoaderExceptions: System.IO.FileNotFoundException: Could not load file or assembly 'Microsoft.Bcl.AsyncInterfaces, Version=6.0.0.0, Culture=neutral, PublicKeyToken=cc7b13ffcd2ddd51'. The system cannot find the file specified.
File name: 'Microsoft.Bcl.AsyncInterfaces, Version=6.0.0.0, Culture=neutral, PublicKeyToken=cc7b13ffcd2ddd51'
 ---> System.IO.FileNotFoundException: Could not load file or assembly 'Microsoft.Bcl.AsyncInterfaces, Culture=neutral, PublicKeyToken=null'. The system cannot find the file specified.
File name: 'Microsoft.Bcl.AsyncInterfaces, Culture=neutral, PublicKeyToken=null'
   at System.Reflection.RuntimeAssembly.InternalLoad(AssemblyName assemblyName, StackCrawlMark& stackMark, AssemblyLoadContext assemblyLoadContext, RuntimeAssembly requestingAssembly, Boolean throwOnFileNotFound)
   at System.Reflection.Assembly.Load(AssemblyName assemblyRef)
   at Microsoft.VisualStudio.TestPlatform.Common.ExtensionFramework.TestPluginCache.CurrentDomainAssemblyResolve(Object sender, AssemblyResolveEventArgs args) in /_/src/Microsoft.TestPlatform.Common/ExtensionFramework/TestPluginCache.cs:line 513
   at System.Runtime.Loader.AssemblyLoadContext.GetFirstResolvedAssemblyFromResolvingEvent(AssemblyName assemblyName)
   at System.Runtime.Loader.AssemblyLoadContext.ResolveUsingEvent(AssemblyName assemblyName)
   at System.Runtime.Loader.AssemblyLoadContext.ResolveUsingResolvingEvent(IntPtr gchManagedAssemblyLoadContext, AssemblyName assemblyName)
TpTrace Information: 0 : 23744, 1, 2024/07/04, 10:42:15.600, 1694636463347, vstest.console.dll, AssemblyResolver.OnResolve: Microsoft.TestPlatform.Extensions.BlameDataCollector: Resolving assembly.
TpTrace Information: 0 : 23744, 1, 2024/07/04, 10:42:15.600, 1694636463566, vstest.console.dll, AssemblyResolver.OnResolve: Microsoft.TestPlatform.Extensions.BlameDataCollector: Searching in: 'C:\Program Files\dotnet\sdk\8.0.200\Extensions'.
TpTrace Information: 0 : 23744, 1, 2024/07/04, 10:42:15.601, 1694636466987, vstest.console.dll, AssemblyResolver.OnResolve: Microsoft.TestPlatform.Extensions.BlameDataCollector: Loading assembly 'C:\Program Files\dotnet\sdk\8.0.200\Extensions\Microsoft.TestPlatform.Extensions.BlameDataCollector.dll'.
TpTrace Information: 0 : 23744, 1, 2024/07/04, 10:42:15.601, 1694636471472, vstest.console.dll, AssemblyResolver.OnResolve: Resolved assembly: Microsoft.TestPlatform.Extensions.BlameDataCollector, from path: C:\Program Files\dotnet\sdk\8.0.200\Extensions\Microsoft.TestPlatform.Extensions.BlameDataCollector.dll
TpTrace Verbose: 0 : 23744, 1, 2024/07/04, 10:42:15.601, 1694636471974, vstest.console.dll, MetadataReaderExtensionsHelper: Discovering extensions inside assembly 'Microsoft.TestPlatform.Extensions.BlameDataCollector, Version=15.0.0.0, Culture=neutral, PublicKeyToken=b03f5f7f11d50a3a' file path 'C:\Program Files\dotnet\sdk\8.0.200\Extensions\Microsoft.TestPlatform.Extensions.BlameDataCollector.dll'
TpTrace Information: 0 : 23744, 1, 2024/07/04, 10:42:15.602, 1694636482695, vstest.console.dll, AssemblyResolver.OnResolve: Microsoft.TestPlatform.Extensions.EventLogCollector: Resolving assembly.
TpTrace Information: 0 : 23744, 1, 2024/07/04, 10:42:15.602, 1694636483686, vstest.console.dll, AssemblyResolver.OnResolve: Microsoft.TestPlatform.Extensions.EventLogCollector: Searching in: 'C:\Program Files\dotnet\sdk\8.0.200\Extensions'.
TpTrace Information: 0 : 23744, 1, 2024/07/04, 10:42:15.603, 1694636487139, vstest.console.dll, AssemblyResolver.OnResolve: Microsoft.TestPlatform.Extensions.EventLogCollector: Loading assembly 'C:\Program Files\dotnet\sdk\8.0.200\Extensions\Microsoft.TestPlatform.Extensions.EventLogCollector.dll'.
TpTrace Information: 0 : 23744, 1, 2024/07/04, 10:42:15.603, 1694636491557, vstest.console.dll, AssemblyResolver.OnResolve: Resolved assembly: Microsoft.TestPlatform.Extensions.EventLogCollector, from path: C:\Program Files\dotnet\sdk\8.0.200\Extensions\Microsoft.TestPlatform.Extensions.EventLogCollector.dll
TpTrace Verbose: 0 : 23744, 1, 2024/07/04, 10:42:15.603, 1694636491972, vstest.console.dll, MetadataReaderExtensionsHelper: Discovering extensions inside assembly 'Microsoft.TestPlatform.Extensions.EventLogCollector, Version=15.0.0.0, Culture=neutral, PublicKeyToken=b03f5f7f11d50a3a' file path 'C:\Program Files\dotnet\sdk\8.0.200\Extensions\Microsoft.TestPlatform.Extensions.EventLogCollector.dll'
TpTrace Information: 0 : 23744, 1, 2024/07/04, 10:42:15.605, 1694636511549, vstest.console.dll, AssemblyResolver.OnResolve: Microsoft.TestPlatform.TestHostRuntimeProvider: Resolving assembly.
TpTrace Information: 0 : 23744, 1, 2024/07/04, 10:42:15.605, 1694636511932, vstest.console.dll, AssemblyResolver.OnResolve: Microsoft.TestPlatform.TestHostRuntimeProvider: Searching in: 'C:\Program Files\dotnet\sdk\8.0.200\Extensions'.
TpTrace Information: 0 : 23744, 1, 2024/07/04, 10:42:15.605, 1694636514534, vstest.console.dll, AssemblyResolver.OnResolve: Microsoft.TestPlatform.TestHostRuntimeProvider: Loading assembly 'C:\Program Files\dotnet\sdk\8.0.200\Extensions\Microsoft.TestPlatform.TestHostRuntimeProvider.dll'.
TpTrace Information: 0 : 23744, 1, 2024/07/04, 10:42:15.606, 1694636517415, vstest.console.dll, AssemblyResolver.OnResolve: Resolved assembly: Microsoft.TestPlatform.TestHostRuntimeProvider, from path: C:\Program Files\dotnet\sdk\8.0.200\Extensions\Microsoft.TestPlatform.TestHostRuntimeProvider.dll
TpTrace Verbose: 0 : 23744, 1, 2024/07/04, 10:42:15.606, 1694636517805, vstest.console.dll, MetadataReaderExtensionsHelper: Discovering extensions inside assembly 'Microsoft.TestPlatform.TestHostRuntimeProvider, Version=15.0.0.0, Culture=neutral, PublicKeyToken=b03f5f7f11d50a3a' file path 'C:\Program Files\dotnet\sdk\8.0.200\Extensions\Microsoft.TestPlatform.TestHostRuntimeProvider.dll'
TpTrace Information: 0 : 23744, 1, 2024/07/04, 10:42:15.607, 1694636530572, vstest.console.dll, GetTestExtensionFromType: Register extension with identifier data 'HostProvider://DefaultTestHost' and type 'Microsoft.VisualStudio.TestPlatform.CrossPlatEngine.Hosting.DefaultTestHostManager, Microsoft.TestPlatform.TestHostRuntimeProvider, Version=15.0.0.0, Culture=neutral, PublicKeyToken=b03f5f7f11d50a3a' inside file 'C:\Program Files\dotnet\sdk\8.0.200\Extensions\Microsoft.TestPlatform.TestHostRuntimeProvider.dll'
TpTrace Information: 0 : 23744, 1, 2024/07/04, 10:42:15.607, 1694636533080, vstest.console.dll, GetTestExtensionFromType: Register extension with identifier data 'HostProvider://DotnetTestHost' and type 'Microsoft.VisualStudio.TestPlatform.CrossPlatEngine.Hosting.DotnetTestHostManager, Microsoft.TestPlatform.TestHostRuntimeProvider, Version=15.0.0.0, Culture=neutral, PublicKeyToken=b03f5f7f11d50a3a' inside file 'C:\Program Files\dotnet\sdk\8.0.200\Extensions\Microsoft.TestPlatform.TestHostRuntimeProvider.dll'
TpTrace Information: 0 : 23744, 1, 2024/07/04, 10:42:15.607, 1694636534672, vstest.console.dll, AssemblyResolver.OnResolve: Microsoft.VisualStudio.TestPlatform.Extensions.Html.TestLogger: Resolving assembly.
TpTrace Information: 0 : 23744, 1, 2024/07/04, 10:42:15.607, 1694636534911, vstest.console.dll, AssemblyResolver.OnResolve: Microsoft.VisualStudio.TestPlatform.Extensions.Html.TestLogger: Searching in: 'C:\Program Files\dotnet\sdk\8.0.200\Extensions'.
TpTrace Information: 0 : 23744, 1, 2024/07/04, 10:42:15.608, 1694636538330, vstest.console.dll, AssemblyResolver.OnResolve: Microsoft.VisualStudio.TestPlatform.Extensions.Html.TestLogger: Loading assembly 'C:\Program Files\dotnet\sdk\8.0.200\Extensions\Microsoft.VisualStudio.TestPlatform.Extensions.Html.TestLogger.dll'.
TpTrace Information: 0 : 23744, 1, 2024/07/04, 10:42:15.608, 1694636541966, vstest.console.dll, AssemblyResolver.OnResolve: Resolved assembly: Microsoft.VisualStudio.TestPlatform.Extensions.Html.TestLogger, from path: C:\Program Files\dotnet\sdk\8.0.200\Extensions\Microsoft.VisualStudio.TestPlatform.Extensions.Html.TestLogger.dll
TpTrace Verbose: 0 : 23744, 1, 2024/07/04, 10:42:15.608, 1694636542428, vstest.console.dll, MetadataReaderExtensionsHelper: Discovering extensions inside assembly 'Microsoft.VisualStudio.TestPlatform.Extensions.Html.TestLogger, Version=15.0.0.0, Culture=neutral, PublicKeyToken=b03f5f7f11d50a3a' file path 'C:\Program Files\dotnet\sdk\8.0.200\Extensions\Microsoft.VisualStudio.TestPlatform.Extensions.Html.TestLogger.dll'
TpTrace Information: 0 : 23744, 1, 2024/07/04, 10:42:15.609, 1694636548043, vstest.console.dll, AssemblyResolver.OnResolve: Microsoft.VisualStudio.TestPlatform.Extensions.Trx.TestLogger: Resolving assembly.
TpTrace Information: 0 : 23744, 1, 2024/07/04, 10:42:15.609, 1694636548425, vstest.console.dll, AssemblyResolver.OnResolve: Microsoft.VisualStudio.TestPlatform.Extensions.Trx.TestLogger: Searching in: 'C:\Program Files\dotnet\sdk\8.0.200\Extensions'.
TpTrace Information: 0 : 23744, 1, 2024/07/04, 10:42:15.609, 1694636551033, vstest.console.dll, AssemblyResolver.OnResolve: Microsoft.VisualStudio.TestPlatform.Extensions.Trx.TestLogger: Loading assembly 'C:\Program Files\dotnet\sdk\8.0.200\Extensions\Microsoft.VisualStudio.TestPlatform.Extensions.Trx.TestLogger.dll'.
TpTrace Information: 0 : 23744, 1, 2024/07/04, 10:42:15.609, 1694636555870, vstest.console.dll, AssemblyResolver.OnResolve: Resolved assembly: Microsoft.VisualStudio.TestPlatform.Extensions.Trx.TestLogger, from path: C:\Program Files\dotnet\sdk\8.0.200\Extensions\Microsoft.VisualStudio.TestPlatform.Extensions.Trx.TestLogger.dll
TpTrace Verbose: 0 : 23744, 1, 2024/07/04, 10:42:15.609, 1694636556274, vstest.console.dll, MetadataReaderExtensionsHelper: Discovering extensions inside assembly 'Microsoft.VisualStudio.TestPlatform.Extensions.Trx.TestLogger, Version=15.0.0.0, Culture=neutral, PublicKeyToken=b03f5f7f11d50a3a' file path 'C:\Program Files\dotnet\sdk\8.0.200\Extensions\Microsoft.VisualStudio.TestPlatform.Extensions.Trx.TestLogger.dll'
TpTrace Verbose: 0 : 23744, 1, 2024/07/04, 10:42:15.610, 1694636563666, vstest.console.dll, TestPluginCache: Discovered the extensions using extension path ''.
TpTrace Verbose: 0 : 23744, 1, 2024/07/04, 10:42:15.610, 1694636564058, vstest.console.dll, TestPluginCache: Discoverers are ''.
TpTrace Verbose: 0 : 23744, 1, 2024/07/04, 10:42:15.610, 1694636564176, vstest.console.dll, TestPluginCache: Executors are ''.
TpTrace Verbose: 0 : 23744, 1, 2024/07/04, 10:42:15.610, 1694636564335, vstest.console.dll, TestPluginCache: Executors2 are ''.
TpTrace Verbose: 0 : 23744, 1, 2024/07/04, 10:42:15.610, 1694636564432, vstest.console.dll, TestPluginCache: Setting providers are ''.
TpTrace Verbose: 0 : 23744, 1, 2024/07/04, 10:42:15.610, 1694636564527, vstest.console.dll, TestPluginCache: Loggers are ''.
TpTrace Verbose: 0 : 23744, 1, 2024/07/04, 10:42:15.610, 1694636565458, vstest.console.dll, TestPluginCache: TestHosts are 'HostProvider://DefaultTestHost,HostProvider://DotnetTestHost'.
TpTrace Verbose: 0 : 23744, 1, 2024/07/04, 10:42:15.610, 1694636565592, vstest.console.dll, TestPluginCache: DataCollectors are ''.
TpTrace Information: 0 : 23744, 1, 2024/07/04, 10:42:15.620, 1694636660918, vstest.console.dll, RunTestsArgumentProcessor:Execute: Test run is starting.
TpTrace Verbose: 0 : 23744, 1, 2024/07/04, 10:42:15.620, 1694636661389, vstest.console.dll, RunTestsArgumentProcessor:Execute: Queuing Test run.
TpTrace Information: 0 : 23744, 1, 2024/07/04, 10:42:15.620, 1694636663956, vstest.console.dll, TestRequestManager.RunTests: run tests started.
TpTrace Information: 0 : 23744, 1, 2024/07/04, 10:42:15.621, 1694636672576, vstest.console.dll, AssemblyMetadataProvider.GetFrameworkName: Determined framework:'.NETCoreApp,Version=v6.0' for source: 'C:\Stuart\Projects\nunit-csharp-samples-master\nunit-csharp-samples-master\money\bin\Debug\net6.0\fine-code-coverage\build-output\Money.dll'
TpTrace Information: 0 : 23744, 1, 2024/07/04, 10:42:15.621, 1694636673968, vstest.console.dll, Determined framework for all sources: .NETCoreApp,Version=v6.0
TpTrace Verbose: 0 : 23744, 1, 2024/07/04, 10:42:15.621, 1694636676295, vstest.console.dll, TestRequestManager.UpdateRunSettingsIfRequired: Default architecture: X64 IsDefaultTargetArchitecture: True, Current process architecture: X64 OperatingSystem: Windows.
TpTrace Information: 0 : 23744, 1, 2024/07/04, 10:42:15.623, 1694636687694, vstest.console.dll, AssemblyMetadataProvider.GetArchitecture: Determined architecture:AnyCPU info for assembly: C:\Stuart\Projects\nunit-csharp-samples-master\nunit-csharp-samples-master\money\bin\Debug\net6.0\fine-code-coverage\build-output\Money.dll
TpTrace Information: 0 : 23744, 1, 2024/07/04, 10:42:15.623, 1694636688073, vstest.console.dll, Determined platform for source 'C:\Stuart\Projects\nunit-csharp-samples-master\nunit-csharp-samples-master\money\bin\Debug\net6.0\fine-code-coverage\build-output\Money.dll' was AnyCPU and it will use the default plaform X64.
TpTrace Information: 0 : 23744, 1, 2024/07/04, 10:42:15.623, 1694636688194, vstest.console.dll, None of the sources provided any runnable platform, using the default platform: X64
TpTrace Information: 0 : 23744, 1, 2024/07/04, 10:42:15.623, 1694636688754, vstest.console.dll, Platform was updated to 'X64'.
TpTrace Information: 0 : 23744, 1, 2024/07/04, 10:42:15.625, 1694636710784, vstest.console.dll, InferRunSettingsHelper.IsTestSettingsEnabled: Unable to navigate to RunSettings/MSTest. Current node: RunSettings
TpTrace Information: 0 : 23744, 1, 2024/07/04, 10:42:15.625, 1694636715428, vstest.console.dll, AssemblyResolver.OnResolve: Microsoft.VisualStudio.TestPlatform.Fakes: Resolving assembly.
TpTrace Information: 0 : 23744, 1, 2024/07/04, 10:42:15.625, 1694636715868, vstest.console.dll, AssemblyResolver.OnResolve: Microsoft.VisualStudio.TestPlatform.Fakes: Searching in: 'C:\Program Files\dotnet\sdk\8.0.200\Extensions'.
TpTrace Information: 0 : 23744, 1, 2024/07/04, 10:42:15.625, 1694636716334, vstest.console.dll, AssemblyResolver.OnResolve: Microsoft.VisualStudio.TestPlatform.Fakes: Assembly path does not exist: 'C:\Program Files\dotnet\sdk\8.0.200\Extensions\Microsoft.VisualStudio.TestPlatform.Fakes.dll', returning.
TpTrace Information: 0 : 23744, 1, 2024/07/04, 10:42:15.625, 1694636716598, vstest.console.dll, AssemblyResolver.OnResolve: Microsoft.VisualStudio.TestPlatform.Fakes: Assembly path does not exist: 'C:\Program Files\dotnet\sdk\8.0.200\Extensions\Microsoft.VisualStudio.TestPlatform.Fakes.exe', returning.
TpTrace Information: 0 : 23744, 1, 2024/07/04, 10:42:15.625, 1694636716722, vstest.console.dll, AssemblyResolver.OnResolve: Microsoft.VisualStudio.TestPlatform.Fakes: Searching in: 'C:\Program Files\dotnet\sdk\8.0.200'.
TpTrace Information: 0 : 23744, 1, 2024/07/04, 10:42:15.626, 1694636717064, vstest.console.dll, AssemblyResolver.OnResolve: Microsoft.VisualStudio.TestPlatform.Fakes: Assembly path does not exist: 'C:\Program Files\dotnet\sdk\8.0.200\Microsoft.VisualStudio.TestPlatform.Fakes.dll', returning.
TpTrace Information: 0 : 23744, 1, 2024/07/04, 10:42:15.626, 1694636717461, vstest.console.dll, AssemblyResolver.OnResolve: Microsoft.VisualStudio.TestPlatform.Fakes: Assembly path does not exist: 'C:\Program Files\dotnet\sdk\8.0.200\Microsoft.VisualStudio.TestPlatform.Fakes.exe', returning.
TpTrace Information: 0 : 23744, 1, 2024/07/04, 10:42:15.626, 1694636717602, vstest.console.dll, AssemblyResolver.OnResolve: Microsoft.VisualStudio.TestPlatform.Fakes: Failed to load assembly.
TpTrace Information: 0 : 23744, 1, 2024/07/04, 10:42:15.626, 1694636719134, vstest.console.dll, Failed to load assembly Microsoft.VisualStudio.TestPlatform.Fakes, Version=17.0.0.0, Culture=neutral. Reason:System.IO.FileNotFoundException: Could not load file or assembly 'Microsoft.VisualStudio.TestPlatform.Fakes, Version=17.0.0.0, Culture=neutral, PublicKeyToken=null'. The system cannot find the file specified.
File name: 'Microsoft.VisualStudio.TestPlatform.Fakes, Version=17.0.0.0, Culture=neutral, PublicKeyToken=null'
   at System.Reflection.RuntimeAssembly.InternalLoad(AssemblyName assemblyName, StackCrawlMark& stackMark, AssemblyLoadContext assemblyLoadContext, RuntimeAssembly requestingAssembly, Boolean throwOnFileNotFound)
   at System.Reflection.Assembly.Load(AssemblyName assemblyRef)
   at Microsoft.VisualStudio.TestPlatform.Common.Utilities.FakesUtilities.LoadTestPlatformAssembly() in /_/src/Microsoft.TestPlatform.Common/Utilities/FakesUtilities.cs:line 272
TpTrace Verbose: 0 : 23744, 1, 2024/07/04, 10:42:15.628, 1694636743323, vstest.console.dll, TestPluginCache.DiscoverTestExtensions: finding test extensions in assemblies ends with: TestLogger.dll TPluginInfo: Microsoft.VisualStudio.TestPlatform.Common.ExtensionFramework.Utilities.TestLoggerPluginInformation TExtension: Microsoft.VisualStudio.TestPlatform.ObjectModel.Client.ITestLogger
TpTrace Verbose: 0 : 23744, 1, 2024/07/04, 10:42:15.628, 1694636743971, vstest.console.dll, TestPluginCache.GetExtensionPaths: Filtered extension paths: 
TpTrace Verbose: 0 : 23744, 1, 2024/07/04, 10:42:15.628, 1694636745097, vstest.console.dll, TestPluginCache.GetExtensionPaths: Added default extension paths: C:\Program Files\dotnet\sdk\8.0.200\Extensions\Microsoft.Diagnostics.NETCore.Client.dll
C:\Program Files\dotnet\sdk\8.0.200\Extensions\Microsoft.TestPlatform.Extensions.BlameDataCollector.dll
C:\Program Files\dotnet\sdk\8.0.200\Extensions\Microsoft.TestPlatform.Extensions.EventLogCollector.dll
C:\Program Files\dotnet\sdk\8.0.200\Extensions\Microsoft.TestPlatform.TestHostRuntimeProvider.dll
C:\Program Files\dotnet\sdk\8.0.200\Extensions\Microsoft.VisualStudio.TestPlatform.Extensions.Html.TestLogger.dll
C:\Program Files\dotnet\sdk\8.0.200\Extensions\Microsoft.VisualStudio.TestPlatform.Extensions.Trx.TestLogger.dll
TpTrace Verbose: 0 : 23744, 1, 2024/07/04, 10:42:15.628, 1694636745234, vstest.console.dll, TestPluginCache.GetExtensionPaths: Added unfilterableExtensionPaths: 
TpTrace Information: 0 : 23744, 1, 2024/07/04, 10:42:15.628, 1694636746656, vstest.console.dll, AssemblyResolver.AddSearchDirectories: Adding more searchDirectories C:\Program Files\dotnet\sdk\8.0.200\Extensions,C:\Program Files\dotnet\sdk\8.0.200
TpTrace Verbose: 0 : 23744, 1, 2024/07/04, 10:42:15.628, 1694636746931, vstest.console.dll, TestPluginCache.DiscoverTestExtensions: Discovering the extensions using extension path.
TpTrace Verbose: 0 : 23744, 1, 2024/07/04, 10:42:15.629, 1694636747080, vstest.console.dll, TestPluginCache.GetExtensionPaths: Filtered extension paths: 
TpTrace Verbose: 0 : 23744, 1, 2024/07/04, 10:42:15.629, 1694636747957, vstest.console.dll, TestPluginCache.GetExtensionPaths: Added default extension paths: C:\Program Files\dotnet\sdk\8.0.200\Extensions\Microsoft.Diagnostics.NETCore.Client.dll
C:\Program Files\dotnet\sdk\8.0.200\Extensions\Microsoft.TestPlatform.Extensions.BlameDataCollector.dll
C:\Program Files\dotnet\sdk\8.0.200\Extensions\Microsoft.TestPlatform.Extensions.EventLogCollector.dll
C:\Program Files\dotnet\sdk\8.0.200\Extensions\Microsoft.TestPlatform.TestHostRuntimeProvider.dll
C:\Program Files\dotnet\sdk\8.0.200\Extensions\Microsoft.VisualStudio.TestPlatform.Extensions.Html.TestLogger.dll
C:\Program Files\dotnet\sdk\8.0.200\Extensions\Microsoft.VisualStudio.TestPlatform.Extensions.Trx.TestLogger.dll
TpTrace Verbose: 0 : 23744, 1, 2024/07/04, 10:42:15.629, 1694636748143, vstest.console.dll, TestPluginCache.GetExtensionPaths: Added unfilterableExtensionPaths: 
TpTrace Verbose: 0 : 23744, 1, 2024/07/04, 10:42:15.629, 1694636748994, vstest.console.dll, TestPluginCache.DiscoverTestExtensions: Discovering the extensions using allExtensionPaths: C:\Program Files\dotnet\sdk\8.0.200\Extensions\Microsoft.Diagnostics.NETCore.Client.dll
C:\Program Files\dotnet\sdk\8.0.200\Extensions\Microsoft.TestPlatform.Extensions.BlameDataCollector.dll
C:\Program Files\dotnet\sdk\8.0.200\Extensions\Microsoft.TestPlatform.Extensions.EventLogCollector.dll
C:\Program Files\dotnet\sdk\8.0.200\Extensions\Microsoft.TestPlatform.TestHostRuntimeProvider.dll
C:\Program Files\dotnet\sdk\8.0.200\Extensions\Microsoft.VisualStudio.TestPlatform.Extensions.Html.TestLogger.dll
C:\Program Files\dotnet\sdk\8.0.200\Extensions\Microsoft.VisualStudio.TestPlatform.Extensions.Trx.TestLogger.dll
TpTrace Information: 0 : 23744, 1, 2024/07/04, 10:42:15.629, 1694636749884, vstest.console.dll, AssemblyResolver.AddSearchDirectories: Adding more searchDirectories C:\Program Files\dotnet\sdk\8.0.200\Extensions,C:\Program Files\dotnet\sdk\8.0.200
TpTrace Information: 0 : 23744, 1, 2024/07/04, 10:42:15.629, 1694636750545, vstest.console.dll, AssemblyResolver.AddSearchDirectories: Adding more searchDirectories C:\Program Files\dotnet\sdk\8.0.200\Extensions,C:\Program Files\dotnet\sdk\8.0.200
TpTrace Information: 0 : 23744, 1, 2024/07/04, 10:42:15.629, 1694636750760, vstest.console.dll, AssemblyResolver.AddSearchDirectories: Adding more searchDirectories C:\Program Files\dotnet\sdk\8.0.200\Extensions,C:\Program Files\dotnet\sdk\8.0.200
TpTrace Information: 0 : 23744, 1, 2024/07/04, 10:42:15.629, 1694636750869, vstest.console.dll, AssemblyResolver.AddSearchDirectories: Adding more searchDirectories C:\Program Files\dotnet\sdk\8.0.200\Extensions,C:\Program Files\dotnet\sdk\8.0.200
TpTrace Information: 0 : 23744, 1, 2024/07/04, 10:42:15.629, 1694636750973, vstest.console.dll, AssemblyResolver.AddSearchDirectories: Adding more searchDirectories C:\Program Files\dotnet\sdk\8.0.200\Extensions,C:\Program Files\dotnet\sdk\8.0.200
TpTrace Information: 0 : 23744, 1, 2024/07/04, 10:42:15.629, 1694636751558, vstest.console.dll, AssemblyResolver.AddSearchDirectories: Adding more searchDirectories C:\Program Files\dotnet\sdk\8.0.200\Extensions,C:\Program Files\dotnet\sdk\8.0.200
TpTrace Verbose: 0 : 23744, 1, 2024/07/04, 10:42:15.629, 1694636752171, vstest.console.dll, MetadataReaderExtensionsHelper: Discovering extensions inside assembly 'Microsoft.Diagnostics.NETCore.Client, Version=0.2.9.2401, Culture=neutral, PublicKeyToken=31bf3856ad364e35' file path 'C:\Program Files\dotnet\sdk\8.0.200\Extensions\Microsoft.Diagnostics.NETCore.Client.dll'
TpTrace Information: 0 : 23744, 1, 2024/07/04, 10:42:15.630, 1694636760601, vstest.console.dll, AssemblyResolver.OnResolve: Microsoft.Bcl.AsyncInterfaces: Resolving assembly.
TpTrace Information: 0 : 23744, 1, 2024/07/04, 10:42:15.630, 1694636761136, vstest.console.dll, AssemblyResolver.OnResolve: Microsoft.Bcl.AsyncInterfaces: Resolved from cache.
TpTrace Verbose: 0 : 23744, 1, 2024/07/04, 10:42:15.630, 1694636761430, vstest.console.dll, CurrentDomainAssemblyResolve: Resolving assembly 'Microsoft.Bcl.AsyncInterfaces'.
TpTrace Information: 0 : 23744, 1, 2024/07/04, 10:42:15.630, 1694636761840, vstest.console.dll, AssemblyResolver.OnResolve: Microsoft.Bcl.AsyncInterfaces: Resolving assembly.
TpTrace Information: 0 : 23744, 1, 2024/07/04, 10:42:15.630, 1694636762194, vstest.console.dll, AssemblyResolver.OnResolve: Microsoft.Bcl.AsyncInterfaces: Resolved from cache.
TpTrace Verbose: 0 : 23744, 1, 2024/07/04, 10:42:15.630, 1694636762516, vstest.console.dll, CurrentDomainAssemblyResolve: Resolving assembly 'Microsoft.Bcl.AsyncInterfaces'.
TpTrace Verbose: 0 : 23744, 1, 2024/07/04, 10:42:15.630, 1694636762771, vstest.console.dll, CurrentDomainAssemblyResolve: Failed to resolve assembly 'Microsoft.Bcl.AsyncInterfaces'.
TpTrace Verbose: 0 : 23744, 1, 2024/07/04, 10:42:15.630, 1694636763912, vstest.console.dll, CurrentDomainAssemblyResolve: Failed to resolve assembly 'Microsoft.Bcl.AsyncInterfaces'.
TpTrace Warning: 0 : 23744, 1, 2024/07/04, 10:42:15.631, 1694636769539, vstest.console.dll, TestPluginDiscoverer: Failed to get types from assembly 'Microsoft.Diagnostics.NETCore.Client, Version=0.2.9.2401, Culture=neutral, PublicKeyToken=31bf3856ad364e35'. Error: System.Reflection.ReflectionTypeLoadException: Unable to load one or more of the requested types.
Could not load file or assembly 'Microsoft.Bcl.AsyncInterfaces, Version=6.0.0.0, Culture=neutral, PublicKeyToken=cc7b13ffcd2ddd51'. The system cannot find the file specified.
   at System.Reflection.RuntimeModule.GetTypes(RuntimeModule module)
   at System.Reflection.RuntimeModule.GetTypes()
   at Microsoft.VisualStudio.TestPlatform.Common.ExtensionFramework.TestPluginDiscoverer.GetTestExtensionsFromAssembly[TPluginInfo,TExtension](Assembly assembly, Dictionary`2 pluginInfos, String filePath) in /_/src/Microsoft.TestPlatform.Common/ExtensionFramework/TestPluginDiscoverer.cs:line 158
System.IO.FileNotFoundException: Could not load file or assembly 'Microsoft.Bcl.AsyncInterfaces, Version=6.0.0.0, Culture=neutral, PublicKeyToken=cc7b13ffcd2ddd51'. The system cannot find the file specified.
File name: 'Microsoft.Bcl.AsyncInterfaces, Version=6.0.0.0, Culture=neutral, PublicKeyToken=cc7b13ffcd2ddd51'
 ---> System.IO.FileNotFoundException: Could not load file or assembly 'Microsoft.Bcl.AsyncInterfaces, Culture=neutral, PublicKeyToken=null'. The system cannot find the file specified.
File name: 'Microsoft.Bcl.AsyncInterfaces, Culture=neutral, PublicKeyToken=null'
   at System.Reflection.RuntimeAssembly.InternalLoad(AssemblyName assemblyName, StackCrawlMark& stackMark, AssemblyLoadContext assemblyLoadContext, RuntimeAssembly requestingAssembly, Boolean throwOnFileNotFound)
   at System.Reflection.Assembly.Load(AssemblyName assemblyRef)
   at Microsoft.VisualStudio.TestPlatform.Common.ExtensionFramework.TestPluginCache.CurrentDomainAssemblyResolve(Object sender, AssemblyResolveEventArgs args) in /_/src/Microsoft.TestPlatform.Common/ExtensionFramework/TestPluginCache.cs:line 513
   at System.Runtime.Loader.AssemblyLoadContext.GetFirstResolvedAssemblyFromResolvingEvent(AssemblyName assemblyName)
   at System.Runtime.Loader.AssemblyLoadContext.ResolveUsingEvent(AssemblyName assemblyName)
   at System.Runtime.Loader.AssemblyLoadContext.ResolveUsingResolvingEvent(IntPtr gchManagedAssemblyLoadContext, AssemblyName assemblyName)
TpTrace Warning: 0 : 23744, 1, 2024/07/04, 10:42:15.631, 1694636772047, vstest.console.dll, LoaderExceptions: System.IO.FileNotFoundException: Could not load file or assembly 'Microsoft.Bcl.AsyncInterfaces, Version=6.0.0.0, Culture=neutral, PublicKeyToken=cc7b13ffcd2ddd51'. The system cannot find the file specified.
File name: 'Microsoft.Bcl.AsyncInterfaces, Version=6.0.0.0, Culture=neutral, PublicKeyToken=cc7b13ffcd2ddd51'
 ---> System.IO.FileNotFoundException: Could not load file or assembly 'Microsoft.Bcl.AsyncInterfaces, Culture=neutral, PublicKeyToken=null'. The system cannot find the file specified.
File name: 'Microsoft.Bcl.AsyncInterfaces, Culture=neutral, PublicKeyToken=null'
   at System.Reflection.RuntimeAssembly.InternalLoad(AssemblyName assemblyName, StackCrawlMark& stackMark, AssemblyLoadContext assemblyLoadContext, RuntimeAssembly requestingAssembly, Boolean throwOnFileNotFound)
   at System.Reflection.Assembly.Load(AssemblyName assemblyRef)
   at Microsoft.VisualStudio.TestPlatform.Common.ExtensionFramework.TestPluginCache.CurrentDomainAssemblyResolve(Object sender, AssemblyResolveEventArgs args) in /_/src/Microsoft.TestPlatform.Common/ExtensionFramework/TestPluginCache.cs:line 513
   at System.Runtime.Loader.AssemblyLoadContext.GetFirstResolvedAssemblyFromResolvingEvent(AssemblyName assemblyName)
   at System.Runtime.Loader.AssemblyLoadContext.ResolveUsingEvent(AssemblyName assemblyName)
   at System.Runtime.Loader.AssemblyLoadContext.ResolveUsingResolvingEvent(IntPtr gchManagedAssemblyLoadContext, AssemblyName assemblyName)
TpTrace Verbose: 0 : 23744, 1, 2024/07/04, 10:42:15.631, 1694636772877, vstest.console.dll, MetadataReaderExtensionsHelper: Discovering extensions inside assembly 'Microsoft.TestPlatform.Extensions.BlameDataCollector, Version=15.0.0.0, Culture=neutral, PublicKeyToken=b03f5f7f11d50a3a' file path 'C:\Program Files\dotnet\sdk\8.0.200\Extensions\Microsoft.TestPlatform.Extensions.BlameDataCollector.dll'
TpTrace Information: 0 : 23744, 1, 2024/07/04, 10:42:15.631, 1694636776826, vstest.console.dll, GetTestExtensionFromType: Register extension with identifier data 'logger://Microsoft/TestPlatform/Extensions/Blame/v1' and type 'Microsoft.TestPlatform.Extensions.BlameDataCollector.BlameLogger, Microsoft.TestPlatform.Extensions.BlameDataCollector, Version=15.0.0.0, Culture=neutral, PublicKeyToken=b03f5f7f11d50a3a' inside file 'C:\Program Files\dotnet\sdk\8.0.200\Extensions\Microsoft.TestPlatform.Extensions.BlameDataCollector.dll'
TpTrace Verbose: 0 : 23744, 1, 2024/07/04, 10:42:15.632, 1694636777319, vstest.console.dll, MetadataReaderExtensionsHelper: Discovering extensions inside assembly 'Microsoft.TestPlatform.Extensions.EventLogCollector, Version=15.0.0.0, Culture=neutral, PublicKeyToken=b03f5f7f11d50a3a' file path 'C:\Program Files\dotnet\sdk\8.0.200\Extensions\Microsoft.TestPlatform.Extensions.EventLogCollector.dll'
TpTrace Verbose: 0 : 23744, 1, 2024/07/04, 10:42:15.632, 1694636780179, vstest.console.dll, MetadataReaderExtensionsHelper: Discovering extensions inside assembly 'Microsoft.TestPlatform.TestHostRuntimeProvider, Version=15.0.0.0, Culture=neutral, PublicKeyToken=b03f5f7f11d50a3a' file path 'C:\Program Files\dotnet\sdk\8.0.200\Extensions\Microsoft.TestPlatform.TestHostRuntimeProvider.dll'
TpTrace Verbose: 0 : 23744, 1, 2024/07/04, 10:42:15.632, 1694636782993, vstest.console.dll, MetadataReaderExtensionsHelper: Discovering extensions inside assembly 'Microsoft.VisualStudio.TestPlatform.Extensions.Html.TestLogger, Version=15.0.0.0, Culture=neutral, PublicKeyToken=b03f5f7f11d50a3a' file path 'C:\Program Files\dotnet\sdk\8.0.200\Extensions\Microsoft.VisualStudio.TestPlatform.Extensions.Html.TestLogger.dll'
TpTrace Information: 0 : 23744, 1, 2024/07/04, 10:42:15.632, 1694636786945, vstest.console.dll, GetTestExtensionFromType: Register extension with identifier data 'logger://Microsoft/TestPlatform/HtmlLogger/v1' and type 'Microsoft.VisualStudio.TestPlatform.Extensions.HtmlLogger.HtmlLogger, Microsoft.VisualStudio.TestPlatform.Extensions.Html.TestLogger, Version=15.0.0.0, Culture=neutral, PublicKeyToken=b03f5f7f11d50a3a' inside file 'C:\Program Files\dotnet\sdk\8.0.200\Extensions\Microsoft.VisualStudio.TestPlatform.Extensions.Html.TestLogger.dll'
TpTrace Verbose: 0 : 23744, 1, 2024/07/04, 10:42:15.633, 1694636787396, vstest.console.dll, MetadataReaderExtensionsHelper: Discovering extensions inside assembly 'Microsoft.VisualStudio.TestPlatform.Extensions.Trx.TestLogger, Version=15.0.0.0, Culture=neutral, PublicKeyToken=b03f5f7f11d50a3a' file path 'C:\Program Files\dotnet\sdk\8.0.200\Extensions\Microsoft.VisualStudio.TestPlatform.Extensions.Trx.TestLogger.dll'
TpTrace Information: 0 : 23744, 1, 2024/07/04, 10:42:15.633, 1694636790255, vstest.console.dll, GetTestExtensionFromType: Register extension with identifier data 'logger://Microsoft/TestPlatform/TrxLogger/v1' and type 'Microsoft.VisualStudio.TestPlatform.Extensions.TrxLogger.TrxLogger, Microsoft.VisualStudio.TestPlatform.Extensions.Trx.TestLogger, Version=15.0.0.0, Culture=neutral, PublicKeyToken=b03f5f7f11d50a3a' inside file 'C:\Program Files\dotnet\sdk\8.0.200\Extensions\Microsoft.VisualStudio.TestPlatform.Extensions.Trx.TestLogger.dll'
TpTrace Verbose: 0 : 23744, 1, 2024/07/04, 10:42:15.633, 1694636790650, vstest.console.dll, TestPluginCache: Discovered the extensions using extension path ''.
TpTrace Verbose: 0 : 23744, 1, 2024/07/04, 10:42:15.633, 1694636790773, vstest.console.dll, TestPluginCache: Discoverers are ''.
TpTrace Verbose: 0 : 23744, 1, 2024/07/04, 10:42:15.633, 1694636790874, vstest.console.dll, TestPluginCache: Executors are ''.
TpTrace Verbose: 0 : 23744, 1, 2024/07/04, 10:42:15.633, 1694636790969, vstest.console.dll, TestPluginCache: Executors2 are ''.
TpTrace Verbose: 0 : 23744, 1, 2024/07/04, 10:42:15.633, 1694636791063, vstest.console.dll, TestPluginCache: Setting providers are ''.
TpTrace Verbose: 0 : 23744, 1, 2024/07/04, 10:42:15.633, 1694636791464, vstest.console.dll, TestPluginCache: Loggers are 'logger://Microsoft/TestPlatform/Extensions/Blame/v1,logger://Microsoft/TestPlatform/HtmlLogger/v1,logger://Microsoft/TestPlatform/TrxLogger/v1'.
TpTrace Verbose: 0 : 23744, 1, 2024/07/04, 10:42:15.633, 1694636791635, vstest.console.dll, TestPluginCache: TestHosts are 'HostProvider://DefaultTestHost,HostProvider://DotnetTestHost'.
TpTrace Verbose: 0 : 23744, 1, 2024/07/04, 10:42:15.633, 1694636791736, vstest.console.dll, TestPluginCache: DataCollectors are ''.
TpTrace Information: 0 : 23744, 1, 2024/07/04, 10:42:15.633, 1694636796169, vstest.console.dll, TestPluginManager.CreateTestExtension: Attempting to load test extension: Microsoft.TestPlatform.Extensions.BlameDataCollector.BlameLogger
TpTrace Verbose: 0 : 23744, 1, 2024/07/04, 10:42:15.639, 1694636848344, vstest.console.dll, TestEngine: Initializing Parallel Execution as MaxCpuCount is set to: 1
TpTrace Information: 0 : 23744, 1, 2024/07/04, 10:42:15.640, 1694636858292, vstest.console.dll, TestPluginManager.CreateTestExtension: Attempting to load test extension: Microsoft.VisualStudio.TestPlatform.CrossPlatEngine.Hosting.DefaultTestHostManager
TpTrace Information: 0 : 23744, 1, 2024/07/04, 10:42:15.640, 1694636864119, vstest.console.dll, TestPluginManager.CreateTestExtension: Attempting to load test extension: Microsoft.VisualStudio.TestPlatform.CrossPlatEngine.Hosting.DotnetTestHostManager
TpTrace Information: 0 : 23744, 1, 2024/07/04, 10:42:15.641, 1694636866975, vstest.console.dll, InferRunSettingsHelper.IsTestSettingsEnabled: Unable to navigate to RunSettings/MSTest. Current node: RunSettings
TpTrace Verbose: 0 : 23744, 1, 2024/07/04, 10:42:15.641, 1694636872020, vstest.console.dll, ParallelOperationManager.ClearSlots: Clearing all slots. Slots should accept more work: True
TpTrace Verbose: 0 : 23744, 1, 2024/07/04, 10:42:15.641, 1694636875741, vstest.console.dll, ParallelOperationManager.SetOccupiedSlotCount: Setting slot counts AvailableSlotCount = 3, OccupiedSlotCount = 0.
TpTrace Verbose: 0 : 23744, 1, 2024/07/04, 10:42:15.642, 1694636878595, vstest.console.dll, Occupied slots:

TpTrace Verbose: 0 : 23744, 1, 2024/07/04, 10:42:15.644, 1694636899055, vstest.console.dll, TestEngine.GetExecutionManager: Chosen execution manager 'Microsoft.VisualStudio.TestPlatform.CrossPlatEngine.Client.Parallel.ParallelProxyExecutionManager, Microsoft.TestPlatform.CrossPlatEngine, Version=15.0.0.0, Culture=neutral, PublicKeyToken=b03f5f7f11d50a3a' ParallelLevel '1'.
TpTrace Verbose: 0 : 23744, 1, 2024/07/04, 10:42:15.644, 1694636899986, vstest.console.dll, TestRunRequest.ExecuteAsync: Creating test run request.
TpTrace Verbose: 0 : 23744, 1, 2024/07/04, 10:42:15.644, 1694636901180, vstest.console.dll, TestRunRequest.ExecuteAsync: Starting.
TpTrace Information: 0 : 23744, 1, 2024/07/04, 10:42:15.645, 1694636908348, vstest.console.dll, TestRunRequest.ExecuteAsync: Starting run with settings:TestRunCriteria:
   KeepAlive=False,FrequencyOfRunStatsChangeEvent=10,RunStatsChangeEventTimeout=00:00:01.5000000,TestCaseFilter=,TestExecutorLauncher=
   Settingsxml=<RunSettings>
  <RunConfiguration>
    <ResultsDirectory>C:\Stuart\Projects\nunit-csharp-samples-master\nunit-csharp-samples-master\money\bin\Debug\net6.0\fine-code-coverage\coverage-tool-output</ResultsDirectory>
    <TargetPlatform>X64</TargetPlatform>
    <TargetFrameworkVersion>.NETCoreApp,Version=v6.0</TargetFrameworkVersion>
    <DesignMode>False</DesignMode>
    <CollectSourceInformation>False</CollectSourceInformation>
  </RunConfiguration>
  <LoggerRunSettings>
    <Loggers>
      <Logger friendlyName="blame" enabled="True" />
      <Logger friendlyName="Console" uri="logger://microsoft/TestPlatform/ConsoleLogger/v1" assemblyQualifiedName="Microsoft.VisualStudio.TestPlatform.CommandLine.Internal.ConsoleLogger, vstest.console, Version=15.0.0.0, Culture=neutral, PublicKeyToken=b03f5f7f11d50a3a" codeBase="C:\Program Files\dotnet\sdk\8.0.200\vstest.console.dll" enabled="True" />
    </Loggers>
  </LoggerRunSettings>
  <DataCollectionRunSettings>
    <DataCollectors>
      <DataCollector friendlyName="blame" enabled="True">
        <Configuration>
          <ResultsDirectory>C:\Stuart\Projects\nunit-csharp-samples-master\nunit-csharp-samples-master\money\bin\Debug\net6.0\fine-code-coverage\coverage-tool-output</ResultsDirectory>
        </Configuration>
      </DataCollector>
    </DataCollectors>
  </DataCollectionRunSettings>
</RunSettings>

TpTrace Verbose: 0 : 23744, 1, 2024/07/04, 10:42:15.645, 1694636908774, vstest.console.dll, TestRunRequest.ExecuteAsync: Wait for the first run request is over.
TpTrace Verbose: 0 : 23744, 1, 2024/07/04, 10:42:15.645, 1694636911798, vstest.console.dll, MulticastDelegateUtilities.SafeInvoke: TestRun.TestRunStart: Invoking callbacks was skipped because there are no subscribers.
TpTrace Verbose: 0 : 23744, 4, 2024/07/04, 10:42:15.645, 1694636912800, vstest.console.dll, MulticastDelegateUtilities.SafeInvoke: InternalTestLoggerEvents.SendTestRunStart: Invoking callback 1/1 for Microsoft.VisualStudio.TestPlatform.CommandLine.Internal.ConsoleLogger., took 0 ms.
TpTrace Verbose: 0 : 23744, 1, 2024/07/04, 10:42:15.646, 1694636917233, vstest.console.dll, ParallelProxyExecutionManager: Start execution. Total sources: 1
TpTrace Verbose: 0 : 23744, 1, 2024/07/04, 10:42:15.646, 1694636919013, vstest.console.dll, ParallelOperationManager.StartWork: Starting adding 1 workloads.
TpTrace Verbose: 0 : 23744, 1, 2024/07/04, 10:42:15.646, 1694636920525, vstest.console.dll, ParallelOperationManager.ClearSlots: Clearing all slots. Slots should accept more work: True
TpTrace Verbose: 0 : 23744, 1, 2024/07/04, 10:42:15.646, 1694636920898, vstest.console.dll, ParallelOperationManager.SetOccupiedSlotCount: Setting slot counts AvailableSlotCount = 3, OccupiedSlotCount = 0.
TpTrace Verbose: 0 : 23744, 1, 2024/07/04, 10:42:15.646, 1694636921046, vstest.console.dll, Occupied slots:

TpTrace Verbose: 0 : 23744, 1, 2024/07/04, 10:42:15.647, 1694636929671, vstest.console.dll, TestRequestSender is acting as server.
TpTrace Verbose: 0 : 23744, 1, 2024/07/04, 10:42:15.648, 1694636937092, vstest.console.dll, ParallelOperationManager.RunWorkInParallel: Adding 1 workload to slot, remaining workloads 0.
TpTrace Verbose: 0 : 23744, 1, 2024/07/04, 10:42:15.648, 1694636937463, vstest.console.dll, ParallelOperationManager.SetOccupiedSlotCount: Setting slot counts AvailableSlotCount = 2, OccupiedSlotCount = 1.
TpTrace Verbose: 0 : 23744, 1, 2024/07/04, 10:42:15.648, 1694636937944, vstest.console.dll, Occupied slots:
0: C:\Stuart\Projects\nunit-csharp-samples-master\nunit-csharp-samples-master\money\bin\Debug\net6.0\fine-code-coverage\build-output\Money.dll
TpTrace Verbose: 0 : 23744, 1, 2024/07/04, 10:42:15.648, 1694636945322, vstest.console.dll, ParallelOperationManager.RunWorkInParallel: Started host in slot number 0 for work (source): C:\Stuart\Projects\nunit-csharp-samples-master\nunit-csharp-samples-master\money\bin\Debug\net6.0\fine-code-coverage\build-output\Money.dll.
TpTrace Verbose: 0 : 23744, 1, 2024/07/04, 10:42:15.650, 1694636958047, vstest.console.dll, ParallelOperationManager.RunWorkInParallel: We started 1 work items, which is the max parallel level. Won't start more work.
TpTrace Verbose: 0 : 23744, 1, 2024/07/04, 10:42:15.650, 1694636958748, vstest.console.dll, ParallelOperationManager.RunWorkInParallel: We started 1 work items in here, returning True.
TpTrace Information: 0 : 23744, 1, 2024/07/04, 10:42:15.650, 1694636959132, vstest.console.dll, TestRunRequest.ExecuteAsync: Started.
TpTrace Verbose: 0 : 23744, 5, 2024/07/04, 10:42:15.650, 1694636960174, vstest.console.dll, ParallelProxyExecutionManager.StartTestRunOnConcurrentManager: Initializing uninitialized client. Started clients: 0
TpTrace Verbose: 0 : 23744, 5, 2024/07/04, 10:42:15.650, 1694636961259, vstest.console.dll, DataCollectionRequestSender.InitializeCommunication : Initialize communication. 
TpTrace Verbose: 0 : 23744, 1, 2024/07/04, 10:42:15.650, 1694636962435, vstest.console.dll, TestRunRequest.WaitForCompletion: Waiting with timeout -1.
TpTrace Information: 0 : 23744, 5, 2024/07/04, 10:42:15.654, 1694637006759, vstest.console.dll, Listening on Endpoint : 127.0.0.1:56045
TpTrace Verbose: 0 : 23744, 5, 2024/07/04, 10:42:15.659, 1694637046973, vstest.console.dll, DotnetDataCollectionLauncher: Adding  --runtimeconfig "C:\Program Files\dotnet\sdk\8.0.200\datacollector.runtimeconfig.json" in args
TpTrace Verbose: 0 : 23744, 5, 2024/07/04, 10:42:15.659, 1694637047546, vstest.console.dll, DotnetDataCollectionLauncher: Adding  --depsfile "C:\Program Files\dotnet\sdk\8.0.200\datacollector.deps.json" in args
TpTrace Verbose: 0 : 23744, 5, 2024/07/04, 10:42:15.659, 1694637048355, vstest.console.dll, DotnetDataCollectionLauncher: Full path of dotnet.exe is C:\Program Files\dotnet\dotnet.exe
TpTrace Information: 0 : 23744, 5, 2024/07/04, 10:42:15.663, 1694637091018, vstest.console.dll, ProxyDataCollectionManager.Initialize: Launched datacollector processId: 16832 port: 56045
TpTrace Information: 0 : 23744, 5, 2024/07/04, 10:42:15.663, 1694637091896, vstest.console.dll, ProxyDataCollectionManager.Initialize: waiting for connection with timeout: 90 seconds
TpTrace Verbose: 0 : 23744, 5, 2024/07/04, 10:42:15.663, 1694637092488, vstest.console.dll, DataCollectionRequestSender.WaitForRequestHandlerConnection : Waiting for connection with timeout: 90000
TpTrace Information: 0 : 23744, 7, 2024/07/04, 10:42:15.771, 1694638172854, vstest.console.dll, Using the buffer size of 16384 bytes
TpTrace Verbose: 0 : 23744, 5, 2024/07/04, 10:42:15.771, 1694638172952, vstest.console.dll, SocketCommunicationManager.WaitForClientConnection took: 107 ms, with 90000 ms timeout, and finished with True.
TpTrace Information: 0 : 23744, 7, 2024/07/04, 10:42:15.771, 1694638173671, vstest.console.dll, Accepted Client request and set the flag
TpTrace Verbose: 0 : 23744, 5, 2024/07/04, 10:42:15.771, 1694638174514, vstest.console.dll, ProxyDataCollectionManager.InvokeDataCollectionServiceAction: Starting.
TpTrace Information: 0 : 23744, 5, 2024/07/04, 10:42:15.771, 1694638175179, vstest.console.dll, ProxyDataCollectionManager.BeforeTestRunStart: Get environment variable and port for datacollector processId: 16832 port: 56045
TpTrace Verbose: 0 : 23744, 5, 2024/07/04, 10:42:15.771, 1694638176134, vstest.console.dll, DataCollectionRequestSender.SendBeforeTestRunStartAndGetResult: Send BeforeTestRunStart message with settingsXml <RunSettings><RunConfiguration><ResultsDirectory>C:\Stuart\Projects\nunit-csharp-samples-master\nunit-csharp-samples-master\money\bin\Debug\net6.0\fine-code-coverage\coverage-tool-output</ResultsDirectory><TargetPlatform>X64</TargetPlatform><TargetFrameworkVersion>.NETCoreApp,Version=v6.0</TargetFrameworkVersion><DesignMode>False</DesignMode><CollectSourceInformation>False</CollectSourceInformation><TestAdaptersPaths>C:\Program Files\dotnet\sdk\8.0.200\Extensions</TestAdaptersPaths></RunConfiguration><LoggerRunSettings><Loggers><Logger friendlyName="blame" enabled="True" /><Logger friendlyName="Console" uri="logger://microsoft/TestPlatform/ConsoleLogger/v1" assemblyQualifiedName="Microsoft.VisualStudio.TestPlatform.CommandLine.Internal.ConsoleLogger, vstest.console, Version=15.0.0.0, Culture=neutral, PublicKeyToken=b03f5f7f11d50a3a" codeBase="C:\Program Files\dotnet\sdk\8.0.200\vstest.console.dll" enabled="True" /></Loggers></LoggerRunSettings><DataCollectionRunSettings><DataCollectors><DataCollector friendlyName="blame" enabled="True"><Configuration><ResultsDirectory>C:\Stuart\Projects\nunit-csharp-samples-master\nunit-csharp-samples-master\money\bin\Debug\net6.0\fine-code-coverage\coverage-tool-output</ResultsDirectory></Configuration></DataCollector></DataCollectors></DataCollectionRunSettings></RunSettings> and sources System.Collections.Generic.List`1[System.String]: 
TpTrace Verbose: 0 : 23744, 5, 2024/07/04, 10:42:15.811, 1694638574582, vstest.console.dll, DataCollectionRequestSender.SendBeforeTestRunStartAndGetResult: Received message: (DataCollection.SendMessage) -> {"MessageType":"DataCollection.SendMessage","Payload":{"FriendlyName":null,"Uri":null,"TestCaseId":"00000000-0000-0000-0000-000000000000","Message":"Logging DataCollector Diagnostics in file: C:\\Stuart\\Projects\\nunit-csharp-samples-master\\nunit-csharp-samples-master\\money\\bin\\Debug\\net6.0\\fine-code-coverage\\coverage-tool-output\\diagnostics.datacollector.24-07-04_10-42-15_65886_5.log","Level":0}}
TpTrace Verbose: 0 : 23744, 5, 2024/07/04, 10:42:15.871, 1694639174970, vstest.console.dll, DataCollectionRequestSender.SendBeforeTestRunStartAndGetResult: Received message: (DataCollection.BeforeTestRunStartResult) -> {"MessageType":"DataCollection.BeforeTestRunStartResult","Payload":{"EnvironmentVariables":{},"DataCollectionEventsPort":56047}}
TpTrace Information: 0 : 23744, 5, 2024/07/04, 10:42:15.875, 1694639210030, vstest.console.dll, ProxyDataCollectionManager.BeforeTestRunStart: SendBeforeTestRunStartAndGetResult successful, env variable from datacollector:   and testhost port: 56047
TpTrace Information: 0 : 23744, 5, 2024/07/04, 10:42:15.875, 1694639210676, vstest.console.dll, ProxyDataCollectionManager.InvokeDataCollectionServiceAction: Completed.
TpTrace Verbose: 0 : 23744, 5, 2024/07/04, 10:42:15.875, 1694639210916, vstest.console.dll, ParallelProxyExecutionManager.StartTestRunOnConcurrentManager: Initializing test run. Started clients: 0
TpTrace Verbose: 0 : 23744, 5, 2024/07/04, 10:42:15.875, 1694639211383, vstest.console.dll, ProxyExecutionManager: Test host is always Lazy initialize.
TpTrace Verbose: 0 : 23744, 5, 2024/07/04, 10:42:15.875, 1694639213371, vstest.console.dll, TestRequestSender.InitializeCommunication: initialize communication. 
TpTrace Information: 0 : 23744, 5, 2024/07/04, 10:42:15.876, 1694639217246, vstest.console.dll, SocketServer.Start: Listening on endpoint : 127.0.0.1:56048
TpTrace Verbose: 0 : 23744, 5, 2024/07/04, 10:42:15.876, 1694639223464, vstest.console.dll, DotnetTestHostmanager.GetTestHostProcessStartInfo: Platform environment 'X64' target architecture 'X64' framework '.NETCoreApp,Version=v6.0' OS 'Windows'
TpTrace Verbose: 0 : 23744, 5, 2024/07/04, 10:42:15.876, 1694639224963, vstest.console.dll, DotnetTestHostmanager: Adding  --runtimeconfig "C:\Stuart\Projects\nunit-csharp-samples-master\nunit-csharp-samples-master\money\bin\Debug\net6.0\fine-code-coverage\build-output\Money.runtimeconfig.json" in args
TpTrace Verbose: 0 : 23744, 5, 2024/07/04, 10:42:15.876, 1694639225462, vstest.console.dll, DotnetTestHostmanager: Adding  --depsfile "C:\Stuart\Projects\nunit-csharp-samples-master\nunit-csharp-samples-master\money\bin\Debug\net6.0\fine-code-coverage\build-output\Money.deps.json" in args
TpTrace Verbose: 0 : 23744, 5, 2024/07/04, 10:42:15.876, 1694639226451, vstest.console.dll, DotnetTestHostmanager.IsWinOnArm: Current PROCESSOR_ARCHITECTURE from environment variable 'AMD64'
TpTrace Verbose: 0 : 23744, 5, 2024/07/04, 10:42:15.876, 1694639226809, vstest.console.dll, DotnetTestHostmanager.IsWinOnArm: Is Windows on ARM 'False'
TpTrace Verbose: 0 : 23744, 5, 2024/07/04, 10:42:15.877, 1694639227273, vstest.console.dll, DotnetTestHostManager: testhost.exe found at path: C:\Stuart\Projects\nunit-csharp-samples-master\nunit-csharp-samples-master\money\bin\Debug\net6.0\fine-code-coverage\build-output\testhost.exe
TpTrace Verbose: 0 : 23744, 5, 2024/07/04, 10:42:15.877, 1694639227447, vstest.console.dll, DotnetTestHostmanager: Full path of host exe is C:\Stuart\Projects\nunit-csharp-samples-master\nunit-csharp-samples-master\money\bin\Debug\net6.0\fine-code-coverage\build-output\testhost.exe
TpTrace Verbose: 0 : 23744, 5, 2024/07/04, 10:42:15.877, 1694639228088, vstest.console.dll, DotnetTestHostmanager.LaunchTestHostAsync: Found 'VSTEST_WINAPPHOST_DOTNET_ROOT' in env variables, value 'C:\Program Files\dotnet', forwarding to 'DOTNET_ROOT'
TpTrace Verbose: 0 : 23744, 5, 2024/07/04, 10:42:15.877, 1694639228737, vstest.console.dll, DotnetTestHostManager: Starting process 'C:\Stuart\Projects\nunit-csharp-samples-master\nunit-csharp-samples-master\money\bin\Debug\net6.0\fine-code-coverage\build-output\testhost.exe' with command line ' --runtimeconfig "C:\Stuart\Projects\nunit-csharp-samples-master\nunit-csharp-samples-master\money\bin\Debug\net6.0\fine-code-coverage\build-output\Money.runtimeconfig.json" --depsfile "C:\Stuart\Projects\nunit-csharp-samples-master\nunit-csharp-samples-master\money\bin\Debug\net6.0\fine-code-coverage\build-output\Money.deps.json" --port 56048 --endpoint 127.0.0.1:056048 --role client --parentprocessid 23744 --diag "C:\Stuart\Projects\nunit-csharp-samples-master\nunit-csharp-samples-master\money\bin\Debug\net6.0\fine-code-coverage\coverage-tool-output\diagnostics.host.24-07-04_10-42-15_87639_5.log" --tracelevel 4 --datacollectionport 56047 --telemetryoptedin false'
TpTrace Verbose: 0 : 23744, 5, 2024/07/04, 10:42:15.892, 1694639379091, vstest.console.dll, MulticastDelegateUtilities.SafeInvoke: HostProviderEvents.OnHostLaunched: Invoking callback 1/2 for Microsoft.VisualStudio.TestPlatform.CrossPlatEngine.Client.ProxyExecutionManagerWithDataCollection., took 1 ms.
TpTrace Verbose: 0 : 23744, 5, 2024/07/04, 10:42:15.892, 1694639383156, vstest.console.dll, Test Runtime launched
TpTrace Verbose: 0 : 23744, 5, 2024/07/04, 10:42:15.892, 1694639385279, vstest.console.dll, MulticastDelegateUtilities.SafeInvoke: HostProviderEvents.OnHostLaunched: Invoking callback 2/2 for Microsoft.VisualStudio.TestPlatform.CrossPlatEngine.Client.ProxyOperationManager., took 0 ms.
TpTrace Verbose: 0 : 23744, 5, 2024/07/04, 10:42:15.893, 1694639387559, vstest.console.dll, TestRequestSender.WaitForRequestHandlerConnection: waiting for connection with timeout: 90000.
TpTrace Verbose: 0 : 23744, 5, 2024/07/04, 10:42:16.053, 1694640993356, vstest.console.dll, TestRequestSender.WaitForRequestHandlerConnection: waiting took 160 ms, with timeout 90000 ms, and result 0, which is success.
TpTrace Verbose: 0 : 23744, 13, 2024/07/04, 10:42:16.053, 1694640993357, vstest.console.dll, MulticastDelegateUtilities.SafeInvoke: SocketServer: ClientConnected: Invoking callback 1/1 for Microsoft.VisualStudio.TestPlatform.CommunicationUtilities.TestRequestSender., took 0 ms.
TpTrace Verbose: 0 : 23744, 13, 2024/07/04, 10:42:16.053, 1694640994819, vstest.console.dll, SocketServer.OnClientConnected: Client connected for endPoint: 127.0.0.1:56048, starting MessageLoopAsync:
TpTrace Verbose: 0 : 23744, 13, 2024/07/04, 10:42:16.054, 1694640998845, vstest.console.dll, TcpClientExtensions.MessageLoopAsync: Polling on remoteEndPoint: 127.0.0.1:56049 localEndPoint: 127.0.0.1:56048 after 0 ms
TpTrace Verbose: 0 : 23744, 5, 2024/07/04, 10:42:16.054, 1694641001292, vstest.console.dll, TestRequestSender.CheckVersionWithTestHost: Sending check version message: {"MessageType":"ProtocolVersion","Payload":7}
TpTrace Verbose: 0 : 23744, 13, 2024/07/04, 10:42:16.158, 1694642045434, vstest.console.dll, TcpClientExtensions.MessageLoopAsync: NotifyDataAvailable remoteEndPoint: 127.0.0.1:56049 localEndPoint: 127.0.0.1:56048
TpTrace Verbose: 0 : 23744, 13, 2024/07/04, 10:42:16.159, 1694642047595, vstest.console.dll, TestRequestSender.CheckVersionWithTestHost: onMessageReceived received message: (ProtocolVersion) -> {"MessageType":"ProtocolVersion","Payload":7}
TpTrace Verbose: 0 : 23744, 13, 2024/07/04, 10:42:16.159, 1694642053748, vstest.console.dll, MulticastDelegateUtilities.SafeInvoke: LengthPrefixCommunicationChannel: MessageReceived: Invoking callback 1/1 for Microsoft.VisualStudio.TestPlatform.CommunicationUtilities.TestRequestSender+<>c__DisplayClass29_0., took 0 ms.
TpTrace Verbose: 0 : 23744, 13, 2024/07/04, 10:42:16.159, 1694642054475, vstest.console.dll, TcpClientExtensions.MessageLoopAsync: Polling on remoteEndPoint: 127.0.0.1:56049 localEndPoint: 127.0.0.1:56048 after 105 ms
TpTrace Verbose: 0 : 23744, 5, 2024/07/04, 10:42:16.159, 1694642054474, vstest.console.dll, TestPluginCache.GetExtensionPaths: Filtered extension paths: 
TpTrace Verbose: 0 : 23744, 5, 2024/07/04, 10:42:16.159, 1694642055030, vstest.console.dll, TestPluginCache.GetExtensionPaths: Added default extension paths: C:\Program Files\dotnet\sdk\8.0.200\Extensions\Microsoft.Diagnostics.NETCore.Client.dll
C:\Program Files\dotnet\sdk\8.0.200\Extensions\Microsoft.TestPlatform.Extensions.BlameDataCollector.dll
C:\Program Files\dotnet\sdk\8.0.200\Extensions\Microsoft.TestPlatform.Extensions.EventLogCollector.dll
C:\Program Files\dotnet\sdk\8.0.200\Extensions\Microsoft.TestPlatform.TestHostRuntimeProvider.dll
C:\Program Files\dotnet\sdk\8.0.200\Extensions\Microsoft.VisualStudio.TestPlatform.Extensions.Html.TestLogger.dll
C:\Program Files\dotnet\sdk\8.0.200\Extensions\Microsoft.VisualStudio.TestPlatform.Extensions.Trx.TestLogger.dll
TpTrace Verbose: 0 : 23744, 5, 2024/07/04, 10:42:16.159, 1694642056405, vstest.console.dll, TestPluginCache.GetExtensionPaths: Added unfilterableExtensionPaths: 
TpTrace Verbose: 0 : 23744, 5, 2024/07/04, 10:42:16.162, 1694642079625, vstest.console.dll, TestRequestSender.InitializeExecution: Sending initialize execution with message: {"Version":7,"MessageType":"TestExecution.Initialize","Payload":["C:\\Stuart\\Projects\\nunit-csharp-samples-master\\nunit-csharp-samples-master\\money\\bin\\Debug\\net6.0\\fine-code-coverage\\build-output\\NUnit3.TestAdapter.dll"]}
TpTrace Verbose: 0 : 23744, 5, 2024/07/04, 10:42:16.162, 1694642082207, vstest.console.dll, ParallelProxyExecutionManager.StartTestRunOnConcurrentManager: Execution starting. Started clients: 1
TpTrace Verbose: 0 : 23744, 5, 2024/07/04, 10:42:16.162, 1694642084672, vstest.console.dll, TestRunRequest:SendTestRunMessage: Starting.
TpTrace Verbose: 0 : 23744, 5, 2024/07/04, 10:42:16.162, 1694642086148, vstest.console.dll, MulticastDelegateUtilities.SafeInvoke: TestRun.LogMessages: Invoking callback 1/1 for Microsoft.VisualStudio.TestPlatform.CommandLine.TestRunResultAggregator., took 0 ms.
TpTrace Information: 0 : 23744, 5, 2024/07/04, 10:42:16.162, 1694642086426, vstest.console.dll, TestRunRequest:SendTestRunMessage: Completed.
TpTrace Verbose: 0 : 23744, 4, 2024/07/04, 10:42:16.163, 1694642087667, vstest.console.dll, MulticastDelegateUtilities.SafeInvoke: InternalTestLoggerEvents.SendTestRunMessage: Invoking callback 1/1 for Microsoft.VisualStudio.TestPlatform.CommandLine.Internal.ConsoleLogger., took 0 ms.
TpTrace Warning: 0 : 23744, 5, 2024/07/04, 10:42:16.163, 1694642092449, vstest.console.dll, InferRunSettingsHelper.MakeRunsettingsCompatible: Removing the following settings: TargetPlatform from RunSettings file. To use those settings please move to latest version of Microsoft.NET.Test.Sdk
TpTrace Verbose: 0 : 23744, 13, 2024/07/04, 10:42:16.163, 1694642094989, vstest.console.dll, TcpClientExtensions.MessageLoopAsync: NotifyDataAvailable remoteEndPoint: 127.0.0.1:56049 localEndPoint: 127.0.0.1:56048
TpTrace Verbose: 0 : 23744, 13, 2024/07/04, 10:42:16.164, 1694642098189, vstest.console.dll, TestRequestSender.OnExecutionMessageReceived: Received message: {"Version":7,"MessageType":"TestSession.Message","Payload":{"MessageLevel":0,"Message":"Logging TestHost Diagnostics in file: C:\\Stuart\\Projects\\nunit-csharp-samples-master\\nunit-csharp-samples-master\\money\\bin\\Debug\\net6.0\\fine-code-coverage\\coverage-tool-output\\diagnostics.host.24-07-04_10-42-15_87639_5.log"}}
TpTrace Verbose: 0 : 23744, 13, 2024/07/04, 10:42:16.166, 1694642119104, vstest.console.dll, TestRunRequest:SendTestRunMessage: Starting.
TpTrace Verbose: 0 : 23744, 13, 2024/07/04, 10:42:16.166, 1694642119964, vstest.console.dll, MulticastDelegateUtilities.SafeInvoke: TestRun.LogMessages: Invoking callback 1/1 for Microsoft.VisualStudio.TestPlatform.CommandLine.TestRunResultAggregator., took 0 ms.
TpTrace Verbose: 0 : 23744, 4, 2024/07/04, 10:42:16.166, 1694642120140, vstest.console.dll, MulticastDelegateUtilities.SafeInvoke: InternalTestLoggerEvents.SendTestRunMessage: Invoking callback 1/1 for Microsoft.VisualStudio.TestPlatform.CommandLine.Internal.ConsoleLogger., took 0 ms.
TpTrace Information: 0 : 23744, 13, 2024/07/04, 10:42:16.166, 1694642120284, vstest.console.dll, TestRunRequest:SendTestRunMessage: Completed.
TpTrace Verbose: 0 : 23744, 13, 2024/07/04, 10:42:16.166, 1694642121851, vstest.console.dll, MulticastDelegateUtilities.SafeInvoke: LengthPrefixCommunicationChannel: MessageReceived: Invoking callback 1/1 for Microsoft.VisualStudio.TestPlatform.CommunicationUtilities.TestRequestSender+<>c__DisplayClass34_0., took 2 ms.
TpTrace Verbose: 0 : 23744, 13, 2024/07/04, 10:42:16.166, 1694642122071, vstest.console.dll, TcpClientExtensions.MessageLoopAsync: Polling on remoteEndPoint: 127.0.0.1:56049 localEndPoint: 127.0.0.1:56048 after 6 ms
TpTrace Verbose: 0 : 23744, 5, 2024/07/04, 10:42:16.168, 1694642142163, vstest.console.dll, TestRequestSender.StartTestRun: Sending test run with message: {"Version":7,"MessageType":"TestExecution.StartWithSources","Payload":{"AdapterSourceMap":{"_none_":["C:\\Stuart\\Projects\\nunit-csharp-samples-master\\nunit-csharp-samples-master\\money\\bin\\Debug\\net6.0\\fine-code-coverage\\build-output\\Money.dll"]},"RunSettings":"<RunSettings>\r\n  <RunConfiguration>\r\n    <ResultsDirectory>C:\\Stuart\\Projects\\nunit-csharp-samples-master\\nunit-csharp-samples-master\\money\\bin\\Debug\\net6.0\\fine-code-coverage\\coverage-tool-output</ResultsDirectory>\r\n    <TargetFrameworkVersion>.NETCoreApp,Version=v6.0</TargetFrameworkVersion>\r\n    <DesignMode>False</DesignMode>\r\n    <CollectSourceInformation>False</CollectSourceInformation>\r\n  </RunConfiguration>\r\n  <LoggerRunSettings>\r\n    <Loggers>\r\n      <Logger friendlyName=\"blame\" enabled=\"True\" />\r\n      <Logger friendlyName=\"Console\" uri=\"logger://microsoft/TestPlatform/ConsoleLogger/v1\" assemblyQualifiedName=\"Microsoft.VisualStudio.TestPlatform.CommandLine.Internal.ConsoleLogger, vstest.console, Version=15.0.0.0, Culture=neutral, PublicKeyToken=b03f5f7f11d50a3a\" codeBase=\"C:\\Program Files\\dotnet\\sdk\\8.0.200\\vstest.console.dll\" enabled=\"True\" />\r\n    </Loggers>\r\n  </LoggerRunSettings>\r\n  <DataCollectionRunSettings>\r\n    <DataCollectors>\r\n      <DataCollector friendlyName=\"blame\" enabled=\"True\">\r\n        <Configuration>\r\n          <ResultsDirectory>C:\\Stuart\\Projects\\nunit-csharp-samples-master\\nunit-csharp-samples-master\\money\\bin\\Debug\\net6.0\\fine-code-coverage\\coverage-tool-output</ResultsDirectory>\r\n        </Configuration>\r\n      </DataCollector>\r\n    </DataCollectors>\r\n  </DataCollectionRunSettings>\r\n</RunSettings>","TestExecutionContext":{"FrequencyOfRunStatsChangeEvent":10,"RunStatsChangeEventTimeout":"00:00:01.5000000","InIsolation":false,"KeepAlive":false,"AreTestCaseLevelEventsRequired":false,"IsDebug":false,"TestCaseFilter":null,"FilterOptions":null},"Package":null}}
TpTrace Verbose: 0 : 23744, 5, 2024/07/04, 10:42:16.168, 1694642145938, vstest.console.dll, ParallelProxyExecutionManager.StartTestRunOnConcurrentManager: Execution started. Started clients: 1
TpTrace Verbose: 0 : 23744, 13, 2024/07/04, 10:42:16.301, 1694643469570, vstest.console.dll, TcpClientExtensions.MessageLoopAsync: NotifyDataAvailable remoteEndPoint: 127.0.0.1:56049 localEndPoint: 127.0.0.1:56048
TpTrace Verbose: 0 : 23744, 13, 2024/07/04, 10:42:16.301, 1694643471005, vstest.console.dll, TestRequestSender.OnExecutionMessageReceived: Received message: {"Version":7,"MessageType":"TestSession.Message","Payload":{"MessageLevel":0,"Message":"NUnit Adapter 4.5.0.0: Test execution started"}}
TpTrace Verbose: 0 : 23744, 13, 2024/07/04, 10:42:16.301, 1694643472454, vstest.console.dll, TestRunRequest:SendTestRunMessage: Starting.
TpTrace Verbose: 0 : 23744, 13, 2024/07/04, 10:42:16.301, 1694643472871, vstest.console.dll, MulticastDelegateUtilities.SafeInvoke: TestRun.LogMessages: Invoking callback 1/1 for Microsoft.VisualStudio.TestPlatform.CommandLine.TestRunResultAggregator., took 0 ms.
TpTrace Information: 0 : 23744, 13, 2024/07/04, 10:42:16.301, 1694643473050, vstest.console.dll, TestRunRequest:SendTestRunMessage: Completed.
TpTrace Verbose: 0 : 23744, 13, 2024/07/04, 10:42:16.301, 1694643473227, vstest.console.dll, MulticastDelegateUtilities.SafeInvoke: LengthPrefixCommunicationChannel: MessageReceived: Invoking callback 1/1 for Microsoft.VisualStudio.TestPlatform.CommunicationUtilities.TestRequestSender+<>c__DisplayClass34_0., took 0 ms.
TpTrace Verbose: 0 : 23744, 13, 2024/07/04, 10:42:16.301, 1694643473404, vstest.console.dll, TcpClientExtensions.MessageLoopAsync: Polling on remoteEndPoint: 127.0.0.1:56049 localEndPoint: 127.0.0.1:56048 after 135 ms
TpTrace Verbose: 0 : 23744, 4, 2024/07/04, 10:42:16.301, 1694643473741, vstest.console.dll, MulticastDelegateUtilities.SafeInvoke: InternalTestLoggerEvents.SendTestRunMessage: Invoking callback 1/1 for Microsoft.VisualStudio.TestPlatform.CommandLine.Internal.ConsoleLogger., took 0 ms.
TpTrace Verbose: 0 : 23744, 13, 2024/07/04, 10:42:16.323, 1694643694782, vstest.console.dll, TcpClientExtensions.MessageLoopAsync: NotifyDataAvailable remoteEndPoint: 127.0.0.1:56049 localEndPoint: 127.0.0.1:56048
TpTrace Verbose: 0 : 23744, 13, 2024/07/04, 10:42:16.323, 1694643696130, vstest.console.dll, TestRequestSender.OnExecutionMessageReceived: Received message: {"Version":7,"MessageType":"TestSession.Message","Payload":{"MessageLevel":0,"Message":"Running all tests in C:\\Stuart\\Projects\\nunit-csharp-samples-master\\nunit-csharp-samples-master\\money\\bin\\Debug\\net6.0\\fine-code-coverage\\build-output\\Money.dll"}}
TpTrace Verbose: 0 : 23744, 13, 2024/07/04, 10:42:16.324, 1694643697960, vstest.console.dll, TestRunRequest:SendTestRunMessage: Starting.
TpTrace Verbose: 0 : 23744, 13, 2024/07/04, 10:42:16.324, 1694643698452, vstest.console.dll, MulticastDelegateUtilities.SafeInvoke: TestRun.LogMessages: Invoking callback 1/1 for Microsoft.VisualStudio.TestPlatform.CommandLine.TestRunResultAggregator., took 0 ms.
TpTrace Information: 0 : 23744, 13, 2024/07/04, 10:42:16.324, 1694643698630, vstest.console.dll, TestRunRequest:SendTestRunMessage: Completed.
TpTrace Verbose: 0 : 23744, 4, 2024/07/04, 10:42:16.324, 1694643698686, vstest.console.dll, MulticastDelegateUtilities.SafeInvoke: InternalTestLoggerEvents.SendTestRunMessage: Invoking callback 1/1 for Microsoft.VisualStudio.TestPlatform.CommandLine.Internal.ConsoleLogger., took 0 ms.
TpTrace Verbose: 0 : 23744, 13, 2024/07/04, 10:42:16.324, 1694643698762, vstest.console.dll, MulticastDelegateUtilities.SafeInvoke: LengthPrefixCommunicationChannel: MessageReceived: Invoking callback 1/1 for Microsoft.VisualStudio.TestPlatform.CommunicationUtilities.TestRequestSender+<>c__DisplayClass34_0., took 0 ms.
TpTrace Verbose: 0 : 23744, 13, 2024/07/04, 10:42:16.324, 1694643699635, vstest.console.dll, TcpClientExtensions.MessageLoopAsync: Polling on remoteEndPoint: 127.0.0.1:56049 localEndPoint: 127.0.0.1:56048 after 22 ms
TpTrace Verbose: 0 : 23744, 13, 2024/07/04, 10:42:16.433, 1694644796094, vstest.console.dll, TcpClientExtensions.MessageLoopAsync: NotifyDataAvailable remoteEndPoint: 127.0.0.1:56049 localEndPoint: 127.0.0.1:56048
TpTrace Verbose: 0 : 23744, 13, 2024/07/04, 10:42:16.434, 1694644798472, vstest.console.dll, TestRequestSender.OnExecutionMessageReceived: Received message: {"Version":7,"MessageType":"TestSession.Message","Payload":{"MessageLevel":0,"Message":"   NUnit3TestExecutor discovered 21 of 21 NUnit test cases using Current Discovery mode, Non-Explicit run"}}
TpTrace Verbose: 0 : 23744, 13, 2024/07/04, 10:42:16.434, 1694644799702, vstest.console.dll, TestRunRequest:SendTestRunMessage: Starting.
TpTrace Verbose: 0 : 23744, 13, 2024/07/04, 10:42:16.434, 1694644800188, vstest.console.dll, MulticastDelegateUtilities.SafeInvoke: TestRun.LogMessages: Invoking callback 1/1 for Microsoft.VisualStudio.TestPlatform.CommandLine.TestRunResultAggregator., took 0 ms.
TpTrace Information: 0 : 23744, 13, 2024/07/04, 10:42:16.434, 1694644800372, vstest.console.dll, TestRunRequest:SendTestRunMessage: Completed.
TpTrace Verbose: 0 : 23744, 4, 2024/07/04, 10:42:16.434, 1694644800534, vstest.console.dll, MulticastDelegateUtilities.SafeInvoke: InternalTestLoggerEvents.SendTestRunMessage: Invoking callback 1/1 for Microsoft.VisualStudio.TestPlatform.CommandLine.Internal.ConsoleLogger., took 0 ms.
TpTrace Verbose: 0 : 23744, 13, 2024/07/04, 10:42:16.434, 1694644802047, vstest.console.dll, MulticastDelegateUtilities.SafeInvoke: LengthPrefixCommunicationChannel: MessageReceived: Invoking callback 1/1 for Microsoft.VisualStudio.TestPlatform.CommunicationUtilities.TestRequestSender+<>c__DisplayClass34_0., took 0 ms.
TpTrace Verbose: 0 : 23744, 13, 2024/07/04, 10:42:16.434, 1694644802693, vstest.console.dll, TcpClientExtensions.MessageLoopAsync: Polling on remoteEndPoint: 127.0.0.1:56049 localEndPoint: 127.0.0.1:56048 after 110 ms
TpTrace Verbose: 0 : 23744, 13, 2024/07/04, 10:42:16.543, 1694645895397, vstest.console.dll, TcpClientExtensions.MessageLoopAsync: NotifyDataAvailable remoteEndPoint: 127.0.0.1:56049 localEndPoint: 127.0.0.1:56048
TpTrace Verbose: 0 : 23744, 13, 2024/07/04, 10:42:16.544, 1694645900840, vstest.console.dll, TestRequestSender.OnExecutionMessageReceived: Received message: {"Version":7,"MessageType":"TestExecution.StatsChange","Payload":{"NewTestResults":[{"TestCase":{"Id":"e4951473-f7b0-9b85-c580-2c5183c25b29","FullyQualifiedName":"Money.MoneyTest.BagMultiply","DisplayName":"BagMultiply","ExecutorUri":"executor://NUnit3TestExecutor","Source":"C:\\Stuart\\Projects\\nunit-csharp-samples-master\\nunit-csharp-samples-master\\money\\bin\\Debug\\net6.0\\fine-code-coverage\\build-output\\Money.dll","CodeFilePath":null,"LineNumber":0,"Properties":[{"Key":{"Id":"NUnit.Seed","Label":"Seed","Category":"","Description":"","Attributes":0,"ValueType":"System.String"},"Value":"893543634"}]},"Attachments":[],"Outcome":1,"ErrorMessage":null,"ErrorStackTrace":null,"DisplayName":"BagMultiply","Messages":[],"ComputerName":"LAPTOP-L48VN982","Duration":"00:00:00.0144690","StartTime":"2024-07-04T09:42:16.4574476+00:00","EndTime":"2024-07-04T09:42:16.471884+00:00","Properties":[{"Key":{"Id":"NUnit.Seed","Label":"Seed","Category":"","Description":"","Attributes":0,"ValueType":"System.String"},"Value":"893543634"}]},{"TestCase":{"Id":"b82de70d-8cc8-9d0c-4d44-7f2829a949f1","FullyQualifiedName":"Money.MoneyTest.BagNegate","DisplayName":"BagNegate","ExecutorUri":"executor://NUnit3TestExecutor","Source":"C:\\Stuart\\Projects\\nunit-csharp-samples-master\\nunit-csharp-samples-master\\money\\bin\\Debug\\net6.0\\fine-code-coverage\\build-output\\Money.dll","CodeFilePath":null,"LineNumber":0,"Properties":[{"Key":{"Id":"NUnit.Seed","Label":"Seed","Category":"","Description":"","Attributes":0,"ValueType":"System.String"},"Value":"904869251"}]},"Attachments":[],"Outcome":1,"ErrorMessage":null,"ErrorStackTrace":null,"DisplayName":"BagNegate","Messages":[],"ComputerName":"LAPTOP-L48VN982","Duration":"00:00:00.0003289","StartTime":"2024-07-04T09:42:16.4730868+00:00","EndTime":"2024-07-04T09:42:16.4734158+00:00","Properties":[{"Key":{"Id":"NUnit.Seed","Label":"Seed","Category":"","Description":"","Attributes":0,"ValueType":"System.String"},"Value":"904869251"}]},{"TestCase":{"Id":"e26e7964-f109-01d9-983f-d9176a5d3467","FullyQualifiedName":"Money.MoneyTest.BagSimpleAdd","DisplayName":"BagSimpleAdd","ExecutorUri":"executor://NUnit3TestExecutor","Source":"C:\\Stuart\\Projects\\nunit-csharp-samples-master\\nunit-csharp-samples-master\\money\\bin\\Debug\\net6.0\\fine-code-coverage\\build-output\\Money.dll","CodeFilePath":null,"LineNumber":0,"Properties":[{"Key":{"Id":"NUnit.Seed","Label":"Seed","Category":"","Description":"","Attributes":0,"ValueType":"System.String"},"Value":"742032809"}]},"Attachments":[],"Outcome":1,"ErrorMessage":null,"ErrorStackTrace":null,"DisplayName":"BagSimpleAdd","Messages":[],"ComputerName":"LAPTOP-L48VN982","Duration":"00:00:00.0006250","StartTime":"2024-07-04T09:42:16.4734285+00:00","EndTime":"2024-07-04T09:42:16.4740536+00:00","Properties":[{"Key":{"Id":"NUnit.Seed","Label":"Seed","Category":"","Description":"","Attributes":0,"ValueType":"System.String"},"Value":"742032809"}]},{"TestCase":{"Id":"81e4bbe5-4b63-37d1-1e2a-4cec953fa66f","FullyQualifiedName":"Money.MoneyTest.BagSubtract","DisplayName":"BagSubtract","ExecutorUri":"executor://NUnit3TestExecutor","Source":"C:\\Stuart\\Projects\\nunit-csharp-samples-master\\nunit-csharp-samples-master\\money\\bin\\Debug\\net6.0\\fine-code-coverage\\build-output\\Money.dll","CodeFilePath":null,"LineNumber":0,"Properties":[{"Key":{"Id":"NUnit.Seed","Label":"Seed","Category":"","Description":"","Attributes":0,"ValueType":"System.String"},"Value":"819331802"}]},"Attachments":[],"Outcome":1,"ErrorMessage":null,"ErrorStackTrace":null,"DisplayName":"BagSubtract","Messages":[],"ComputerName":"LAPTOP-L48VN982","Duration":"00:00:00.0002120","StartTime":"2024-07-04T09:42:16.4740613+00:00","EndTime":"2024-07-04T09:42:16.4742728+00:00","Properties":[{"Key":{"Id":"NUnit.Seed","Label":"Seed","Category":"","Description":"","Attributes":0,"ValueType":"System.String"},"Value":"819331802"}]},{"TestCase":{"Id":"c1a5745b-c751-9354-d916-c4f6ff2c0543","FullyQualifiedName":"Money.MoneyTest.BagSumAdd","DisplayName":"BagSumAdd","ExecutorUri":"executor://NUnit3TestExecutor","Source":"C:\\Stuart\\Projects\\nunit-csharp-samples-master\\nunit-csharp-samples-master\\money\\bin\\Debug\\net6.0\\fine-code-coverage\\build-output\\Money.dll","CodeFilePath":null,"LineNumber":0,"Properties":[{"Key":{"Id":"NUnit.Seed","Label":"Seed","Category":"","Description":"","Attributes":0,"ValueType":"System.String"},"Value":"1612169647"}]},"Attachments":[],"Outcome":1,"ErrorMessage":null,"ErrorStackTrace":null,"DisplayName":"BagSumAdd","Messages":[],"ComputerName":"LAPTOP-L48VN982","Duration":"00:00:00.0001130","StartTime":"2024-07-04T09:42:16.474278+00:00","EndTime":"2024-07-04T09:42:16.4743906+00:00","Properties":[{"Key":{"Id":"NUnit.Seed","Label":"Seed","Category":"","Description":"","Attributes":0,"ValueType":"System.String"},"Value":"1612169647"}]},{"TestCase":{"Id":"3a294783-ece6-ac8a-0225-edb68c311297","FullyQualifiedName":"Money.MoneyTest.IsZero","DisplayName":"IsZero","ExecutorUri":"executor://NUnit3TestExecutor","Source":"C:\\Stuart\\Projects\\nunit-csharp-samples-master\\nunit-csharp-samples-master\\money\\bin\\Debug\\net6.0\\fine-code-coverage\\build-output\\Money.dll","CodeFilePath":null,"LineNumber":0,"Properties":[{"Key":{"Id":"NUnit.Seed","Label":"Seed","Category":"","Description":"","Attributes":0,"ValueType":"System.String"},"Value":"1216285047"}]},"Attachments":[],"Outcome":1,"ErrorMessage":null,"ErrorStackTrace":null,"DisplayName":"IsZero","Messages":[],"ComputerName":"LAPTOP-L48VN982","Duration":"00:00:00.0000760","StartTime":"2024-07-04T09:42:16.4743953+00:00","EndTime":"2024-07-04T09:42:16.4744712+00:00","Properties":[{"Key":{"Id":"NUnit.Seed","Label":"Seed","Category":"","Description":"","Attributes":0,"ValueType":"System.String"},"Value":"1216285047"}]},{"TestCase":{"Id":"1d228e9e-67b3-27f9-3927-a65a1033f010","FullyQualifiedName":"Money.MoneyTest.MixedSimpleAdd","DisplayName":"MixedSimpleAdd","ExecutorUri":"executor://NUnit3TestExecutor","Source":"C:\\Stuart\\Projects\\nunit-csharp-samples-master\\nunit-csharp-samples-master\\money\\bin\\Debug\\net6.0\\fine-code-coverage\\build-output\\Money.dll","CodeFilePath":null,"LineNumber":0,"Properties":[{"Key":{"Id":"NUnit.Seed","Label":"Seed","Category":"","Description":"","Attributes":0,"ValueType":"System.String"},"Value":"1210262961"}]},"Attachments":[],"Outcome":1,"ErrorMessage":null,"ErrorStackTrace":null,"DisplayName":"MixedSimpleAdd","Messages":[],"ComputerName":"LAPTOP-L48VN982","Duration":"00:00:00.0000760","StartTime":"2024-07-04T09:42:16.4744742+00:00","EndTime":"2024-07-04T09:42:16.4745506+00:00","Properties":[{"Key":{"Id":"NUnit.Seed","Label":"Seed","Category":"","Description":"","Attributes":0,"ValueType":"System.String"},"Value":"1210262961"}]},{"TestCase":{"Id":"12aca653-5708-0b9d-ed11-baf6fe8734b6","FullyQualifiedName":"Money.MoneyTest.MoneyBagEquals","DisplayName":"MoneyBagEquals","ExecutorUri":"executor://NUnit3TestExecutor","Source":"C:\\Stuart\\Projects\\nunit-csharp-samples-master\\nunit-csharp-samples-master\\money\\bin\\Debug\\net6.0\\fine-code-coverage\\build-output\\Money.dll","CodeFilePath":null,"LineNumber":0,"Properties":[{"Key":{"Id":"NUnit.Seed","Label":"Seed","Category":"","Description":"","Attributes":0,"ValueType":"System.String"},"Value":"138365983"}]},"Attachments":[],"Outcome":1,"ErrorMessage":null,"ErrorStackTrace":null,"DisplayName":"MoneyBagEquals","Messages":[],"ComputerName":"LAPTOP-L48VN982","Duration":"00:00:00.0002220","StartTime":"2024-07-04T09:42:16.4745603+00:00","EndTime":"2024-07-04T09:42:16.4747822+00:00","Properties":[{"Key":{"Id":"NUnit.Seed","Label":"Seed","Category":"","Description":"","Attributes":0,"ValueType":"System.String"},"Value":"138365983"}]},{"TestCase":{"Id":"74b2005a-2f52-95f5-983a-e65634410178","FullyQualifiedName":"Money.MoneyTest.MoneyBagHash","DisplayName":"MoneyBagHash","ExecutorUri":"executor://NUnit3TestExecutor","Source":"C:\\Stuart\\Projects\\nunit-csharp-samples-master\\nunit-csharp-samples-master\\money\\bin\\Debug\\net6.0\\fine-code-coverage\\build-output\\Money.dll","CodeFilePath":null,"LineNumber":0,"Properties":[{"Key":{"Id":"NUnit.Seed","Label":"Seed","Category":"","Description":"","Attributes":0,"ValueType":"System.String"},"Value":"1460110575"}]},"Attachments":[],"Outcome":1,"ErrorMessage":null,"ErrorStackTrace":null,"DisplayName":"MoneyBagHash","Messages":[],"ComputerName":"LAPTOP-L48VN982","Duration":"00:00:00.0009440","StartTime":"2024-07-04T09:42:16.4747878+00:00","EndTime":"2024-07-04T09:42:16.4757315+00:00","Properties":[{"Key":{"Id":"NUnit.Seed","Label":"Seed","Category":"","Description":"","Attributes":0,"ValueType":"System.String"},"Value":"1460110575"}]}],"TestRunStatistics":{"ExecutedTests":9,"Stats":{"Passed":9}},"ActiveTests":[{"Id":"c360b3c8-3cf9-fdd5-9337-fad9a582941a","FullyQualifiedName":"Money.MoneyTest.MoneyEquals","DisplayName":"MoneyEquals","ExecutorUri":"executor://NUnit3TestExecutor","Source":"C:\\Stuart\\Projects\\nunit-csharp-samples-master\\nunit-csharp-samples-master\\money\\bin\\Debug\\net6.0\\fine-code-coverage\\build-output\\Money.dll","CodeFilePath":null,"LineNumber":0,"Properties":[{"Key":{"Id":"NUnit.Seed","Label":"Seed","Category":"","Description":"","Attributes":0,"ValueType":"System.String"},"Value":"747302157"}]}]}}
TpTrace Verbose: 0 : 23744, 13, 2024/07/04, 10:42:16.571, 1694646169914, vstest.console.dll, TestRunRequest:SendTestRunStatsChange: Starting.
TpTrace Verbose: 0 : 23744, 13, 2024/07/04, 10:42:16.571, 1694646171096, vstest.console.dll, InProgress is MoneyEquals
TpTrace Verbose: 0 : 23744, 13, 2024/07/04, 10:42:16.571, 1694646172633, vstest.console.dll, MulticastDelegateUtilities.SafeInvoke: TestRun.RunStatsChanged: Invoking callbacks was skipped because there are no subscribers.
TpTrace Information: 0 : 23744, 13, 2024/07/04, 10:42:16.571, 1694646172912, vstest.console.dll, TestRunRequest:SendTestRunStatsChange: Completed.
TpTrace Verbose: 0 : 23744, 13, 2024/07/04, 10:42:16.571, 1694646173130, vstest.console.dll, MulticastDelegateUtilities.SafeInvoke: LengthPrefixCommunicationChannel: MessageReceived: Invoking callback 1/1 for Microsoft.VisualStudio.TestPlatform.CommunicationUtilities.TestRequestSender+<>c__DisplayClass34_0., took 27 ms.
TpTrace Verbose: 0 : 23744, 13, 2024/07/04, 10:42:16.571, 1694646173692, vstest.console.dll, TcpClientExtensions.MessageLoopAsync: Polling on remoteEndPoint: 127.0.0.1:56049 localEndPoint: 127.0.0.1:56048 after 137 ms
TpTrace Verbose: 0 : 23744, 4, 2024/07/04, 10:42:16.572, 1694646186904, vstest.console.dll, MulticastDelegateUtilities.SafeInvoke: InternalTestLoggerEvents.SendTestResult: Invoking callback 1/1 for Microsoft.VisualStudio.TestPlatform.CommandLine.Internal.ConsoleLogger., took 1 ms.
TpTrace Verbose: 0 : 23744, 4, 2024/07/04, 10:42:16.573, 1694646188883, vstest.console.dll, MulticastDelegateUtilities.SafeInvoke: InternalTestLoggerEvents.SendTestResult: Invoking callback 1/1 for Microsoft.VisualStudio.TestPlatform.CommandLine.Internal.ConsoleLogger., took 0 ms.
TpTrace Verbose: 0 : 23744, 4, 2024/07/04, 10:42:16.573, 1694646189549, vstest.console.dll, MulticastDelegateUtilities.SafeInvoke: InternalTestLoggerEvents.SendTestResult: Invoking callback 1/1 for Microsoft.VisualStudio.TestPlatform.CommandLine.Internal.ConsoleLogger., took 0 ms.
TpTrace Verbose: 0 : 23744, 4, 2024/07/04, 10:42:16.573, 1694646189825, vstest.console.dll, MulticastDelegateUtilities.SafeInvoke: InternalTestLoggerEvents.SendTestResult: Invoking callback 1/1 for Microsoft.VisualStudio.TestPlatform.CommandLine.Internal.ConsoleLogger., took 0 ms.
TpTrace Verbose: 0 : 23744, 4, 2024/07/04, 10:42:16.573, 1694646190063, vstest.console.dll, MulticastDelegateUtilities.SafeInvoke: InternalTestLoggerEvents.SendTestResult: Invoking callback 1/1 for Microsoft.VisualStudio.TestPlatform.CommandLine.Internal.ConsoleLogger., took 0 ms.
TpTrace Verbose: 0 : 23744, 4, 2024/07/04, 10:42:16.573, 1694646190304, vstest.console.dll, MulticastDelegateUtilities.SafeInvoke: InternalTestLoggerEvents.SendTestResult: Invoking callback 1/1 for Microsoft.VisualStudio.TestPlatform.CommandLine.Internal.ConsoleLogger., took 0 ms.
TpTrace Verbose: 0 : 23744, 13, 2024/07/04, 10:42:16.573, 1694646195088, vstest.console.dll, TcpClientExtensions.MessageLoopAsync: NotifyDataAvailable remoteEndPoint: 127.0.0.1:56049 localEndPoint: 127.0.0.1:56048
TpTrace Verbose: 0 : 23744, 4, 2024/07/04, 10:42:16.573, 1694646196304, vstest.console.dll, MulticastDelegateUtilities.SafeInvoke: InternalTestLoggerEvents.SendTestResult: Invoking callback 1/1 for Microsoft.VisualStudio.TestPlatform.CommandLine.Internal.ConsoleLogger., took 0 ms.
TpTrace Verbose: 0 : 23744, 13, 2024/07/04, 10:42:16.573, 1694646196708, vstest.console.dll, TestRequestSender.OnExecutionMessageReceived: Received message: {"Version":7,"MessageType":"TestExecution.StatsChange","Payload":{"NewTestResults":[{"TestCase":{"Id":"c360b3c8-3cf9-fdd5-9337-fad9a582941a","FullyQualifiedName":"Money.MoneyTest.MoneyEquals","DisplayName":"MoneyEquals","ExecutorUri":"executor://NUnit3TestExecutor","Source":"C:\\Stuart\\Projects\\nunit-csharp-samples-master\\nunit-csharp-samples-master\\money\\bin\\Debug\\net6.0\\fine-code-coverage\\build-output\\Money.dll","CodeFilePath":null,"LineNumber":0,"Properties":[{"Key":{"Id":"NUnit.Seed","Label":"Seed","Category":"","Description":"","Attributes":0,"ValueType":"System.String"},"Value":"747302157"}]},"Attachments":[],"Outcome":1,"ErrorMessage":null,"ErrorStackTrace":null,"DisplayName":"MoneyEquals","Messages":[],"ComputerName":"LAPTOP-L48VN982","Duration":"00:00:00.0001120","StartTime":"2024-07-04T09:42:16.4757448+00:00","EndTime":"2024-07-04T09:42:16.4758566+00:00","Properties":[{"Key":{"Id":"NUnit.Seed","Label":"Seed","Category":"","Description":"","Attributes":0,"ValueType":"System.String"},"Value":"747302157"}]},{"TestCase":{"Id":"eb4ef9f5-68ea-c805-25b8-ff2109581fee","FullyQualifiedName":"Money.MoneyTest.MoneyHash","DisplayName":"MoneyHash","ExecutorUri":"executor://NUnit3TestExecutor","Source":"C:\\Stuart\\Projects\\nunit-csharp-samples-master\\nunit-csharp-samples-master\\money\\bin\\Debug\\net6.0\\fine-code-coverage\\build-output\\Money.dll","CodeFilePath":null,"LineNumber":0,"Properties":[{"Key":{"Id":"NUnit.Seed","Label":"Seed","Category":"","Description":"","Attributes":0,"ValueType":"System.String"},"Value":"1598726220"}]},"Attachments":[],"Outcome":1,"ErrorMessage":null,"ErrorStackTrace":null,"DisplayName":"MoneyHash","Messages":[],"ComputerName":"LAPTOP-L48VN982","Duration":"00:00:00.0000960","StartTime":"2024-07-04T09:42:16.4758614+00:00","EndTime":"2024-07-04T09:42:16.4759573+00:00","Properties":[{"Key":{"Id":"NUnit.Seed","Label":"Seed","Category":"","Description":"","Attributes":0,"ValueType":"System.String"},"Value":"1598726220"}]},{"TestCase":{"Id":"b1ae9c17-a79d-ab2d-e117-4672314dfeda","FullyQualifiedName":"Money.MoneyTest.Normalize","DisplayName":"Normalize","ExecutorUri":"executor://NUnit3TestExecutor","Source":"C:\\Stuart\\Projects\\nunit-csharp-samples-master\\nunit-csharp-samples-master\\money\\bin\\Debug\\net6.0\\fine-code-coverage\\build-output\\Money.dll","CodeFilePath":null,"LineNumber":0,"Properties":[{"Key":{"Id":"NUnit.Seed","Label":"Seed","Category":"","Description":"","Attributes":0,"ValueType":"System.String"},"Value":"327526560"}]},"Attachments":[],"Outcome":1,"ErrorMessage":null,"ErrorStackTrace":null,"DisplayName":"Normalize","Messages":[],"ComputerName":"LAPTOP-L48VN982","Duration":"00:00:00.0001240","StartTime":"2024-07-04T09:42:16.4759605+00:00","EndTime":"2024-07-04T09:42:16.4760843+00:00","Properties":[{"Key":{"Id":"NUnit.Seed","Label":"Seed","Category":"","Description":"","Attributes":0,"ValueType":"System.String"},"Value":"327526560"}]},{"TestCase":{"Id":"b8234af2-a199-8e67-54dc-c33098e03c52","FullyQualifiedName":"Money.MoneyTest.Normalize2","DisplayName":"Normalize2","ExecutorUri":"executor://NUnit3TestExecutor","Source":"C:\\Stuart\\Projects\\nunit-csharp-samples-master\\nunit-csharp-samples-master\\money\\bin\\Debug\\net6.0\\fine-code-coverage\\build-output\\Money.dll","CodeFilePath":null,"LineNumber":0,"Properties":[{"Key":{"Id":"NUnit.Seed","Label":"Seed","Category":"","Description":"","Attributes":0,"ValueType":"System.String"},"Value":"1183651892"}]},"Attachments":[],"Outcome":1,"ErrorMessage":null,"ErrorStackTrace":null,"DisplayName":"Normalize2","Messages":[],"ComputerName":"LAPTOP-L48VN982","Duration":"00:00:00.0000810","StartTime":"2024-07-04T09:42:16.4760875+00:00","EndTime":"2024-07-04T09:42:16.476168+00:00","Properties":[{"Key":{"Id":"NUnit.Seed","Label":"Seed","Category":"","Description":"","Attributes":0,"ValueType":"System.String"},"Value":"1183651892"}]},{"TestCase":{"Id":"e8db06a3-0f24-5b24-fbd6-b79db29ec816","FullyQualifiedName":"Money.MoneyTest.Normalize3","DisplayName":"Normalize3","ExecutorUri":"executor://NUnit3TestExecutor","Source":"C:\\Stuart\\Projects\\nunit-csharp-samples-master\\nunit-csharp-samples-master\\money\\bin\\Debug\\net6.0\\fine-code-coverage\\build-output\\Money.dll","CodeFilePath":null,"LineNumber":0,"Properties":[{"Key":{"Id":"NUnit.Seed","Label":"Seed","Category":"","Description":"","Attributes":0,"ValueType":"System.String"},"Value":"1513089813"}]},"Attachments":[],"Outcome":1,"ErrorMessage":null,"ErrorStackTrace":null,"DisplayName":"Normalize3","Messages":[],"ComputerName":"LAPTOP-L48VN982","Duration":"00:00:00.0002200","StartTime":"2024-07-04T09:42:16.4761712+00:00","EndTime":"2024-07-04T09:42:16.4763906+00:00","Properties":[{"Key":{"Id":"NUnit.Seed","Label":"Seed","Category":"","Description":"","Attributes":0,"ValueType":"System.String"},"Value":"1513089813"}]},{"TestCase":{"Id":"256d89ec-0d64-06f1-a6a5-9b9b713843e8","FullyQualifiedName":"Money.MoneyTest.Normalize4","DisplayName":"Normalize4","ExecutorUri":"executor://NUnit3TestExecutor","Source":"C:\\Stuart\\Projects\\nunit-csharp-samples-master\\nunit-csharp-samples-master\\money\\bin\\Debug\\net6.0\\fine-code-coverage\\build-output\\Money.dll","CodeFilePath":null,"LineNumber":0,"Properties":[{"Key":{"Id":"NUnit.Seed","Label":"Seed","Category":"","Description":"","Attributes":0,"ValueType":"System.String"},"Value":"14099803"}]},"Attachments":[],"Outcome":1,"ErrorMessage":null,"ErrorStackTrace":null,"DisplayName":"Normalize4","Messages":[],"ComputerName":"LAPTOP-L48VN982","Duration":"00:00:00.0002030","StartTime":"2024-07-04T09:42:16.4763957+00:00","EndTime":"2024-07-04T09:42:16.4765981+00:00","Properties":[{"Key":{"Id":"NUnit.Seed","Label":"Seed","Category":"","Description":"","Attributes":0,"ValueType":"System.String"},"Value":"14099803"}]},{"TestCase":{"Id":"b915f9aa-8ccd-9e4e-dec6-7da92e62bba5","FullyQualifiedName":"Money.MoneyTest.Print","DisplayName":"Print","ExecutorUri":"executor://NUnit3TestExecutor","Source":"C:\\Stuart\\Projects\\nunit-csharp-samples-master\\nunit-csharp-samples-master\\money\\bin\\Debug\\net6.0\\fine-code-coverage\\build-output\\Money.dll","CodeFilePath":null,"LineNumber":0,"Properties":[{"Key":{"Id":"NUnit.Seed","Label":"Seed","Category":"","Description":"","Attributes":0,"ValueType":"System.String"},"Value":"586534331"}]},"Attachments":[],"Outcome":1,"ErrorMessage":null,"ErrorStackTrace":null,"DisplayName":"Print","Messages":[],"ComputerName":"LAPTOP-L48VN982","Duration":"00:00:00.0002480","StartTime":"2024-07-04T09:42:16.4766032+00:00","EndTime":"2024-07-04T09:42:16.4768516+00:00","Properties":[{"Key":{"Id":"NUnit.Seed","Label":"Seed","Category":"","Description":"","Attributes":0,"ValueType":"System.String"},"Value":"586534331"}]},{"TestCase":{"Id":"2edd2459-37da-4a95-8ee4-e8534bbe24b6","FullyQualifiedName":"Money.MoneyTest.SimpleAdd","DisplayName":"SimpleAdd","ExecutorUri":"executor://NUnit3TestExecutor","Source":"C:\\Stuart\\Projects\\nunit-csharp-samples-master\\nunit-csharp-samples-master\\money\\bin\\Debug\\net6.0\\fine-code-coverage\\build-output\\Money.dll","CodeFilePath":null,"LineNumber":0,"Properties":[{"Key":{"Id":"NUnit.Seed","Label":"Seed","Category":"","Description":"","Attributes":0,"ValueType":"System.String"},"Value":"1083302529"}]},"Attachments":[],"Outcome":1,"ErrorMessage":null,"ErrorStackTrace":null,"DisplayName":"SimpleAdd","Messages":[],"ComputerName":"LAPTOP-L48VN982","Duration":"00:00:00.0000850","StartTime":"2024-07-04T09:42:16.4768573+00:00","EndTime":"2024-07-04T09:42:16.4769427+00:00","Properties":[{"Key":{"Id":"NUnit.Seed","Label":"Seed","Category":"","Description":"","Attributes":0,"ValueType":"System.String"},"Value":"1083302529"}]},{"TestCase":{"Id":"a6f7ba41-9f90-f8f8-6a1e-1f2df3bc647d","FullyQualifiedName":"Money.MoneyTest.SimpleBagAdd","DisplayName":"SimpleBagAdd","ExecutorUri":"executor://NUnit3TestExecutor","Source":"C:\\Stuart\\Projects\\nunit-csharp-samples-master\\nunit-csharp-samples-master\\money\\bin\\Debug\\net6.0\\fine-code-coverage\\build-output\\Money.dll","CodeFilePath":null,"LineNumber":0,"Properties":[{"Key":{"Id":"NUnit.Seed","Label":"Seed","Category":"","Description":"","Attributes":0,"ValueType":"System.String"},"Value":"1772266050"}]},"Attachments":[],"Outcome":1,"ErrorMessage":null,"ErrorStackTrace":null,"DisplayName":"SimpleBagAdd","Messages":[],"ComputerName":"LAPTOP-L48VN982","Duration":"00:00:00.0001520","StartTime":"2024-07-04T09:42:16.4769531+00:00","EndTime":"2024-07-04T09:42:16.4771049+00:00","Properties":[{"Key":{"Id":"NUnit.Seed","Label":"Seed","Category":"","Description":"","Attributes":0,"ValueType":"System.String"},"Value":"1772266050"}]}],"TestRunStatistics":{"ExecutedTests":18,"Stats":{"Passed":18}},"ActiveTests":[{"Id":"afb17805-0d54-1ea7-02db-bd011c814941","FullyQualifiedName":"Money.MoneyTest.SimpleMultiply","DisplayName":"SimpleMultiply","ExecutorUri":"executor://NUnit3TestExecutor","Source":"C:\\Stuart\\Projects\\nunit-csharp-samples-master\\nunit-csharp-samples-master\\money\\bin\\Debug\\net6.0\\fine-code-coverage\\build-output\\Money.dll","CodeFilePath":null,"LineNumber":0,"Properties":[{"Key":{"Id":"NUnit.Seed","Label":"Seed","Category":"","Description":"","Attributes":0,"ValueType":"System.String"},"Value":"842546269"}]}]}}
TpTrace Verbose: 0 : 23744, 4, 2024/07/04, 10:42:16.573, 1694646196878, vstest.console.dll, MulticastDelegateUtilities.SafeInvoke: InternalTestLoggerEvents.SendTestResult: Invoking callback 1/1 for Microsoft.VisualStudio.TestPlatform.CommandLine.Internal.ConsoleLogger., took 0 ms.
TpTrace Verbose: 0 : 23744, 4, 2024/07/04, 10:42:16.574, 1694646198750, vstest.console.dll, MulticastDelegateUtilities.SafeInvoke: InternalTestLoggerEvents.SendTestResult: Invoking callback 1/1 for Microsoft.VisualStudio.TestPlatform.CommandLine.Internal.ConsoleLogger., took 0 ms.
TpTrace Verbose: 0 : 23744, 13, 2024/07/04, 10:42:16.576, 1694646224853, vstest.console.dll, TestRunRequest:SendTestRunStatsChange: Starting.
TpTrace Verbose: 0 : 23744, 13, 2024/07/04, 10:42:16.576, 1694646225299, vstest.console.dll, InProgress is SimpleMultiply
TpTrace Verbose: 0 : 23744, 13, 2024/07/04, 10:42:16.576, 1694646225732, vstest.console.dll, MulticastDelegateUtilities.SafeInvoke: TestRun.RunStatsChanged: Invoking callbacks was skipped because there are no subscribers.
TpTrace Information: 0 : 23744, 13, 2024/07/04, 10:42:16.576, 1694646225916, vstest.console.dll, TestRunRequest:SendTestRunStatsChange: Completed.
TpTrace Verbose: 0 : 23744, 4, 2024/07/04, 10:42:16.576, 1694646225962, vstest.console.dll, MulticastDelegateUtilities.SafeInvoke: InternalTestLoggerEvents.SendTestResult: Invoking callback 1/1 for Microsoft.VisualStudio.TestPlatform.CommandLine.Internal.ConsoleLogger., took 0 ms.
TpTrace Verbose: 0 : 23744, 13, 2024/07/04, 10:42:16.576, 1694646226467, vstest.console.dll, MulticastDelegateUtilities.SafeInvoke: LengthPrefixCommunicationChannel: MessageReceived: Invoking callback 1/1 for Microsoft.VisualStudio.TestPlatform.CommunicationUtilities.TestRequestSender+<>c__DisplayClass34_0., took 2 ms.
TpTrace Verbose: 0 : 23744, 4, 2024/07/04, 10:42:16.576, 1694646226556, vstest.console.dll, MulticastDelegateUtilities.SafeInvoke: InternalTestLoggerEvents.SendTestResult: Invoking callback 1/1 for Microsoft.VisualStudio.TestPlatform.CommandLine.Internal.ConsoleLogger., took 0 ms.
TpTrace Verbose: 0 : 23744, 13, 2024/07/04, 10:42:16.576, 1694646226769, vstest.console.dll, TcpClientExtensions.MessageLoopAsync: Polling on remoteEndPoint: 127.0.0.1:56049 localEndPoint: 127.0.0.1:56048 after 5 ms
TpTrace Verbose: 0 : 23744, 4, 2024/07/04, 10:42:16.577, 1694646228033, vstest.console.dll, MulticastDelegateUtilities.SafeInvoke: InternalTestLoggerEvents.SendTestResult: Invoking callback 1/1 for Microsoft.VisualStudio.TestPlatform.CommandLine.Internal.ConsoleLogger., took 0 ms.
TpTrace Verbose: 0 : 23744, 4, 2024/07/04, 10:42:16.577, 1694646228619, vstest.console.dll, MulticastDelegateUtilities.SafeInvoke: InternalTestLoggerEvents.SendTestResult: Invoking callback 1/1 for Microsoft.VisualStudio.TestPlatform.CommandLine.Internal.ConsoleLogger., took 0 ms.
TpTrace Verbose: 0 : 23744, 4, 2024/07/04, 10:42:16.577, 1694646228973, vstest.console.dll, MulticastDelegateUtilities.SafeInvoke: InternalTestLoggerEvents.SendTestResult: Invoking callback 1/1 for Microsoft.VisualStudio.TestPlatform.CommandLine.Internal.ConsoleLogger., took 0 ms.
TpTrace Verbose: 0 : 23744, 4, 2024/07/04, 10:42:16.577, 1694646229623, vstest.console.dll, MulticastDelegateUtilities.SafeInvoke: InternalTestLoggerEvents.SendTestResult: Invoking callback 1/1 for Microsoft.VisualStudio.TestPlatform.CommandLine.Internal.ConsoleLogger., took 0 ms.
TpTrace Verbose: 0 : 23744, 4, 2024/07/04, 10:42:16.577, 1694646230021, vstest.console.dll, MulticastDelegateUtilities.SafeInvoke: InternalTestLoggerEvents.SendTestResult: Invoking callback 1/1 for Microsoft.VisualStudio.TestPlatform.CommandLine.Internal.ConsoleLogger., took 0 ms.
TpTrace Verbose: 0 : 23744, 4, 2024/07/04, 10:42:16.577, 1694646230422, vstest.console.dll, MulticastDelegateUtilities.SafeInvoke: InternalTestLoggerEvents.SendTestResult: Invoking callback 1/1 for Microsoft.VisualStudio.TestPlatform.CommandLine.Internal.ConsoleLogger., took 0 ms.
TpTrace Verbose: 0 : 23744, 4, 2024/07/04, 10:42:16.577, 1694646230977, vstest.console.dll, MulticastDelegateUtilities.SafeInvoke: InternalTestLoggerEvents.SendTestResult: Invoking callback 1/1 for Microsoft.VisualStudio.TestPlatform.CommandLine.Internal.ConsoleLogger., took 0 ms.
TpTrace Verbose: 0 : 23744, 13, 2024/07/04, 10:42:16.585, 1694646314126, vstest.console.dll, TcpClientExtensions.MessageLoopAsync: NotifyDataAvailable remoteEndPoint: 127.0.0.1:56049 localEndPoint: 127.0.0.1:56048
TpTrace Verbose: 0 : 23744, 13, 2024/07/04, 10:42:16.585, 1694646315529, vstest.console.dll, TestRequestSender.OnExecutionMessageReceived: Received message: {"Version":7,"MessageType":"TestSession.Message","Payload":{"MessageLevel":0,"Message":"NUnit Adapter 4.5.0.0: Test execution complete"}}
TpTrace Verbose: 0 : 23744, 13, 2024/07/04, 10:42:16.585, 1694646316306, vstest.console.dll, TestRunRequest:SendTestRunMessage: Starting.
TpTrace Verbose: 0 : 23744, 13, 2024/07/04, 10:42:16.585, 1694646316736, vstest.console.dll, MulticastDelegateUtilities.SafeInvoke: TestRun.LogMessages: Invoking callback 1/1 for Microsoft.VisualStudio.TestPlatform.CommandLine.TestRunResultAggregator., took 0 ms.
TpTrace Information: 0 : 23744, 13, 2024/07/04, 10:42:16.586, 1694646317026, vstest.console.dll, TestRunRequest:SendTestRunMessage: Completed.
TpTrace Verbose: 0 : 23744, 13, 2024/07/04, 10:42:16.586, 1694646317190, vstest.console.dll, MulticastDelegateUtilities.SafeInvoke: LengthPrefixCommunicationChannel: MessageReceived: Invoking callback 1/1 for Microsoft.VisualStudio.TestPlatform.CommunicationUtilities.TestRequestSender+<>c__DisplayClass34_0., took 0 ms.
TpTrace Verbose: 0 : 23744, 13, 2024/07/04, 10:42:16.586, 1694646317359, vstest.console.dll, TcpClientExtensions.MessageLoopAsync: Polling on remoteEndPoint: 127.0.0.1:56049 localEndPoint: 127.0.0.1:56048 after 8 ms
TpTrace Verbose: 0 : 23744, 4, 2024/07/04, 10:42:16.586, 1694646317300, vstest.console.dll, MulticastDelegateUtilities.SafeInvoke: InternalTestLoggerEvents.SendTestRunMessage: Invoking callback 1/1 for Microsoft.VisualStudio.TestPlatform.CommandLine.Internal.ConsoleLogger., took 0 ms.
TpTrace Verbose: 0 : 23744, 13, 2024/07/04, 10:42:16.599, 1694646453083, vstest.console.dll, TcpClientExtensions.MessageLoopAsync: NotifyDataAvailable remoteEndPoint: 127.0.0.1:56049 localEndPoint: 127.0.0.1:56048
TpTrace Verbose: 0 : 23744, 13, 2024/07/04, 10:42:16.600, 1694646458127, vstest.console.dll, TestRequestSender.OnExecutionMessageReceived: Received message: {"Version":7,"MessageType":"TestExecution.Completed","Payload":{"TestRunCompleteArgs":{"TestRunStatistics":{"ExecutedTests":21,"Stats":{"Passed":21}},"IsCanceled":false,"IsAborted":false,"Error":null,"AttachmentSets":[],"InvokedDataCollectors":[],"ElapsedTimeInRunningTests":"00:00:00.3056926","Metrics":{},"DiscoveredExtensions":{"TestDiscoverers":["NUnit.VisualStudio.TestAdapter.NUnit3TestDiscoverer, NUnit3.TestAdapter, Version=4.5.0.0, Culture=neutral, PublicKeyToken=4cb40d35494691ac"],"TestExecutors":["executor://NUnit3TestExecutor"],"TestExecutors2":[],"TestSettingsProviders":[]}},"LastRunTests":{"NewTestResults":[{"TestCase":{"Id":"afb17805-0d54-1ea7-02db-bd011c814941","FullyQualifiedName":"Money.MoneyTest.SimpleMultiply","DisplayName":"SimpleMultiply","ExecutorUri":"executor://NUnit3TestExecutor","Source":"C:\\Stuart\\Projects\\nunit-csharp-samples-master\\nunit-csharp-samples-master\\money\\bin\\Debug\\net6.0\\fine-code-coverage\\build-output\\Money.dll","CodeFilePath":null,"LineNumber":0,"Properties":[{"Key":{"Id":"NUnit.Seed","Label":"Seed","Category":"","Description":"","Attributes":0,"ValueType":"System.String"},"Value":"842546269"}]},"Attachments":[],"Outcome":1,"ErrorMessage":null,"ErrorStackTrace":null,"DisplayName":"SimpleMultiply","Messages":[],"ComputerName":"LAPTOP-L48VN982","Duration":"00:00:00.0000649","StartTime":"2024-07-04T09:42:16.4771097+00:00","EndTime":"2024-07-04T09:42:16.4771745+00:00","Properties":[{"Key":{"Id":"NUnit.Seed","Label":"Seed","Category":"","Description":"","Attributes":0,"ValueType":"System.String"},"Value":"842546269"}]},{"TestCase":{"Id":"c808b1ad-52ac-56ad-d002-d022e87e14e4","FullyQualifiedName":"Money.MoneyTest.SimpleNegate","DisplayName":"SimpleNegate","ExecutorUri":"executor://NUnit3TestExecutor","Source":"C:\\Stuart\\Projects\\nunit-csharp-samples-master\\nunit-csharp-samples-master\\money\\bin\\Debug\\net6.0\\fine-code-coverage\\build-output\\Money.dll","CodeFilePath":null,"LineNumber":0,"Properties":[{"Key":{"Id":"NUnit.Seed","Label":"Seed","Category":"","Description":"","Attributes":0,"ValueType":"System.String"},"Value":"1780888101"}]},"Attachments":[],"Outcome":1,"ErrorMessage":null,"ErrorStackTrace":null,"DisplayName":"SimpleNegate","Messages":[],"ComputerName":"LAPTOP-L48VN982","Duration":"00:00:00.0001420","StartTime":"2024-07-04T09:42:16.4771773+00:00","EndTime":"2024-07-04T09:42:16.4773193+00:00","Properties":[{"Key":{"Id":"NUnit.Seed","Label":"Seed","Category":"","Description":"","Attributes":0,"ValueType":"System.String"},"Value":"1780888101"}]},{"TestCase":{"Id":"32bc2e60-83d4-98ac-62d2-c93c9e88b0e5","FullyQualifiedName":"Money.MoneyTest.SimpleSubtract","DisplayName":"SimpleSubtract","ExecutorUri":"executor://NUnit3TestExecutor","Source":"C:\\Stuart\\Projects\\nunit-csharp-samples-master\\nunit-csharp-samples-master\\money\\bin\\Debug\\net6.0\\fine-code-coverage\\build-output\\Money.dll","CodeFilePath":null,"LineNumber":0,"Properties":[{"Key":{"Id":"NUnit.Seed","Label":"Seed","Category":"","Description":"","Attributes":0,"ValueType":"System.String"},"Value":"995019211"}]},"Attachments":[],"Outcome":1,"ErrorMessage":null,"ErrorStackTrace":null,"DisplayName":"SimpleSubtract","Messages":[],"ComputerName":"LAPTOP-L48VN982","Duration":"00:00:00.0000699","StartTime":"2024-07-04T09:42:16.4773237+00:00","EndTime":"2024-07-04T09:42:16.4773936+00:00","Properties":[{"Key":{"Id":"NUnit.Seed","Label":"Seed","Category":"","Description":"","Attributes":0,"ValueType":"System.String"},"Value":"995019211"}]}],"TestRunStatistics":{"ExecutedTests":21,"Stats":{"Passed":21}},"ActiveTests":[]},"RunAttachments":[],"ExecutorUris":["executor://nunit3testexecutor/"]}}
TpTrace Verbose: 0 : 23744, 13, 2024/07/04, 10:42:16.600, 1694646460801, vstest.console.dll, TestRequestSender.EndSession: Sending end session.
TpTrace Verbose: 0 : 23744, 13, 2024/07/04, 10:42:16.600, 1694646462831, vstest.console.dll, ProxyOperationManager.Close: waiting for test host to exit for 100 ms
TpTrace Verbose: 0 : 23744, 7, 2024/07/04, 10:42:16.614, 1694646604731, vstest.console.dll, TestHostManagerCallbacks.ctor: Experimental forwarding output is disabled.
TpTrace Warning: 0 : 23744, 7, 2024/07/04, 10:42:16.614, 1694646605693, vstest.console.dll, TestHostManagerCallbacks.ErrorReceivedCallback Test host standard error line: 
TpTrace Verbose: 0 : 23744, 7, 2024/07/04, 10:42:16.621, 1694646669471, vstest.console.dll, TestHostProvider.ExitCallBack: Host exited starting callback.
TpTrace Information: 0 : 23744, 7, 2024/07/04, 10:42:16.621, 1694646670821, vstest.console.dll, TestHostManagerCallbacks.ExitCallBack: Testhost processId: 5552 exited with exitcode: 0 error: ''
TpTrace Verbose: 0 : 23744, 7, 2024/07/04, 10:42:16.621, 1694646671182, vstest.console.dll, DotnetTestHostManager.OnHostExited: invoking OnHostExited callback
TpTrace Verbose: 0 : 23744, 7, 2024/07/04, 10:42:16.621, 1694646671568, vstest.console.dll, CrossPlatEngine.TestHostManagerHostExited: calling on client process exit callback.
TpTrace Information: 0 : 23744, 7, 2024/07/04, 10:42:16.621, 1694646671947, vstest.console.dll, TestRequestSender.OnClientProcessExit: Test host process exited. Standard error: 
TpTrace Information: 0 : 23744, 7, 2024/07/04, 10:42:16.621, 1694646672249, vstest.console.dll, SocketServer.Stop: Stop server endPoint: 127.0.0.1:56048
TpTrace Information: 0 : 23744, 7, 2024/07/04, 10:42:16.621, 1694646672403, vstest.console.dll, SocketServer.Stop: Cancellation requested. Stopping message loop.
TpTrace Information: 0 : 23744, 13, 2024/07/04, 10:42:16.621, 1694646672625, vstest.console.dll, SocketServer.Stop: Stop server endPoint: 127.0.0.1:56048
TpTrace Verbose: 0 : 23744, 7, 2024/07/04, 10:42:16.621, 1694646673065, vstest.console.dll, MulticastDelegateUtilities.SafeInvoke: HostProviderEvents.OnHostExited: Invoking callback 1/1 for Microsoft.VisualStudio.TestPlatform.CrossPlatEngine.Client.ProxyOperationManager., took 0 ms.
TpTrace Information: 0 : 23744, 13, 2024/07/04, 10:42:16.621, 1694646673158, vstest.console.dll, SocketServer.Stop: Cancellation requested. Stopping message loop.
TpTrace Information: 0 : 23744, 13, 2024/07/04, 10:42:16.621, 1694646673530, vstest.console.dll, Closing the connection
TpTrace Verbose: 0 : 23744, 13, 2024/07/04, 10:42:16.621, 1694646674806, vstest.console.dll, ProxyDataCollectionManager.InvokeDataCollectionServiceAction: Starting.
TpTrace Information: 0 : 23744, 13, 2024/07/04, 10:42:16.621, 1694646675015, vstest.console.dll, ProxyDataCollectionManager.AfterTestRunEnd: Get attachment set and invoked data collectors processId: 16832 port: 56045
TpTrace Verbose: 0 : 23744, 13, 2024/07/04, 10:42:16.621, 1694646675315, vstest.console.dll, DataCollectionRequestSender.SendAfterTestRunStartAndGetResult: Send AfterTestRunEnd message with isCancelled: False
TpTrace Verbose: 0 : 23744, 13, 2024/07/04, 10:42:16.625, 1694646712793, vstest.console.dll, DataCollectionRequestSender.SendAfterTestRunStartAndGetResult: Received message: (DataCollection.AfterTestRunEndResult) -> {"MessageType":"DataCollection.AfterTestRunEndResult","Payload":{"AttachmentSets":[],"InvokedDataCollectors":[{"Uri":"datacollector://Microsoft/TestPlatform/Extensions/Blame/v1","FriendlyName":"Blame","AssemblyQualifiedName":"Microsoft.TestPlatform.Extensions.BlameDataCollector.BlameCollector, Microsoft.TestPlatform.Extensions.BlameDataCollector, Version=15.0.0.0, Culture=neutral, PublicKeyToken=b03f5f7f11d50a3a","FilePath":"C:\\Program Files\\dotnet\\sdk\\8.0.200\\Extensions\\Microsoft.TestPlatform.Extensions.BlameDataCollector.dll","HasAttachmentProcessor":false}],"Metrics":{}}}
TpTrace Information: 0 : 23744, 13, 2024/07/04, 10:42:16.629, 1694646749137, vstest.console.dll, ProxyDataCollectionManager.InvokeDataCollectionServiceAction: Completed.
TpTrace Warning: 0 : 23744, 11, 2024/07/04, 10:42:16.634, 1694646806012, vstest.console.dll, DataCollectionLauncher.ErrorReceivedCallback datacollector standard error line: 
TpTrace Information: 0 : 23744, 11, 2024/07/04, 10:42:16.640, 1694646858979, vstest.console.dll, DataCollectionLauncher.ExitCallBack: Data collector exited with exitcode: 0 error: ''
TpTrace Verbose: 0 : 23744, 13, 2024/07/04, 10:42:16.649, 1694646951047, vstest.console.dll, TestRunRequest:SendTestRunStatsChange: Starting.
TpTrace Verbose: 0 : 23744, 13, 2024/07/04, 10:42:16.649, 1694646952007, vstest.console.dll, MulticastDelegateUtilities.SafeInvoke: TestRun.RunStatsChanged: Invoking callbacks was skipped because there are no subscribers.
TpTrace Information: 0 : 23744, 13, 2024/07/04, 10:42:16.649, 1694646952201, vstest.console.dll, TestRunRequest:SendTestRunStatsChange: Completed.
TpTrace Verbose: 0 : 23744, 4, 2024/07/04, 10:42:16.649, 1694646952657, vstest.console.dll, MulticastDelegateUtilities.SafeInvoke: InternalTestLoggerEvents.SendTestResult: Invoking callback 1/1 for Microsoft.VisualStudio.TestPlatform.CommandLine.Internal.ConsoleLogger., took 0 ms.
TpTrace Verbose: 0 : 23744, 4, 2024/07/04, 10:42:16.649, 1694646953471, vstest.console.dll, MulticastDelegateUtilities.SafeInvoke: InternalTestLoggerEvents.SendTestResult: Invoking callback 1/1 for Microsoft.VisualStudio.TestPlatform.CommandLine.Internal.ConsoleLogger., took 0 ms.
TpTrace Verbose: 0 : 23744, 13, 2024/07/04, 10:42:16.649, 1694646954021, vstest.console.dll, ParallelProxyExecutionManager: HandlePartialRunComplete: Total workloads = 1, Total started clients = 1 Total completed clients = 1, Run complete = True, Run canceled: False.
TpTrace Verbose: 0 : 23744, 13, 2024/07/04, 10:42:16.649, 1694646954401, vstest.console.dll, ParallelProxyExecutionManager: HandlePartialRunComplete: All runs completed stopping all managers.
TpTrace Verbose: 0 : 23744, 13, 2024/07/04, 10:42:16.649, 1694646954577, vstest.console.dll, ParallelOperationManager.StopAllManagers: Stopping all managers.
TpTrace Verbose: 0 : 23744, 13, 2024/07/04, 10:42:16.649, 1694646954736, vstest.console.dll, ParallelOperationManager.ClearSlots: Clearing all slots. Slots should accept more work: False
TpTrace Verbose: 0 : 23744, 4, 2024/07/04, 10:42:16.649, 1694646954767, vstest.console.dll, MulticastDelegateUtilities.SafeInvoke: InternalTestLoggerEvents.SendTestResult: Invoking callback 1/1 for Microsoft.VisualStudio.TestPlatform.CommandLine.Internal.ConsoleLogger., took 0 ms.
TpTrace Verbose: 0 : 23744, 13, 2024/07/04, 10:42:16.649, 1694646955067, vstest.console.dll, ParallelOperationManager.SetOccupiedSlotCount: Setting slot counts AvailableSlotCount = 3, OccupiedSlotCount = 0.
TpTrace Verbose: 0 : 23744, 13, 2024/07/04, 10:42:16.649, 1694646955340, vstest.console.dll, Occupied slots:

TpTrace Verbose: 0 : 23744, 4, 2024/07/04, 10:42:16.654, 1694647001472, vstest.console.dll, MulticastDelegateUtilities.SafeInvoke: InternalTestLoggerEvents.SendTestRunComplete: Invoking callback 1/2 for Microsoft.TestPlatform.Extensions.BlameDataCollector.BlameLogger., took 0 ms.
TpTrace Verbose: 0 : 23744, 4, 2024/07/04, 10:42:16.657, 1694647035660, vstest.console.dll, MulticastDelegateUtilities.SafeInvoke: InternalTestLoggerEvents.SendTestRunComplete: Invoking callback 2/2 for Microsoft.VisualStudio.TestPlatform.CommandLine.Internal.ConsoleLogger., took 3 ms.
TpTrace Verbose: 0 : 23744, 13, 2024/07/04, 10:42:16.658, 1694647038958, vstest.console.dll, TestRunRequest:TestRunComplete: Starting. IsAborted:False IsCanceled:False.
TpTrace Verbose: 0 : 23744, 13, 2024/07/04, 10:42:16.658, 1694647040102, vstest.console.dll, ParallelOperationManager.DoActionOnAllManagers: Calling an action on all managers.
TpTrace Verbose: 0 : 23744, 13, 2024/07/04, 10:42:16.658, 1694647044847, vstest.console.dll, TestLoggerManager.HandleTestRunComplete: Ignoring as the object is disposed.
TpTrace Verbose: 0 : 23744, 13, 2024/07/04, 10:42:16.658, 1694647045980, vstest.console.dll, MulticastDelegateUtilities.SafeInvoke: TestRun.TestRunComplete: Invoking callback 1/2 for Microsoft.VisualStudio.TestPlatform.CommandLine.TestRunResultAggregator., took 0 ms.
TpTrace Verbose: 0 : 23744, 13, 2024/07/04, 10:42:16.658, 1694647046622, vstest.console.dll, MulticastDelegateUtilities.SafeInvoke: TestRun.TestRunComplete: Invoking callback 2/2 for Microsoft.VisualStudio.TestPlatform.CommandLine.Processors.RunTestsArgumentExecutor+TestRunRequestEventsRegistrar., took 0 ms.
TpTrace Information: 0 : 23744, 13, 2024/07/04, 10:42:16.659, 1694647047211, vstest.console.dll, TestRunRequest:TestRunComplete: Completed.
TpTrace Verbose: 0 : 23744, 13, 2024/07/04, 10:42:16.659, 1694647047452, vstest.console.dll, TestRequestSender.SetOperationComplete: Setting operation complete.
TpTrace Information: 0 : 23744, 13, 2024/07/04, 10:42:16.659, 1694647047596, vstest.console.dll, SocketServer.Stop: Stop server endPoint: 127.0.0.1:56048
TpTrace Information: 0 : 23744, 13, 2024/07/04, 10:42:16.659, 1694647047721, vstest.console.dll, SocketServer.Stop: Cancellation requested. Stopping message loop.
TpTrace Verbose: 0 : 23744, 13, 2024/07/04, 10:42:16.659, 1694647047880, vstest.console.dll, MulticastDelegateUtilities.SafeInvoke: LengthPrefixCommunicationChannel: MessageReceived: Invoking callback 1/1 for Microsoft.VisualStudio.TestPlatform.CommunicationUtilities.TestRequestSender+<>c__DisplayClass34_0., took 59 ms.
TpTrace Verbose: 0 : 23744, 1, 2024/07/04, 10:42:16.659, 1694647047966, vstest.console.dll, TestRunRequest.Dispose: Starting.
TpTrace Information: 0 : 23744, 13, 2024/07/04, 10:42:16.659, 1694647048100, vstest.console.dll, SocketServer.PrivateStop: Stopping server endPoint: 127.0.0.1:56048 error: 
TpTrace Information: 0 : 23744, 1, 2024/07/04, 10:42:16.659, 1694647048488, vstest.console.dll, TestRunRequest.Dispose: Completed.
TpTrace Information: 0 : 23744, 1, 2024/07/04, 10:42:16.659, 1694647048785, vstest.console.dll, TestRequestManager.RunTests: run tests completed.
TpTrace Information: 0 : 23744, 1, 2024/07/04, 10:42:16.659, 1694647049222, vstest.console.dll, RunTestsArgumentProcessor:Execute: Test run is completed.
TpTrace Verbose: 0 : 23744, 1, 2024/07/04, 10:42:16.659, 1694647050443, vstest.console.dll, Executor.Execute: Exiting with exit code of 0
TpTrace Verbose: 0 : 23744, 13, 2024/07/04, 10:42:16.659, 1694647051500, vstest.console.dll, LengthPrefixCommunicationChannel.Dispose: Dispose reader and writer.
TpTrace Information: 0 : 23744, 13, 2024/07/04, 10:42:16.659, 1694647052081, vstest.console.dll, SocketServer.Stop: Raise disconnected event endPoint: 127.0.0.1:56048 error: 
TpTrace Verbose: 0 : 23744, 13, 2024/07/04, 10:42:16.659, 1694647052537, vstest.console.dll, TestRequestSender: OnTestRunAbort: Operation is already complete. Skip error message.
TpTrace Verbose: 0 : 23744, 13, 2024/07/04, 10:42:16.659, 1694647052698, vstest.console.dll, MulticastDelegateUtilities.SafeInvoke: SocketServer: ClientDisconnected: Invoking callback 1/1 for Microsoft.VisualStudio.TestPlatform.CommunicationUtilities.TestRequestSender., took 0 ms.
TpTrace Verbose: 0 : 23744, 13, 2024/07/04, 10:42:16.659, 1694647052846, vstest.console.dll, TcpClientExtensions.MessageLoopAsync: exiting MessageLoopAsync remoteEndPoint: 127.0.0.1:56049 localEndPoint: 127.0.0.1:56048
