TpTrace Verbose: 0 : 9236, 1, 2024/07/04, 11:34:38.496, 1726065418999, vstest.console.dll, Version: 17.9.0-release-23627-01 Current process architecture: X64
TpTrace Verbose: 0 : 9236, 1, 2024/07/04, 11:34:38.497, 1726065436291, vstest.console.dll, Runtime location: C:\Program Files\dotnet\shared\Microsoft.NETCore.App\8.0.2
TpTrace Verbose: 0 : 9236, 1, 2024/07/04, 11:34:38.499, 1726065452504, vstest.console.dll, ArtifactProcessingPostProcessModeProcessorExecutor.Initialize: ArtifactProcessingMode.Collect
TpTrace Verbose: 0 : 9236, 1, 2024/07/04, 11:34:38.499, 1726065453212, vstest.console.dll, TestSessionCorrelationIdProcessorModeProcessorExecutor.Initialize: TestSessionCorrelationId '22572_dab8d1a3-02f3-4408-b9f2-7380803bb507'
TpTrace Information: 0 : 9236, 1, 2024/07/04, 11:34:38.503, 1726065491230, vstest.console.dll, FilePatternParser: The given file C:\Stuart\Projects\nunit-csharp-samples-master\nunit-csharp-samples-master\TestsForMethodsToTest\bin\Debug\net8.0\fine-code-coverage\build-output\TestsForMethodsToTest.dll is a full path.
TpTrace Verbose: 0 : 9236, 1, 2024/07/04, 11:34:38.506, 1726065519647, vstest.console.dll, TestPluginCache.DiscoverTestExtensions: finding test extensions in assemblies ends with: RuntimeProvider.dll TPluginInfo: Microsoft.VisualStudio.TestPlatform.Common.ExtensionFramework.Utilities.TestRuntimePluginInformation TExtension: Microsoft.VisualStudio.TestPlatform.ObjectModel.Host.ITestRuntimeProvider
TpTrace Verbose: 0 : 9236, 1, 2024/07/04, 11:34:38.506, 1726065521510, vstest.console.dll, TestPluginCache.GetExtensionPaths: Filtered extension paths: 
TpTrace Verbose: 0 : 9236, 1, 2024/07/04, 11:34:38.506, 1726065522070, vstest.console.dll, TestPluginCache.GetExtensionPaths: Added default extension paths: C:\Program Files\dotnet\sdk\8.0.200\Extensions\Microsoft.Diagnostics.NETCore.Client.dll
C:\Program Files\dotnet\sdk\8.0.200\Extensions\Microsoft.TestPlatform.Extensions.BlameDataCollector.dll
C:\Program Files\dotnet\sdk\8.0.200\Extensions\Microsoft.TestPlatform.Extensions.EventLogCollector.dll
C:\Program Files\dotnet\sdk\8.0.200\Extensions\Microsoft.TestPlatform.TestHostRuntimeProvider.dll
C:\Program Files\dotnet\sdk\8.0.200\Extensions\Microsoft.VisualStudio.TestPlatform.Extensions.Html.TestLogger.dll
C:\Program Files\dotnet\sdk\8.0.200\Extensions\Microsoft.VisualStudio.TestPlatform.Extensions.Trx.TestLogger.dll
TpTrace Verbose: 0 : 9236, 1, 2024/07/04, 11:34:38.506, 1726065522219, vstest.console.dll, TestPluginCache.GetExtensionPaths: Added unfilterableExtensionPaths: 
TpTrace Information: 0 : 9236, 1, 2024/07/04, 11:34:38.506, 1726065525475, vstest.console.dll, AssemblyResolver.ctor: Creating AssemblyResolver with searchDirectories C:\Program Files\dotnet\sdk\8.0.200\Extensions,C:\Program Files\dotnet\sdk\8.0.200
TpTrace Verbose: 0 : 9236, 1, 2024/07/04, 11:34:38.507, 1726065532884, vstest.console.dll, TestPluginCache.DiscoverTestExtensions: Discovering the extensions using extension path.
TpTrace Verbose: 0 : 9236, 1, 2024/07/04, 11:34:38.507, 1726065533592, vstest.console.dll, TestPluginCache.GetExtensionPaths: Filtered extension paths: 
TpTrace Verbose: 0 : 9236, 1, 2024/07/04, 11:34:38.507, 1726065533777, vstest.console.dll, TestPluginCache.GetExtensionPaths: Added default extension paths: C:\Program Files\dotnet\sdk\8.0.200\Extensions\Microsoft.Diagnostics.NETCore.Client.dll
C:\Program Files\dotnet\sdk\8.0.200\Extensions\Microsoft.TestPlatform.Extensions.BlameDataCollector.dll
C:\Program Files\dotnet\sdk\8.0.200\Extensions\Microsoft.TestPlatform.Extensions.EventLogCollector.dll
C:\Program Files\dotnet\sdk\8.0.200\Extensions\Microsoft.TestPlatform.TestHostRuntimeProvider.dll
C:\Program Files\dotnet\sdk\8.0.200\Extensions\Microsoft.VisualStudio.TestPlatform.Extensions.Html.TestLogger.dll
C:\Program Files\dotnet\sdk\8.0.200\Extensions\Microsoft.VisualStudio.TestPlatform.Extensions.Trx.TestLogger.dll
TpTrace Verbose: 0 : 9236, 1, 2024/07/04, 11:34:38.507, 1726065533894, vstest.console.dll, TestPluginCache.GetExtensionPaths: Added unfilterableExtensionPaths: 
TpTrace Verbose: 0 : 9236, 1, 2024/07/04, 11:34:38.507, 1726065534176, vstest.console.dll, TestPluginCache.DiscoverTestExtensions: Discovering the extensions using allExtensionPaths: C:\Program Files\dotnet\sdk\8.0.200\Extensions\Microsoft.Diagnostics.NETCore.Client.dll
C:\Program Files\dotnet\sdk\8.0.200\Extensions\Microsoft.TestPlatform.Extensions.BlameDataCollector.dll
C:\Program Files\dotnet\sdk\8.0.200\Extensions\Microsoft.TestPlatform.Extensions.EventLogCollector.dll
C:\Program Files\dotnet\sdk\8.0.200\Extensions\Microsoft.TestPlatform.TestHostRuntimeProvider.dll
C:\Program Files\dotnet\sdk\8.0.200\Extensions\Microsoft.VisualStudio.TestPlatform.Extensions.Html.TestLogger.dll
C:\Program Files\dotnet\sdk\8.0.200\Extensions\Microsoft.VisualStudio.TestPlatform.Extensions.Trx.TestLogger.dll
TpTrace Information: 0 : 9236, 1, 2024/07/04, 11:34:38.507, 1726065534927, vstest.console.dll, AssemblyResolver.AddSearchDirectories: Adding more searchDirectories C:\Program Files\dotnet\sdk\8.0.200\Extensions,C:\Program Files\dotnet\sdk\8.0.200
TpTrace Information: 0 : 9236, 1, 2024/07/04, 11:34:38.507, 1726065535141, vstest.console.dll, AssemblyResolver.AddSearchDirectories: Adding more searchDirectories C:\Program Files\dotnet\sdk\8.0.200\Extensions,C:\Program Files\dotnet\sdk\8.0.200
TpTrace Information: 0 : 9236, 1, 2024/07/04, 11:34:38.507, 1726065535299, vstest.console.dll, AssemblyResolver.AddSearchDirectories: Adding more searchDirectories C:\Program Files\dotnet\sdk\8.0.200\Extensions,C:\Program Files\dotnet\sdk\8.0.200
TpTrace Information: 0 : 9236, 1, 2024/07/04, 11:34:38.507, 1726065535409, vstest.console.dll, AssemblyResolver.AddSearchDirectories: Adding more searchDirectories C:\Program Files\dotnet\sdk\8.0.200\Extensions,C:\Program Files\dotnet\sdk\8.0.200
TpTrace Information: 0 : 9236, 1, 2024/07/04, 11:34:38.507, 1726065535516, vstest.console.dll, AssemblyResolver.AddSearchDirectories: Adding more searchDirectories C:\Program Files\dotnet\sdk\8.0.200\Extensions,C:\Program Files\dotnet\sdk\8.0.200
TpTrace Information: 0 : 9236, 1, 2024/07/04, 11:34:38.507, 1726065535649, vstest.console.dll, AssemblyResolver.AddSearchDirectories: Adding more searchDirectories C:\Program Files\dotnet\sdk\8.0.200\Extensions,C:\Program Files\dotnet\sdk\8.0.200
TpTrace Information: 0 : 9236, 1, 2024/07/04, 11:34:38.508, 1726065539006, vstest.console.dll, AssemblyResolver.OnResolve: Microsoft.Diagnostics.NETCore.Client: Resolving assembly.
TpTrace Information: 0 : 9236, 1, 2024/07/04, 11:34:38.508, 1726065539475, vstest.console.dll, AssemblyResolver.OnResolve: Microsoft.Diagnostics.NETCore.Client: Searching in: 'C:\Program Files\dotnet\sdk\8.0.200\Extensions'.
TpTrace Information: 0 : 9236, 1, 2024/07/04, 11:34:38.512, 1726065577843, vstest.console.dll, AssemblyResolver.OnResolve: Microsoft.Diagnostics.NETCore.Client: Loading assembly 'C:\Program Files\dotnet\sdk\8.0.200\Extensions\Microsoft.Diagnostics.NETCore.Client.dll'.
TpTrace Information: 0 : 9236, 1, 2024/07/04, 11:34:38.512, 1726065583716, vstest.console.dll, AssemblyResolver.OnResolve: Resolved assembly: Microsoft.Diagnostics.NETCore.Client, from path: C:\Program Files\dotnet\sdk\8.0.200\Extensions\Microsoft.Diagnostics.NETCore.Client.dll
TpTrace Verbose: 0 : 9236, 1, 2024/07/04, 11:34:38.515, 1726065611971, vstest.console.dll, MetadataReaderExtensionsHelper: Discovering extensions inside assembly 'Microsoft.Diagnostics.NETCore.Client, Version=0.2.9.2401, Culture=neutral, PublicKeyToken=31bf3856ad364e35' file path 'C:\Program Files\dotnet\sdk\8.0.200\Extensions\Microsoft.Diagnostics.NETCore.Client.dll'
TpTrace Information: 0 : 9236, 1, 2024/07/04, 11:34:38.518, 1726065638084, vstest.console.dll, AssemblyResolver.OnResolve: Microsoft.Bcl.AsyncInterfaces: Resolving assembly.
TpTrace Information: 0 : 9236, 1, 2024/07/04, 11:34:38.518, 1726065638607, vstest.console.dll, AssemblyResolver.OnResolve: Microsoft.Bcl.AsyncInterfaces: Searching in: 'C:\Program Files\dotnet\sdk\8.0.200\Extensions'.
TpTrace Information: 0 : 9236, 1, 2024/07/04, 11:34:38.518, 1726065639064, vstest.console.dll, AssemblyResolver.OnResolve: Microsoft.Bcl.AsyncInterfaces: Assembly path does not exist: 'C:\Program Files\dotnet\sdk\8.0.200\Extensions\Microsoft.Bcl.AsyncInterfaces.dll', returning.
TpTrace Information: 0 : 9236, 1, 2024/07/04, 11:34:38.518, 1726065639611, vstest.console.dll, AssemblyResolver.OnResolve: Microsoft.Bcl.AsyncInterfaces: Assembly path does not exist: 'C:\Program Files\dotnet\sdk\8.0.200\Extensions\Microsoft.Bcl.AsyncInterfaces.exe', returning.
TpTrace Information: 0 : 9236, 1, 2024/07/04, 11:34:38.518, 1726065639801, vstest.console.dll, AssemblyResolver.OnResolve: Microsoft.Bcl.AsyncInterfaces: Searching in: 'C:\Program Files\dotnet\sdk\8.0.200'.
TpTrace Information: 0 : 9236, 1, 2024/07/04, 11:34:38.518, 1726065640074, vstest.console.dll, AssemblyResolver.OnResolve: Microsoft.Bcl.AsyncInterfaces: Assembly path does not exist: 'C:\Program Files\dotnet\sdk\8.0.200\Microsoft.Bcl.AsyncInterfaces.dll', returning.
TpTrace Information: 0 : 9236, 1, 2024/07/04, 11:34:38.518, 1726065640323, vstest.console.dll, AssemblyResolver.OnResolve: Microsoft.Bcl.AsyncInterfaces: Assembly path does not exist: 'C:\Program Files\dotnet\sdk\8.0.200\Microsoft.Bcl.AsyncInterfaces.exe', returning.
TpTrace Information: 0 : 9236, 1, 2024/07/04, 11:34:38.518, 1726065640445, vstest.console.dll, AssemblyResolver.OnResolve: Microsoft.Bcl.AsyncInterfaces: Failed to load assembly.
TpTrace Verbose: 0 : 9236, 1, 2024/07/04, 11:34:38.518, 1726065640617, vstest.console.dll, CurrentDomainAssemblyResolve: Resolving assembly 'Microsoft.Bcl.AsyncInterfaces'.
TpTrace Information: 0 : 9236, 1, 2024/07/04, 11:34:38.518, 1726065640928, vstest.console.dll, AssemblyResolver.OnResolve: Microsoft.Bcl.AsyncInterfaces: Resolving assembly.
TpTrace Information: 0 : 9236, 1, 2024/07/04, 11:34:38.518, 1726065641080, vstest.console.dll, AssemblyResolver.OnResolve: Microsoft.Bcl.AsyncInterfaces: Resolved from cache.
TpTrace Verbose: 0 : 9236, 1, 2024/07/04, 11:34:38.518, 1726065641184, vstest.console.dll, CurrentDomainAssemblyResolve: Resolving assembly 'Microsoft.Bcl.AsyncInterfaces'.
TpTrace Verbose: 0 : 9236, 1, 2024/07/04, 11:34:38.518, 1726065641325, vstest.console.dll, CurrentDomainAssemblyResolve: Failed to resolve assembly 'Microsoft.Bcl.AsyncInterfaces'.
TpTrace Verbose: 0 : 9236, 1, 2024/07/04, 11:34:38.519, 1726065647448, vstest.console.dll, CurrentDomainAssemblyResolve: Failed to resolve assembly 'Microsoft.Bcl.AsyncInterfaces'.
TpTrace Warning: 0 : 9236, 1, 2024/07/04, 11:34:38.526, 1726065719147, vstest.console.dll, TestPluginDiscoverer: Failed to get types from assembly 'Microsoft.Diagnostics.NETCore.Client, Version=0.2.9.2401, Culture=neutral, PublicKeyToken=31bf3856ad364e35'. Error: System.Reflection.ReflectionTypeLoadException: Unable to load one or more of the requested types.
Could not load file or assembly 'Microsoft.Bcl.AsyncInterfaces, Version=6.0.0.0, Culture=neutral, PublicKeyToken=cc7b13ffcd2ddd51'. The system cannot find the file specified.
   at System.Reflection.RuntimeModule.GetTypes(RuntimeModule module)
   at System.Reflection.RuntimeModule.GetTypes()
   at Microsoft.VisualStudio.TestPlatform.Common.ExtensionFramework.TestPluginDiscoverer.GetTestExtensionsFromAssembly[TPluginInfo,TExtension](Assembly assembly, Dictionary`2 pluginInfos, String filePath) in /_/src/Microsoft.TestPlatform.Common/ExtensionFramework/TestPluginDiscoverer.cs:line 158
System.IO.FileNotFoundException: Could not load file or assembly 'Microsoft.Bcl.AsyncInterfaces, Version=6.0.0.0, Culture=neutral, PublicKeyToken=cc7b13ffcd2ddd51'. The system cannot find the file specified.
File name: 'Microsoft.Bcl.AsyncInterfaces, Version=6.0.0.0, Culture=neutral, PublicKeyToken=cc7b13ffcd2ddd51'
 ---> System.IO.FileNotFoundException: Could not load file or assembly 'Microsoft.Bcl.AsyncInterfaces, Culture=neutral, PublicKeyToken=null'. The system cannot find the file specified.
File name: 'Microsoft.Bcl.AsyncInterfaces, Culture=neutral, PublicKeyToken=null'
   at System.Reflection.RuntimeAssembly.InternalLoad(AssemblyName assemblyName, StackCrawlMark& stackMark, AssemblyLoadContext assemblyLoadContext, RuntimeAssembly requestingAssembly, Boolean throwOnFileNotFound)
   at System.Reflection.Assembly.Load(AssemblyName assemblyRef)
   at Microsoft.VisualStudio.TestPlatform.Common.ExtensionFramework.TestPluginCache.CurrentDomainAssemblyResolve(Object sender, AssemblyResolveEventArgs args) in /_/src/Microsoft.TestPlatform.Common/ExtensionFramework/TestPluginCache.cs:line 513
   at System.Runtime.Loader.AssemblyLoadContext.GetFirstResolvedAssemblyFromResolvingEvent(AssemblyName assemblyName)
   at System.Runtime.Loader.AssemblyLoadContext.ResolveUsingEvent(AssemblyName assemblyName)
   at System.Runtime.Loader.AssemblyLoadContext.ResolveUsingResolvingEvent(IntPtr gchManagedAssemblyLoadContext, AssemblyName assemblyName)
TpTrace Warning: 0 : 9236, 1, 2024/07/04, 11:34:38.526, 1726065721381, vstest.console.dll, LoaderExceptions: System.IO.FileNotFoundException: Could not load file or assembly 'Microsoft.Bcl.AsyncInterfaces, Version=6.0.0.0, Culture=neutral, PublicKeyToken=cc7b13ffcd2ddd51'. The system cannot find the file specified.
File name: 'Microsoft.Bcl.AsyncInterfaces, Version=6.0.0.0, Culture=neutral, PublicKeyToken=cc7b13ffcd2ddd51'
 ---> System.IO.FileNotFoundException: Could not load file or assembly 'Microsoft.Bcl.AsyncInterfaces, Culture=neutral, PublicKeyToken=null'. The system cannot find the file specified.
File name: 'Microsoft.Bcl.AsyncInterfaces, Culture=neutral, PublicKeyToken=null'
   at System.Reflection.RuntimeAssembly.InternalLoad(AssemblyName assemblyName, StackCrawlMark& stackMark, AssemblyLoadContext assemblyLoadContext, RuntimeAssembly requestingAssembly, Boolean throwOnFileNotFound)
   at System.Reflection.Assembly.Load(AssemblyName assemblyRef)
   at Microsoft.VisualStudio.TestPlatform.Common.ExtensionFramework.TestPluginCache.CurrentDomainAssemblyResolve(Object sender, AssemblyResolveEventArgs args) in /_/src/Microsoft.TestPlatform.Common/ExtensionFramework/TestPluginCache.cs:line 513
   at System.Runtime.Loader.AssemblyLoadContext.GetFirstResolvedAssemblyFromResolvingEvent(AssemblyName assemblyName)
   at System.Runtime.Loader.AssemblyLoadContext.ResolveUsingEvent(AssemblyName assemblyName)
   at System.Runtime.Loader.AssemblyLoadContext.ResolveUsingResolvingEvent(IntPtr gchManagedAssemblyLoadContext, AssemblyName assemblyName)
TpTrace Information: 0 : 9236, 1, 2024/07/04, 11:34:38.526, 1726065722256, vstest.console.dll, AssemblyResolver.OnResolve: Microsoft.TestPlatform.Extensions.BlameDataCollector: Resolving assembly.
TpTrace Information: 0 : 9236, 1, 2024/07/04, 11:34:38.526, 1726065722449, vstest.console.dll, AssemblyResolver.OnResolve: Microsoft.TestPlatform.Extensions.BlameDataCollector: Searching in: 'C:\Program Files\dotnet\sdk\8.0.200\Extensions'.
TpTrace Information: 0 : 9236, 1, 2024/07/04, 11:34:38.526, 1726065726602, vstest.console.dll, AssemblyResolver.OnResolve: Microsoft.TestPlatform.Extensions.BlameDataCollector: Loading assembly 'C:\Program Files\dotnet\sdk\8.0.200\Extensions\Microsoft.TestPlatform.Extensions.BlameDataCollector.dll'.
TpTrace Information: 0 : 9236, 1, 2024/07/04, 11:34:38.527, 1726065730802, vstest.console.dll, AssemblyResolver.OnResolve: Resolved assembly: Microsoft.TestPlatform.Extensions.BlameDataCollector, from path: C:\Program Files\dotnet\sdk\8.0.200\Extensions\Microsoft.TestPlatform.Extensions.BlameDataCollector.dll
TpTrace Verbose: 0 : 9236, 1, 2024/07/04, 11:34:38.527, 1726065731368, vstest.console.dll, MetadataReaderExtensionsHelper: Discovering extensions inside assembly 'Microsoft.TestPlatform.Extensions.BlameDataCollector, Version=15.0.0.0, Culture=neutral, PublicKeyToken=b03f5f7f11d50a3a' file path 'C:\Program Files\dotnet\sdk\8.0.200\Extensions\Microsoft.TestPlatform.Extensions.BlameDataCollector.dll'
TpTrace Information: 0 : 9236, 1, 2024/07/04, 11:34:38.528, 1726065740183, vstest.console.dll, AssemblyResolver.OnResolve: Microsoft.TestPlatform.Extensions.EventLogCollector: Resolving assembly.
TpTrace Information: 0 : 9236, 1, 2024/07/04, 11:34:38.528, 1726065740551, vstest.console.dll, AssemblyResolver.OnResolve: Microsoft.TestPlatform.Extensions.EventLogCollector: Searching in: 'C:\Program Files\dotnet\sdk\8.0.200\Extensions'.
TpTrace Information: 0 : 9236, 1, 2024/07/04, 11:34:38.528, 1726065743511, vstest.console.dll, AssemblyResolver.OnResolve: Microsoft.TestPlatform.Extensions.EventLogCollector: Loading assembly 'C:\Program Files\dotnet\sdk\8.0.200\Extensions\Microsoft.TestPlatform.Extensions.EventLogCollector.dll'.
TpTrace Information: 0 : 9236, 1, 2024/07/04, 11:34:38.528, 1726065746030, vstest.console.dll, AssemblyResolver.OnResolve: Resolved assembly: Microsoft.TestPlatform.Extensions.EventLogCollector, from path: C:\Program Files\dotnet\sdk\8.0.200\Extensions\Microsoft.TestPlatform.Extensions.EventLogCollector.dll
TpTrace Verbose: 0 : 9236, 1, 2024/07/04, 11:34:38.528, 1726065746423, vstest.console.dll, MetadataReaderExtensionsHelper: Discovering extensions inside assembly 'Microsoft.TestPlatform.Extensions.EventLogCollector, Version=15.0.0.0, Culture=neutral, PublicKeyToken=b03f5f7f11d50a3a' file path 'C:\Program Files\dotnet\sdk\8.0.200\Extensions\Microsoft.TestPlatform.Extensions.EventLogCollector.dll'
TpTrace Information: 0 : 9236, 1, 2024/07/04, 11:34:38.530, 1726065758986, vstest.console.dll, AssemblyResolver.OnResolve: Microsoft.TestPlatform.TestHostRuntimeProvider: Resolving assembly.
TpTrace Information: 0 : 9236, 1, 2024/07/04, 11:34:38.530, 1726065759584, vstest.console.dll, AssemblyResolver.OnResolve: Microsoft.TestPlatform.TestHostRuntimeProvider: Searching in: 'C:\Program Files\dotnet\sdk\8.0.200\Extensions'.
TpTrace Information: 0 : 9236, 1, 2024/07/04, 11:34:38.530, 1726065761760, vstest.console.dll, AssemblyResolver.OnResolve: Microsoft.TestPlatform.TestHostRuntimeProvider: Loading assembly 'C:\Program Files\dotnet\sdk\8.0.200\Extensions\Microsoft.TestPlatform.TestHostRuntimeProvider.dll'.
TpTrace Information: 0 : 9236, 1, 2024/07/04, 11:34:38.530, 1726065764447, vstest.console.dll, AssemblyResolver.OnResolve: Resolved assembly: Microsoft.TestPlatform.TestHostRuntimeProvider, from path: C:\Program Files\dotnet\sdk\8.0.200\Extensions\Microsoft.TestPlatform.TestHostRuntimeProvider.dll
TpTrace Verbose: 0 : 9236, 1, 2024/07/04, 11:34:38.530, 1726065764826, vstest.console.dll, MetadataReaderExtensionsHelper: Discovering extensions inside assembly 'Microsoft.TestPlatform.TestHostRuntimeProvider, Version=15.0.0.0, Culture=neutral, PublicKeyToken=b03f5f7f11d50a3a' file path 'C:\Program Files\dotnet\sdk\8.0.200\Extensions\Microsoft.TestPlatform.TestHostRuntimeProvider.dll'
TpTrace Information: 0 : 9236, 1, 2024/07/04, 11:34:38.531, 1726065773442, vstest.console.dll, GetTestExtensionFromType: Register extension with identifier data 'HostProvider://DefaultTestHost' and type 'Microsoft.VisualStudio.TestPlatform.CrossPlatEngine.Hosting.DefaultTestHostManager, Microsoft.TestPlatform.TestHostRuntimeProvider, Version=15.0.0.0, Culture=neutral, PublicKeyToken=b03f5f7f11d50a3a' inside file 'C:\Program Files\dotnet\sdk\8.0.200\Extensions\Microsoft.TestPlatform.TestHostRuntimeProvider.dll'
TpTrace Information: 0 : 9236, 1, 2024/07/04, 11:34:38.531, 1726065774902, vstest.console.dll, GetTestExtensionFromType: Register extension with identifier data 'HostProvider://DotnetTestHost' and type 'Microsoft.VisualStudio.TestPlatform.CrossPlatEngine.Hosting.DotnetTestHostManager, Microsoft.TestPlatform.TestHostRuntimeProvider, Version=15.0.0.0, Culture=neutral, PublicKeyToken=b03f5f7f11d50a3a' inside file 'C:\Program Files\dotnet\sdk\8.0.200\Extensions\Microsoft.TestPlatform.TestHostRuntimeProvider.dll'
TpTrace Information: 0 : 9236, 1, 2024/07/04, 11:34:38.531, 1726065775472, vstest.console.dll, AssemblyResolver.OnResolve: Microsoft.VisualStudio.TestPlatform.Extensions.Html.TestLogger: Resolving assembly.
TpTrace Information: 0 : 9236, 1, 2024/07/04, 11:34:38.531, 1726065775667, vstest.console.dll, AssemblyResolver.OnResolve: Microsoft.VisualStudio.TestPlatform.Extensions.Html.TestLogger: Searching in: 'C:\Program Files\dotnet\sdk\8.0.200\Extensions'.
TpTrace Information: 0 : 9236, 1, 2024/07/04, 11:34:38.532, 1726065778185, vstest.console.dll, AssemblyResolver.OnResolve: Microsoft.VisualStudio.TestPlatform.Extensions.Html.TestLogger: Loading assembly 'C:\Program Files\dotnet\sdk\8.0.200\Extensions\Microsoft.VisualStudio.TestPlatform.Extensions.Html.TestLogger.dll'.
TpTrace Information: 0 : 9236, 1, 2024/07/04, 11:34:38.532, 1726065781976, vstest.console.dll, AssemblyResolver.OnResolve: Resolved assembly: Microsoft.VisualStudio.TestPlatform.Extensions.Html.TestLogger, from path: C:\Program Files\dotnet\sdk\8.0.200\Extensions\Microsoft.VisualStudio.TestPlatform.Extensions.Html.TestLogger.dll
TpTrace Verbose: 0 : 9236, 1, 2024/07/04, 11:34:38.532, 1726065782481, vstest.console.dll, MetadataReaderExtensionsHelper: Discovering extensions inside assembly 'Microsoft.VisualStudio.TestPlatform.Extensions.Html.TestLogger, Version=15.0.0.0, Culture=neutral, PublicKeyToken=b03f5f7f11d50a3a' file path 'C:\Program Files\dotnet\sdk\8.0.200\Extensions\Microsoft.VisualStudio.TestPlatform.Extensions.Html.TestLogger.dll'
TpTrace Information: 0 : 9236, 1, 2024/07/04, 11:34:38.533, 1726065787427, vstest.console.dll, AssemblyResolver.OnResolve: Microsoft.VisualStudio.TestPlatform.Extensions.Trx.TestLogger: Resolving assembly.
TpTrace Information: 0 : 9236, 1, 2024/07/04, 11:34:38.533, 1726065788011, vstest.console.dll, AssemblyResolver.OnResolve: Microsoft.VisualStudio.TestPlatform.Extensions.Trx.TestLogger: Searching in: 'C:\Program Files\dotnet\sdk\8.0.200\Extensions'.
TpTrace Information: 0 : 9236, 1, 2024/07/04, 11:34:38.533, 1726065790730, vstest.console.dll, AssemblyResolver.OnResolve: Microsoft.VisualStudio.TestPlatform.Extensions.Trx.TestLogger: Loading assembly 'C:\Program Files\dotnet\sdk\8.0.200\Extensions\Microsoft.VisualStudio.TestPlatform.Extensions.Trx.TestLogger.dll'.
TpTrace Information: 0 : 9236, 1, 2024/07/04, 11:34:38.533, 1726065793823, vstest.console.dll, AssemblyResolver.OnResolve: Resolved assembly: Microsoft.VisualStudio.TestPlatform.Extensions.Trx.TestLogger, from path: C:\Program Files\dotnet\sdk\8.0.200\Extensions\Microsoft.VisualStudio.TestPlatform.Extensions.Trx.TestLogger.dll
TpTrace Verbose: 0 : 9236, 1, 2024/07/04, 11:34:38.533, 1726065794225, vstest.console.dll, MetadataReaderExtensionsHelper: Discovering extensions inside assembly 'Microsoft.VisualStudio.TestPlatform.Extensions.Trx.TestLogger, Version=15.0.0.0, Culture=neutral, PublicKeyToken=b03f5f7f11d50a3a' file path 'C:\Program Files\dotnet\sdk\8.0.200\Extensions\Microsoft.VisualStudio.TestPlatform.Extensions.Trx.TestLogger.dll'
TpTrace Verbose: 0 : 9236, 1, 2024/07/04, 11:34:38.534, 1726065800103, vstest.console.dll, TestPluginCache: Discovered the extensions using extension path ''.
TpTrace Verbose: 0 : 9236, 1, 2024/07/04, 11:34:38.534, 1726065800515, vstest.console.dll, TestPluginCache: Discoverers are ''.
TpTrace Verbose: 0 : 9236, 1, 2024/07/04, 11:34:38.534, 1726065800628, vstest.console.dll, TestPluginCache: Executors are ''.
TpTrace Verbose: 0 : 9236, 1, 2024/07/04, 11:34:38.534, 1726065800728, vstest.console.dll, TestPluginCache: Executors2 are ''.
TpTrace Verbose: 0 : 9236, 1, 2024/07/04, 11:34:38.534, 1726065800828, vstest.console.dll, TestPluginCache: Setting providers are ''.
TpTrace Verbose: 0 : 9236, 1, 2024/07/04, 11:34:38.534, 1726065800927, vstest.console.dll, TestPluginCache: Loggers are ''.
TpTrace Verbose: 0 : 9236, 1, 2024/07/04, 11:34:38.534, 1726065801883, vstest.console.dll, TestPluginCache: TestHosts are 'HostProvider://DefaultTestHost,HostProvider://DotnetTestHost'.
TpTrace Verbose: 0 : 9236, 1, 2024/07/04, 11:34:38.534, 1726065802031, vstest.console.dll, TestPluginCache: DataCollectors are ''.
TpTrace Information: 0 : 9236, 1, 2024/07/04, 11:34:38.542, 1726065881803, vstest.console.dll, RunTestsArgumentProcessor:Execute: Test run is starting.
TpTrace Verbose: 0 : 9236, 1, 2024/07/04, 11:34:38.542, 1726065882401, vstest.console.dll, RunTestsArgumentProcessor:Execute: Queuing Test run.
TpTrace Information: 0 : 9236, 1, 2024/07/04, 11:34:38.542, 1726065883749, vstest.console.dll, TestRequestManager.RunTests: run tests started.
TpTrace Information: 0 : 9236, 1, 2024/07/04, 11:34:38.543, 1726065890760, vstest.console.dll, AssemblyMetadataProvider.GetFrameworkName: Determined framework:'.NETCoreApp,Version=v8.0' for source: 'C:\Stuart\Projects\nunit-csharp-samples-master\nunit-csharp-samples-master\TestsForMethodsToTest\bin\Debug\net8.0\fine-code-coverage\build-output\TestsForMethodsToTest.dll'
TpTrace Information: 0 : 9236, 1, 2024/07/04, 11:34:38.543, 1726065891750, vstest.console.dll, Determined framework for all sources: .NETCoreApp,Version=v8.0
TpTrace Verbose: 0 : 9236, 1, 2024/07/04, 11:34:38.543, 1726065893580, vstest.console.dll, TestRequestManager.UpdateRunSettingsIfRequired: Default architecture: X64 IsDefaultTargetArchitecture: True, Current process architecture: X64 OperatingSystem: Windows.
TpTrace Information: 0 : 9236, 1, 2024/07/04, 11:34:38.544, 1726065902703, vstest.console.dll, AssemblyMetadataProvider.GetArchitecture: Determined architecture:AnyCPU info for assembly: C:\Stuart\Projects\nunit-csharp-samples-master\nunit-csharp-samples-master\TestsForMethodsToTest\bin\Debug\net8.0\fine-code-coverage\build-output\TestsForMethodsToTest.dll
TpTrace Information: 0 : 9236, 1, 2024/07/04, 11:34:38.544, 1726065903069, vstest.console.dll, Determined platform for source 'C:\Stuart\Projects\nunit-csharp-samples-master\nunit-csharp-samples-master\TestsForMethodsToTest\bin\Debug\net8.0\fine-code-coverage\build-output\TestsForMethodsToTest.dll' was AnyCPU and it will use the default plaform X64.
TpTrace Information: 0 : 9236, 1, 2024/07/04, 11:34:38.544, 1726065903192, vstest.console.dll, None of the sources provided any runnable platform, using the default platform: X64
TpTrace Information: 0 : 9236, 1, 2024/07/04, 11:34:38.544, 1726065903699, vstest.console.dll, Platform was updated to 'X64'.
TpTrace Information: 0 : 9236, 1, 2024/07/04, 11:34:38.546, 1726065921775, vstest.console.dll, InferRunSettingsHelper.IsTestSettingsEnabled: Unable to navigate to RunSettings/MSTest. Current node: RunSettings
TpTrace Information: 0 : 9236, 1, 2024/07/04, 11:34:38.546, 1726065925403, vstest.console.dll, AssemblyResolver.OnResolve: Microsoft.VisualStudio.TestPlatform.Fakes: Resolving assembly.
TpTrace Information: 0 : 9236, 1, 2024/07/04, 11:34:38.546, 1726065925804, vstest.console.dll, AssemblyResolver.OnResolve: Microsoft.VisualStudio.TestPlatform.Fakes: Searching in: 'C:\Program Files\dotnet\sdk\8.0.200\Extensions'.
TpTrace Information: 0 : 9236, 1, 2024/07/04, 11:34:38.546, 1726065926254, vstest.console.dll, AssemblyResolver.OnResolve: Microsoft.VisualStudio.TestPlatform.Fakes: Assembly path does not exist: 'C:\Program Files\dotnet\sdk\8.0.200\Extensions\Microsoft.VisualStudio.TestPlatform.Fakes.dll', returning.
TpTrace Information: 0 : 9236, 1, 2024/07/04, 11:34:38.546, 1726065926512, vstest.console.dll, AssemblyResolver.OnResolve: Microsoft.VisualStudio.TestPlatform.Fakes: Assembly path does not exist: 'C:\Program Files\dotnet\sdk\8.0.200\Extensions\Microsoft.VisualStudio.TestPlatform.Fakes.exe', returning.
TpTrace Information: 0 : 9236, 1, 2024/07/04, 11:34:38.546, 1726065926660, vstest.console.dll, AssemblyResolver.OnResolve: Microsoft.VisualStudio.TestPlatform.Fakes: Searching in: 'C:\Program Files\dotnet\sdk\8.0.200'.
TpTrace Information: 0 : 9236, 1, 2024/07/04, 11:34:38.546, 1726065926929, vstest.console.dll, AssemblyResolver.OnResolve: Microsoft.VisualStudio.TestPlatform.Fakes: Assembly path does not exist: 'C:\Program Files\dotnet\sdk\8.0.200\Microsoft.VisualStudio.TestPlatform.Fakes.dll', returning.
TpTrace Information: 0 : 9236, 1, 2024/07/04, 11:34:38.547, 1726065927154, vstest.console.dll, AssemblyResolver.OnResolve: Microsoft.VisualStudio.TestPlatform.Fakes: Assembly path does not exist: 'C:\Program Files\dotnet\sdk\8.0.200\Microsoft.VisualStudio.TestPlatform.Fakes.exe', returning.
TpTrace Information: 0 : 9236, 1, 2024/07/04, 11:34:38.547, 1726065927269, vstest.console.dll, AssemblyResolver.OnResolve: Microsoft.VisualStudio.TestPlatform.Fakes: Failed to load assembly.
TpTrace Information: 0 : 9236, 1, 2024/07/04, 11:34:38.547, 1726065928863, vstest.console.dll, Failed to load assembly Microsoft.VisualStudio.TestPlatform.Fakes, Version=17.0.0.0, Culture=neutral. Reason:System.IO.FileNotFoundException: Could not load file or assembly 'Microsoft.VisualStudio.TestPlatform.Fakes, Version=17.0.0.0, Culture=neutral, PublicKeyToken=null'. The system cannot find the file specified.
File name: 'Microsoft.VisualStudio.TestPlatform.Fakes, Version=17.0.0.0, Culture=neutral, PublicKeyToken=null'
   at System.Reflection.RuntimeAssembly.InternalLoad(AssemblyName assemblyName, StackCrawlMark& stackMark, AssemblyLoadContext assemblyLoadContext, RuntimeAssembly requestingAssembly, Boolean throwOnFileNotFound)
   at System.Reflection.Assembly.Load(AssemblyName assemblyRef)
   at Microsoft.VisualStudio.TestPlatform.Common.Utilities.FakesUtilities.LoadTestPlatformAssembly() in /_/src/Microsoft.TestPlatform.Common/Utilities/FakesUtilities.cs:line 272
TpTrace Verbose: 0 : 9236, 1, 2024/07/04, 11:34:38.548, 1726065946248, vstest.console.dll, TestPluginCache.DiscoverTestExtensions: finding test extensions in assemblies ends with: TestLogger.dll TPluginInfo: Microsoft.VisualStudio.TestPlatform.Common.ExtensionFramework.Utilities.TestLoggerPluginInformation TExtension: Microsoft.VisualStudio.TestPlatform.ObjectModel.Client.ITestLogger
TpTrace Verbose: 0 : 9236, 1, 2024/07/04, 11:34:38.548, 1726065946806, vstest.console.dll, TestPluginCache.GetExtensionPaths: Filtered extension paths: 
TpTrace Verbose: 0 : 9236, 1, 2024/07/04, 11:34:38.548, 1726065946945, vstest.console.dll, TestPluginCache.GetExtensionPaths: Added default extension paths: C:\Program Files\dotnet\sdk\8.0.200\Extensions\Microsoft.Diagnostics.NETCore.Client.dll
C:\Program Files\dotnet\sdk\8.0.200\Extensions\Microsoft.TestPlatform.Extensions.BlameDataCollector.dll
C:\Program Files\dotnet\sdk\8.0.200\Extensions\Microsoft.TestPlatform.Extensions.EventLogCollector.dll
C:\Program Files\dotnet\sdk\8.0.200\Extensions\Microsoft.TestPlatform.TestHostRuntimeProvider.dll
C:\Program Files\dotnet\sdk\8.0.200\Extensions\Microsoft.VisualStudio.TestPlatform.Extensions.Html.TestLogger.dll
C:\Program Files\dotnet\sdk\8.0.200\Extensions\Microsoft.VisualStudio.TestPlatform.Extensions.Trx.TestLogger.dll
TpTrace Verbose: 0 : 9236, 1, 2024/07/04, 11:34:38.549, 1726065947058, vstest.console.dll, TestPluginCache.GetExtensionPaths: Added unfilterableExtensionPaths: 
TpTrace Information: 0 : 9236, 1, 2024/07/04, 11:34:38.549, 1726065947727, vstest.console.dll, AssemblyResolver.AddSearchDirectories: Adding more searchDirectories C:\Program Files\dotnet\sdk\8.0.200\Extensions,C:\Program Files\dotnet\sdk\8.0.200
TpTrace Verbose: 0 : 9236, 1, 2024/07/04, 11:34:38.549, 1726065947917, vstest.console.dll, TestPluginCache.DiscoverTestExtensions: Discovering the extensions using extension path.
TpTrace Verbose: 0 : 9236, 1, 2024/07/04, 11:34:38.549, 1726065948065, vstest.console.dll, TestPluginCache.GetExtensionPaths: Filtered extension paths: 
TpTrace Verbose: 0 : 9236, 1, 2024/07/04, 11:34:38.549, 1726065948193, vstest.console.dll, TestPluginCache.GetExtensionPaths: Added default extension paths: C:\Program Files\dotnet\sdk\8.0.200\Extensions\Microsoft.Diagnostics.NETCore.Client.dll
C:\Program Files\dotnet\sdk\8.0.200\Extensions\Microsoft.TestPlatform.Extensions.BlameDataCollector.dll
C:\Program Files\dotnet\sdk\8.0.200\Extensions\Microsoft.TestPlatform.Extensions.EventLogCollector.dll
C:\Program Files\dotnet\sdk\8.0.200\Extensions\Microsoft.TestPlatform.TestHostRuntimeProvider.dll
C:\Program Files\dotnet\sdk\8.0.200\Extensions\Microsoft.VisualStudio.TestPlatform.Extensions.Html.TestLogger.dll
C:\Program Files\dotnet\sdk\8.0.200\Extensions\Microsoft.VisualStudio.TestPlatform.Extensions.Trx.TestLogger.dll
TpTrace Verbose: 0 : 9236, 1, 2024/07/04, 11:34:38.549, 1726065948299, vstest.console.dll, TestPluginCache.GetExtensionPaths: Added unfilterableExtensionPaths: 
TpTrace Verbose: 0 : 9236, 1, 2024/07/04, 11:34:38.549, 1726065948427, vstest.console.dll, TestPluginCache.DiscoverTestExtensions: Discovering the extensions using allExtensionPaths: C:\Program Files\dotnet\sdk\8.0.200\Extensions\Microsoft.Diagnostics.NETCore.Client.dll
C:\Program Files\dotnet\sdk\8.0.200\Extensions\Microsoft.TestPlatform.Extensions.BlameDataCollector.dll
C:\Program Files\dotnet\sdk\8.0.200\Extensions\Microsoft.TestPlatform.Extensions.EventLogCollector.dll
C:\Program Files\dotnet\sdk\8.0.200\Extensions\Microsoft.TestPlatform.TestHostRuntimeProvider.dll
C:\Program Files\dotnet\sdk\8.0.200\Extensions\Microsoft.VisualStudio.TestPlatform.Extensions.Html.TestLogger.dll
C:\Program Files\dotnet\sdk\8.0.200\Extensions\Microsoft.VisualStudio.TestPlatform.Extensions.Trx.TestLogger.dll
TpTrace Information: 0 : 9236, 1, 2024/07/04, 11:34:38.549, 1726065948606, vstest.console.dll, AssemblyResolver.AddSearchDirectories: Adding more searchDirectories C:\Program Files\dotnet\sdk\8.0.200\Extensions,C:\Program Files\dotnet\sdk\8.0.200
TpTrace Information: 0 : 9236, 1, 2024/07/04, 11:34:38.549, 1726065948737, vstest.console.dll, AssemblyResolver.AddSearchDirectories: Adding more searchDirectories C:\Program Files\dotnet\sdk\8.0.200\Extensions,C:\Program Files\dotnet\sdk\8.0.200
TpTrace Information: 0 : 9236, 1, 2024/07/04, 11:34:38.549, 1726065948840, vstest.console.dll, AssemblyResolver.AddSearchDirectories: Adding more searchDirectories C:\Program Files\dotnet\sdk\8.0.200\Extensions,C:\Program Files\dotnet\sdk\8.0.200
TpTrace Information: 0 : 9236, 1, 2024/07/04, 11:34:38.549, 1726065948939, vstest.console.dll, AssemblyResolver.AddSearchDirectories: Adding more searchDirectories C:\Program Files\dotnet\sdk\8.0.200\Extensions,C:\Program Files\dotnet\sdk\8.0.200
TpTrace Information: 0 : 9236, 1, 2024/07/04, 11:34:38.549, 1726065949040, vstest.console.dll, AssemblyResolver.AddSearchDirectories: Adding more searchDirectories C:\Program Files\dotnet\sdk\8.0.200\Extensions,C:\Program Files\dotnet\sdk\8.0.200
TpTrace Information: 0 : 9236, 1, 2024/07/04, 11:34:38.549, 1726065949172, vstest.console.dll, AssemblyResolver.AddSearchDirectories: Adding more searchDirectories C:\Program Files\dotnet\sdk\8.0.200\Extensions,C:\Program Files\dotnet\sdk\8.0.200
TpTrace Verbose: 0 : 9236, 1, 2024/07/04, 11:34:38.549, 1726065949700, vstest.console.dll, MetadataReaderExtensionsHelper: Discovering extensions inside assembly 'Microsoft.Diagnostics.NETCore.Client, Version=0.2.9.2401, Culture=neutral, PublicKeyToken=31bf3856ad364e35' file path 'C:\Program Files\dotnet\sdk\8.0.200\Extensions\Microsoft.Diagnostics.NETCore.Client.dll'
TpTrace Information: 0 : 9236, 1, 2024/07/04, 11:34:38.550, 1726065958688, vstest.console.dll, AssemblyResolver.OnResolve: Microsoft.Bcl.AsyncInterfaces: Resolving assembly.
TpTrace Information: 0 : 9236, 1, 2024/07/04, 11:34:38.550, 1726065959114, vstest.console.dll, AssemblyResolver.OnResolve: Microsoft.Bcl.AsyncInterfaces: Resolved from cache.
TpTrace Verbose: 0 : 9236, 1, 2024/07/04, 11:34:38.550, 1726065959251, vstest.console.dll, CurrentDomainAssemblyResolve: Resolving assembly 'Microsoft.Bcl.AsyncInterfaces'.
TpTrace Information: 0 : 9236, 1, 2024/07/04, 11:34:38.550, 1726065959479, vstest.console.dll, AssemblyResolver.OnResolve: Microsoft.Bcl.AsyncInterfaces: Resolving assembly.
TpTrace Information: 0 : 9236, 1, 2024/07/04, 11:34:38.550, 1726065959600, vstest.console.dll, AssemblyResolver.OnResolve: Microsoft.Bcl.AsyncInterfaces: Resolved from cache.
TpTrace Verbose: 0 : 9236, 1, 2024/07/04, 11:34:38.550, 1726065959700, vstest.console.dll, CurrentDomainAssemblyResolve: Resolving assembly 'Microsoft.Bcl.AsyncInterfaces'.
TpTrace Verbose: 0 : 9236, 1, 2024/07/04, 11:34:38.550, 1726065959811, vstest.console.dll, CurrentDomainAssemblyResolve: Failed to resolve assembly 'Microsoft.Bcl.AsyncInterfaces'.
TpTrace Verbose: 0 : 9236, 1, 2024/07/04, 11:34:38.550, 1726065960518, vstest.console.dll, CurrentDomainAssemblyResolve: Failed to resolve assembly 'Microsoft.Bcl.AsyncInterfaces'.
TpTrace Warning: 0 : 9236, 1, 2024/07/04, 11:34:38.550, 1726065962471, vstest.console.dll, TestPluginDiscoverer: Failed to get types from assembly 'Microsoft.Diagnostics.NETCore.Client, Version=0.2.9.2401, Culture=neutral, PublicKeyToken=31bf3856ad364e35'. Error: System.Reflection.ReflectionTypeLoadException: Unable to load one or more of the requested types.
Could not load file or assembly 'Microsoft.Bcl.AsyncInterfaces, Version=6.0.0.0, Culture=neutral, PublicKeyToken=cc7b13ffcd2ddd51'. The system cannot find the file specified.
   at System.Reflection.RuntimeModule.GetTypes(RuntimeModule module)
   at System.Reflection.RuntimeModule.GetTypes()
   at Microsoft.VisualStudio.TestPlatform.Common.ExtensionFramework.TestPluginDiscoverer.GetTestExtensionsFromAssembly[TPluginInfo,TExtension](Assembly assembly, Dictionary`2 pluginInfos, String filePath) in /_/src/Microsoft.TestPlatform.Common/ExtensionFramework/TestPluginDiscoverer.cs:line 158
System.IO.FileNotFoundException: Could not load file or assembly 'Microsoft.Bcl.AsyncInterfaces, Version=6.0.0.0, Culture=neutral, PublicKeyToken=cc7b13ffcd2ddd51'. The system cannot find the file specified.
File name: 'Microsoft.Bcl.AsyncInterfaces, Version=6.0.0.0, Culture=neutral, PublicKeyToken=cc7b13ffcd2ddd51'
 ---> System.IO.FileNotFoundException: Could not load file or assembly 'Microsoft.Bcl.AsyncInterfaces, Culture=neutral, PublicKeyToken=null'. The system cannot find the file specified.
File name: 'Microsoft.Bcl.AsyncInterfaces, Culture=neutral, PublicKeyToken=null'
   at System.Reflection.RuntimeAssembly.InternalLoad(AssemblyName assemblyName, StackCrawlMark& stackMark, AssemblyLoadContext assemblyLoadContext, RuntimeAssembly requestingAssembly, Boolean throwOnFileNotFound)
   at System.Reflection.Assembly.Load(AssemblyName assemblyRef)
   at Microsoft.VisualStudio.TestPlatform.Common.ExtensionFramework.TestPluginCache.CurrentDomainAssemblyResolve(Object sender, AssemblyResolveEventArgs args) in /_/src/Microsoft.TestPlatform.Common/ExtensionFramework/TestPluginCache.cs:line 513
   at System.Runtime.Loader.AssemblyLoadContext.GetFirstResolvedAssemblyFromResolvingEvent(AssemblyName assemblyName)
   at System.Runtime.Loader.AssemblyLoadContext.ResolveUsingEvent(AssemblyName assemblyName)
   at System.Runtime.Loader.AssemblyLoadContext.ResolveUsingResolvingEvent(IntPtr gchManagedAssemblyLoadContext, AssemblyName assemblyName)
TpTrace Warning: 0 : 9236, 1, 2024/07/04, 11:34:38.550, 1726065963226, vstest.console.dll, LoaderExceptions: System.IO.FileNotFoundException: Could not load file or assembly 'Microsoft.Bcl.AsyncInterfaces, Version=6.0.0.0, Culture=neutral, PublicKeyToken=cc7b13ffcd2ddd51'. The system cannot find the file specified.
File name: 'Microsoft.Bcl.AsyncInterfaces, Version=6.0.0.0, Culture=neutral, PublicKeyToken=cc7b13ffcd2ddd51'
 ---> System.IO.FileNotFoundException: Could not load file or assembly 'Microsoft.Bcl.AsyncInterfaces, Culture=neutral, PublicKeyToken=null'. The system cannot find the file specified.
File name: 'Microsoft.Bcl.AsyncInterfaces, Culture=neutral, PublicKeyToken=null'
   at System.Reflection.RuntimeAssembly.InternalLoad(AssemblyName assemblyName, StackCrawlMark& stackMark, AssemblyLoadContext assemblyLoadContext, RuntimeAssembly requestingAssembly, Boolean throwOnFileNotFound)
   at System.Reflection.Assembly.Load(AssemblyName assemblyRef)
   at Microsoft.VisualStudio.TestPlatform.Common.ExtensionFramework.TestPluginCache.CurrentDomainAssemblyResolve(Object sender, AssemblyResolveEventArgs args) in /_/src/Microsoft.TestPlatform.Common/ExtensionFramework/TestPluginCache.cs:line 513
   at System.Runtime.Loader.AssemblyLoadContext.GetFirstResolvedAssemblyFromResolvingEvent(AssemblyName assemblyName)
   at System.Runtime.Loader.AssemblyLoadContext.ResolveUsingEvent(AssemblyName assemblyName)
   at System.Runtime.Loader.AssemblyLoadContext.ResolveUsingResolvingEvent(IntPtr gchManagedAssemblyLoadContext, AssemblyName assemblyName)
TpTrace Verbose: 0 : 9236, 1, 2024/07/04, 11:34:38.550, 1726065963580, vstest.console.dll, MetadataReaderExtensionsHelper: Discovering extensions inside assembly 'Microsoft.TestPlatform.Extensions.BlameDataCollector, Version=15.0.0.0, Culture=neutral, PublicKeyToken=b03f5f7f11d50a3a' file path 'C:\Program Files\dotnet\sdk\8.0.200\Extensions\Microsoft.TestPlatform.Extensions.BlameDataCollector.dll'
TpTrace Information: 0 : 9236, 1, 2024/07/04, 11:34:38.551, 1726065967603, vstest.console.dll, GetTestExtensionFromType: Register extension with identifier data 'logger://Microsoft/TestPlatform/Extensions/Blame/v1' and type 'Microsoft.TestPlatform.Extensions.BlameDataCollector.BlameLogger, Microsoft.TestPlatform.Extensions.BlameDataCollector, Version=15.0.0.0, Culture=neutral, PublicKeyToken=b03f5f7f11d50a3a' inside file 'C:\Program Files\dotnet\sdk\8.0.200\Extensions\Microsoft.TestPlatform.Extensions.BlameDataCollector.dll'
TpTrace Verbose: 0 : 9236, 1, 2024/07/04, 11:34:38.551, 1726065968045, vstest.console.dll, MetadataReaderExtensionsHelper: Discovering extensions inside assembly 'Microsoft.TestPlatform.Extensions.EventLogCollector, Version=15.0.0.0, Culture=neutral, PublicKeyToken=b03f5f7f11d50a3a' file path 'C:\Program Files\dotnet\sdk\8.0.200\Extensions\Microsoft.TestPlatform.Extensions.EventLogCollector.dll'
TpTrace Verbose: 0 : 9236, 1, 2024/07/04, 11:34:38.551, 1726065970643, vstest.console.dll, MetadataReaderExtensionsHelper: Discovering extensions inside assembly 'Microsoft.TestPlatform.TestHostRuntimeProvider, Version=15.0.0.0, Culture=neutral, PublicKeyToken=b03f5f7f11d50a3a' file path 'C:\Program Files\dotnet\sdk\8.0.200\Extensions\Microsoft.TestPlatform.TestHostRuntimeProvider.dll'
TpTrace Verbose: 0 : 9236, 1, 2024/07/04, 11:34:38.551, 1726065972946, vstest.console.dll, MetadataReaderExtensionsHelper: Discovering extensions inside assembly 'Microsoft.VisualStudio.TestPlatform.Extensions.Html.TestLogger, Version=15.0.0.0, Culture=neutral, PublicKeyToken=b03f5f7f11d50a3a' file path 'C:\Program Files\dotnet\sdk\8.0.200\Extensions\Microsoft.VisualStudio.TestPlatform.Extensions.Html.TestLogger.dll'
TpTrace Information: 0 : 9236, 1, 2024/07/04, 11:34:38.552, 1726065977044, vstest.console.dll, GetTestExtensionFromType: Register extension with identifier data 'logger://Microsoft/TestPlatform/HtmlLogger/v1' and type 'Microsoft.VisualStudio.TestPlatform.Extensions.HtmlLogger.HtmlLogger, Microsoft.VisualStudio.TestPlatform.Extensions.Html.TestLogger, Version=15.0.0.0, Culture=neutral, PublicKeyToken=b03f5f7f11d50a3a' inside file 'C:\Program Files\dotnet\sdk\8.0.200\Extensions\Microsoft.VisualStudio.TestPlatform.Extensions.Html.TestLogger.dll'
TpTrace Verbose: 0 : 9236, 1, 2024/07/04, 11:34:38.552, 1726065977439, vstest.console.dll, MetadataReaderExtensionsHelper: Discovering extensions inside assembly 'Microsoft.VisualStudio.TestPlatform.Extensions.Trx.TestLogger, Version=15.0.0.0, Culture=neutral, PublicKeyToken=b03f5f7f11d50a3a' file path 'C:\Program Files\dotnet\sdk\8.0.200\Extensions\Microsoft.VisualStudio.TestPlatform.Extensions.Trx.TestLogger.dll'
TpTrace Information: 0 : 9236, 1, 2024/07/04, 11:34:38.552, 1726065980217, vstest.console.dll, GetTestExtensionFromType: Register extension with identifier data 'logger://Microsoft/TestPlatform/TrxLogger/v1' and type 'Microsoft.VisualStudio.TestPlatform.Extensions.TrxLogger.TrxLogger, Microsoft.VisualStudio.TestPlatform.Extensions.Trx.TestLogger, Version=15.0.0.0, Culture=neutral, PublicKeyToken=b03f5f7f11d50a3a' inside file 'C:\Program Files\dotnet\sdk\8.0.200\Extensions\Microsoft.VisualStudio.TestPlatform.Extensions.Trx.TestLogger.dll'
TpTrace Verbose: 0 : 9236, 1, 2024/07/04, 11:34:38.552, 1726065980604, vstest.console.dll, TestPluginCache: Discovered the extensions using extension path ''.
TpTrace Verbose: 0 : 9236, 1, 2024/07/04, 11:34:38.552, 1726065980746, vstest.console.dll, TestPluginCache: Discoverers are ''.
TpTrace Verbose: 0 : 9236, 1, 2024/07/04, 11:34:38.552, 1726065980846, vstest.console.dll, TestPluginCache: Executors are ''.
TpTrace Verbose: 0 : 9236, 1, 2024/07/04, 11:34:38.552, 1726065980943, vstest.console.dll, TestPluginCache: Executors2 are ''.
TpTrace Verbose: 0 : 9236, 1, 2024/07/04, 11:34:38.552, 1726065981037, vstest.console.dll, TestPluginCache: Setting providers are ''.
TpTrace Verbose: 0 : 9236, 1, 2024/07/04, 11:34:38.552, 1726065981378, vstest.console.dll, TestPluginCache: Loggers are 'logger://Microsoft/TestPlatform/Extensions/Blame/v1,logger://Microsoft/TestPlatform/HtmlLogger/v1,logger://Microsoft/TestPlatform/TrxLogger/v1'.
TpTrace Verbose: 0 : 9236, 1, 2024/07/04, 11:34:38.552, 1726065981544, vstest.console.dll, TestPluginCache: TestHosts are 'HostProvider://DefaultTestHost,HostProvider://DotnetTestHost'.
TpTrace Verbose: 0 : 9236, 1, 2024/07/04, 11:34:38.552, 1726065981674, vstest.console.dll, TestPluginCache: DataCollectors are ''.
TpTrace Information: 0 : 9236, 1, 2024/07/04, 11:34:38.552, 1726065986610, vstest.console.dll, TestPluginManager.CreateTestExtension: Attempting to load test extension: Microsoft.TestPlatform.Extensions.BlameDataCollector.BlameLogger
TpTrace Verbose: 0 : 9236, 1, 2024/07/04, 11:34:38.557, 1726066032874, vstest.console.dll, TestEngine: Initializing Parallel Execution as MaxCpuCount is set to: 1
TpTrace Information: 0 : 9236, 1, 2024/07/04, 11:34:38.558, 1726066041142, vstest.console.dll, TestPluginManager.CreateTestExtension: Attempting to load test extension: Microsoft.VisualStudio.TestPlatform.CrossPlatEngine.Hosting.DefaultTestHostManager
TpTrace Information: 0 : 9236, 1, 2024/07/04, 11:34:38.559, 1726066048214, vstest.console.dll, TestPluginManager.CreateTestExtension: Attempting to load test extension: Microsoft.VisualStudio.TestPlatform.CrossPlatEngine.Hosting.DotnetTestHostManager
TpTrace Information: 0 : 9236, 1, 2024/07/04, 11:34:38.559, 1726066051241, vstest.console.dll, InferRunSettingsHelper.IsTestSettingsEnabled: Unable to navigate to RunSettings/MSTest. Current node: RunSettings
TpTrace Verbose: 0 : 9236, 1, 2024/07/04, 11:34:38.559, 1726066054258, vstest.console.dll, ParallelOperationManager.ClearSlots: Clearing all slots. Slots should accept more work: True
TpTrace Verbose: 0 : 9236, 1, 2024/07/04, 11:34:38.560, 1726066057919, vstest.console.dll, ParallelOperationManager.SetOccupiedSlotCount: Setting slot counts AvailableSlotCount = 3, OccupiedSlotCount = 0.
TpTrace Verbose: 0 : 9236, 1, 2024/07/04, 11:34:38.560, 1726066059621, vstest.console.dll, Occupied slots:

TpTrace Verbose: 0 : 9236, 1, 2024/07/04, 11:34:38.562, 1726066079570, vstest.console.dll, TestEngine.GetExecutionManager: Chosen execution manager 'Microsoft.VisualStudio.TestPlatform.CrossPlatEngine.Client.Parallel.ParallelProxyExecutionManager, Microsoft.TestPlatform.CrossPlatEngine, Version=15.0.0.0, Culture=neutral, PublicKeyToken=b03f5f7f11d50a3a' ParallelLevel '1'.
TpTrace Verbose: 0 : 9236, 1, 2024/07/04, 11:34:38.562, 1726066080484, vstest.console.dll, TestRunRequest.ExecuteAsync: Creating test run request.
TpTrace Verbose: 0 : 9236, 1, 2024/07/04, 11:34:38.562, 1726066081748, vstest.console.dll, TestRunRequest.ExecuteAsync: Starting.
TpTrace Information: 0 : 9236, 1, 2024/07/04, 11:34:38.563, 1726066087996, vstest.console.dll, TestRunRequest.ExecuteAsync: Starting run with settings:TestRunCriteria:
   KeepAlive=False,FrequencyOfRunStatsChangeEvent=10,RunStatsChangeEventTimeout=00:00:01.5000000,TestCaseFilter=,TestExecutorLauncher=
   Settingsxml=<RunSettings>
  <RunConfiguration>
    <ResultsDirectory>C:\Stuart\Projects\nunit-csharp-samples-master\nunit-csharp-samples-master\TestsForMethodsToTest\bin\Debug\net8.0\fine-code-coverage\coverage-tool-output</ResultsDirectory>
    <TargetPlatform>X64</TargetPlatform>
    <TargetFrameworkVersion>.NETCoreApp,Version=v8.0</TargetFrameworkVersion>
    <DesignMode>False</DesignMode>
    <CollectSourceInformation>False</CollectSourceInformation>
  </RunConfiguration>
  <LoggerRunSettings>
    <Loggers>
      <Logger friendlyName="blame" enabled="True" />
      <Logger friendlyName="Console" uri="logger://microsoft/TestPlatform/ConsoleLogger/v1" assemblyQualifiedName="Microsoft.VisualStudio.TestPlatform.CommandLine.Internal.ConsoleLogger, vstest.console, Version=15.0.0.0, Culture=neutral, PublicKeyToken=b03f5f7f11d50a3a" codeBase="C:\Program Files\dotnet\sdk\8.0.200\vstest.console.dll" enabled="True" />
    </Loggers>
  </LoggerRunSettings>
  <DataCollectionRunSettings>
    <DataCollectors>
      <DataCollector friendlyName="blame" enabled="True">
        <Configuration>
          <ResultsDirectory>C:\Stuart\Projects\nunit-csharp-samples-master\nunit-csharp-samples-master\TestsForMethodsToTest\bin\Debug\net8.0\fine-code-coverage\coverage-tool-output</ResultsDirectory>
        </Configuration>
      </DataCollector>
    </DataCollectors>
  </DataCollectionRunSettings>
</RunSettings>

TpTrace Verbose: 0 : 9236, 1, 2024/07/04, 11:34:38.563, 1726066088376, vstest.console.dll, TestRunRequest.ExecuteAsync: Wait for the first run request is over.
TpTrace Verbose: 0 : 9236, 1, 2024/07/04, 11:34:38.563, 1726066090617, vstest.console.dll, MulticastDelegateUtilities.SafeInvoke: TestRun.TestRunStart: Invoking callbacks was skipped because there are no subscribers.
TpTrace Verbose: 0 : 9236, 4, 2024/07/04, 11:34:38.563, 1726066092436, vstest.console.dll, MulticastDelegateUtilities.SafeInvoke: InternalTestLoggerEvents.SendTestRunStart: Invoking callback 1/1 for Microsoft.VisualStudio.TestPlatform.CommandLine.Internal.ConsoleLogger., took 0 ms.
TpTrace Verbose: 0 : 9236, 1, 2024/07/04, 11:34:38.563, 1726066096303, vstest.console.dll, ParallelProxyExecutionManager: Start execution. Total sources: 1
TpTrace Verbose: 0 : 9236, 1, 2024/07/04, 11:34:38.564, 1726066098171, vstest.console.dll, ParallelOperationManager.StartWork: Starting adding 1 workloads.
TpTrace Verbose: 0 : 9236, 1, 2024/07/04, 11:34:38.564, 1726066098616, vstest.console.dll, ParallelOperationManager.ClearSlots: Clearing all slots. Slots should accept more work: True
TpTrace Verbose: 0 : 9236, 1, 2024/07/04, 11:34:38.564, 1726066098920, vstest.console.dll, ParallelOperationManager.SetOccupiedSlotCount: Setting slot counts AvailableSlotCount = 3, OccupiedSlotCount = 0.
TpTrace Verbose: 0 : 9236, 1, 2024/07/04, 11:34:38.564, 1726066099074, vstest.console.dll, Occupied slots:

TpTrace Verbose: 0 : 9236, 1, 2024/07/04, 11:34:38.564, 1726066106498, vstest.console.dll, TestRequestSender is acting as server.
TpTrace Verbose: 0 : 9236, 1, 2024/07/04, 11:34:38.565, 1726066112579, vstest.console.dll, ParallelOperationManager.RunWorkInParallel: Adding 1 workload to slot, remaining workloads 0.
TpTrace Verbose: 0 : 9236, 1, 2024/07/04, 11:34:38.565, 1726066112954, vstest.console.dll, ParallelOperationManager.SetOccupiedSlotCount: Setting slot counts AvailableSlotCount = 2, OccupiedSlotCount = 1.
TpTrace Verbose: 0 : 9236, 1, 2024/07/04, 11:34:38.565, 1726066113599, vstest.console.dll, Occupied slots:
0: C:\Stuart\Projects\nunit-csharp-samples-master\nunit-csharp-samples-master\TestsForMethodsToTest\bin\Debug\net8.0\fine-code-coverage\build-output\TestsForMethodsToTest.dll
TpTrace Verbose: 0 : 9236, 1, 2024/07/04, 11:34:38.566, 1726066119352, vstest.console.dll, ParallelOperationManager.RunWorkInParallel: Started host in slot number 0 for work (source): C:\Stuart\Projects\nunit-csharp-samples-master\nunit-csharp-samples-master\TestsForMethodsToTest\bin\Debug\net8.0\fine-code-coverage\build-output\TestsForMethodsToTest.dll.
TpTrace Verbose: 0 : 9236, 1, 2024/07/04, 11:34:38.567, 1726066127900, vstest.console.dll, ParallelOperationManager.RunWorkInParallel: We started 1 work items, which is the max parallel level. Won't start more work.
TpTrace Verbose: 0 : 9236, 1, 2024/07/04, 11:34:38.567, 1726066128232, vstest.console.dll, ParallelOperationManager.RunWorkInParallel: We started 1 work items in here, returning True.
TpTrace Information: 0 : 9236, 1, 2024/07/04, 11:34:38.567, 1726066128418, vstest.console.dll, TestRunRequest.ExecuteAsync: Started.
TpTrace Verbose: 0 : 9236, 5, 2024/07/04, 11:34:38.567, 1726066129029, vstest.console.dll, ParallelProxyExecutionManager.StartTestRunOnConcurrentManager: Initializing uninitialized client. Started clients: 0
TpTrace Verbose: 0 : 9236, 5, 2024/07/04, 11:34:38.567, 1726066130171, vstest.console.dll, DataCollectionRequestSender.InitializeCommunication : Initialize communication. 
TpTrace Verbose: 0 : 9236, 1, 2024/07/04, 11:34:38.567, 1726066131606, vstest.console.dll, TestRunRequest.WaitForCompletion: Waiting with timeout -1.
TpTrace Information: 0 : 9236, 5, 2024/07/04, 11:34:38.571, 1726066168812, vstest.console.dll, Listening on Endpoint : 127.0.0.1:57085
TpTrace Verbose: 0 : 9236, 5, 2024/07/04, 11:34:38.574, 1726066203479, vstest.console.dll, DotnetDataCollectionLauncher: Adding  --runtimeconfig "C:\Program Files\dotnet\sdk\8.0.200\datacollector.runtimeconfig.json" in args
TpTrace Verbose: 0 : 9236, 5, 2024/07/04, 11:34:38.574, 1726066204239, vstest.console.dll, DotnetDataCollectionLauncher: Adding  --depsfile "C:\Program Files\dotnet\sdk\8.0.200\datacollector.deps.json" in args
TpTrace Verbose: 0 : 9236, 5, 2024/07/04, 11:34:38.574, 1726066205098, vstest.console.dll, DotnetDataCollectionLauncher: Full path of dotnet.exe is C:\Program Files\dotnet\dotnet.exe
TpTrace Information: 0 : 9236, 5, 2024/07/04, 11:34:38.578, 1726066243626, vstest.console.dll, ProxyDataCollectionManager.Initialize: Launched datacollector processId: 24108 port: 57085
TpTrace Information: 0 : 9236, 5, 2024/07/04, 11:34:38.578, 1726066244457, vstest.console.dll, ProxyDataCollectionManager.Initialize: waiting for connection with timeout: 90 seconds
TpTrace Verbose: 0 : 9236, 5, 2024/07/04, 11:34:38.578, 1726066244685, vstest.console.dll, DataCollectionRequestSender.WaitForRequestHandlerConnection : Waiting for connection with timeout: 90000
TpTrace Information: 0 : 9236, 7, 2024/07/04, 11:34:38.659, 1726067055324, vstest.console.dll, Using the buffer size of 16384 bytes
TpTrace Verbose: 0 : 9236, 5, 2024/07/04, 11:34:38.659, 1726067055389, vstest.console.dll, SocketCommunicationManager.WaitForClientConnection took: 81 ms, with 90000 ms timeout, and finished with True.
TpTrace Information: 0 : 9236, 7, 2024/07/04, 11:34:38.659, 1726067055947, vstest.console.dll, Accepted Client request and set the flag
TpTrace Verbose: 0 : 9236, 5, 2024/07/04, 11:34:38.659, 1726067056622, vstest.console.dll, ProxyDataCollectionManager.InvokeDataCollectionServiceAction: Starting.
TpTrace Information: 0 : 9236, 5, 2024/07/04, 11:34:38.660, 1726067056983, vstest.console.dll, ProxyDataCollectionManager.BeforeTestRunStart: Get environment variable and port for datacollector processId: 24108 port: 57085
TpTrace Verbose: 0 : 9236, 5, 2024/07/04, 11:34:38.660, 1726067057583, vstest.console.dll, DataCollectionRequestSender.SendBeforeTestRunStartAndGetResult: Send BeforeTestRunStart message with settingsXml <RunSettings><RunConfiguration><ResultsDirectory>C:\Stuart\Projects\nunit-csharp-samples-master\nunit-csharp-samples-master\TestsForMethodsToTest\bin\Debug\net8.0\fine-code-coverage\coverage-tool-output</ResultsDirectory><TargetPlatform>X64</TargetPlatform><TargetFrameworkVersion>.NETCoreApp,Version=v8.0</TargetFrameworkVersion><DesignMode>False</DesignMode><CollectSourceInformation>False</CollectSourceInformation><TestAdaptersPaths>C:\Program Files\dotnet\sdk\8.0.200\Extensions</TestAdaptersPaths></RunConfiguration><LoggerRunSettings><Loggers><Logger friendlyName="blame" enabled="True" /><Logger friendlyName="Console" uri="logger://microsoft/TestPlatform/ConsoleLogger/v1" assemblyQualifiedName="Microsoft.VisualStudio.TestPlatform.CommandLine.Internal.ConsoleLogger, vstest.console, Version=15.0.0.0, Culture=neutral, PublicKeyToken=b03f5f7f11d50a3a" codeBase="C:\Program Files\dotnet\sdk\8.0.200\vstest.console.dll" enabled="True" /></Loggers></LoggerRunSettings><DataCollectionRunSettings><DataCollectors><DataCollector friendlyName="blame" enabled="True"><Configuration><ResultsDirectory>C:\Stuart\Projects\nunit-csharp-samples-master\nunit-csharp-samples-master\TestsForMethodsToTest\bin\Debug\net8.0\fine-code-coverage\coverage-tool-output</ResultsDirectory></Configuration></DataCollector></DataCollectors></DataCollectionRunSettings></RunSettings> and sources System.Collections.Generic.List`1[System.String]: 
TpTrace Verbose: 0 : 9236, 5, 2024/07/04, 11:34:38.688, 1726067345711, vstest.console.dll, DataCollectionRequestSender.SendBeforeTestRunStartAndGetResult: Received message: (DataCollection.SendMessage) -> {"MessageType":"DataCollection.SendMessage","Payload":{"FriendlyName":null,"Uri":null,"TestCaseId":"00000000-0000-0000-0000-000000000000","Message":"Logging DataCollector Diagnostics in file: C:\\Stuart\\Projects\\nunit-csharp-samples-master\\nunit-csharp-samples-master\\TestsForMethodsToTest\\bin\\Debug\\net8.0\\fine-code-coverage\\coverage-tool-output\\diagnostics.datacollector.24-07-04_11-34-38_57450_5.log","Level":0}}
TpTrace Verbose: 0 : 9236, 5, 2024/07/04, 11:34:38.735, 1726067814038, vstest.console.dll, DataCollectionRequestSender.SendBeforeTestRunStartAndGetResult: Received message: (DataCollection.BeforeTestRunStartResult) -> {"MessageType":"DataCollection.BeforeTestRunStartResult","Payload":{"EnvironmentVariables":{},"DataCollectionEventsPort":57087}}
TpTrace Information: 0 : 9236, 5, 2024/07/04, 11:34:38.738, 1726067839341, vstest.console.dll, ProxyDataCollectionManager.BeforeTestRunStart: SendBeforeTestRunStartAndGetResult successful, env variable from datacollector:   and testhost port: 57087
TpTrace Information: 0 : 9236, 5, 2024/07/04, 11:34:38.738, 1726067839878, vstest.console.dll, ProxyDataCollectionManager.InvokeDataCollectionServiceAction: Completed.
TpTrace Verbose: 0 : 9236, 5, 2024/07/04, 11:34:38.738, 1726067840112, vstest.console.dll, ParallelProxyExecutionManager.StartTestRunOnConcurrentManager: Initializing test run. Started clients: 0
TpTrace Verbose: 0 : 9236, 5, 2024/07/04, 11:34:38.738, 1726067840568, vstest.console.dll, ProxyExecutionManager: Test host is always Lazy initialize.
TpTrace Verbose: 0 : 9236, 5, 2024/07/04, 11:34:38.738, 1726067841678, vstest.console.dll, TestRequestSender.InitializeCommunication: initialize communication. 
TpTrace Information: 0 : 9236, 5, 2024/07/04, 11:34:38.738, 1726067845049, vstest.console.dll, SocketServer.Start: Listening on endpoint : 127.0.0.1:57088
TpTrace Verbose: 0 : 9236, 5, 2024/07/04, 11:34:38.739, 1726067849517, vstest.console.dll, DotnetTestHostmanager.GetTestHostProcessStartInfo: Platform environment 'X64' target architecture 'X64' framework '.NETCoreApp,Version=v8.0' OS 'Windows'
TpTrace Verbose: 0 : 9236, 5, 2024/07/04, 11:34:38.739, 1726067850658, vstest.console.dll, DotnetTestHostmanager: Adding  --runtimeconfig "C:\Stuart\Projects\nunit-csharp-samples-master\nunit-csharp-samples-master\TestsForMethodsToTest\bin\Debug\net8.0\fine-code-coverage\build-output\TestsForMethodsToTest.runtimeconfig.json" in args
TpTrace Verbose: 0 : 9236, 5, 2024/07/04, 11:34:38.739, 1726067851107, vstest.console.dll, DotnetTestHostmanager: Adding  --depsfile "C:\Stuart\Projects\nunit-csharp-samples-master\nunit-csharp-samples-master\TestsForMethodsToTest\bin\Debug\net8.0\fine-code-coverage\build-output\TestsForMethodsToTest.deps.json" in args
TpTrace Verbose: 0 : 9236, 5, 2024/07/04, 11:34:38.739, 1726067851952, vstest.console.dll, DotnetTestHostmanager.IsWinOnArm: Current PROCESSOR_ARCHITECTURE from environment variable 'AMD64'
TpTrace Verbose: 0 : 9236, 5, 2024/07/04, 11:34:38.739, 1726067852201, vstest.console.dll, DotnetTestHostmanager.IsWinOnArm: Is Windows on ARM 'False'
TpTrace Verbose: 0 : 9236, 5, 2024/07/04, 11:34:38.739, 1726067852612, vstest.console.dll, DotnetTestHostManager: testhost.exe found at path: C:\Stuart\Projects\nunit-csharp-samples-master\nunit-csharp-samples-master\TestsForMethodsToTest\bin\Debug\net8.0\fine-code-coverage\build-output\testhost.exe
TpTrace Verbose: 0 : 9236, 5, 2024/07/04, 11:34:38.739, 1726067852804, vstest.console.dll, DotnetTestHostmanager: Full path of host exe is C:\Stuart\Projects\nunit-csharp-samples-master\nunit-csharp-samples-master\TestsForMethodsToTest\bin\Debug\net8.0\fine-code-coverage\build-output\testhost.exe
TpTrace Verbose: 0 : 9236, 5, 2024/07/04, 11:34:38.739, 1726067853391, vstest.console.dll, DotnetTestHostmanager.LaunchTestHostAsync: Found 'VSTEST_WINAPPHOST_DOTNET_ROOT' in env variables, value 'C:\Program Files\dotnet', forwarding to 'DOTNET_ROOT'
TpTrace Verbose: 0 : 9236, 5, 2024/07/04, 11:34:38.739, 1726067854112, vstest.console.dll, DotnetTestHostManager: Starting process 'C:\Stuart\Projects\nunit-csharp-samples-master\nunit-csharp-samples-master\TestsForMethodsToTest\bin\Debug\net8.0\fine-code-coverage\build-output\testhost.exe' with command line ' --runtimeconfig "C:\Stuart\Projects\nunit-csharp-samples-master\nunit-csharp-samples-master\TestsForMethodsToTest\bin\Debug\net8.0\fine-code-coverage\build-output\TestsForMethodsToTest.runtimeconfig.json" --depsfile "C:\Stuart\Projects\nunit-csharp-samples-master\nunit-csharp-samples-master\TestsForMethodsToTest\bin\Debug\net8.0\fine-code-coverage\build-output\TestsForMethodsToTest.deps.json" --port 57088 --endpoint 127.0.0.1:057088 --role client --parentprocessid 9236 --diag "C:\Stuart\Projects\nunit-csharp-samples-master\nunit-csharp-samples-master\TestsForMethodsToTest\bin\Debug\net8.0\fine-code-coverage\coverage-tool-output\diagnostics.host.24-07-04_11-34-38_73904_5.log" --tracelevel 4 --datacollectionport 57087 --telemetryoptedin false'
TpTrace Verbose: 0 : 9236, 5, 2024/07/04, 11:34:38.743, 1726067893004, vstest.console.dll, MulticastDelegateUtilities.SafeInvoke: HostProviderEvents.OnHostLaunched: Invoking callback 1/2 for Microsoft.VisualStudio.TestPlatform.CrossPlatEngine.Client.ProxyExecutionManagerWithDataCollection., took 0 ms.
TpTrace Verbose: 0 : 9236, 5, 2024/07/04, 11:34:38.743, 1726067894956, vstest.console.dll, Test Runtime launched
TpTrace Verbose: 0 : 9236, 5, 2024/07/04, 11:34:38.743, 1726067895318, vstest.console.dll, MulticastDelegateUtilities.SafeInvoke: HostProviderEvents.OnHostLaunched: Invoking callback 2/2 for Microsoft.VisualStudio.TestPlatform.CrossPlatEngine.Client.ProxyOperationManager., took 0 ms.
TpTrace Verbose: 0 : 9236, 5, 2024/07/04, 11:34:38.743, 1726067895955, vstest.console.dll, TestRequestSender.WaitForRequestHandlerConnection: waiting for connection with timeout: 90000.
TpTrace Verbose: 0 : 9236, 13, 2024/07/04, 11:34:38.836, 1726068820884, vstest.console.dll, MulticastDelegateUtilities.SafeInvoke: SocketServer: ClientConnected: Invoking callback 1/1 for Microsoft.VisualStudio.TestPlatform.CommunicationUtilities.TestRequestSender., took 0 ms.
TpTrace Verbose: 0 : 9236, 5, 2024/07/04, 11:34:38.836, 1726068820897, vstest.console.dll, TestRequestSender.WaitForRequestHandlerConnection: waiting took 92 ms, with timeout 90000 ms, and result 0, which is success.
TpTrace Verbose: 0 : 9236, 13, 2024/07/04, 11:34:38.836, 1726068821541, vstest.console.dll, SocketServer.OnClientConnected: Client connected for endPoint: 127.0.0.1:57088, starting MessageLoopAsync:
TpTrace Verbose: 0 : 9236, 13, 2024/07/04, 11:34:38.836, 1726068825814, vstest.console.dll, TcpClientExtensions.MessageLoopAsync: Polling on remoteEndPoint: 127.0.0.1:57089 localEndPoint: 127.0.0.1:57088 after 0 ms
TpTrace Verbose: 0 : 9236, 5, 2024/07/04, 11:34:38.837, 1726068830212, vstest.console.dll, TestRequestSender.CheckVersionWithTestHost: Sending check version message: {"MessageType":"ProtocolVersion","Payload":7}
TpTrace Verbose: 0 : 9236, 13, 2024/07/04, 11:34:38.896, 1726069420271, vstest.console.dll, TcpClientExtensions.MessageLoopAsync: NotifyDataAvailable remoteEndPoint: 127.0.0.1:57089 localEndPoint: 127.0.0.1:57088
TpTrace Verbose: 0 : 9236, 13, 2024/07/04, 11:34:38.896, 1726069421801, vstest.console.dll, TestRequestSender.CheckVersionWithTestHost: onMessageReceived received message: (ProtocolVersion) -> {"MessageType":"ProtocolVersion","Payload":7}
TpTrace Verbose: 0 : 9236, 13, 2024/07/04, 11:34:38.897, 1726069428256, vstest.console.dll, MulticastDelegateUtilities.SafeInvoke: LengthPrefixCommunicationChannel: MessageReceived: Invoking callback 1/1 for Microsoft.VisualStudio.TestPlatform.CommunicationUtilities.TestRequestSender+<>c__DisplayClass29_0., took 0 ms.
TpTrace Verbose: 0 : 9236, 5, 2024/07/04, 11:34:38.897, 1726069428844, vstest.console.dll, TestPluginCache.GetExtensionPaths: Filtered extension paths: 
TpTrace Verbose: 0 : 9236, 13, 2024/07/04, 11:34:38.897, 1726069428936, vstest.console.dll, TcpClientExtensions.MessageLoopAsync: Polling on remoteEndPoint: 127.0.0.1:57089 localEndPoint: 127.0.0.1:57088 after 60 ms
TpTrace Verbose: 0 : 9236, 5, 2024/07/04, 11:34:38.897, 1726069429646, vstest.console.dll, TestPluginCache.GetExtensionPaths: Added default extension paths: C:\Program Files\dotnet\sdk\8.0.200\Extensions\Microsoft.Diagnostics.NETCore.Client.dll
C:\Program Files\dotnet\sdk\8.0.200\Extensions\Microsoft.TestPlatform.Extensions.BlameDataCollector.dll
C:\Program Files\dotnet\sdk\8.0.200\Extensions\Microsoft.TestPlatform.Extensions.EventLogCollector.dll
C:\Program Files\dotnet\sdk\8.0.200\Extensions\Microsoft.TestPlatform.TestHostRuntimeProvider.dll
C:\Program Files\dotnet\sdk\8.0.200\Extensions\Microsoft.VisualStudio.TestPlatform.Extensions.Html.TestLogger.dll
C:\Program Files\dotnet\sdk\8.0.200\Extensions\Microsoft.VisualStudio.TestPlatform.Extensions.Trx.TestLogger.dll
TpTrace Verbose: 0 : 9236, 5, 2024/07/04, 11:34:38.897, 1726069430296, vstest.console.dll, TestPluginCache.GetExtensionPaths: Added unfilterableExtensionPaths: 
TpTrace Verbose: 0 : 9236, 5, 2024/07/04, 11:34:38.898, 1726069443944, vstest.console.dll, TestRequestSender.InitializeExecution: Sending initialize execution with message: {"Version":7,"MessageType":"TestExecution.Initialize","Payload":["C:\\Stuart\\Projects\\nunit-csharp-samples-master\\nunit-csharp-samples-master\\TestsForMethodsToTest\\bin\\Debug\\net8.0\\fine-code-coverage\\build-output\\NUnit3.TestAdapter.dll"]}
TpTrace Verbose: 0 : 9236, 5, 2024/07/04, 11:34:38.898, 1726069444806, vstest.console.dll, ParallelProxyExecutionManager.StartTestRunOnConcurrentManager: Execution starting. Started clients: 1
TpTrace Verbose: 0 : 9236, 5, 2024/07/04, 11:34:38.898, 1726069446117, vstest.console.dll, TestRunRequest:SendTestRunMessage: Starting.
TpTrace Verbose: 0 : 9236, 5, 2024/07/04, 11:34:38.898, 1726069446907, vstest.console.dll, MulticastDelegateUtilities.SafeInvoke: TestRun.LogMessages: Invoking callback 1/1 for Microsoft.VisualStudio.TestPlatform.CommandLine.TestRunResultAggregator., took 0 ms.
TpTrace Information: 0 : 9236, 5, 2024/07/04, 11:34:38.899, 1726069447121, vstest.console.dll, TestRunRequest:SendTestRunMessage: Completed.
TpTrace Verbose: 0 : 9236, 4, 2024/07/04, 11:34:38.899, 1726069448495, vstest.console.dll, MulticastDelegateUtilities.SafeInvoke: InternalTestLoggerEvents.SendTestRunMessage: Invoking callback 1/1 for Microsoft.VisualStudio.TestPlatform.CommandLine.Internal.ConsoleLogger., took 0 ms.
TpTrace Warning: 0 : 9236, 5, 2024/07/04, 11:34:38.899, 1726069449230, vstest.console.dll, InferRunSettingsHelper.MakeRunsettingsCompatible: Removing the following settings: TargetPlatform from RunSettings file. To use those settings please move to latest version of Microsoft.NET.Test.Sdk
TpTrace Verbose: 0 : 9236, 13, 2024/07/04, 11:34:38.899, 1726069455774, vstest.console.dll, TcpClientExtensions.MessageLoopAsync: NotifyDataAvailable remoteEndPoint: 127.0.0.1:57089 localEndPoint: 127.0.0.1:57088
TpTrace Verbose: 0 : 9236, 13, 2024/07/04, 11:34:38.900, 1726069457632, vstest.console.dll, TestRequestSender.OnExecutionMessageReceived: Received message: {"Version":7,"MessageType":"TestSession.Message","Payload":{"MessageLevel":0,"Message":"Logging TestHost Diagnostics in file: C:\\Stuart\\Projects\\nunit-csharp-samples-master\\nunit-csharp-samples-master\\TestsForMethodsToTest\\bin\\Debug\\net8.0\\fine-code-coverage\\coverage-tool-output\\diagnostics.host.24-07-04_11-34-38_73904_5.log"}}
TpTrace Verbose: 0 : 9236, 13, 2024/07/04, 11:34:38.901, 1726069471601, vstest.console.dll, TestRunRequest:SendTestRunMessage: Starting.
TpTrace Verbose: 0 : 9236, 13, 2024/07/04, 11:34:38.901, 1726069472133, vstest.console.dll, MulticastDelegateUtilities.SafeInvoke: TestRun.LogMessages: Invoking callback 1/1 for Microsoft.VisualStudio.TestPlatform.CommandLine.TestRunResultAggregator., took 0 ms.
TpTrace Information: 0 : 9236, 13, 2024/07/04, 11:34:38.901, 1726069472302, vstest.console.dll, TestRunRequest:SendTestRunMessage: Completed.
TpTrace Verbose: 0 : 9236, 13, 2024/07/04, 11:34:38.901, 1726069472456, vstest.console.dll, MulticastDelegateUtilities.SafeInvoke: LengthPrefixCommunicationChannel: MessageReceived: Invoking callback 1/1 for Microsoft.VisualStudio.TestPlatform.CommunicationUtilities.TestRequestSender+<>c__DisplayClass34_0., took 1 ms.
TpTrace Verbose: 0 : 9236, 13, 2024/07/04, 11:34:38.901, 1726069473247, vstest.console.dll, TcpClientExtensions.MessageLoopAsync: Polling on remoteEndPoint: 127.0.0.1:57089 localEndPoint: 127.0.0.1:57088 after 4 ms
TpTrace Verbose: 0 : 9236, 4, 2024/07/04, 11:34:38.901, 1726069473622, vstest.console.dll, MulticastDelegateUtilities.SafeInvoke: InternalTestLoggerEvents.SendTestRunMessage: Invoking callback 1/1 for Microsoft.VisualStudio.TestPlatform.CommandLine.Internal.ConsoleLogger., took 0 ms.
TpTrace Verbose: 0 : 9236, 5, 2024/07/04, 11:34:38.902, 1726069480115, vstest.console.dll, TestRequestSender.StartTestRun: Sending test run with message: {"Version":7,"MessageType":"TestExecution.StartWithSources","Payload":{"AdapterSourceMap":{"_none_":["C:\\Stuart\\Projects\\nunit-csharp-samples-master\\nunit-csharp-samples-master\\TestsForMethodsToTest\\bin\\Debug\\net8.0\\fine-code-coverage\\build-output\\TestsForMethodsToTest.dll"]},"RunSettings":"<RunSettings>\r\n  <RunConfiguration>\r\n    <ResultsDirectory>C:\\Stuart\\Projects\\nunit-csharp-samples-master\\nunit-csharp-samples-master\\TestsForMethodsToTest\\bin\\Debug\\net8.0\\fine-code-coverage\\coverage-tool-output</ResultsDirectory>\r\n    <TargetFrameworkVersion>.NETCoreApp,Version=v8.0</TargetFrameworkVersion>\r\n    <DesignMode>False</DesignMode>\r\n    <CollectSourceInformation>False</CollectSourceInformation>\r\n  </RunConfiguration>\r\n  <LoggerRunSettings>\r\n    <Loggers>\r\n      <Logger friendlyName=\"blame\" enabled=\"True\" />\r\n      <Logger friendlyName=\"Console\" uri=\"logger://microsoft/TestPlatform/ConsoleLogger/v1\" assemblyQualifiedName=\"Microsoft.VisualStudio.TestPlatform.CommandLine.Internal.ConsoleLogger, vstest.console, Version=15.0.0.0, Culture=neutral, PublicKeyToken=b03f5f7f11d50a3a\" codeBase=\"C:\\Program Files\\dotnet\\sdk\\8.0.200\\vstest.console.dll\" enabled=\"True\" />\r\n    </Loggers>\r\n  </LoggerRunSettings>\r\n  <DataCollectionRunSettings>\r\n    <DataCollectors>\r\n      <DataCollector friendlyName=\"blame\" enabled=\"True\">\r\n        <Configuration>\r\n          <ResultsDirectory>C:\\Stuart\\Projects\\nunit-csharp-samples-master\\nunit-csharp-samples-master\\TestsForMethodsToTest\\bin\\Debug\\net8.0\\fine-code-coverage\\coverage-tool-output</ResultsDirectory>\r\n        </Configuration>\r\n      </DataCollector>\r\n    </DataCollectors>\r\n  </DataCollectionRunSettings>\r\n</RunSettings>","TestExecutionContext":{"FrequencyOfRunStatsChangeEvent":10,"RunStatsChangeEventTimeout":"00:00:01.5000000","InIsolation":false,"KeepAlive":false,"AreTestCaseLevelEventsRequired":false,"IsDebug":false,"TestCaseFilter":null,"FilterOptions":null},"Package":null}}
TpTrace Verbose: 0 : 9236, 5, 2024/07/04, 11:34:38.902, 1726069480829, vstest.console.dll, ParallelProxyExecutionManager.StartTestRunOnConcurrentManager: Execution started. Started clients: 1
TpTrace Verbose: 0 : 9236, 13, 2024/07/04, 11:34:38.982, 1726070285998, vstest.console.dll, TcpClientExtensions.MessageLoopAsync: NotifyDataAvailable remoteEndPoint: 127.0.0.1:57089 localEndPoint: 127.0.0.1:57088
TpTrace Verbose: 0 : 9236, 13, 2024/07/04, 11:34:38.983, 1726070287068, vstest.console.dll, TestRequestSender.OnExecutionMessageReceived: Received message: {"Version":7,"MessageType":"TestSession.Message","Payload":{"MessageLevel":0,"Message":"NUnit Adapter 4.5.0.0: Test execution started"}}
TpTrace Verbose: 0 : 9236, 13, 2024/07/04, 11:34:38.983, 1726070288131, vstest.console.dll, TestRunRequest:SendTestRunMessage: Starting.
TpTrace Verbose: 0 : 9236, 13, 2024/07/04, 11:34:38.983, 1726070288478, vstest.console.dll, MulticastDelegateUtilities.SafeInvoke: TestRun.LogMessages: Invoking callback 1/1 for Microsoft.VisualStudio.TestPlatform.CommandLine.TestRunResultAggregator., took 0 ms.
TpTrace Information: 0 : 9236, 13, 2024/07/04, 11:34:38.983, 1726070288660, vstest.console.dll, TestRunRequest:SendTestRunMessage: Completed.
TpTrace Verbose: 0 : 9236, 4, 2024/07/04, 11:34:38.983, 1726070288709, vstest.console.dll, MulticastDelegateUtilities.SafeInvoke: InternalTestLoggerEvents.SendTestRunMessage: Invoking callback 1/1 for Microsoft.VisualStudio.TestPlatform.CommandLine.Internal.ConsoleLogger., took 0 ms.
TpTrace Verbose: 0 : 9236, 13, 2024/07/04, 11:34:38.983, 1726070288797, vstest.console.dll, MulticastDelegateUtilities.SafeInvoke: LengthPrefixCommunicationChannel: MessageReceived: Invoking callback 1/1 for Microsoft.VisualStudio.TestPlatform.CommunicationUtilities.TestRequestSender+<>c__DisplayClass34_0., took 0 ms.
TpTrace Verbose: 0 : 9236, 13, 2024/07/04, 11:34:38.983, 1726070290673, vstest.console.dll, TcpClientExtensions.MessageLoopAsync: Polling on remoteEndPoint: 127.0.0.1:57089 localEndPoint: 127.0.0.1:57088 after 81 ms
TpTrace Verbose: 0 : 9236, 13, 2024/07/04, 11:34:38.995, 1726070410868, vstest.console.dll, TcpClientExtensions.MessageLoopAsync: NotifyDataAvailable remoteEndPoint: 127.0.0.1:57089 localEndPoint: 127.0.0.1:57088
TpTrace Verbose: 0 : 9236, 13, 2024/07/04, 11:34:38.995, 1726070411852, vstest.console.dll, TestRequestSender.OnExecutionMessageReceived: Received message: {"Version":7,"MessageType":"TestSession.Message","Payload":{"MessageLevel":0,"Message":"Running all tests in C:\\Stuart\\Projects\\nunit-csharp-samples-master\\nunit-csharp-samples-master\\TestsForMethodsToTest\\bin\\Debug\\net8.0\\fine-code-coverage\\build-output\\TestsForMethodsToTest.dll"}}
TpTrace Verbose: 0 : 9236, 13, 2024/07/04, 11:34:38.995, 1726070412538, vstest.console.dll, TestRunRequest:SendTestRunMessage: Starting.
TpTrace Verbose: 0 : 9236, 13, 2024/07/04, 11:34:38.995, 1726070412821, vstest.console.dll, MulticastDelegateUtilities.SafeInvoke: TestRun.LogMessages: Invoking callback 1/1 for Microsoft.VisualStudio.TestPlatform.CommandLine.TestRunResultAggregator., took 0 ms.
TpTrace Information: 0 : 9236, 13, 2024/07/04, 11:34:38.995, 1726070412970, vstest.console.dll, TestRunRequest:SendTestRunMessage: Completed.
TpTrace Verbose: 0 : 9236, 13, 2024/07/04, 11:34:38.995, 1726070413086, vstest.console.dll, MulticastDelegateUtilities.SafeInvoke: LengthPrefixCommunicationChannel: MessageReceived: Invoking callback 1/1 for Microsoft.VisualStudio.TestPlatform.CommunicationUtilities.TestRequestSender+<>c__DisplayClass34_0., took 0 ms.
TpTrace Verbose: 0 : 9236, 13, 2024/07/04, 11:34:38.995, 1726070413211, vstest.console.dll, TcpClientExtensions.MessageLoopAsync: Polling on remoteEndPoint: 127.0.0.1:57089 localEndPoint: 127.0.0.1:57088 after 12 ms
TpTrace Verbose: 0 : 9236, 4, 2024/07/04, 11:34:38.995, 1726070414277, vstest.console.dll, MulticastDelegateUtilities.SafeInvoke: InternalTestLoggerEvents.SendTestRunMessage: Invoking callback 1/1 for Microsoft.VisualStudio.TestPlatform.CommandLine.Internal.ConsoleLogger., took 0 ms.
TpTrace Verbose: 0 : 9236, 13, 2024/07/04, 11:34:39.055, 1726071010848, vstest.console.dll, TcpClientExtensions.MessageLoopAsync: NotifyDataAvailable remoteEndPoint: 127.0.0.1:57089 localEndPoint: 127.0.0.1:57088
TpTrace Verbose: 0 : 9236, 13, 2024/07/04, 11:34:39.055, 1726071011884, vstest.console.dll, TestRequestSender.OnExecutionMessageReceived: Received message: {"Version":7,"MessageType":"TestSession.Message","Payload":{"MessageLevel":0,"Message":"   NUnit3TestExecutor discovered 5 of 5 NUnit test cases using Current Discovery mode, Non-Explicit run"}}
TpTrace Verbose: 0 : 9236, 13, 2024/07/04, 11:34:39.055, 1726071012621, vstest.console.dll, TestRunRequest:SendTestRunMessage: Starting.
TpTrace Verbose: 0 : 9236, 13, 2024/07/04, 11:34:39.055, 1726071012917, vstest.console.dll, MulticastDelegateUtilities.SafeInvoke: TestRun.LogMessages: Invoking callback 1/1 for Microsoft.VisualStudio.TestPlatform.CommandLine.TestRunResultAggregator., took 0 ms.
TpTrace Information: 0 : 9236, 13, 2024/07/04, 11:34:39.055, 1726071013136, vstest.console.dll, TestRunRequest:SendTestRunMessage: Completed.
TpTrace Verbose: 0 : 9236, 13, 2024/07/04, 11:34:39.055, 1726071013283, vstest.console.dll, MulticastDelegateUtilities.SafeInvoke: LengthPrefixCommunicationChannel: MessageReceived: Invoking callback 1/1 for Microsoft.VisualStudio.TestPlatform.CommunicationUtilities.TestRequestSender+<>c__DisplayClass34_0., took 0 ms.
TpTrace Verbose: 0 : 9236, 13, 2024/07/04, 11:34:39.055, 1726071013437, vstest.console.dll, TcpClientExtensions.MessageLoopAsync: Polling on remoteEndPoint: 127.0.0.1:57089 localEndPoint: 127.0.0.1:57088 after 60 ms
TpTrace Verbose: 0 : 9236, 4, 2024/07/04, 11:34:39.055, 1726071014740, vstest.console.dll, MulticastDelegateUtilities.SafeInvoke: InternalTestLoggerEvents.SendTestRunMessage: Invoking callback 1/1 for Microsoft.VisualStudio.TestPlatform.CommandLine.Internal.ConsoleLogger., took 0 ms.
TpTrace Verbose: 0 : 9236, 13, 2024/07/04, 11:34:39.118, 1726071645878, vstest.console.dll, TcpClientExtensions.MessageLoopAsync: NotifyDataAvailable remoteEndPoint: 127.0.0.1:57089 localEndPoint: 127.0.0.1:57088
TpTrace Verbose: 0 : 9236, 13, 2024/07/04, 11:34:39.118, 1726071646676, vstest.console.dll, TestRequestSender.OnExecutionMessageReceived: Received message: {"Version":7,"MessageType":"TestSession.Message","Payload":{"MessageLevel":0,"Message":"NUnit Adapter 4.5.0.0: Test execution complete"}}
TpTrace Verbose: 0 : 9236, 13, 2024/07/04, 11:34:39.119, 1726071647304, vstest.console.dll, TestRunRequest:SendTestRunMessage: Starting.
TpTrace Verbose: 0 : 9236, 13, 2024/07/04, 11:34:39.119, 1726071647571, vstest.console.dll, MulticastDelegateUtilities.SafeInvoke: TestRun.LogMessages: Invoking callback 1/1 for Microsoft.VisualStudio.TestPlatform.CommandLine.TestRunResultAggregator., took 0 ms.
TpTrace Information: 0 : 9236, 13, 2024/07/04, 11:34:39.119, 1726071647712, vstest.console.dll, TestRunRequest:SendTestRunMessage: Completed.
TpTrace Verbose: 0 : 9236, 13, 2024/07/04, 11:34:39.119, 1726071647823, vstest.console.dll, MulticastDelegateUtilities.SafeInvoke: LengthPrefixCommunicationChannel: MessageReceived: Invoking callback 1/1 for Microsoft.VisualStudio.TestPlatform.CommunicationUtilities.TestRequestSender+<>c__DisplayClass34_0., took 0 ms.
TpTrace Verbose: 0 : 9236, 13, 2024/07/04, 11:34:39.119, 1726071647945, vstest.console.dll, TcpClientExtensions.MessageLoopAsync: Polling on remoteEndPoint: 127.0.0.1:57089 localEndPoint: 127.0.0.1:57088 after 63 ms
TpTrace Verbose: 0 : 9236, 4, 2024/07/04, 11:34:39.119, 1726071648986, vstest.console.dll, MulticastDelegateUtilities.SafeInvoke: InternalTestLoggerEvents.SendTestRunMessage: Invoking callback 1/1 for Microsoft.VisualStudio.TestPlatform.CommandLine.Internal.ConsoleLogger., took 0 ms.
TpTrace Verbose: 0 : 9236, 13, 2024/07/04, 11:34:39.141, 1726071874836, vstest.console.dll, TcpClientExtensions.MessageLoopAsync: NotifyDataAvailable remoteEndPoint: 127.0.0.1:57089 localEndPoint: 127.0.0.1:57088
TpTrace Verbose: 0 : 9236, 13, 2024/07/04, 11:34:39.141, 1726071876457, vstest.console.dll, TestRequestSender.OnExecutionMessageReceived: Received message: {"Version":7,"MessageType":"TestExecution.Completed","Payload":{"TestRunCompleteArgs":{"TestRunStatistics":{"ExecutedTests":5,"Stats":{"Passed":5}},"IsCanceled":false,"IsAborted":false,"Error":null,"AttachmentSets":[],"InvokedDataCollectors":[],"ElapsedTimeInRunningTests":"00:00:00.1491273","Metrics":{},"DiscoveredExtensions":{"TestDiscoverers":["NUnit.VisualStudio.TestAdapter.NUnit3TestDiscoverer, NUnit3.TestAdapter, Version=4.5.0.0, Culture=neutral, PublicKeyToken=4cb40d35494691ac"],"TestExecutors":["executor://NUnit3TestExecutor"],"TestExecutors2":[],"TestSettingsProviders":[]}},"LastRunTests":{"NewTestResults":[{"TestCase":{"Id":"68c8c67d-4a42-6b50-429c-f837fe6fa5c0","FullyQualifiedName":"TestsForMethodsToTest.FactorialTests(0,1).CheckFactorial","DisplayName":"CheckFactorial","ExecutorUri":"executor://NUnit3TestExecutor","Source":"C:\\Stuart\\Projects\\nunit-csharp-samples-master\\nunit-csharp-samples-master\\TestsForMethodsToTest\\bin\\Debug\\net8.0\\fine-code-coverage\\build-output\\TestsForMethodsToTest.dll","CodeFilePath":null,"LineNumber":0,"Properties":[{"Key":{"Id":"NUnit.Seed","Label":"Seed","Category":"","Description":"","Attributes":0,"ValueType":"System.String"},"Value":"145126042"}]},"Attachments":[],"Outcome":1,"ErrorMessage":null,"ErrorStackTrace":null,"DisplayName":"CheckFactorial","Messages":[],"ComputerName":"LAPTOP-L48VN982","Duration":"00:00:00.0059369","StartTime":"2024-07-04T10:34:39.0698145+00:00","EndTime":"2024-07-04T10:34:39.0757157+00:00","Properties":[{"Key":{"Id":"NUnit.Seed","Label":"Seed","Category":"","Description":"","Attributes":0,"ValueType":"System.String"},"Value":"145126042"}]},{"TestCase":{"Id":"cd25e893-3bab-a5a7-9bc2-041908a03947","FullyQualifiedName":"TestsForMethodsToTest.FactorialTests(1,1).CheckFactorial","DisplayName":"CheckFactorial","ExecutorUri":"executor://NUnit3TestExecutor","Source":"C:\\Stuart\\Projects\\nunit-csharp-samples-master\\nunit-csharp-samples-master\\TestsForMethodsToTest\\bin\\Debug\\net8.0\\fine-code-coverage\\build-output\\TestsForMethodsToTest.dll","CodeFilePath":null,"LineNumber":0,"Properties":[{"Key":{"Id":"NUnit.Seed","Label":"Seed","Category":"","Description":"","Attributes":0,"ValueType":"System.String"},"Value":"723222909"}]},"Attachments":[],"Outcome":1,"ErrorMessage":null,"ErrorStackTrace":null,"DisplayName":"CheckFactorial","Messages":[],"ComputerName":"LAPTOP-L48VN982","Duration":"00:00:00.0000980","StartTime":"2024-07-04T10:34:39.0777217+00:00","EndTime":"2024-07-04T10:34:39.0778197+00:00","Properties":[{"Key":{"Id":"NUnit.Seed","Label":"Seed","Category":"","Description":"","Attributes":0,"ValueType":"System.String"},"Value":"723222909"}]},{"TestCase":{"Id":"b3c308e2-9a8d-d79a-5fe5-e831ff48977c","FullyQualifiedName":"TestsForMethodsToTest.FactorialTests(10,3628800).CheckFactorial","DisplayName":"CheckFactorial","ExecutorUri":"executor://NUnit3TestExecutor","Source":"C:\\Stuart\\Projects\\nunit-csharp-samples-master\\nunit-csharp-samples-master\\TestsForMethodsToTest\\bin\\Debug\\net8.0\\fine-code-coverage\\build-output\\TestsForMethodsToTest.dll","CodeFilePath":null,"LineNumber":0,"Properties":[{"Key":{"Id":"NUnit.Seed","Label":"Seed","Category":"","Description":"","Attributes":0,"ValueType":"System.String"},"Value":"1206656795"}]},"Attachments":[],"Outcome":1,"ErrorMessage":null,"ErrorStackTrace":null,"DisplayName":"CheckFactorial","Messages":[],"ComputerName":"LAPTOP-L48VN982","Duration":"00:00:00.0000090","StartTime":"2024-07-04T10:34:39.077877+00:00","EndTime":"2024-07-04T10:34:39.0778856+00:00","Properties":[{"Key":{"Id":"NUnit.Seed","Label":"Seed","Category":"","Description":"","Attributes":0,"ValueType":"System.String"},"Value":"1206656795"}]},{"TestCase":{"Id":"ea6458d7-3bb8-3b5f-fb07-7f82e87b1332","FullyQualifiedName":"TestsForMethodsToTest.FactorialTests(4,24).CheckFactorial","DisplayName":"CheckFactorial","ExecutorUri":"executor://NUnit3TestExecutor","Source":"C:\\Stuart\\Projects\\nunit-csharp-samples-master\\nunit-csharp-samples-master\\TestsForMethodsToTest\\bin\\Debug\\net8.0\\fine-code-coverage\\build-output\\TestsForMethodsToTest.dll","CodeFilePath":null,"LineNumber":0,"Properties":[{"Key":{"Id":"NUnit.Seed","Label":"Seed","Category":"","Description":"","Attributes":0,"ValueType":"System.String"},"Value":"835215506"}]},"Attachments":[],"Outcome":1,"ErrorMessage":null,"ErrorStackTrace":null,"DisplayName":"CheckFactorial","Messages":[],"ComputerName":"LAPTOP-L48VN982","Duration":"00:00:00.0000040","StartTime":"2024-07-04T10:34:39.0779019+00:00","EndTime":"2024-07-04T10:34:39.0779055+00:00","Properties":[{"Key":{"Id":"NUnit.Seed","Label":"Seed","Category":"","Description":"","Attributes":0,"ValueType":"System.String"},"Value":"835215506"}]},{"TestCase":{"Id":"277ca87d-8f9b-16b8-ce84-c9721f4fe303","FullyQualifiedName":"TestsForMethodsToTest.FactorialTests(7,5040).CheckFactorial","DisplayName":"CheckFactorial","ExecutorUri":"executor://NUnit3TestExecutor","Source":"C:\\Stuart\\Projects\\nunit-csharp-samples-master\\nunit-csharp-samples-master\\TestsForMethodsToTest\\bin\\Debug\\net8.0\\fine-code-coverage\\build-output\\TestsForMethodsToTest.dll","CodeFilePath":null,"LineNumber":0,"Properties":[{"Key":{"Id":"NUnit.Seed","Label":"Seed","Category":"","Description":"","Attributes":0,"ValueType":"System.String"},"Value":"369792496"}]},"Attachments":[],"Outcome":1,"ErrorMessage":null,"ErrorStackTrace":null,"DisplayName":"CheckFactorial","Messages":[],"ComputerName":"LAPTOP-L48VN982","Duration":"00:00:00.0000030","StartTime":"2024-07-04T10:34:39.0779186+00:00","EndTime":"2024-07-04T10:34:39.0779214+00:00","Properties":[{"Key":{"Id":"NUnit.Seed","Label":"Seed","Category":"","Description":"","Attributes":0,"ValueType":"System.String"},"Value":"369792496"}]}],"TestRunStatistics":{"ExecutedTests":5,"Stats":{"Passed":5}},"ActiveTests":[]},"RunAttachments":[],"ExecutorUris":["executor://nunit3testexecutor/"]}}
TpTrace Verbose: 0 : 9236, 13, 2024/07/04, 11:34:39.142, 1726071877196, vstest.console.dll, TestRequestSender.EndSession: Sending end session.
TpTrace Verbose: 0 : 9236, 13, 2024/07/04, 11:34:39.142, 1726071878083, vstest.console.dll, ProxyOperationManager.Close: waiting for test host to exit for 100 ms
TpTrace Verbose: 0 : 9236, 12, 2024/07/04, 11:34:39.167, 1726072127153, vstest.console.dll, TestHostManagerCallbacks.ctor: Experimental forwarding output is disabled.
TpTrace Warning: 0 : 9236, 12, 2024/07/04, 11:34:39.167, 1726072128057, vstest.console.dll, TestHostManagerCallbacks.ErrorReceivedCallback Test host standard error line: 
TpTrace Verbose: 0 : 9236, 12, 2024/07/04, 11:34:39.171, 1726072175326, vstest.console.dll, TestHostProvider.ExitCallBack: Host exited starting callback.
TpTrace Information: 0 : 9236, 12, 2024/07/04, 11:34:39.171, 1726072176313, vstest.console.dll, TestHostManagerCallbacks.ExitCallBack: Testhost processId: 12528 exited with exitcode: 0 error: ''
TpTrace Verbose: 0 : 9236, 12, 2024/07/04, 11:34:39.171, 1726072176489, vstest.console.dll, DotnetTestHostManager.OnHostExited: invoking OnHostExited callback
TpTrace Verbose: 0 : 9236, 12, 2024/07/04, 11:34:39.171, 1726072176754, vstest.console.dll, CrossPlatEngine.TestHostManagerHostExited: calling on client process exit callback.
TpTrace Information: 0 : 9236, 12, 2024/07/04, 11:34:39.172, 1726072177042, vstest.console.dll, TestRequestSender.OnClientProcessExit: Test host process exited. Standard error: 
TpTrace Information: 0 : 9236, 12, 2024/07/04, 11:34:39.172, 1726072177244, vstest.console.dll, SocketServer.Stop: Stop server endPoint: 127.0.0.1:57088
TpTrace Information: 0 : 9236, 13, 2024/07/04, 11:34:39.172, 1726072177275, vstest.console.dll, SocketServer.Stop: Stop server endPoint: 127.0.0.1:57088
TpTrace Information: 0 : 9236, 12, 2024/07/04, 11:34:39.172, 1726072177347, vstest.console.dll, SocketServer.Stop: Cancellation requested. Stopping message loop.
TpTrace Information: 0 : 9236, 13, 2024/07/04, 11:34:39.172, 1726072177709, vstest.console.dll, SocketServer.Stop: Cancellation requested. Stopping message loop.
TpTrace Verbose: 0 : 9236, 12, 2024/07/04, 11:34:39.172, 1726072178065, vstest.console.dll, MulticastDelegateUtilities.SafeInvoke: HostProviderEvents.OnHostExited: Invoking callback 1/1 for Microsoft.VisualStudio.TestPlatform.CrossPlatEngine.Client.ProxyOperationManager., took 0 ms.
TpTrace Information: 0 : 9236, 13, 2024/07/04, 11:34:39.172, 1726072178422, vstest.console.dll, Closing the connection
TpTrace Verbose: 0 : 9236, 13, 2024/07/04, 11:34:39.172, 1726072179623, vstest.console.dll, ProxyDataCollectionManager.InvokeDataCollectionServiceAction: Starting.
TpTrace Information: 0 : 9236, 13, 2024/07/04, 11:34:39.172, 1726072179812, vstest.console.dll, ProxyDataCollectionManager.AfterTestRunEnd: Get attachment set and invoked data collectors processId: 24108 port: 57085
TpTrace Verbose: 0 : 9236, 13, 2024/07/04, 11:34:39.172, 1726072180055, vstest.console.dll, DataCollectionRequestSender.SendAfterTestRunStartAndGetResult: Send AfterTestRunEnd message with isCancelled: False
TpTrace Verbose: 0 : 9236, 13, 2024/07/04, 11:34:39.175, 1726072215201, vstest.console.dll, DataCollectionRequestSender.SendAfterTestRunStartAndGetResult: Received message: (DataCollection.AfterTestRunEndResult) -> {"MessageType":"DataCollection.AfterTestRunEndResult","Payload":{"AttachmentSets":[],"InvokedDataCollectors":[{"Uri":"datacollector://Microsoft/TestPlatform/Extensions/Blame/v1","FriendlyName":"Blame","AssemblyQualifiedName":"Microsoft.TestPlatform.Extensions.BlameDataCollector.BlameCollector, Microsoft.TestPlatform.Extensions.BlameDataCollector, Version=15.0.0.0, Culture=neutral, PublicKeyToken=b03f5f7f11d50a3a","FilePath":"C:\\Program Files\\dotnet\\sdk\\8.0.200\\Extensions\\Microsoft.TestPlatform.Extensions.BlameDataCollector.dll","HasAttachmentProcessor":false}],"Metrics":{}}}
TpTrace Information: 0 : 9236, 13, 2024/07/04, 11:34:39.178, 1726072243040, vstest.console.dll, ProxyDataCollectionManager.InvokeDataCollectionServiceAction: Completed.
TpTrace Warning: 0 : 9236, 11, 2024/07/04, 11:34:39.185, 1726072311713, vstest.console.dll, DataCollectionLauncher.ErrorReceivedCallback datacollector standard error line: 
TpTrace Information: 0 : 9236, 11, 2024/07/04, 11:34:39.188, 1726072345949, vstest.console.dll, DataCollectionLauncher.ExitCallBack: Data collector exited with exitcode: 0 error: ''
TpTrace Verbose: 0 : 9236, 13, 2024/07/04, 11:34:39.206, 1726072522275, vstest.console.dll, TestRunRequest:SendTestRunStatsChange: Starting.
TpTrace Verbose: 0 : 9236, 13, 2024/07/04, 11:34:39.206, 1726072523626, vstest.console.dll, MulticastDelegateUtilities.SafeInvoke: TestRun.RunStatsChanged: Invoking callbacks was skipped because there are no subscribers.
TpTrace Information: 0 : 9236, 13, 2024/07/04, 11:34:39.206, 1726072523858, vstest.console.dll, TestRunRequest:SendTestRunStatsChange: Completed.
TpTrace Verbose: 0 : 9236, 13, 2024/07/04, 11:34:39.206, 1726072525442, vstest.console.dll, ParallelProxyExecutionManager: HandlePartialRunComplete: Total workloads = 1, Total started clients = 1 Total completed clients = 1, Run complete = True, Run canceled: False.
TpTrace Verbose: 0 : 9236, 13, 2024/07/04, 11:34:39.206, 1726072525702, vstest.console.dll, ParallelProxyExecutionManager: HandlePartialRunComplete: All runs completed stopping all managers.
TpTrace Verbose: 0 : 9236, 13, 2024/07/04, 11:34:39.206, 1726072525850, vstest.console.dll, ParallelOperationManager.StopAllManagers: Stopping all managers.
TpTrace Verbose: 0 : 9236, 13, 2024/07/04, 11:34:39.206, 1726072525961, vstest.console.dll, ParallelOperationManager.ClearSlots: Clearing all slots. Slots should accept more work: False
TpTrace Verbose: 0 : 9236, 13, 2024/07/04, 11:34:39.206, 1726072526105, vstest.console.dll, ParallelOperationManager.SetOccupiedSlotCount: Setting slot counts AvailableSlotCount = 3, OccupiedSlotCount = 0.
TpTrace Verbose: 0 : 9236, 13, 2024/07/04, 11:34:39.206, 1726072526232, vstest.console.dll, Occupied slots:

TpTrace Verbose: 0 : 9236, 4, 2024/07/04, 11:34:39.207, 1726072531692, vstest.console.dll, MulticastDelegateUtilities.SafeInvoke: InternalTestLoggerEvents.SendTestResult: Invoking callback 1/1 for Microsoft.VisualStudio.TestPlatform.CommandLine.Internal.ConsoleLogger., took 0 ms.
TpTrace Verbose: 0 : 9236, 4, 2024/07/04, 11:34:39.207, 1726072533347, vstest.console.dll, MulticastDelegateUtilities.SafeInvoke: InternalTestLoggerEvents.SendTestResult: Invoking callback 1/1 for Microsoft.VisualStudio.TestPlatform.CommandLine.Internal.ConsoleLogger., took 0 ms.
TpTrace Verbose: 0 : 9236, 4, 2024/07/04, 11:34:39.207, 1726072533664, vstest.console.dll, MulticastDelegateUtilities.SafeInvoke: InternalTestLoggerEvents.SendTestResult: Invoking callback 1/1 for Microsoft.VisualStudio.TestPlatform.CommandLine.Internal.ConsoleLogger., took 0 ms.
TpTrace Verbose: 0 : 9236, 4, 2024/07/04, 11:34:39.207, 1726072533836, vstest.console.dll, MulticastDelegateUtilities.SafeInvoke: InternalTestLoggerEvents.SendTestResult: Invoking callback 1/1 for Microsoft.VisualStudio.TestPlatform.CommandLine.Internal.ConsoleLogger., took 0 ms.
TpTrace Verbose: 0 : 9236, 4, 2024/07/04, 11:34:39.207, 1726072533981, vstest.console.dll, MulticastDelegateUtilities.SafeInvoke: InternalTestLoggerEvents.SendTestResult: Invoking callback 1/1 for Microsoft.VisualStudio.TestPlatform.CommandLine.Internal.ConsoleLogger., took 0 ms.
TpTrace Verbose: 0 : 9236, 4, 2024/07/04, 11:34:39.210, 1726072563574, vstest.console.dll, MulticastDelegateUtilities.SafeInvoke: InternalTestLoggerEvents.SendTestRunComplete: Invoking callback 1/2 for Microsoft.TestPlatform.Extensions.BlameDataCollector.BlameLogger., took 0 ms.
TpTrace Verbose: 0 : 9236, 4, 2024/07/04, 11:34:39.213, 1726072591518, vstest.console.dll, MulticastDelegateUtilities.SafeInvoke: InternalTestLoggerEvents.SendTestRunComplete: Invoking callback 2/2 for Microsoft.VisualStudio.TestPlatform.CommandLine.Internal.ConsoleLogger., took 2 ms.
TpTrace Verbose: 0 : 9236, 13, 2024/07/04, 11:34:39.213, 1726072595649, vstest.console.dll, TestRunRequest:TestRunComplete: Starting. IsAborted:False IsCanceled:False.
TpTrace Verbose: 0 : 9236, 13, 2024/07/04, 11:34:39.213, 1726072596530, vstest.console.dll, ParallelOperationManager.DoActionOnAllManagers: Calling an action on all managers.
TpTrace Verbose: 0 : 9236, 13, 2024/07/04, 11:34:39.214, 1726072600905, vstest.console.dll, TestLoggerManager.HandleTestRunComplete: Ignoring as the object is disposed.
TpTrace Verbose: 0 : 9236, 13, 2024/07/04, 11:34:39.214, 1726072601838, vstest.console.dll, MulticastDelegateUtilities.SafeInvoke: TestRun.TestRunComplete: Invoking callback 1/2 for Microsoft.VisualStudio.TestPlatform.CommandLine.TestRunResultAggregator., took 0 ms.
TpTrace Verbose: 0 : 9236, 13, 2024/07/04, 11:34:39.214, 1726072602336, vstest.console.dll, MulticastDelegateUtilities.SafeInvoke: TestRun.TestRunComplete: Invoking callback 2/2 for Microsoft.VisualStudio.TestPlatform.CommandLine.Processors.RunTestsArgumentExecutor+TestRunRequestEventsRegistrar., took 0 ms.
TpTrace Information: 0 : 9236, 13, 2024/07/04, 11:34:39.214, 1726072602736, vstest.console.dll, TestRunRequest:TestRunComplete: Completed.
TpTrace Verbose: 0 : 9236, 13, 2024/07/04, 11:34:39.214, 1726072602924, vstest.console.dll, TestRequestSender.SetOperationComplete: Setting operation complete.
TpTrace Information: 0 : 9236, 13, 2024/07/04, 11:34:39.214, 1726072603036, vstest.console.dll, SocketServer.Stop: Stop server endPoint: 127.0.0.1:57088
TpTrace Information: 0 : 9236, 13, 2024/07/04, 11:34:39.214, 1726072603162, vstest.console.dll, SocketServer.Stop: Cancellation requested. Stopping message loop.
TpTrace Verbose: 0 : 9236, 13, 2024/07/04, 11:34:39.214, 1726072603284, vstest.console.dll, MulticastDelegateUtilities.SafeInvoke: LengthPrefixCommunicationChannel: MessageReceived: Invoking callback 1/1 for Microsoft.VisualStudio.TestPlatform.CommunicationUtilities.TestRequestSender+<>c__DisplayClass34_0., took 72 ms.
TpTrace Information: 0 : 9236, 13, 2024/07/04, 11:34:39.214, 1726072603440, vstest.console.dll, SocketServer.PrivateStop: Stopping server endPoint: 127.0.0.1:57088 error: 
TpTrace Verbose: 0 : 9236, 1, 2024/07/04, 11:34:39.214, 1726072604027, vstest.console.dll, TestRunRequest.Dispose: Starting.
TpTrace Information: 0 : 9236, 1, 2024/07/04, 11:34:39.214, 1726072604466, vstest.console.dll, TestRunRequest.Dispose: Completed.
TpTrace Information: 0 : 9236, 1, 2024/07/04, 11:34:39.214, 1726072604631, vstest.console.dll, TestRequestManager.RunTests: run tests completed.
TpTrace Information: 0 : 9236, 1, 2024/07/04, 11:34:39.214, 1726072604943, vstest.console.dll, RunTestsArgumentProcessor:Execute: Test run is completed.
TpTrace Verbose: 0 : 9236, 1, 2024/07/04, 11:34:39.214, 1726072605815, vstest.console.dll, Executor.Execute: Exiting with exit code of 0
TpTrace Verbose: 0 : 9236, 13, 2024/07/04, 11:34:39.214, 1726072606198, vstest.console.dll, LengthPrefixCommunicationChannel.Dispose: Dispose reader and writer.
TpTrace Information: 0 : 9236, 13, 2024/07/04, 11:34:39.214, 1726072606609, vstest.console.dll, SocketServer.Stop: Raise disconnected event endPoint: 127.0.0.1:57088 error: 
TpTrace Verbose: 0 : 9236, 13, 2024/07/04, 11:34:39.215, 1726072606990, vstest.console.dll, TestRequestSender: OnTestRunAbort: Operation is already complete. Skip error message.
TpTrace Verbose: 0 : 9236, 13, 2024/07/04, 11:34:39.215, 1726072607109, vstest.console.dll, MulticastDelegateUtilities.SafeInvoke: SocketServer: ClientDisconnected: Invoking callback 1/1 for Microsoft.VisualStudio.TestPlatform.CommunicationUtilities.TestRequestSender., took 0 ms.
TpTrace Verbose: 0 : 9236, 13, 2024/07/04, 11:34:39.215, 1726072607241, vstest.console.dll, TcpClientExtensions.MessageLoopAsync: exiting MessageLoopAsync remoteEndPoint: 127.0.0.1:57089 localEndPoint: 127.0.0.1:57088
