TpTrace Verbose: 0 : 3432, 1, 2024/07/04, 10:41:51.189, 1694392352542, vstest.console.dll, Version: 17.9.0-release-23627-01 Current process architecture: X64
TpTrace Verbose: 0 : 3432, 1, 2024/07/04, 10:41:51.192, 1694392386672, vstest.console.dll, Runtime location: C:\Program Files\dotnet\shared\Microsoft.NETCore.App\8.0.2
TpTrace Verbose: 0 : 3432, 1, 2024/07/04, 10:41:51.196, 1694392425411, vstest.console.dll, ArtifactProcessingPostProcessModeProcessorExecutor.Initialize: ArtifactProcessingMode.Collect
TpTrace Verbose: 0 : 3432, 1, 2024/07/04, 10:41:51.196, 1694392426343, vstest.console.dll, TestSessionCorrelationIdProcessorModeProcessorExecutor.Initialize: TestSessionCorrelationId '15524_6370d84f-d21d-4edc-b1fb-98d4167ae516'
TpTrace Information: 0 : 3432, 1, 2024/07/04, 10:41:51.201, 1694392473482, vstest.console.dll, FilePatternParser: The given file C:\Stuart\Projects\nunit-csharp-samples-master\nunit-csharp-samples-master\syntax\bin\Debug\net6.0\fine-code-coverage\build-output\AssertSyntax.dll is a full path.
TpTrace Verbose: 0 : 3432, 1, 2024/07/04, 10:41:51.209, 1694392556956, vstest.console.dll, TestPluginCache.DiscoverTestExtensions: finding test extensions in assemblies ends with: RuntimeProvider.dll TPluginInfo: Microsoft.VisualStudio.TestPlatform.Common.ExtensionFramework.Utilities.TestRuntimePluginInformation TExtension: Microsoft.VisualStudio.TestPlatform.ObjectModel.Host.ITestRuntimeProvider
TpTrace Verbose: 0 : 3432, 1, 2024/07/04, 10:41:51.210, 1694392559674, vstest.console.dll, TestPluginCache.GetExtensionPaths: Filtered extension paths: 
TpTrace Verbose: 0 : 3432, 1, 2024/07/04, 10:41:51.210, 1694392560316, vstest.console.dll, TestPluginCache.GetExtensionPaths: Added default extension paths: C:\Program Files\dotnet\sdk\8.0.200\Extensions\Microsoft.Diagnostics.NETCore.Client.dll
C:\Program Files\dotnet\sdk\8.0.200\Extensions\Microsoft.TestPlatform.Extensions.BlameDataCollector.dll
C:\Program Files\dotnet\sdk\8.0.200\Extensions\Microsoft.TestPlatform.Extensions.EventLogCollector.dll
C:\Program Files\dotnet\sdk\8.0.200\Extensions\Microsoft.TestPlatform.TestHostRuntimeProvider.dll
C:\Program Files\dotnet\sdk\8.0.200\Extensions\Microsoft.VisualStudio.TestPlatform.Extensions.Html.TestLogger.dll
C:\Program Files\dotnet\sdk\8.0.200\Extensions\Microsoft.VisualStudio.TestPlatform.Extensions.Trx.TestLogger.dll
TpTrace Verbose: 0 : 3432, 1, 2024/07/04, 10:41:51.210, 1694392560462, vstest.console.dll, TestPluginCache.GetExtensionPaths: Added unfilterableExtensionPaths: 
TpTrace Information: 0 : 3432, 1, 2024/07/04, 10:41:51.211, 1694392567288, vstest.console.dll, AssemblyResolver.ctor: Creating AssemblyResolver with searchDirectories C:\Program Files\dotnet\sdk\8.0.200\Extensions,C:\Program Files\dotnet\sdk\8.0.200
TpTrace Verbose: 0 : 3432, 1, 2024/07/04, 10:41:51.212, 1694392581986, vstest.console.dll, TestPluginCache.DiscoverTestExtensions: Discovering the extensions using extension path.
TpTrace Verbose: 0 : 3432, 1, 2024/07/04, 10:41:51.212, 1694392582927, vstest.console.dll, TestPluginCache.GetExtensionPaths: Filtered extension paths: 
TpTrace Verbose: 0 : 3432, 1, 2024/07/04, 10:41:51.212, 1694392583110, vstest.console.dll, TestPluginCache.GetExtensionPaths: Added default extension paths: C:\Program Files\dotnet\sdk\8.0.200\Extensions\Microsoft.Diagnostics.NETCore.Client.dll
C:\Program Files\dotnet\sdk\8.0.200\Extensions\Microsoft.TestPlatform.Extensions.BlameDataCollector.dll
C:\Program Files\dotnet\sdk\8.0.200\Extensions\Microsoft.TestPlatform.Extensions.EventLogCollector.dll
C:\Program Files\dotnet\sdk\8.0.200\Extensions\Microsoft.TestPlatform.TestHostRuntimeProvider.dll
C:\Program Files\dotnet\sdk\8.0.200\Extensions\Microsoft.VisualStudio.TestPlatform.Extensions.Html.TestLogger.dll
C:\Program Files\dotnet\sdk\8.0.200\Extensions\Microsoft.VisualStudio.TestPlatform.Extensions.Trx.TestLogger.dll
TpTrace Verbose: 0 : 3432, 1, 2024/07/04, 10:41:51.212, 1694392583282, vstest.console.dll, TestPluginCache.GetExtensionPaths: Added unfilterableExtensionPaths: 
TpTrace Verbose: 0 : 3432, 1, 2024/07/04, 10:41:51.212, 1694392583603, vstest.console.dll, TestPluginCache.DiscoverTestExtensions: Discovering the extensions using allExtensionPaths: C:\Program Files\dotnet\sdk\8.0.200\Extensions\Microsoft.Diagnostics.NETCore.Client.dll
C:\Program Files\dotnet\sdk\8.0.200\Extensions\Microsoft.TestPlatform.Extensions.BlameDataCollector.dll
C:\Program Files\dotnet\sdk\8.0.200\Extensions\Microsoft.TestPlatform.Extensions.EventLogCollector.dll
C:\Program Files\dotnet\sdk\8.0.200\Extensions\Microsoft.TestPlatform.TestHostRuntimeProvider.dll
C:\Program Files\dotnet\sdk\8.0.200\Extensions\Microsoft.VisualStudio.TestPlatform.Extensions.Html.TestLogger.dll
C:\Program Files\dotnet\sdk\8.0.200\Extensions\Microsoft.VisualStudio.TestPlatform.Extensions.Trx.TestLogger.dll
TpTrace Information: 0 : 3432, 1, 2024/07/04, 10:41:51.212, 1694392584477, vstest.console.dll, AssemblyResolver.AddSearchDirectories: Adding more searchDirectories C:\Program Files\dotnet\sdk\8.0.200\Extensions,C:\Program Files\dotnet\sdk\8.0.200
TpTrace Information: 0 : 3432, 1, 2024/07/04, 10:41:51.212, 1694392584735, vstest.console.dll, AssemblyResolver.AddSearchDirectories: Adding more searchDirectories C:\Program Files\dotnet\sdk\8.0.200\Extensions,C:\Program Files\dotnet\sdk\8.0.200
TpTrace Information: 0 : 3432, 1, 2024/07/04, 10:41:51.212, 1694392584893, vstest.console.dll, AssemblyResolver.AddSearchDirectories: Adding more searchDirectories C:\Program Files\dotnet\sdk\8.0.200\Extensions,C:\Program Files\dotnet\sdk\8.0.200
TpTrace Information: 0 : 3432, 1, 2024/07/04, 10:41:51.212, 1694392585003, vstest.console.dll, AssemblyResolver.AddSearchDirectories: Adding more searchDirectories C:\Program Files\dotnet\sdk\8.0.200\Extensions,C:\Program Files\dotnet\sdk\8.0.200
TpTrace Information: 0 : 3432, 1, 2024/07/04, 10:41:51.212, 1694392585112, vstest.console.dll, AssemblyResolver.AddSearchDirectories: Adding more searchDirectories C:\Program Files\dotnet\sdk\8.0.200\Extensions,C:\Program Files\dotnet\sdk\8.0.200
TpTrace Information: 0 : 3432, 1, 2024/07/04, 10:41:51.212, 1694392585221, vstest.console.dll, AssemblyResolver.AddSearchDirectories: Adding more searchDirectories C:\Program Files\dotnet\sdk\8.0.200\Extensions,C:\Program Files\dotnet\sdk\8.0.200
TpTrace Information: 0 : 3432, 1, 2024/07/04, 10:41:51.213, 1694392591480, vstest.console.dll, AssemblyResolver.OnResolve: Microsoft.Diagnostics.NETCore.Client: Resolving assembly.
TpTrace Information: 0 : 3432, 1, 2024/07/04, 10:41:51.213, 1694392592408, vstest.console.dll, AssemblyResolver.OnResolve: Microsoft.Diagnostics.NETCore.Client: Searching in: 'C:\Program Files\dotnet\sdk\8.0.200\Extensions'.
TpTrace Information: 0 : 3432, 1, 2024/07/04, 10:41:51.228, 1694392737972, vstest.console.dll, AssemblyResolver.OnResolve: Microsoft.Diagnostics.NETCore.Client: Loading assembly 'C:\Program Files\dotnet\sdk\8.0.200\Extensions\Microsoft.Diagnostics.NETCore.Client.dll'.
TpTrace Information: 0 : 3432, 1, 2024/07/04, 10:41:51.230, 1694392757046, vstest.console.dll, AssemblyResolver.OnResolve: Resolved assembly: Microsoft.Diagnostics.NETCore.Client, from path: C:\Program Files\dotnet\sdk\8.0.200\Extensions\Microsoft.Diagnostics.NETCore.Client.dll
TpTrace Verbose: 0 : 3432, 1, 2024/07/04, 10:41:51.233, 1694392796209, vstest.console.dll, MetadataReaderExtensionsHelper: Discovering extensions inside assembly 'Microsoft.Diagnostics.NETCore.Client, Version=0.2.9.2401, Culture=neutral, PublicKeyToken=31bf3856ad364e35' file path 'C:\Program Files\dotnet\sdk\8.0.200\Extensions\Microsoft.Diagnostics.NETCore.Client.dll'
TpTrace Information: 0 : 3432, 1, 2024/07/04, 10:41:51.239, 1694392853857, vstest.console.dll, AssemblyResolver.OnResolve: Microsoft.Bcl.AsyncInterfaces: Resolving assembly.
TpTrace Information: 0 : 3432, 1, 2024/07/04, 10:41:51.239, 1694392855179, vstest.console.dll, AssemblyResolver.OnResolve: Microsoft.Bcl.AsyncInterfaces: Searching in: 'C:\Program Files\dotnet\sdk\8.0.200\Extensions'.
TpTrace Information: 0 : 3432, 1, 2024/07/04, 10:41:51.239, 1694392855969, vstest.console.dll, AssemblyResolver.OnResolve: Microsoft.Bcl.AsyncInterfaces: Assembly path does not exist: 'C:\Program Files\dotnet\sdk\8.0.200\Extensions\Microsoft.Bcl.AsyncInterfaces.dll', returning.
TpTrace Information: 0 : 3432, 1, 2024/07/04, 10:41:51.239, 1694392856761, vstest.console.dll, AssemblyResolver.OnResolve: Microsoft.Bcl.AsyncInterfaces: Assembly path does not exist: 'C:\Program Files\dotnet\sdk\8.0.200\Extensions\Microsoft.Bcl.AsyncInterfaces.exe', returning.
TpTrace Information: 0 : 3432, 1, 2024/07/04, 10:41:51.239, 1694392856942, vstest.console.dll, AssemblyResolver.OnResolve: Microsoft.Bcl.AsyncInterfaces: Searching in: 'C:\Program Files\dotnet\sdk\8.0.200'.
TpTrace Information: 0 : 3432, 1, 2024/07/04, 10:41:51.240, 1694392857310, vstest.console.dll, AssemblyResolver.OnResolve: Microsoft.Bcl.AsyncInterfaces: Assembly path does not exist: 'C:\Program Files\dotnet\sdk\8.0.200\Microsoft.Bcl.AsyncInterfaces.dll', returning.
TpTrace Information: 0 : 3432, 1, 2024/07/04, 10:41:51.240, 1694392857553, vstest.console.dll, AssemblyResolver.OnResolve: Microsoft.Bcl.AsyncInterfaces: Assembly path does not exist: 'C:\Program Files\dotnet\sdk\8.0.200\Microsoft.Bcl.AsyncInterfaces.exe', returning.
TpTrace Information: 0 : 3432, 1, 2024/07/04, 10:41:51.240, 1694392857677, vstest.console.dll, AssemblyResolver.OnResolve: Microsoft.Bcl.AsyncInterfaces: Failed to load assembly.
TpTrace Verbose: 0 : 3432, 1, 2024/07/04, 10:41:51.240, 1694392857882, vstest.console.dll, CurrentDomainAssemblyResolve: Resolving assembly 'Microsoft.Bcl.AsyncInterfaces'.
TpTrace Information: 0 : 3432, 1, 2024/07/04, 10:41:51.240, 1694392858336, vstest.console.dll, AssemblyResolver.OnResolve: Microsoft.Bcl.AsyncInterfaces: Resolving assembly.
TpTrace Information: 0 : 3432, 1, 2024/07/04, 10:41:51.240, 1694392858573, vstest.console.dll, AssemblyResolver.OnResolve: Microsoft.Bcl.AsyncInterfaces: Resolved from cache.
TpTrace Verbose: 0 : 3432, 1, 2024/07/04, 10:41:51.240, 1694392858677, vstest.console.dll, CurrentDomainAssemblyResolve: Resolving assembly 'Microsoft.Bcl.AsyncInterfaces'.
TpTrace Verbose: 0 : 3432, 1, 2024/07/04, 10:41:51.240, 1694392858837, vstest.console.dll, CurrentDomainAssemblyResolve: Failed to resolve assembly 'Microsoft.Bcl.AsyncInterfaces'.
TpTrace Verbose: 0 : 3432, 1, 2024/07/04, 10:41:51.246, 1694392918387, vstest.console.dll, CurrentDomainAssemblyResolve: Failed to resolve assembly 'Microsoft.Bcl.AsyncInterfaces'.
TpTrace Warning: 0 : 3432, 1, 2024/07/04, 10:41:51.266, 1694393121073, vstest.console.dll, TestPluginDiscoverer: Failed to get types from assembly 'Microsoft.Diagnostics.NETCore.Client, Version=0.2.9.2401, Culture=neutral, PublicKeyToken=31bf3856ad364e35'. Error: System.Reflection.ReflectionTypeLoadException: Unable to load one or more of the requested types.
Could not load file or assembly 'Microsoft.Bcl.AsyncInterfaces, Version=6.0.0.0, Culture=neutral, PublicKeyToken=cc7b13ffcd2ddd51'. The system cannot find the file specified.
   at System.Reflection.RuntimeModule.GetTypes(RuntimeModule module)
   at System.Reflection.RuntimeModule.GetTypes()
   at Microsoft.VisualStudio.TestPlatform.Common.ExtensionFramework.TestPluginDiscoverer.GetTestExtensionsFromAssembly[TPluginInfo,TExtension](Assembly assembly, Dictionary`2 pluginInfos, String filePath) in /_/src/Microsoft.TestPlatform.Common/ExtensionFramework/TestPluginDiscoverer.cs:line 158
System.IO.FileNotFoundException: Could not load file or assembly 'Microsoft.Bcl.AsyncInterfaces, Version=6.0.0.0, Culture=neutral, PublicKeyToken=cc7b13ffcd2ddd51'. The system cannot find the file specified.
File name: 'Microsoft.Bcl.AsyncInterfaces, Version=6.0.0.0, Culture=neutral, PublicKeyToken=cc7b13ffcd2ddd51'
 ---> System.IO.FileNotFoundException: Could not load file or assembly 'Microsoft.Bcl.AsyncInterfaces, Culture=neutral, PublicKeyToken=null'. The system cannot find the file specified.
File name: 'Microsoft.Bcl.AsyncInterfaces, Culture=neutral, PublicKeyToken=null'
   at System.Reflection.RuntimeAssembly.InternalLoad(AssemblyName assemblyName, StackCrawlMark& stackMark, AssemblyLoadContext assemblyLoadContext, RuntimeAssembly requestingAssembly, Boolean throwOnFileNotFound)
   at System.Reflection.Assembly.Load(AssemblyName assemblyRef)
   at Microsoft.VisualStudio.TestPlatform.Common.ExtensionFramework.TestPluginCache.CurrentDomainAssemblyResolve(Object sender, AssemblyResolveEventArgs args) in /_/src/Microsoft.TestPlatform.Common/ExtensionFramework/TestPluginCache.cs:line 513
   at System.Runtime.Loader.AssemblyLoadContext.GetFirstResolvedAssemblyFromResolvingEvent(AssemblyName assemblyName)
   at System.Runtime.Loader.AssemblyLoadContext.ResolveUsingEvent(AssemblyName assemblyName)
   at System.Runtime.Loader.AssemblyLoadContext.ResolveUsingResolvingEvent(IntPtr gchManagedAssemblyLoadContext, AssemblyName assemblyName)
TpTrace Warning: 0 : 3432, 1, 2024/07/04, 10:41:51.266, 1694393124391, vstest.console.dll, LoaderExceptions: System.IO.FileNotFoundException: Could not load file or assembly 'Microsoft.Bcl.AsyncInterfaces, Version=6.0.0.0, Culture=neutral, PublicKeyToken=cc7b13ffcd2ddd51'. The system cannot find the file specified.
File name: 'Microsoft.Bcl.AsyncInterfaces, Version=6.0.0.0, Culture=neutral, PublicKeyToken=cc7b13ffcd2ddd51'
 ---> System.IO.FileNotFoundException: Could not load file or assembly 'Microsoft.Bcl.AsyncInterfaces, Culture=neutral, PublicKeyToken=null'. The system cannot find the file specified.
File name: 'Microsoft.Bcl.AsyncInterfaces, Culture=neutral, PublicKeyToken=null'
   at System.Reflection.RuntimeAssembly.InternalLoad(AssemblyName assemblyName, StackCrawlMark& stackMark, AssemblyLoadContext assemblyLoadContext, RuntimeAssembly requestingAssembly, Boolean throwOnFileNotFound)
   at System.Reflection.Assembly.Load(AssemblyName assemblyRef)
   at Microsoft.VisualStudio.TestPlatform.Common.ExtensionFramework.TestPluginCache.CurrentDomainAssemblyResolve(Object sender, AssemblyResolveEventArgs args) in /_/src/Microsoft.TestPlatform.Common/ExtensionFramework/TestPluginCache.cs:line 513
   at System.Runtime.Loader.AssemblyLoadContext.GetFirstResolvedAssemblyFromResolvingEvent(AssemblyName assemblyName)
   at System.Runtime.Loader.AssemblyLoadContext.ResolveUsingEvent(AssemblyName assemblyName)
   at System.Runtime.Loader.AssemblyLoadContext.ResolveUsingResolvingEvent(IntPtr gchManagedAssemblyLoadContext, AssemblyName assemblyName)
TpTrace Information: 0 : 3432, 1, 2024/07/04, 10:41:51.266, 1694393125497, vstest.console.dll, AssemblyResolver.OnResolve: Microsoft.TestPlatform.Extensions.BlameDataCollector: Resolving assembly.
TpTrace Information: 0 : 3432, 1, 2024/07/04, 10:41:51.266, 1694393125703, vstest.console.dll, AssemblyResolver.OnResolve: Microsoft.TestPlatform.Extensions.BlameDataCollector: Searching in: 'C:\Program Files\dotnet\sdk\8.0.200\Extensions'.
TpTrace Information: 0 : 3432, 1, 2024/07/04, 10:41:51.268, 1694393138151, vstest.console.dll, AssemblyResolver.OnResolve: Microsoft.TestPlatform.Extensions.BlameDataCollector: Loading assembly 'C:\Program Files\dotnet\sdk\8.0.200\Extensions\Microsoft.TestPlatform.Extensions.BlameDataCollector.dll'.
TpTrace Information: 0 : 3432, 1, 2024/07/04, 10:41:51.269, 1694393152051, vstest.console.dll, AssemblyResolver.OnResolve: Resolved assembly: Microsoft.TestPlatform.Extensions.BlameDataCollector, from path: C:\Program Files\dotnet\sdk\8.0.200\Extensions\Microsoft.TestPlatform.Extensions.BlameDataCollector.dll
TpTrace Verbose: 0 : 3432, 1, 2024/07/04, 10:41:51.269, 1694393152822, vstest.console.dll, MetadataReaderExtensionsHelper: Discovering extensions inside assembly 'Microsoft.TestPlatform.Extensions.BlameDataCollector, Version=15.0.0.0, Culture=neutral, PublicKeyToken=b03f5f7f11d50a3a' file path 'C:\Program Files\dotnet\sdk\8.0.200\Extensions\Microsoft.TestPlatform.Extensions.BlameDataCollector.dll'
TpTrace Information: 0 : 3432, 1, 2024/07/04, 10:41:51.271, 1694393171069, vstest.console.dll, AssemblyResolver.OnResolve: Microsoft.TestPlatform.Extensions.EventLogCollector: Resolving assembly.
TpTrace Information: 0 : 3432, 1, 2024/07/04, 10:41:51.271, 1694393171624, vstest.console.dll, AssemblyResolver.OnResolve: Microsoft.TestPlatform.Extensions.EventLogCollector: Searching in: 'C:\Program Files\dotnet\sdk\8.0.200\Extensions'.
TpTrace Information: 0 : 3432, 1, 2024/07/04, 10:41:51.272, 1694393177658, vstest.console.dll, AssemblyResolver.OnResolve: Microsoft.TestPlatform.Extensions.EventLogCollector: Loading assembly 'C:\Program Files\dotnet\sdk\8.0.200\Extensions\Microsoft.TestPlatform.Extensions.EventLogCollector.dll'.
TpTrace Information: 0 : 3432, 1, 2024/07/04, 10:41:51.272, 1694393182849, vstest.console.dll, AssemblyResolver.OnResolve: Resolved assembly: Microsoft.TestPlatform.Extensions.EventLogCollector, from path: C:\Program Files\dotnet\sdk\8.0.200\Extensions\Microsoft.TestPlatform.Extensions.EventLogCollector.dll
TpTrace Verbose: 0 : 3432, 1, 2024/07/04, 10:41:51.272, 1694393183359, vstest.console.dll, MetadataReaderExtensionsHelper: Discovering extensions inside assembly 'Microsoft.TestPlatform.Extensions.EventLogCollector, Version=15.0.0.0, Culture=neutral, PublicKeyToken=b03f5f7f11d50a3a' file path 'C:\Program Files\dotnet\sdk\8.0.200\Extensions\Microsoft.TestPlatform.Extensions.EventLogCollector.dll'
TpTrace Information: 0 : 3432, 1, 2024/07/04, 10:41:51.275, 1694393211958, vstest.console.dll, AssemblyResolver.OnResolve: Microsoft.TestPlatform.TestHostRuntimeProvider: Resolving assembly.
TpTrace Information: 0 : 3432, 1, 2024/07/04, 10:41:51.275, 1694393212512, vstest.console.dll, AssemblyResolver.OnResolve: Microsoft.TestPlatform.TestHostRuntimeProvider: Searching in: 'C:\Program Files\dotnet\sdk\8.0.200\Extensions'.
TpTrace Information: 0 : 3432, 1, 2024/07/04, 10:41:51.276, 1694393222260, vstest.console.dll, AssemblyResolver.OnResolve: Microsoft.TestPlatform.TestHostRuntimeProvider: Loading assembly 'C:\Program Files\dotnet\sdk\8.0.200\Extensions\Microsoft.TestPlatform.TestHostRuntimeProvider.dll'.
TpTrace Information: 0 : 3432, 1, 2024/07/04, 10:41:51.277, 1694393231823, vstest.console.dll, AssemblyResolver.OnResolve: Resolved assembly: Microsoft.TestPlatform.TestHostRuntimeProvider, from path: C:\Program Files\dotnet\sdk\8.0.200\Extensions\Microsoft.TestPlatform.TestHostRuntimeProvider.dll
TpTrace Verbose: 0 : 3432, 1, 2024/07/04, 10:41:51.277, 1694393232380, vstest.console.dll, MetadataReaderExtensionsHelper: Discovering extensions inside assembly 'Microsoft.TestPlatform.TestHostRuntimeProvider, Version=15.0.0.0, Culture=neutral, PublicKeyToken=b03f5f7f11d50a3a' file path 'C:\Program Files\dotnet\sdk\8.0.200\Extensions\Microsoft.TestPlatform.TestHostRuntimeProvider.dll'
TpTrace Information: 0 : 3432, 1, 2024/07/04, 10:41:51.279, 1694393248388, vstest.console.dll, GetTestExtensionFromType: Register extension with identifier data 'HostProvider://DefaultTestHost' and type 'Microsoft.VisualStudio.TestPlatform.CrossPlatEngine.Hosting.DefaultTestHostManager, Microsoft.TestPlatform.TestHostRuntimeProvider, Version=15.0.0.0, Culture=neutral, PublicKeyToken=b03f5f7f11d50a3a' inside file 'C:\Program Files\dotnet\sdk\8.0.200\Extensions\Microsoft.TestPlatform.TestHostRuntimeProvider.dll'
TpTrace Information: 0 : 3432, 1, 2024/07/04, 10:41:51.279, 1694393250392, vstest.console.dll, GetTestExtensionFromType: Register extension with identifier data 'HostProvider://DotnetTestHost' and type 'Microsoft.VisualStudio.TestPlatform.CrossPlatEngine.Hosting.DotnetTestHostManager, Microsoft.TestPlatform.TestHostRuntimeProvider, Version=15.0.0.0, Culture=neutral, PublicKeyToken=b03f5f7f11d50a3a' inside file 'C:\Program Files\dotnet\sdk\8.0.200\Extensions\Microsoft.TestPlatform.TestHostRuntimeProvider.dll'
TpTrace Information: 0 : 3432, 1, 2024/07/04, 10:41:51.279, 1694393251046, vstest.console.dll, AssemblyResolver.OnResolve: Microsoft.VisualStudio.TestPlatform.Extensions.Html.TestLogger: Resolving assembly.
TpTrace Information: 0 : 3432, 1, 2024/07/04, 10:41:51.279, 1694393251215, vstest.console.dll, AssemblyResolver.OnResolve: Microsoft.VisualStudio.TestPlatform.Extensions.Html.TestLogger: Searching in: 'C:\Program Files\dotnet\sdk\8.0.200\Extensions'.
TpTrace Information: 0 : 3432, 1, 2024/07/04, 10:41:51.280, 1694393260509, vstest.console.dll, AssemblyResolver.OnResolve: Microsoft.VisualStudio.TestPlatform.Extensions.Html.TestLogger: Loading assembly 'C:\Program Files\dotnet\sdk\8.0.200\Extensions\Microsoft.VisualStudio.TestPlatform.Extensions.Html.TestLogger.dll'.
TpTrace Information: 0 : 3432, 1, 2024/07/04, 10:41:51.280, 1694393266539, vstest.console.dll, AssemblyResolver.OnResolve: Resolved assembly: Microsoft.VisualStudio.TestPlatform.Extensions.Html.TestLogger, from path: C:\Program Files\dotnet\sdk\8.0.200\Extensions\Microsoft.VisualStudio.TestPlatform.Extensions.Html.TestLogger.dll
TpTrace Verbose: 0 : 3432, 1, 2024/07/04, 10:41:51.281, 1694393267107, vstest.console.dll, MetadataReaderExtensionsHelper: Discovering extensions inside assembly 'Microsoft.VisualStudio.TestPlatform.Extensions.Html.TestLogger, Version=15.0.0.0, Culture=neutral, PublicKeyToken=b03f5f7f11d50a3a' file path 'C:\Program Files\dotnet\sdk\8.0.200\Extensions\Microsoft.VisualStudio.TestPlatform.Extensions.Html.TestLogger.dll'
TpTrace Information: 0 : 3432, 1, 2024/07/04, 10:41:51.281, 1694393274688, vstest.console.dll, AssemblyResolver.OnResolve: Microsoft.VisualStudio.TestPlatform.Extensions.Trx.TestLogger: Resolving assembly.
TpTrace Information: 0 : 3432, 1, 2024/07/04, 10:41:51.281, 1694393275392, vstest.console.dll, AssemblyResolver.OnResolve: Microsoft.VisualStudio.TestPlatform.Extensions.Trx.TestLogger: Searching in: 'C:\Program Files\dotnet\sdk\8.0.200\Extensions'.
TpTrace Information: 0 : 3432, 1, 2024/07/04, 10:41:51.283, 1694393290907, vstest.console.dll, AssemblyResolver.OnResolve: Microsoft.VisualStudio.TestPlatform.Extensions.Trx.TestLogger: Loading assembly 'C:\Program Files\dotnet\sdk\8.0.200\Extensions\Microsoft.VisualStudio.TestPlatform.Extensions.Trx.TestLogger.dll'.
TpTrace Information: 0 : 3432, 1, 2024/07/04, 10:41:51.284, 1694393306965, vstest.console.dll, AssemblyResolver.OnResolve: Resolved assembly: Microsoft.VisualStudio.TestPlatform.Extensions.Trx.TestLogger, from path: C:\Program Files\dotnet\sdk\8.0.200\Extensions\Microsoft.VisualStudio.TestPlatform.Extensions.Trx.TestLogger.dll
TpTrace Verbose: 0 : 3432, 1, 2024/07/04, 10:41:51.285, 1694393308016, vstest.console.dll, MetadataReaderExtensionsHelper: Discovering extensions inside assembly 'Microsoft.VisualStudio.TestPlatform.Extensions.Trx.TestLogger, Version=15.0.0.0, Culture=neutral, PublicKeyToken=b03f5f7f11d50a3a' file path 'C:\Program Files\dotnet\sdk\8.0.200\Extensions\Microsoft.VisualStudio.TestPlatform.Extensions.Trx.TestLogger.dll'
TpTrace Verbose: 0 : 3432, 1, 2024/07/04, 10:41:51.286, 1694393323398, vstest.console.dll, TestPluginCache: Discovered the extensions using extension path ''.
TpTrace Verbose: 0 : 3432, 1, 2024/07/04, 10:41:51.286, 1694393323965, vstest.console.dll, TestPluginCache: Discoverers are ''.
TpTrace Verbose: 0 : 3432, 1, 2024/07/04, 10:41:51.286, 1694393324086, vstest.console.dll, TestPluginCache: Executors are ''.
TpTrace Verbose: 0 : 3432, 1, 2024/07/04, 10:41:51.286, 1694393324250, vstest.console.dll, TestPluginCache: Executors2 are ''.
TpTrace Verbose: 0 : 3432, 1, 2024/07/04, 10:41:51.286, 1694393324348, vstest.console.dll, TestPluginCache: Setting providers are ''.
TpTrace Verbose: 0 : 3432, 1, 2024/07/04, 10:41:51.286, 1694393324444, vstest.console.dll, TestPluginCache: Loggers are ''.
TpTrace Verbose: 0 : 3432, 1, 2024/07/04, 10:41:51.286, 1694393325570, vstest.console.dll, TestPluginCache: TestHosts are 'HostProvider://DefaultTestHost,HostProvider://DotnetTestHost'.
TpTrace Verbose: 0 : 3432, 1, 2024/07/04, 10:41:51.286, 1694393325762, vstest.console.dll, TestPluginCache: DataCollectors are ''.
TpTrace Information: 0 : 3432, 1, 2024/07/04, 10:41:51.305, 1694393516764, vstest.console.dll, RunTestsArgumentProcessor:Execute: Test run is starting.
TpTrace Verbose: 0 : 3432, 1, 2024/07/04, 10:41:51.306, 1694393517731, vstest.console.dll, RunTestsArgumentProcessor:Execute: Queuing Test run.
TpTrace Information: 0 : 3432, 1, 2024/07/04, 10:41:51.306, 1694393519619, vstest.console.dll, TestRequestManager.RunTests: run tests started.
TpTrace Information: 0 : 3432, 1, 2024/07/04, 10:41:51.307, 1694393530485, vstest.console.dll, AssemblyMetadataProvider.GetFrameworkName: Determined framework:'.NETCoreApp,Version=v6.0' for source: 'C:\Stuart\Projects\nunit-csharp-samples-master\nunit-csharp-samples-master\syntax\bin\Debug\net6.0\fine-code-coverage\build-output\AssertSyntax.dll'
TpTrace Information: 0 : 3432, 1, 2024/07/04, 10:41:51.307, 1694393531806, vstest.console.dll, Determined framework for all sources: .NETCoreApp,Version=v6.0
TpTrace Verbose: 0 : 3432, 1, 2024/07/04, 10:41:51.307, 1694393534215, vstest.console.dll, TestRequestManager.UpdateRunSettingsIfRequired: Default architecture: X64 IsDefaultTargetArchitecture: True, Current process architecture: X64 OperatingSystem: Windows.
TpTrace Information: 0 : 3432, 1, 2024/07/04, 10:41:51.308, 1694393545382, vstest.console.dll, AssemblyMetadataProvider.GetArchitecture: Determined architecture:AnyCPU info for assembly: C:\Stuart\Projects\nunit-csharp-samples-master\nunit-csharp-samples-master\syntax\bin\Debug\net6.0\fine-code-coverage\build-output\AssertSyntax.dll
TpTrace Information: 0 : 3432, 1, 2024/07/04, 10:41:51.308, 1694393545816, vstest.console.dll, Determined platform for source 'C:\Stuart\Projects\nunit-csharp-samples-master\nunit-csharp-samples-master\syntax\bin\Debug\net6.0\fine-code-coverage\build-output\AssertSyntax.dll' was AnyCPU and it will use the default plaform X64.
TpTrace Information: 0 : 3432, 1, 2024/07/04, 10:41:51.308, 1694393545946, vstest.console.dll, None of the sources provided any runnable platform, using the default platform: X64
TpTrace Information: 0 : 3432, 1, 2024/07/04, 10:41:51.309, 1694393547180, vstest.console.dll, Platform was updated to 'X64'.
TpTrace Information: 0 : 3432, 1, 2024/07/04, 10:41:51.313, 1694393592413, vstest.console.dll, InferRunSettingsHelper.IsTestSettingsEnabled: Unable to navigate to RunSettings/MSTest. Current node: RunSettings
TpTrace Information: 0 : 3432, 1, 2024/07/04, 10:41:51.314, 1694393598690, vstest.console.dll, AssemblyResolver.OnResolve: Microsoft.VisualStudio.TestPlatform.Fakes: Resolving assembly.
TpTrace Information: 0 : 3432, 1, 2024/07/04, 10:41:51.314, 1694393599158, vstest.console.dll, AssemblyResolver.OnResolve: Microsoft.VisualStudio.TestPlatform.Fakes: Searching in: 'C:\Program Files\dotnet\sdk\8.0.200\Extensions'.
TpTrace Information: 0 : 3432, 1, 2024/07/04, 10:41:51.314, 1694393599674, vstest.console.dll, AssemblyResolver.OnResolve: Microsoft.VisualStudio.TestPlatform.Fakes: Assembly path does not exist: 'C:\Program Files\dotnet\sdk\8.0.200\Extensions\Microsoft.VisualStudio.TestPlatform.Fakes.dll', returning.
TpTrace Information: 0 : 3432, 1, 2024/07/04, 10:41:51.314, 1694393600100, vstest.console.dll, AssemblyResolver.OnResolve: Microsoft.VisualStudio.TestPlatform.Fakes: Assembly path does not exist: 'C:\Program Files\dotnet\sdk\8.0.200\Extensions\Microsoft.VisualStudio.TestPlatform.Fakes.exe', returning.
TpTrace Information: 0 : 3432, 1, 2024/07/04, 10:41:51.314, 1694393600244, vstest.console.dll, AssemblyResolver.OnResolve: Microsoft.VisualStudio.TestPlatform.Fakes: Searching in: 'C:\Program Files\dotnet\sdk\8.0.200'.
TpTrace Information: 0 : 3432, 1, 2024/07/04, 10:41:51.314, 1694393601598, vstest.console.dll, AssemblyResolver.OnResolve: Microsoft.VisualStudio.TestPlatform.Fakes: Assembly path does not exist: 'C:\Program Files\dotnet\sdk\8.0.200\Microsoft.VisualStudio.TestPlatform.Fakes.dll', returning.
TpTrace Information: 0 : 3432, 1, 2024/07/04, 10:41:51.314, 1694393602061, vstest.console.dll, AssemblyResolver.OnResolve: Microsoft.VisualStudio.TestPlatform.Fakes: Assembly path does not exist: 'C:\Program Files\dotnet\sdk\8.0.200\Microsoft.VisualStudio.TestPlatform.Fakes.exe', returning.
TpTrace Information: 0 : 3432, 1, 2024/07/04, 10:41:51.314, 1694393602363, vstest.console.dll, AssemblyResolver.OnResolve: Microsoft.VisualStudio.TestPlatform.Fakes: Failed to load assembly.
TpTrace Information: 0 : 3432, 1, 2024/07/04, 10:41:51.314, 1694393605187, vstest.console.dll, Failed to load assembly Microsoft.VisualStudio.TestPlatform.Fakes, Version=17.0.0.0, Culture=neutral. Reason:System.IO.FileNotFoundException: Could not load file or assembly 'Microsoft.VisualStudio.TestPlatform.Fakes, Version=17.0.0.0, Culture=neutral, PublicKeyToken=null'. The system cannot find the file specified.
File name: 'Microsoft.VisualStudio.TestPlatform.Fakes, Version=17.0.0.0, Culture=neutral, PublicKeyToken=null'
   at System.Reflection.RuntimeAssembly.InternalLoad(AssemblyName assemblyName, StackCrawlMark& stackMark, AssemblyLoadContext assemblyLoadContext, RuntimeAssembly requestingAssembly, Boolean throwOnFileNotFound)
   at System.Reflection.Assembly.Load(AssemblyName assemblyRef)
   at Microsoft.VisualStudio.TestPlatform.Common.Utilities.FakesUtilities.LoadTestPlatformAssembly() in /_/src/Microsoft.TestPlatform.Common/Utilities/FakesUtilities.cs:line 272
TpTrace Verbose: 0 : 3432, 1, 2024/07/04, 10:41:51.317, 1694393632043, vstest.console.dll, TestPluginCache.DiscoverTestExtensions: finding test extensions in assemblies ends with: TestLogger.dll TPluginInfo: Microsoft.VisualStudio.TestPlatform.Common.ExtensionFramework.Utilities.TestLoggerPluginInformation TExtension: Microsoft.VisualStudio.TestPlatform.ObjectModel.Client.ITestLogger
TpTrace Verbose: 0 : 3432, 1, 2024/07/04, 10:41:51.317, 1694393632759, vstest.console.dll, TestPluginCache.GetExtensionPaths: Filtered extension paths: 
TpTrace Verbose: 0 : 3432, 1, 2024/07/04, 10:41:51.317, 1694393633056, vstest.console.dll, TestPluginCache.GetExtensionPaths: Added default extension paths: C:\Program Files\dotnet\sdk\8.0.200\Extensions\Microsoft.Diagnostics.NETCore.Client.dll
C:\Program Files\dotnet\sdk\8.0.200\Extensions\Microsoft.TestPlatform.Extensions.BlameDataCollector.dll
C:\Program Files\dotnet\sdk\8.0.200\Extensions\Microsoft.TestPlatform.Extensions.EventLogCollector.dll
C:\Program Files\dotnet\sdk\8.0.200\Extensions\Microsoft.TestPlatform.TestHostRuntimeProvider.dll
C:\Program Files\dotnet\sdk\8.0.200\Extensions\Microsoft.VisualStudio.TestPlatform.Extensions.Html.TestLogger.dll
C:\Program Files\dotnet\sdk\8.0.200\Extensions\Microsoft.VisualStudio.TestPlatform.Extensions.Trx.TestLogger.dll
TpTrace Verbose: 0 : 3432, 1, 2024/07/04, 10:41:51.317, 1694393633324, vstest.console.dll, TestPluginCache.GetExtensionPaths: Added unfilterableExtensionPaths: 
TpTrace Information: 0 : 3432, 1, 2024/07/04, 10:41:51.317, 1694393634670, vstest.console.dll, AssemblyResolver.AddSearchDirectories: Adding more searchDirectories C:\Program Files\dotnet\sdk\8.0.200\Extensions,C:\Program Files\dotnet\sdk\8.0.200
TpTrace Verbose: 0 : 3432, 1, 2024/07/04, 10:41:51.317, 1694393635053, vstest.console.dll, TestPluginCache.DiscoverTestExtensions: Discovering the extensions using extension path.
TpTrace Verbose: 0 : 3432, 1, 2024/07/04, 10:41:51.317, 1694393635362, vstest.console.dll, TestPluginCache.GetExtensionPaths: Filtered extension paths: 
TpTrace Verbose: 0 : 3432, 1, 2024/07/04, 10:41:51.317, 1694393635944, vstest.console.dll, TestPluginCache.GetExtensionPaths: Added default extension paths: C:\Program Files\dotnet\sdk\8.0.200\Extensions\Microsoft.Diagnostics.NETCore.Client.dll
C:\Program Files\dotnet\sdk\8.0.200\Extensions\Microsoft.TestPlatform.Extensions.BlameDataCollector.dll
C:\Program Files\dotnet\sdk\8.0.200\Extensions\Microsoft.TestPlatform.Extensions.EventLogCollector.dll
C:\Program Files\dotnet\sdk\8.0.200\Extensions\Microsoft.TestPlatform.TestHostRuntimeProvider.dll
C:\Program Files\dotnet\sdk\8.0.200\Extensions\Microsoft.VisualStudio.TestPlatform.Extensions.Html.TestLogger.dll
C:\Program Files\dotnet\sdk\8.0.200\Extensions\Microsoft.VisualStudio.TestPlatform.Extensions.Trx.TestLogger.dll
TpTrace Verbose: 0 : 3432, 1, 2024/07/04, 10:41:51.317, 1694393636280, vstest.console.dll, TestPluginCache.GetExtensionPaths: Added unfilterableExtensionPaths: 
TpTrace Verbose: 0 : 3432, 1, 2024/07/04, 10:41:51.317, 1694393636871, vstest.console.dll, TestPluginCache.DiscoverTestExtensions: Discovering the extensions using allExtensionPaths: C:\Program Files\dotnet\sdk\8.0.200\Extensions\Microsoft.Diagnostics.NETCore.Client.dll
C:\Program Files\dotnet\sdk\8.0.200\Extensions\Microsoft.TestPlatform.Extensions.BlameDataCollector.dll
C:\Program Files\dotnet\sdk\8.0.200\Extensions\Microsoft.TestPlatform.Extensions.EventLogCollector.dll
C:\Program Files\dotnet\sdk\8.0.200\Extensions\Microsoft.TestPlatform.TestHostRuntimeProvider.dll
C:\Program Files\dotnet\sdk\8.0.200\Extensions\Microsoft.VisualStudio.TestPlatform.Extensions.Html.TestLogger.dll
C:\Program Files\dotnet\sdk\8.0.200\Extensions\Microsoft.VisualStudio.TestPlatform.Extensions.Trx.TestLogger.dll
TpTrace Information: 0 : 3432, 1, 2024/07/04, 10:41:51.318, 1694393637792, vstest.console.dll, AssemblyResolver.AddSearchDirectories: Adding more searchDirectories C:\Program Files\dotnet\sdk\8.0.200\Extensions,C:\Program Files\dotnet\sdk\8.0.200
TpTrace Information: 0 : 3432, 1, 2024/07/04, 10:41:51.318, 1694393638411, vstest.console.dll, AssemblyResolver.AddSearchDirectories: Adding more searchDirectories C:\Program Files\dotnet\sdk\8.0.200\Extensions,C:\Program Files\dotnet\sdk\8.0.200
TpTrace Information: 0 : 3432, 1, 2024/07/04, 10:41:51.318, 1694393638700, vstest.console.dll, AssemblyResolver.AddSearchDirectories: Adding more searchDirectories C:\Program Files\dotnet\sdk\8.0.200\Extensions,C:\Program Files\dotnet\sdk\8.0.200
TpTrace Information: 0 : 3432, 1, 2024/07/04, 10:41:51.318, 1694393638848, vstest.console.dll, AssemblyResolver.AddSearchDirectories: Adding more searchDirectories C:\Program Files\dotnet\sdk\8.0.200\Extensions,C:\Program Files\dotnet\sdk\8.0.200
TpTrace Information: 0 : 3432, 1, 2024/07/04, 10:41:51.318, 1694393638957, vstest.console.dll, AssemblyResolver.AddSearchDirectories: Adding more searchDirectories C:\Program Files\dotnet\sdk\8.0.200\Extensions,C:\Program Files\dotnet\sdk\8.0.200
TpTrace Information: 0 : 3432, 1, 2024/07/04, 10:41:51.318, 1694393639408, vstest.console.dll, AssemblyResolver.AddSearchDirectories: Adding more searchDirectories C:\Program Files\dotnet\sdk\8.0.200\Extensions,C:\Program Files\dotnet\sdk\8.0.200
TpTrace Verbose: 0 : 3432, 1, 2024/07/04, 10:41:51.318, 1694393640356, vstest.console.dll, MetadataReaderExtensionsHelper: Discovering extensions inside assembly 'Microsoft.Diagnostics.NETCore.Client, Version=0.2.9.2401, Culture=neutral, PublicKeyToken=31bf3856ad364e35' file path 'C:\Program Files\dotnet\sdk\8.0.200\Extensions\Microsoft.Diagnostics.NETCore.Client.dll'
TpTrace Information: 0 : 3432, 1, 2024/07/04, 10:41:51.319, 1694393648061, vstest.console.dll, AssemblyResolver.OnResolve: Microsoft.Bcl.AsyncInterfaces: Resolving assembly.
TpTrace Information: 0 : 3432, 1, 2024/07/04, 10:41:51.319, 1694393648439, vstest.console.dll, AssemblyResolver.OnResolve: Microsoft.Bcl.AsyncInterfaces: Resolved from cache.
TpTrace Verbose: 0 : 3432, 1, 2024/07/04, 10:41:51.319, 1694393648571, vstest.console.dll, CurrentDomainAssemblyResolve: Resolving assembly 'Microsoft.Bcl.AsyncInterfaces'.
TpTrace Information: 0 : 3432, 1, 2024/07/04, 10:41:51.319, 1694393648788, vstest.console.dll, AssemblyResolver.OnResolve: Microsoft.Bcl.AsyncInterfaces: Resolving assembly.
TpTrace Information: 0 : 3432, 1, 2024/07/04, 10:41:51.319, 1694393648921, vstest.console.dll, AssemblyResolver.OnResolve: Microsoft.Bcl.AsyncInterfaces: Resolved from cache.
TpTrace Verbose: 0 : 3432, 1, 2024/07/04, 10:41:51.319, 1694393649022, vstest.console.dll, CurrentDomainAssemblyResolve: Resolving assembly 'Microsoft.Bcl.AsyncInterfaces'.
TpTrace Verbose: 0 : 3432, 1, 2024/07/04, 10:41:51.319, 1694393649124, vstest.console.dll, CurrentDomainAssemblyResolve: Failed to resolve assembly 'Microsoft.Bcl.AsyncInterfaces'.
TpTrace Verbose: 0 : 3432, 1, 2024/07/04, 10:41:51.319, 1694393649900, vstest.console.dll, CurrentDomainAssemblyResolve: Failed to resolve assembly 'Microsoft.Bcl.AsyncInterfaces'.
TpTrace Warning: 0 : 3432, 1, 2024/07/04, 10:41:51.319, 1694393652098, vstest.console.dll, TestPluginDiscoverer: Failed to get types from assembly 'Microsoft.Diagnostics.NETCore.Client, Version=0.2.9.2401, Culture=neutral, PublicKeyToken=31bf3856ad364e35'. Error: System.Reflection.ReflectionTypeLoadException: Unable to load one or more of the requested types.
Could not load file or assembly 'Microsoft.Bcl.AsyncInterfaces, Version=6.0.0.0, Culture=neutral, PublicKeyToken=cc7b13ffcd2ddd51'. The system cannot find the file specified.
   at System.Reflection.RuntimeModule.GetTypes(RuntimeModule module)
   at System.Reflection.RuntimeModule.GetTypes()
   at Microsoft.VisualStudio.TestPlatform.Common.ExtensionFramework.TestPluginDiscoverer.GetTestExtensionsFromAssembly[TPluginInfo,TExtension](Assembly assembly, Dictionary`2 pluginInfos, String filePath) in /_/src/Microsoft.TestPlatform.Common/ExtensionFramework/TestPluginDiscoverer.cs:line 158
System.IO.FileNotFoundException: Could not load file or assembly 'Microsoft.Bcl.AsyncInterfaces, Version=6.0.0.0, Culture=neutral, PublicKeyToken=cc7b13ffcd2ddd51'. The system cannot find the file specified.
File name: 'Microsoft.Bcl.AsyncInterfaces, Version=6.0.0.0, Culture=neutral, PublicKeyToken=cc7b13ffcd2ddd51'
 ---> System.IO.FileNotFoundException: Could not load file or assembly 'Microsoft.Bcl.AsyncInterfaces, Culture=neutral, PublicKeyToken=null'. The system cannot find the file specified.
File name: 'Microsoft.Bcl.AsyncInterfaces, Culture=neutral, PublicKeyToken=null'
   at System.Reflection.RuntimeAssembly.InternalLoad(AssemblyName assemblyName, StackCrawlMark& stackMark, AssemblyLoadContext assemblyLoadContext, RuntimeAssembly requestingAssembly, Boolean throwOnFileNotFound)
   at System.Reflection.Assembly.Load(AssemblyName assemblyRef)
   at Microsoft.VisualStudio.TestPlatform.Common.ExtensionFramework.TestPluginCache.CurrentDomainAssemblyResolve(Object sender, AssemblyResolveEventArgs args) in /_/src/Microsoft.TestPlatform.Common/ExtensionFramework/TestPluginCache.cs:line 513
   at System.Runtime.Loader.AssemblyLoadContext.GetFirstResolvedAssemblyFromResolvingEvent(AssemblyName assemblyName)
   at System.Runtime.Loader.AssemblyLoadContext.ResolveUsingEvent(AssemblyName assemblyName)
   at System.Runtime.Loader.AssemblyLoadContext.ResolveUsingResolvingEvent(IntPtr gchManagedAssemblyLoadContext, AssemblyName assemblyName)
TpTrace Warning: 0 : 3432, 1, 2024/07/04, 10:41:51.319, 1694393653401, vstest.console.dll, LoaderExceptions: System.IO.FileNotFoundException: Could not load file or assembly 'Microsoft.Bcl.AsyncInterfaces, Version=6.0.0.0, Culture=neutral, PublicKeyToken=cc7b13ffcd2ddd51'. The system cannot find the file specified.
File name: 'Microsoft.Bcl.AsyncInterfaces, Version=6.0.0.0, Culture=neutral, PublicKeyToken=cc7b13ffcd2ddd51'
 ---> System.IO.FileNotFoundException: Could not load file or assembly 'Microsoft.Bcl.AsyncInterfaces, Culture=neutral, PublicKeyToken=null'. The system cannot find the file specified.
File name: 'Microsoft.Bcl.AsyncInterfaces, Culture=neutral, PublicKeyToken=null'
   at System.Reflection.RuntimeAssembly.InternalLoad(AssemblyName assemblyName, StackCrawlMark& stackMark, AssemblyLoadContext assemblyLoadContext, RuntimeAssembly requestingAssembly, Boolean throwOnFileNotFound)
   at System.Reflection.Assembly.Load(AssemblyName assemblyRef)
   at Microsoft.VisualStudio.TestPlatform.Common.ExtensionFramework.TestPluginCache.CurrentDomainAssemblyResolve(Object sender, AssemblyResolveEventArgs args) in /_/src/Microsoft.TestPlatform.Common/ExtensionFramework/TestPluginCache.cs:line 513
   at System.Runtime.Loader.AssemblyLoadContext.GetFirstResolvedAssemblyFromResolvingEvent(AssemblyName assemblyName)
   at System.Runtime.Loader.AssemblyLoadContext.ResolveUsingEvent(AssemblyName assemblyName)
   at System.Runtime.Loader.AssemblyLoadContext.ResolveUsingResolvingEvent(IntPtr gchManagedAssemblyLoadContext, AssemblyName assemblyName)
TpTrace Verbose: 0 : 3432, 1, 2024/07/04, 10:41:51.319, 1694393654161, vstest.console.dll, MetadataReaderExtensionsHelper: Discovering extensions inside assembly 'Microsoft.TestPlatform.Extensions.BlameDataCollector, Version=15.0.0.0, Culture=neutral, PublicKeyToken=b03f5f7f11d50a3a' file path 'C:\Program Files\dotnet\sdk\8.0.200\Extensions\Microsoft.TestPlatform.Extensions.BlameDataCollector.dll'
TpTrace Information: 0 : 3432, 1, 2024/07/04, 10:41:51.320, 1694393658597, vstest.console.dll, GetTestExtensionFromType: Register extension with identifier data 'logger://Microsoft/TestPlatform/Extensions/Blame/v1' and type 'Microsoft.TestPlatform.Extensions.BlameDataCollector.BlameLogger, Microsoft.TestPlatform.Extensions.BlameDataCollector, Version=15.0.0.0, Culture=neutral, PublicKeyToken=b03f5f7f11d50a3a' inside file 'C:\Program Files\dotnet\sdk\8.0.200\Extensions\Microsoft.TestPlatform.Extensions.BlameDataCollector.dll'
TpTrace Verbose: 0 : 3432, 1, 2024/07/04, 10:41:51.320, 1694393659086, vstest.console.dll, MetadataReaderExtensionsHelper: Discovering extensions inside assembly 'Microsoft.TestPlatform.Extensions.EventLogCollector, Version=15.0.0.0, Culture=neutral, PublicKeyToken=b03f5f7f11d50a3a' file path 'C:\Program Files\dotnet\sdk\8.0.200\Extensions\Microsoft.TestPlatform.Extensions.EventLogCollector.dll'
TpTrace Verbose: 0 : 3432, 1, 2024/07/04, 10:41:51.320, 1694393662999, vstest.console.dll, MetadataReaderExtensionsHelper: Discovering extensions inside assembly 'Microsoft.TestPlatform.TestHostRuntimeProvider, Version=15.0.0.0, Culture=neutral, PublicKeyToken=b03f5f7f11d50a3a' file path 'C:\Program Files\dotnet\sdk\8.0.200\Extensions\Microsoft.TestPlatform.TestHostRuntimeProvider.dll'
TpTrace Verbose: 0 : 3432, 1, 2024/07/04, 10:41:51.320, 1694393666213, vstest.console.dll, MetadataReaderExtensionsHelper: Discovering extensions inside assembly 'Microsoft.VisualStudio.TestPlatform.Extensions.Html.TestLogger, Version=15.0.0.0, Culture=neutral, PublicKeyToken=b03f5f7f11d50a3a' file path 'C:\Program Files\dotnet\sdk\8.0.200\Extensions\Microsoft.VisualStudio.TestPlatform.Extensions.Html.TestLogger.dll'
TpTrace Information: 0 : 3432, 1, 2024/07/04, 10:41:51.321, 1694393670729, vstest.console.dll, GetTestExtensionFromType: Register extension with identifier data 'logger://Microsoft/TestPlatform/HtmlLogger/v1' and type 'Microsoft.VisualStudio.TestPlatform.Extensions.HtmlLogger.HtmlLogger, Microsoft.VisualStudio.TestPlatform.Extensions.Html.TestLogger, Version=15.0.0.0, Culture=neutral, PublicKeyToken=b03f5f7f11d50a3a' inside file 'C:\Program Files\dotnet\sdk\8.0.200\Extensions\Microsoft.VisualStudio.TestPlatform.Extensions.Html.TestLogger.dll'
TpTrace Verbose: 0 : 3432, 1, 2024/07/04, 10:41:51.321, 1694393671174, vstest.console.dll, MetadataReaderExtensionsHelper: Discovering extensions inside assembly 'Microsoft.VisualStudio.TestPlatform.Extensions.Trx.TestLogger, Version=15.0.0.0, Culture=neutral, PublicKeyToken=b03f5f7f11d50a3a' file path 'C:\Program Files\dotnet\sdk\8.0.200\Extensions\Microsoft.VisualStudio.TestPlatform.Extensions.Trx.TestLogger.dll'
TpTrace Information: 0 : 3432, 1, 2024/07/04, 10:41:51.321, 1694393674096, vstest.console.dll, GetTestExtensionFromType: Register extension with identifier data 'logger://Microsoft/TestPlatform/TrxLogger/v1' and type 'Microsoft.VisualStudio.TestPlatform.Extensions.TrxLogger.TrxLogger, Microsoft.VisualStudio.TestPlatform.Extensions.Trx.TestLogger, Version=15.0.0.0, Culture=neutral, PublicKeyToken=b03f5f7f11d50a3a' inside file 'C:\Program Files\dotnet\sdk\8.0.200\Extensions\Microsoft.VisualStudio.TestPlatform.Extensions.Trx.TestLogger.dll'
TpTrace Verbose: 0 : 3432, 1, 2024/07/04, 10:41:51.321, 1694393674539, vstest.console.dll, TestPluginCache: Discovered the extensions using extension path ''.
TpTrace Verbose: 0 : 3432, 1, 2024/07/04, 10:41:51.321, 1694393674711, vstest.console.dll, TestPluginCache: Discoverers are ''.
TpTrace Verbose: 0 : 3432, 1, 2024/07/04, 10:41:51.321, 1694393674815, vstest.console.dll, TestPluginCache: Executors are ''.
TpTrace Verbose: 0 : 3432, 1, 2024/07/04, 10:41:51.321, 1694393674911, vstest.console.dll, TestPluginCache: Executors2 are ''.
TpTrace Verbose: 0 : 3432, 1, 2024/07/04, 10:41:51.321, 1694393675009, vstest.console.dll, TestPluginCache: Setting providers are ''.
TpTrace Verbose: 0 : 3432, 1, 2024/07/04, 10:41:51.321, 1694393675429, vstest.console.dll, TestPluginCache: Loggers are 'logger://Microsoft/TestPlatform/Extensions/Blame/v1,logger://Microsoft/TestPlatform/HtmlLogger/v1,logger://Microsoft/TestPlatform/TrxLogger/v1'.
TpTrace Verbose: 0 : 3432, 1, 2024/07/04, 10:41:51.321, 1694393675618, vstest.console.dll, TestPluginCache: TestHosts are 'HostProvider://DefaultTestHost,HostProvider://DotnetTestHost'.
TpTrace Verbose: 0 : 3432, 1, 2024/07/04, 10:41:51.321, 1694393675749, vstest.console.dll, TestPluginCache: DataCollectors are ''.
TpTrace Information: 0 : 3432, 1, 2024/07/04, 10:41:51.322, 1694393680930, vstest.console.dll, TestPluginManager.CreateTestExtension: Attempting to load test extension: Microsoft.TestPlatform.Extensions.BlameDataCollector.BlameLogger
TpTrace Verbose: 0 : 3432, 1, 2024/07/04, 10:41:51.331, 1694393774634, vstest.console.dll, TestEngine: Initializing Parallel Execution as MaxCpuCount is set to: 1
TpTrace Information: 0 : 3432, 1, 2024/07/04, 10:41:51.332, 1694393786085, vstest.console.dll, TestPluginManager.CreateTestExtension: Attempting to load test extension: Microsoft.VisualStudio.TestPlatform.CrossPlatEngine.Hosting.DefaultTestHostManager
TpTrace Information: 0 : 3432, 1, 2024/07/04, 10:41:51.333, 1694393794658, vstest.console.dll, TestPluginManager.CreateTestExtension: Attempting to load test extension: Microsoft.VisualStudio.TestPlatform.CrossPlatEngine.Hosting.DotnetTestHostManager
TpTrace Information: 0 : 3432, 1, 2024/07/04, 10:41:51.334, 1694393797869, vstest.console.dll, InferRunSettingsHelper.IsTestSettingsEnabled: Unable to navigate to RunSettings/MSTest. Current node: RunSettings
TpTrace Verbose: 0 : 3432, 1, 2024/07/04, 10:41:51.334, 1694393802208, vstest.console.dll, ParallelOperationManager.ClearSlots: Clearing all slots. Slots should accept more work: True
TpTrace Verbose: 0 : 3432, 1, 2024/07/04, 10:41:51.334, 1694393806342, vstest.console.dll, ParallelOperationManager.SetOccupiedSlotCount: Setting slot counts AvailableSlotCount = 3, OccupiedSlotCount = 0.
TpTrace Verbose: 0 : 3432, 1, 2024/07/04, 10:41:51.335, 1694393808395, vstest.console.dll, Occupied slots:

TpTrace Verbose: 0 : 3432, 1, 2024/07/04, 10:41:51.337, 1694393828342, vstest.console.dll, TestEngine.GetExecutionManager: Chosen execution manager 'Microsoft.VisualStudio.TestPlatform.CrossPlatEngine.Client.Parallel.ParallelProxyExecutionManager, Microsoft.TestPlatform.CrossPlatEngine, Version=15.0.0.0, Culture=neutral, PublicKeyToken=b03f5f7f11d50a3a' ParallelLevel '1'.
TpTrace Verbose: 0 : 3432, 1, 2024/07/04, 10:41:51.337, 1694393829303, vstest.console.dll, TestRunRequest.ExecuteAsync: Creating test run request.
TpTrace Verbose: 0 : 3432, 1, 2024/07/04, 10:41:51.337, 1694393830694, vstest.console.dll, TestRunRequest.ExecuteAsync: Starting.
TpTrace Information: 0 : 3432, 1, 2024/07/04, 10:41:51.338, 1694393836996, vstest.console.dll, TestRunRequest.ExecuteAsync: Starting run with settings:TestRunCriteria:
   KeepAlive=False,FrequencyOfRunStatsChangeEvent=10,RunStatsChangeEventTimeout=00:00:01.5000000,TestCaseFilter=,TestExecutorLauncher=
   Settingsxml=<RunSettings>
  <RunConfiguration>
    <ResultsDirectory>C:\Stuart\Projects\nunit-csharp-samples-master\nunit-csharp-samples-master\syntax\bin\Debug\net6.0\fine-code-coverage\coverage-tool-output</ResultsDirectory>
    <TargetPlatform>X64</TargetPlatform>
    <TargetFrameworkVersion>.NETCoreApp,Version=v6.0</TargetFrameworkVersion>
    <DesignMode>False</DesignMode>
    <CollectSourceInformation>False</CollectSourceInformation>
  </RunConfiguration>
  <LoggerRunSettings>
    <Loggers>
      <Logger friendlyName="blame" enabled="True" />
      <Logger friendlyName="Console" uri="logger://microsoft/TestPlatform/ConsoleLogger/v1" assemblyQualifiedName="Microsoft.VisualStudio.TestPlatform.CommandLine.Internal.ConsoleLogger, vstest.console, Version=15.0.0.0, Culture=neutral, PublicKeyToken=b03f5f7f11d50a3a" codeBase="C:\Program Files\dotnet\sdk\8.0.200\vstest.console.dll" enabled="True" />
    </Loggers>
  </LoggerRunSettings>
  <DataCollectionRunSettings>
    <DataCollectors>
      <DataCollector friendlyName="blame" enabled="True">
        <Configuration>
          <ResultsDirectory>C:\Stuart\Projects\nunit-csharp-samples-master\nunit-csharp-samples-master\syntax\bin\Debug\net6.0\fine-code-coverage\coverage-tool-output</ResultsDirectory>
        </Configuration>
      </DataCollector>
    </DataCollectors>
  </DataCollectionRunSettings>
</RunSettings>

TpTrace Verbose: 0 : 3432, 1, 2024/07/04, 10:41:51.338, 1694393837368, vstest.console.dll, TestRunRequest.ExecuteAsync: Wait for the first run request is over.
TpTrace Verbose: 0 : 3432, 1, 2024/07/04, 10:41:51.338, 1694393839594, vstest.console.dll, MulticastDelegateUtilities.SafeInvoke: TestRun.TestRunStart: Invoking callbacks was skipped because there are no subscribers.
TpTrace Verbose: 0 : 3432, 4, 2024/07/04, 10:41:51.338, 1694393841733, vstest.console.dll, MulticastDelegateUtilities.SafeInvoke: InternalTestLoggerEvents.SendTestRunStart: Invoking callback 1/1 for Microsoft.VisualStudio.TestPlatform.CommandLine.Internal.ConsoleLogger., took 0 ms.
TpTrace Verbose: 0 : 3432, 1, 2024/07/04, 10:41:51.338, 1694393845724, vstest.console.dll, ParallelProxyExecutionManager: Start execution. Total sources: 1
TpTrace Verbose: 0 : 3432, 1, 2024/07/04, 10:41:51.339, 1694393847794, vstest.console.dll, ParallelOperationManager.StartWork: Starting adding 1 workloads.
TpTrace Verbose: 0 : 3432, 1, 2024/07/04, 10:41:51.339, 1694393848110, vstest.console.dll, ParallelOperationManager.ClearSlots: Clearing all slots. Slots should accept more work: True
TpTrace Verbose: 0 : 3432, 1, 2024/07/04, 10:41:51.339, 1694393848426, vstest.console.dll, ParallelOperationManager.SetOccupiedSlotCount: Setting slot counts AvailableSlotCount = 3, OccupiedSlotCount = 0.
TpTrace Verbose: 0 : 3432, 1, 2024/07/04, 10:41:51.339, 1694393848589, vstest.console.dll, Occupied slots:

TpTrace Verbose: 0 : 3432, 1, 2024/07/04, 10:41:51.340, 1694393857478, vstest.console.dll, TestRequestSender is acting as server.
TpTrace Verbose: 0 : 3432, 1, 2024/07/04, 10:41:51.341, 1694393869811, vstest.console.dll, ParallelOperationManager.RunWorkInParallel: Adding 1 workload to slot, remaining workloads 0.
TpTrace Verbose: 0 : 3432, 1, 2024/07/04, 10:41:51.341, 1694393870291, vstest.console.dll, ParallelOperationManager.SetOccupiedSlotCount: Setting slot counts AvailableSlotCount = 2, OccupiedSlotCount = 1.
TpTrace Verbose: 0 : 3432, 1, 2024/07/04, 10:41:51.341, 1694393870926, vstest.console.dll, Occupied slots:
0: C:\Stuart\Projects\nunit-csharp-samples-master\nunit-csharp-samples-master\syntax\bin\Debug\net6.0\fine-code-coverage\build-output\AssertSyntax.dll
TpTrace Verbose: 0 : 3432, 1, 2024/07/04, 10:41:51.342, 1694393877444, vstest.console.dll, ParallelOperationManager.RunWorkInParallel: Started host in slot number 0 for work (source): C:\Stuart\Projects\nunit-csharp-samples-master\nunit-csharp-samples-master\syntax\bin\Debug\net6.0\fine-code-coverage\build-output\AssertSyntax.dll.
TpTrace Verbose: 0 : 3432, 1, 2024/07/04, 10:41:51.342, 1694393886767, vstest.console.dll, ParallelOperationManager.RunWorkInParallel: We started 1 work items, which is the max parallel level. Won't start more work.
TpTrace Verbose: 0 : 3432, 1, 2024/07/04, 10:41:51.343, 1694393887383, vstest.console.dll, ParallelOperationManager.RunWorkInParallel: We started 1 work items in here, returning True.
TpTrace Information: 0 : 3432, 1, 2024/07/04, 10:41:51.343, 1694393887625, vstest.console.dll, TestRunRequest.ExecuteAsync: Started.
TpTrace Verbose: 0 : 3432, 5, 2024/07/04, 10:41:51.343, 1694393890022, vstest.console.dll, ParallelProxyExecutionManager.StartTestRunOnConcurrentManager: Initializing uninitialized client. Started clients: 0
TpTrace Verbose: 0 : 3432, 5, 2024/07/04, 10:41:51.343, 1694393891548, vstest.console.dll, DataCollectionRequestSender.InitializeCommunication : Initialize communication. 
TpTrace Verbose: 0 : 3432, 1, 2024/07/04, 10:41:51.343, 1694393894207, vstest.console.dll, TestRunRequest.WaitForCompletion: Waiting with timeout -1.
TpTrace Information: 0 : 3432, 5, 2024/07/04, 10:41:51.348, 1694393941350, vstest.console.dll, Listening on Endpoint : 127.0.0.1:56033
TpTrace Verbose: 0 : 3432, 5, 2024/07/04, 10:41:51.353, 1694393996527, vstest.console.dll, DotnetDataCollectionLauncher: Adding  --runtimeconfig "C:\Program Files\dotnet\sdk\8.0.200\datacollector.runtimeconfig.json" in args
TpTrace Verbose: 0 : 3432, 5, 2024/07/04, 10:41:51.354, 1694393999140, vstest.console.dll, DotnetDataCollectionLauncher: Adding  --depsfile "C:\Program Files\dotnet\sdk\8.0.200\datacollector.deps.json" in args
TpTrace Verbose: 0 : 3432, 5, 2024/07/04, 10:41:51.354, 1694394000397, vstest.console.dll, DotnetDataCollectionLauncher: Full path of dotnet.exe is C:\Program Files\dotnet\dotnet.exe
TpTrace Information: 0 : 3432, 5, 2024/07/04, 10:41:51.359, 1694394047835, vstest.console.dll, ProxyDataCollectionManager.Initialize: Launched datacollector processId: 28208 port: 56033
TpTrace Information: 0 : 3432, 5, 2024/07/04, 10:41:51.359, 1694394049046, vstest.console.dll, ProxyDataCollectionManager.Initialize: waiting for connection with timeout: 90 seconds
TpTrace Verbose: 0 : 3432, 5, 2024/07/04, 10:41:51.359, 1694394049514, vstest.console.dll, DataCollectionRequestSender.WaitForRequestHandlerConnection : Waiting for connection with timeout: 90000
TpTrace Verbose: 0 : 3432, 5, 2024/07/04, 10:41:51.465, 1694395109008, vstest.console.dll, SocketCommunicationManager.WaitForClientConnection took: 105 ms, with 90000 ms timeout, and finished with True.
TpTrace Information: 0 : 3432, 7, 2024/07/04, 10:41:51.465, 1694395108978, vstest.console.dll, Using the buffer size of 16384 bytes
TpTrace Verbose: 0 : 3432, 5, 2024/07/04, 10:41:51.465, 1694395109926, vstest.console.dll, ProxyDataCollectionManager.InvokeDataCollectionServiceAction: Starting.
TpTrace Information: 0 : 3432, 5, 2024/07/04, 10:41:51.465, 1694395110392, vstest.console.dll, ProxyDataCollectionManager.BeforeTestRunStart: Get environment variable and port for datacollector processId: 28208 port: 56033
TpTrace Information: 0 : 3432, 7, 2024/07/04, 10:41:51.465, 1694395110332, vstest.console.dll, Accepted Client request and set the flag
TpTrace Verbose: 0 : 3432, 5, 2024/07/04, 10:41:51.465, 1694395110985, vstest.console.dll, DataCollectionRequestSender.SendBeforeTestRunStartAndGetResult: Send BeforeTestRunStart message with settingsXml <RunSettings><RunConfiguration><ResultsDirectory>C:\Stuart\Projects\nunit-csharp-samples-master\nunit-csharp-samples-master\syntax\bin\Debug\net6.0\fine-code-coverage\coverage-tool-output</ResultsDirectory><TargetPlatform>X64</TargetPlatform><TargetFrameworkVersion>.NETCoreApp,Version=v6.0</TargetFrameworkVersion><DesignMode>False</DesignMode><CollectSourceInformation>False</CollectSourceInformation><TestAdaptersPaths>C:\Program Files\dotnet\sdk\8.0.200\Extensions</TestAdaptersPaths></RunConfiguration><LoggerRunSettings><Loggers><Logger friendlyName="blame" enabled="True" /><Logger friendlyName="Console" uri="logger://microsoft/TestPlatform/ConsoleLogger/v1" assemblyQualifiedName="Microsoft.VisualStudio.TestPlatform.CommandLine.Internal.ConsoleLogger, vstest.console, Version=15.0.0.0, Culture=neutral, PublicKeyToken=b03f5f7f11d50a3a" codeBase="C:\Program Files\dotnet\sdk\8.0.200\vstest.console.dll" enabled="True" /></Loggers></LoggerRunSettings><DataCollectionRunSettings><DataCollectors><DataCollector friendlyName="blame" enabled="True"><Configuration><ResultsDirectory>C:\Stuart\Projects\nunit-csharp-samples-master\nunit-csharp-samples-master\syntax\bin\Debug\net6.0\fine-code-coverage\coverage-tool-output</ResultsDirectory></Configuration></DataCollector></DataCollectors></DataCollectionRunSettings></RunSettings> and sources System.Collections.Generic.List`1[System.String]: 
TpTrace Verbose: 0 : 3432, 5, 2024/07/04, 10:41:51.528, 1694395740543, vstest.console.dll, DataCollectionRequestSender.SendBeforeTestRunStartAndGetResult: Received message: (DataCollection.SendMessage) -> {"MessageType":"DataCollection.SendMessage","Payload":{"FriendlyName":null,"Uri":null,"TestCaseId":"00000000-0000-0000-0000-000000000000","Message":"Logging DataCollector Diagnostics in file: C:\\Stuart\\Projects\\nunit-csharp-samples-master\\nunit-csharp-samples-master\\syntax\\bin\\Debug\\net6.0\\fine-code-coverage\\coverage-tool-output\\diagnostics.datacollector.24-07-04_10-41-51_35357_5.log","Level":0}}
TpTrace Verbose: 0 : 3432, 5, 2024/07/04, 10:41:51.595, 1694396413413, vstest.console.dll, DataCollectionRequestSender.SendBeforeTestRunStartAndGetResult: Received message: (DataCollection.BeforeTestRunStartResult) -> {"MessageType":"DataCollection.BeforeTestRunStartResult","Payload":{"EnvironmentVariables":{},"DataCollectionEventsPort":56035}}
TpTrace Information: 0 : 3432, 5, 2024/07/04, 10:41:51.600, 1694396458248, vstest.console.dll, ProxyDataCollectionManager.BeforeTestRunStart: SendBeforeTestRunStartAndGetResult successful, env variable from datacollector:   and testhost port: 56035
TpTrace Information: 0 : 3432, 5, 2024/07/04, 10:41:51.600, 1694396458759, vstest.console.dll, ProxyDataCollectionManager.InvokeDataCollectionServiceAction: Completed.
TpTrace Verbose: 0 : 3432, 5, 2024/07/04, 10:41:51.600, 1694396458987, vstest.console.dll, ParallelProxyExecutionManager.StartTestRunOnConcurrentManager: Initializing test run. Started clients: 0
TpTrace Verbose: 0 : 3432, 5, 2024/07/04, 10:41:51.600, 1694396459422, vstest.console.dll, ProxyExecutionManager: Test host is always Lazy initialize.
TpTrace Verbose: 0 : 3432, 5, 2024/07/04, 10:41:51.600, 1694396460627, vstest.console.dll, TestRequestSender.InitializeCommunication: initialize communication. 
TpTrace Information: 0 : 3432, 5, 2024/07/04, 10:41:51.600, 1694396463593, vstest.console.dll, SocketServer.Start: Listening on endpoint : 127.0.0.1:56036
TpTrace Verbose: 0 : 3432, 5, 2024/07/04, 10:41:51.601, 1694396468694, vstest.console.dll, DotnetTestHostmanager.GetTestHostProcessStartInfo: Platform environment 'X64' target architecture 'X64' framework '.NETCoreApp,Version=v6.0' OS 'Windows'
TpTrace Verbose: 0 : 3432, 5, 2024/07/04, 10:41:51.601, 1694396470527, vstest.console.dll, DotnetTestHostmanager: Adding  --runtimeconfig "C:\Stuart\Projects\nunit-csharp-samples-master\nunit-csharp-samples-master\syntax\bin\Debug\net6.0\fine-code-coverage\build-output\AssertSyntax.runtimeconfig.json" in args
TpTrace Verbose: 0 : 3432, 5, 2024/07/04, 10:41:51.601, 1694396471095, vstest.console.dll, DotnetTestHostmanager: Adding  --depsfile "C:\Stuart\Projects\nunit-csharp-samples-master\nunit-csharp-samples-master\syntax\bin\Debug\net6.0\fine-code-coverage\build-output\AssertSyntax.deps.json" in args
TpTrace Verbose: 0 : 3432, 5, 2024/07/04, 10:41:51.601, 1694396472505, vstest.console.dll, DotnetTestHostmanager.IsWinOnArm: Current PROCESSOR_ARCHITECTURE from environment variable 'AMD64'
TpTrace Verbose: 0 : 3432, 5, 2024/07/04, 10:41:51.601, 1694396473262, vstest.console.dll, DotnetTestHostmanager.IsWinOnArm: Is Windows on ARM 'False'
TpTrace Verbose: 0 : 3432, 5, 2024/07/04, 10:41:51.601, 1694396473762, vstest.console.dll, DotnetTestHostManager: testhost.exe found at path: C:\Stuart\Projects\nunit-csharp-samples-master\nunit-csharp-samples-master\syntax\bin\Debug\net6.0\fine-code-coverage\build-output\testhost.exe
TpTrace Verbose: 0 : 3432, 5, 2024/07/04, 10:41:51.601, 1694396473943, vstest.console.dll, DotnetTestHostmanager: Full path of host exe is C:\Stuart\Projects\nunit-csharp-samples-master\nunit-csharp-samples-master\syntax\bin\Debug\net6.0\fine-code-coverage\build-output\testhost.exe
TpTrace Verbose: 0 : 3432, 5, 2024/07/04, 10:41:51.605, 1694396509970, vstest.console.dll, DotnetTestHostmanager.LaunchTestHostAsync: Found 'VSTEST_WINAPPHOST_DOTNET_ROOT' in env variables, value 'C:\Program Files\dotnet', forwarding to 'DOTNET_ROOT'
TpTrace Verbose: 0 : 3432, 5, 2024/07/04, 10:41:51.605, 1694396510880, vstest.console.dll, DotnetTestHostManager: Starting process 'C:\Stuart\Projects\nunit-csharp-samples-master\nunit-csharp-samples-master\syntax\bin\Debug\net6.0\fine-code-coverage\build-output\testhost.exe' with command line ' --runtimeconfig "C:\Stuart\Projects\nunit-csharp-samples-master\nunit-csharp-samples-master\syntax\bin\Debug\net6.0\fine-code-coverage\build-output\AssertSyntax.runtimeconfig.json" --depsfile "C:\Stuart\Projects\nunit-csharp-samples-master\nunit-csharp-samples-master\syntax\bin\Debug\net6.0\fine-code-coverage\build-output\AssertSyntax.deps.json" --port 56036 --endpoint 127.0.0.1:056036 --role client --parentprocessid 3432 --diag "C:\Stuart\Projects\nunit-csharp-samples-master\nunit-csharp-samples-master\syntax\bin\Debug\net6.0\fine-code-coverage\coverage-tool-output\diagnostics.host.24-07-04_10-41-51_60086_5.log" --tracelevel 4 --datacollectionport 56035 --telemetryoptedin false'
TpTrace Verbose: 0 : 3432, 5, 2024/07/04, 10:41:51.612, 1694396584321, vstest.console.dll, MulticastDelegateUtilities.SafeInvoke: HostProviderEvents.OnHostLaunched: Invoking callback 1/2 for Microsoft.VisualStudio.TestPlatform.CrossPlatEngine.Client.ProxyExecutionManagerWithDataCollection., took 0 ms.
TpTrace Verbose: 0 : 3432, 5, 2024/07/04, 10:41:51.612, 1694396586661, vstest.console.dll, Test Runtime launched
TpTrace Verbose: 0 : 3432, 5, 2024/07/04, 10:41:51.613, 1694396587095, vstest.console.dll, MulticastDelegateUtilities.SafeInvoke: HostProviderEvents.OnHostLaunched: Invoking callback 2/2 for Microsoft.VisualStudio.TestPlatform.CrossPlatEngine.Client.ProxyOperationManager., took 0 ms.
TpTrace Verbose: 0 : 3432, 5, 2024/07/04, 10:41:51.613, 1694396593916, vstest.console.dll, TestRequestSender.WaitForRequestHandlerConnection: waiting for connection with timeout: 90000.
TpTrace Verbose: 0 : 3432, 7, 2024/07/04, 10:41:51.784, 1694398301058, vstest.console.dll, MulticastDelegateUtilities.SafeInvoke: SocketServer: ClientConnected: Invoking callback 1/1 for Microsoft.VisualStudio.TestPlatform.CommunicationUtilities.TestRequestSender., took 0 ms.
TpTrace Verbose: 0 : 3432, 5, 2024/07/04, 10:41:51.784, 1694398301058, vstest.console.dll, TestRequestSender.WaitForRequestHandlerConnection: waiting took 170 ms, with timeout 90000 ms, and result 0, which is success.
TpTrace Verbose: 0 : 3432, 7, 2024/07/04, 10:41:51.784, 1694398301809, vstest.console.dll, SocketServer.OnClientConnected: Client connected for endPoint: 127.0.0.1:56036, starting MessageLoopAsync:
TpTrace Verbose: 0 : 3432, 14, 2024/07/04, 10:41:51.784, 1694398306519, vstest.console.dll, TcpClientExtensions.MessageLoopAsync: Polling on remoteEndPoint: 127.0.0.1:56037 localEndPoint: 127.0.0.1:56036 after 0 ms
TpTrace Verbose: 0 : 3432, 5, 2024/07/04, 10:41:51.785, 1694398310171, vstest.console.dll, TestRequestSender.CheckVersionWithTestHost: Sending check version message: {"MessageType":"ProtocolVersion","Payload":7}
TpTrace Verbose: 0 : 3432, 14, 2024/07/04, 10:41:51.887, 1694399328577, vstest.console.dll, TcpClientExtensions.MessageLoopAsync: NotifyDataAvailable remoteEndPoint: 127.0.0.1:56037 localEndPoint: 127.0.0.1:56036
TpTrace Verbose: 0 : 3432, 14, 2024/07/04, 10:41:51.887, 1694399330386, vstest.console.dll, TestRequestSender.CheckVersionWithTestHost: onMessageReceived received message: (ProtocolVersion) -> {"MessageType":"ProtocolVersion","Payload":7}
TpTrace Verbose: 0 : 3432, 14, 2024/07/04, 10:41:51.893, 1694399390240, vstest.console.dll, MulticastDelegateUtilities.SafeInvoke: LengthPrefixCommunicationChannel: MessageReceived: Invoking callback 1/1 for Microsoft.VisualStudio.TestPlatform.CommunicationUtilities.TestRequestSender+<>c__DisplayClass29_0., took 6 ms.
TpTrace Verbose: 0 : 3432, 14, 2024/07/04, 10:41:51.893, 1694399390991, vstest.console.dll, TcpClientExtensions.MessageLoopAsync: Polling on remoteEndPoint: 127.0.0.1:56037 localEndPoint: 127.0.0.1:56036 after 108 ms
TpTrace Verbose: 0 : 3432, 14, 2024/07/04, 10:41:51.893, 1694399391289, vstest.console.dll, TcpClientExtensions.MessageLoopAsync: NotifyDataAvailable remoteEndPoint: 127.0.0.1:56037 localEndPoint: 127.0.0.1:56036
TpTrace Verbose: 0 : 3432, 5, 2024/07/04, 10:41:51.893, 1694399391427, vstest.console.dll, TestPluginCache.GetExtensionPaths: Filtered extension paths: 
TpTrace Verbose: 0 : 3432, 5, 2024/07/04, 10:41:51.893, 1694399391889, vstest.console.dll, TestPluginCache.GetExtensionPaths: Added default extension paths: C:\Program Files\dotnet\sdk\8.0.200\Extensions\Microsoft.Diagnostics.NETCore.Client.dll
C:\Program Files\dotnet\sdk\8.0.200\Extensions\Microsoft.TestPlatform.Extensions.BlameDataCollector.dll
C:\Program Files\dotnet\sdk\8.0.200\Extensions\Microsoft.TestPlatform.Extensions.EventLogCollector.dll
C:\Program Files\dotnet\sdk\8.0.200\Extensions\Microsoft.TestPlatform.TestHostRuntimeProvider.dll
C:\Program Files\dotnet\sdk\8.0.200\Extensions\Microsoft.VisualStudio.TestPlatform.Extensions.Html.TestLogger.dll
C:\Program Files\dotnet\sdk\8.0.200\Extensions\Microsoft.VisualStudio.TestPlatform.Extensions.Trx.TestLogger.dll
TpTrace Verbose: 0 : 3432, 5, 2024/07/04, 10:41:51.893, 1694399392500, vstest.console.dll, TestPluginCache.GetExtensionPaths: Added unfilterableExtensionPaths: 
TpTrace Verbose: 0 : 3432, 5, 2024/07/04, 10:41:51.898, 1694399437604, vstest.console.dll, TestRequestSender.InitializeExecution: Sending initialize execution with message: {"Version":7,"MessageType":"TestExecution.Initialize","Payload":["C:\\Stuart\\Projects\\nunit-csharp-samples-master\\nunit-csharp-samples-master\\syntax\\bin\\Debug\\net6.0\\fine-code-coverage\\build-output\\NUnit3.TestAdapter.dll"]}
TpTrace Verbose: 0 : 3432, 5, 2024/07/04, 10:41:51.898, 1694399441384, vstest.console.dll, ParallelProxyExecutionManager.StartTestRunOnConcurrentManager: Execution starting. Started clients: 1
TpTrace Verbose: 0 : 3432, 5, 2024/07/04, 10:41:51.898, 1694399443095, vstest.console.dll, TestRunRequest:SendTestRunMessage: Starting.
TpTrace Verbose: 0 : 3432, 5, 2024/07/04, 10:41:51.898, 1694399444278, vstest.console.dll, MulticastDelegateUtilities.SafeInvoke: TestRun.LogMessages: Invoking callback 1/1 for Microsoft.VisualStudio.TestPlatform.CommandLine.TestRunResultAggregator., took 0 ms.
TpTrace Information: 0 : 3432, 5, 2024/07/04, 10:41:51.898, 1694399444552, vstest.console.dll, TestRunRequest:SendTestRunMessage: Completed.
TpTrace Verbose: 0 : 3432, 4, 2024/07/04, 10:41:51.898, 1694399445608, vstest.console.dll, MulticastDelegateUtilities.SafeInvoke: InternalTestLoggerEvents.SendTestRunMessage: Invoking callback 1/1 for Microsoft.VisualStudio.TestPlatform.CommandLine.Internal.ConsoleLogger., took 0 ms.
TpTrace Warning: 0 : 3432, 5, 2024/07/04, 10:41:51.899, 1694399447771, vstest.console.dll, InferRunSettingsHelper.MakeRunsettingsCompatible: Removing the following settings: TargetPlatform from RunSettings file. To use those settings please move to latest version of Microsoft.NET.Test.Sdk
TpTrace Verbose: 0 : 3432, 14, 2024/07/04, 10:41:51.899, 1694399451562, vstest.console.dll, TestRequestSender.OnExecutionMessageReceived: Received message: {"Version":7,"MessageType":"TestSession.Message","Payload":{"MessageLevel":0,"Message":"Logging TestHost Diagnostics in file: C:\\Stuart\\Projects\\nunit-csharp-samples-master\\nunit-csharp-samples-master\\syntax\\bin\\Debug\\net6.0\\fine-code-coverage\\coverage-tool-output\\diagnostics.host.24-07-04_10-41-51_60086_5.log"}}
TpTrace Verbose: 0 : 3432, 14, 2024/07/04, 10:41:51.901, 1694399474223, vstest.console.dll, TestRunRequest:SendTestRunMessage: Starting.
TpTrace Verbose: 0 : 3432, 14, 2024/07/04, 10:41:51.901, 1694399475628, vstest.console.dll, MulticastDelegateUtilities.SafeInvoke: TestRun.LogMessages: Invoking callback 1/1 for Microsoft.VisualStudio.TestPlatform.CommandLine.TestRunResultAggregator., took 0 ms.
TpTrace Verbose: 0 : 3432, 4, 2024/07/04, 10:41:51.901, 1694399475906, vstest.console.dll, MulticastDelegateUtilities.SafeInvoke: InternalTestLoggerEvents.SendTestRunMessage: Invoking callback 1/1 for Microsoft.VisualStudio.TestPlatform.CommandLine.Internal.ConsoleLogger., took 0 ms.
TpTrace Information: 0 : 3432, 14, 2024/07/04, 10:41:51.901, 1694399476058, vstest.console.dll, TestRunRequest:SendTestRunMessage: Completed.
TpTrace Verbose: 0 : 3432, 14, 2024/07/04, 10:41:51.902, 1694399477374, vstest.console.dll, MulticastDelegateUtilities.SafeInvoke: LengthPrefixCommunicationChannel: MessageReceived: Invoking callback 1/1 for Microsoft.VisualStudio.TestPlatform.CommunicationUtilities.TestRequestSender+<>c__DisplayClass34_0., took 2 ms.
TpTrace Verbose: 0 : 3432, 14, 2024/07/04, 10:41:51.902, 1694399478214, vstest.console.dll, TcpClientExtensions.MessageLoopAsync: Polling on remoteEndPoint: 127.0.0.1:56037 localEndPoint: 127.0.0.1:56036 after 8 ms
TpTrace Verbose: 0 : 3432, 5, 2024/07/04, 10:41:51.905, 1694399506969, vstest.console.dll, TestRequestSender.StartTestRun: Sending test run with message: {"Version":7,"MessageType":"TestExecution.StartWithSources","Payload":{"AdapterSourceMap":{"_none_":["C:\\Stuart\\Projects\\nunit-csharp-samples-master\\nunit-csharp-samples-master\\syntax\\bin\\Debug\\net6.0\\fine-code-coverage\\build-output\\AssertSyntax.dll"]},"RunSettings":"<RunSettings>\r\n  <RunConfiguration>\r\n    <ResultsDirectory>C:\\Stuart\\Projects\\nunit-csharp-samples-master\\nunit-csharp-samples-master\\syntax\\bin\\Debug\\net6.0\\fine-code-coverage\\coverage-tool-output</ResultsDirectory>\r\n    <TargetFrameworkVersion>.NETCoreApp,Version=v6.0</TargetFrameworkVersion>\r\n    <DesignMode>False</DesignMode>\r\n    <CollectSourceInformation>False</CollectSourceInformation>\r\n  </RunConfiguration>\r\n  <LoggerRunSettings>\r\n    <Loggers>\r\n      <Logger friendlyName=\"blame\" enabled=\"True\" />\r\n      <Logger friendlyName=\"Console\" uri=\"logger://microsoft/TestPlatform/ConsoleLogger/v1\" assemblyQualifiedName=\"Microsoft.VisualStudio.TestPlatform.CommandLine.Internal.ConsoleLogger, vstest.console, Version=15.0.0.0, Culture=neutral, PublicKeyToken=b03f5f7f11d50a3a\" codeBase=\"C:\\Program Files\\dotnet\\sdk\\8.0.200\\vstest.console.dll\" enabled=\"True\" />\r\n    </Loggers>\r\n  </LoggerRunSettings>\r\n  <DataCollectionRunSettings>\r\n    <DataCollectors>\r\n      <DataCollector friendlyName=\"blame\" enabled=\"True\">\r\n        <Configuration>\r\n          <ResultsDirectory>C:\\Stuart\\Projects\\nunit-csharp-samples-master\\nunit-csharp-samples-master\\syntax\\bin\\Debug\\net6.0\\fine-code-coverage\\coverage-tool-output</ResultsDirectory>\r\n        </Configuration>\r\n      </DataCollector>\r\n    </DataCollectors>\r\n  </DataCollectionRunSettings>\r\n</RunSettings>","TestExecutionContext":{"FrequencyOfRunStatsChangeEvent":10,"RunStatsChangeEventTimeout":"00:00:01.5000000","InIsolation":false,"KeepAlive":false,"AreTestCaseLevelEventsRequired":false,"IsDebug":false,"TestCaseFilter":null,"FilterOptions":null},"Package":null}}
TpTrace Verbose: 0 : 3432, 5, 2024/07/04, 10:41:51.905, 1694399508225, vstest.console.dll, ParallelProxyExecutionManager.StartTestRunOnConcurrentManager: Execution started. Started clients: 1
TpTrace Verbose: 0 : 3432, 14, 2024/07/04, 10:41:52.042, 1694400886991, vstest.console.dll, TcpClientExtensions.MessageLoopAsync: NotifyDataAvailable remoteEndPoint: 127.0.0.1:56037 localEndPoint: 127.0.0.1:56036
TpTrace Verbose: 0 : 3432, 14, 2024/07/04, 10:41:52.043, 1694400888860, vstest.console.dll, TestRequestSender.OnExecutionMessageReceived: Received message: {"Version":7,"MessageType":"TestSession.Message","Payload":{"MessageLevel":0,"Message":"NUnit Adapter 4.5.0.0: Test execution started"}}
TpTrace Verbose: 0 : 3432, 14, 2024/07/04, 10:41:52.043, 1694400890560, vstest.console.dll, TestRunRequest:SendTestRunMessage: Starting.
TpTrace Verbose: 0 : 3432, 14, 2024/07/04, 10:41:52.043, 1694400891194, vstest.console.dll, MulticastDelegateUtilities.SafeInvoke: TestRun.LogMessages: Invoking callback 1/1 for Microsoft.VisualStudio.TestPlatform.CommandLine.TestRunResultAggregator., took 0 ms.
TpTrace Information: 0 : 3432, 14, 2024/07/04, 10:41:52.043, 1694400891406, vstest.console.dll, TestRunRequest:SendTestRunMessage: Completed.
TpTrace Verbose: 0 : 3432, 4, 2024/07/04, 10:41:52.043, 1694400891431, vstest.console.dll, MulticastDelegateUtilities.SafeInvoke: InternalTestLoggerEvents.SendTestRunMessage: Invoking callback 1/1 for Microsoft.VisualStudio.TestPlatform.CommandLine.Internal.ConsoleLogger., took 0 ms.
TpTrace Verbose: 0 : 3432, 14, 2024/07/04, 10:41:52.043, 1694400892054, vstest.console.dll, MulticastDelegateUtilities.SafeInvoke: LengthPrefixCommunicationChannel: MessageReceived: Invoking callback 1/1 for Microsoft.VisualStudio.TestPlatform.CommunicationUtilities.TestRequestSender+<>c__DisplayClass34_0., took 0 ms.
TpTrace Verbose: 0 : 3432, 14, 2024/07/04, 10:41:52.043, 1694400894389, vstest.console.dll, TcpClientExtensions.MessageLoopAsync: Polling on remoteEndPoint: 127.0.0.1:56037 localEndPoint: 127.0.0.1:56036 after 141 ms
TpTrace Verbose: 0 : 3432, 14, 2024/07/04, 10:41:52.067, 1694401133687, vstest.console.dll, TcpClientExtensions.MessageLoopAsync: NotifyDataAvailable remoteEndPoint: 127.0.0.1:56037 localEndPoint: 127.0.0.1:56036
TpTrace Verbose: 0 : 3432, 14, 2024/07/04, 10:41:52.067, 1694401135266, vstest.console.dll, TestRequestSender.OnExecutionMessageReceived: Received message: {"Version":7,"MessageType":"TestSession.Message","Payload":{"MessageLevel":0,"Message":"Running all tests in C:\\Stuart\\Projects\\nunit-csharp-samples-master\\nunit-csharp-samples-master\\syntax\\bin\\Debug\\net6.0\\fine-code-coverage\\build-output\\AssertSyntax.dll"}}
TpTrace Verbose: 0 : 3432, 14, 2024/07/04, 10:41:52.068, 1694401137017, vstest.console.dll, TestRunRequest:SendTestRunMessage: Starting.
TpTrace Verbose: 0 : 3432, 4, 2024/07/04, 10:41:52.068, 1694401137887, vstest.console.dll, MulticastDelegateUtilities.SafeInvoke: InternalTestLoggerEvents.SendTestRunMessage: Invoking callback 1/1 for Microsoft.VisualStudio.TestPlatform.CommandLine.Internal.ConsoleLogger., took 0 ms.
TpTrace Verbose: 0 : 3432, 14, 2024/07/04, 10:41:52.068, 1694401138061, vstest.console.dll, MulticastDelegateUtilities.SafeInvoke: TestRun.LogMessages: Invoking callback 1/1 for Microsoft.VisualStudio.TestPlatform.CommandLine.TestRunResultAggregator., took 0 ms.
TpTrace Information: 0 : 3432, 14, 2024/07/04, 10:41:52.068, 1694401138715, vstest.console.dll, TestRunRequest:SendTestRunMessage: Completed.
TpTrace Verbose: 0 : 3432, 14, 2024/07/04, 10:41:52.068, 1694401138936, vstest.console.dll, MulticastDelegateUtilities.SafeInvoke: LengthPrefixCommunicationChannel: MessageReceived: Invoking callback 1/1 for Microsoft.VisualStudio.TestPlatform.CommunicationUtilities.TestRequestSender+<>c__DisplayClass34_0., took 0 ms.
TpTrace Verbose: 0 : 3432, 14, 2024/07/04, 10:41:52.068, 1694401139161, vstest.console.dll, TcpClientExtensions.MessageLoopAsync: Polling on remoteEndPoint: 127.0.0.1:56037 localEndPoint: 127.0.0.1:56036 after 24 ms
TpTrace Verbose: 0 : 3432, 14, 2024/07/04, 10:41:52.175, 1694402214509, vstest.console.dll, TcpClientExtensions.MessageLoopAsync: NotifyDataAvailable remoteEndPoint: 127.0.0.1:56037 localEndPoint: 127.0.0.1:56036
TpTrace Verbose: 0 : 3432, 14, 2024/07/04, 10:41:52.175, 1694402216028, vstest.console.dll, TestRequestSender.OnExecutionMessageReceived: Received message: {"Version":7,"MessageType":"TestSession.Message","Payload":{"MessageLevel":0,"Message":"   NUnit3TestExecutor discovered 36 of 36 NUnit test cases using Current Discovery mode, Non-Explicit run"}}
TpTrace Verbose: 0 : 3432, 14, 2024/07/04, 10:41:52.176, 1694402217071, vstest.console.dll, TestRunRequest:SendTestRunMessage: Starting.
TpTrace Verbose: 0 : 3432, 14, 2024/07/04, 10:41:52.176, 1694402217516, vstest.console.dll, MulticastDelegateUtilities.SafeInvoke: TestRun.LogMessages: Invoking callback 1/1 for Microsoft.VisualStudio.TestPlatform.CommandLine.TestRunResultAggregator., took 0 ms.
TpTrace Information: 0 : 3432, 14, 2024/07/04, 10:41:52.176, 1694402220853, vstest.console.dll, TestRunRequest:SendTestRunMessage: Completed.
TpTrace Verbose: 0 : 3432, 14, 2024/07/04, 10:41:52.176, 1694402221039, vstest.console.dll, MulticastDelegateUtilities.SafeInvoke: LengthPrefixCommunicationChannel: MessageReceived: Invoking callback 1/1 for Microsoft.VisualStudio.TestPlatform.CommunicationUtilities.TestRequestSender+<>c__DisplayClass34_0., took 0 ms.
TpTrace Verbose: 0 : 3432, 14, 2024/07/04, 10:41:52.176, 1694402221339, vstest.console.dll, TcpClientExtensions.MessageLoopAsync: Polling on remoteEndPoint: 127.0.0.1:56037 localEndPoint: 127.0.0.1:56036 after 108 ms
TpTrace Verbose: 0 : 3432, 4, 2024/07/04, 10:41:52.176, 1694402221522, vstest.console.dll, MulticastDelegateUtilities.SafeInvoke: InternalTestLoggerEvents.SendTestRunMessage: Invoking callback 1/1 for Microsoft.VisualStudio.TestPlatform.CommandLine.Internal.ConsoleLogger., took 0 ms.
TpTrace Verbose: 0 : 3432, 14, 2024/07/04, 10:41:52.287, 1694403330370, vstest.console.dll, TcpClientExtensions.MessageLoopAsync: NotifyDataAvailable remoteEndPoint: 127.0.0.1:56037 localEndPoint: 127.0.0.1:56036
TpTrace Verbose: 0 : 3432, 14, 2024/07/04, 10:41:52.287, 1694403333519, vstest.console.dll, TestRequestSender.OnExecutionMessageReceived: Received message: {"Version":7,"MessageType":"TestExecution.StatsChange","Payload":{"NewTestResults":[{"TestCase":{"Id":"fad62994-7240-32cf-812b-e023382a77c0","FullyQualifiedName":"AssertSyntax.AssertSyntaxTests.AllItemsTests","DisplayName":"AllItemsTests","ExecutorUri":"executor://NUnit3TestExecutor","Source":"C:\\Stuart\\Projects\\nunit-csharp-samples-master\\nunit-csharp-samples-master\\syntax\\bin\\Debug\\net6.0\\fine-code-coverage\\build-output\\AssertSyntax.dll","CodeFilePath":null,"LineNumber":0,"Properties":[{"Key":{"Id":"NUnit.Seed","Label":"Seed","Category":"","Description":"","Attributes":0,"ValueType":"System.String"},"Value":"677098698"}]},"Attachments":[],"Outcome":1,"ErrorMessage":null,"ErrorStackTrace":null,"DisplayName":"AllItemsTests","Messages":[],"ComputerName":"LAPTOP-L48VN982","Duration":"00:00:00.0189590","StartTime":"2024-07-04T09:41:52.1995365+00:00","EndTime":"2024-07-04T09:41:52.2184641+00:00","Properties":[{"Key":{"Id":"NUnit.Seed","Label":"Seed","Category":"","Description":"","Attributes":0,"ValueType":"System.String"},"Value":"677098698"}]},{"TestCase":{"Id":"dac4f7df-e27a-1c8c-8d04-7f7066352d03","FullyQualifiedName":"AssertSyntax.AssertSyntaxTests.AndOperator","DisplayName":"AndOperator","ExecutorUri":"executor://NUnit3TestExecutor","Source":"C:\\Stuart\\Projects\\nunit-csharp-samples-master\\nunit-csharp-samples-master\\syntax\\bin\\Debug\\net6.0\\fine-code-coverage\\build-output\\AssertSyntax.dll","CodeFilePath":null,"LineNumber":0,"Properties":[{"Key":{"Id":"NUnit.Seed","Label":"Seed","Category":"","Description":"","Attributes":0,"ValueType":"System.String"},"Value":"1908241277"}]},"Attachments":[],"Outcome":1,"ErrorMessage":null,"ErrorStackTrace":null,"DisplayName":"AndOperator","Messages":[],"ComputerName":"LAPTOP-L48VN982","Duration":"00:00:00.0004640","StartTime":"2024-07-04T09:41:52.2194797+00:00","EndTime":"2024-07-04T09:41:52.219944+00:00","Properties":[{"Key":{"Id":"NUnit.Seed","Label":"Seed","Category":"","Description":"","Attributes":0,"ValueType":"System.String"},"Value":"1908241277"}]},{"TestCase":{"Id":"ec0dd5f2-2d9e-c271-ab8d-a5068e2bfc49","FullyQualifiedName":"AssertSyntax.AssertSyntaxTests.AssignableFromTypeTests","DisplayName":"AssignableFromTypeTests","ExecutorUri":"executor://NUnit3TestExecutor","Source":"C:\\Stuart\\Projects\\nunit-csharp-samples-master\\nunit-csharp-samples-master\\syntax\\bin\\Debug\\net6.0\\fine-code-coverage\\build-output\\AssertSyntax.dll","CodeFilePath":null,"LineNumber":0,"Properties":[{"Key":{"Id":"NUnit.Seed","Label":"Seed","Category":"","Description":"","Attributes":0,"ValueType":"System.String"},"Value":"1756798316"}]},"Attachments":[],"Outcome":1,"ErrorMessage":null,"ErrorStackTrace":null,"DisplayName":"AssignableFromTypeTests","Messages":[],"ComputerName":"LAPTOP-L48VN982","Duration":"00:00:00.0005999","StartTime":"2024-07-04T09:41:52.2199563+00:00","EndTime":"2024-07-04T09:41:52.2205563+00:00","Properties":[{"Key":{"Id":"NUnit.Seed","Label":"Seed","Category":"","Description":"","Attributes":0,"ValueType":"System.String"},"Value":"1756798316"}]},{"TestCase":{"Id":"c6737f04-91f0-0652-cc7e-d059588fc6b7","FullyQualifiedName":"AssertSyntax.AssertSyntaxTests.CollectionContainsTests","DisplayName":"CollectionContainsTests","ExecutorUri":"executor://NUnit3TestExecutor","Source":"C:\\Stuart\\Projects\\nunit-csharp-samples-master\\nunit-csharp-samples-master\\syntax\\bin\\Debug\\net6.0\\fine-code-coverage\\build-output\\AssertSyntax.dll","CodeFilePath":null,"LineNumber":0,"Properties":[{"Key":{"Id":"NUnit.Seed","Label":"Seed","Category":"","Description":"","Attributes":0,"ValueType":"System.String"},"Value":"407618321"}]},"Attachments":[],"Outcome":1,"ErrorMessage":null,"ErrorStackTrace":null,"DisplayName":"CollectionContainsTests","Messages":[],"ComputerName":"LAPTOP-L48VN982","Duration":"00:00:00.0010250","StartTime":"2024-07-04T09:41:52.220564+00:00","EndTime":"2024-07-04T09:41:52.2215884+00:00","Properties":[{"Key":{"Id":"NUnit.Seed","Label":"Seed","Category":"","Description":"","Attributes":0,"ValueType":"System.String"},"Value":"407618321"}]},{"TestCase":{"Id":"0a424bce-320d-b179-48c4-a248ec228d57","FullyQualifiedName":"AssertSyntax.AssertSyntaxTests.CollectionEquivalenceTests","DisplayName":"CollectionEquivalenceTests","ExecutorUri":"executor://NUnit3TestExecutor","Source":"C:\\Stuart\\Projects\\nunit-csharp-samples-master\\nunit-csharp-samples-master\\syntax\\bin\\Debug\\net6.0\\fine-code-coverage\\build-output\\AssertSyntax.dll","CodeFilePath":null,"LineNumber":0,"Properties":[{"Key":{"Id":"NUnit.Seed","Label":"Seed","Category":"","Description":"","Attributes":0,"ValueType":"System.String"},"Value":"1227451108"}]},"Attachments":[],"Outcome":1,"ErrorMessage":null,"ErrorStackTrace":null,"DisplayName":"CollectionEquivalenceTests","Messages":[],"ComputerName":"LAPTOP-L48VN982","Duration":"00:00:00.0028630","StartTime":"2024-07-04T09:41:52.2215967+00:00","EndTime":"2024-07-04T09:41:52.2244596+00:00","Properties":[{"Key":{"Id":"NUnit.Seed","Label":"Seed","Category":"","Description":"","Attributes":0,"ValueType":"System.String"},"Value":"1227451108"}]},{"TestCase":{"Id":"363705a4-da2e-4afd-be47-d7886a9207f9","FullyQualifiedName":"AssertSyntax.AssertSyntaxTests.ComparisonTests","DisplayName":"ComparisonTests","ExecutorUri":"executor://NUnit3TestExecutor","Source":"C:\\Stuart\\Projects\\nunit-csharp-samples-master\\nunit-csharp-samples-master\\syntax\\bin\\Debug\\net6.0\\fine-code-coverage\\build-output\\AssertSyntax.dll","CodeFilePath":null,"LineNumber":0,"Properties":[{"Key":{"Id":"NUnit.Seed","Label":"Seed","Category":"","Description":"","Attributes":0,"ValueType":"System.String"},"Value":"1463845673"}]},"Attachments":[],"Outcome":1,"ErrorMessage":null,"ErrorStackTrace":null,"DisplayName":"ComparisonTests","Messages":[],"ComputerName":"LAPTOP-L48VN982","Duration":"00:00:00.0005500","StartTime":"2024-07-04T09:41:52.2244688+00:00","EndTime":"2024-07-04T09:41:52.2250187+00:00","Properties":[{"Key":{"Id":"NUnit.Seed","Label":"Seed","Category":"","Description":"","Attributes":0,"ValueType":"System.String"},"Value":"1463845673"}]},{"TestCase":{"Id":"8cdc1a03-37ae-f584-7c52-aca0f2b7a4ff","FullyQualifiedName":"AssertSyntax.AssertSyntaxTests.ComplexTests","DisplayName":"ComplexTests","ExecutorUri":"executor://NUnit3TestExecutor","Source":"C:\\Stuart\\Projects\\nunit-csharp-samples-master\\nunit-csharp-samples-master\\syntax\\bin\\Debug\\net6.0\\fine-code-coverage\\build-output\\AssertSyntax.dll","CodeFilePath":null,"LineNumber":0,"Properties":[{"Key":{"Id":"NUnit.Seed","Label":"Seed","Category":"","Description":"","Attributes":0,"ValueType":"System.String"},"Value":"616603806"}]},"Attachments":[],"Outcome":1,"ErrorMessage":null,"ErrorStackTrace":null,"DisplayName":"ComplexTests","Messages":[],"ComputerName":"LAPTOP-L48VN982","Duration":"00:00:00.0004830","StartTime":"2024-07-04T09:41:52.2250267+00:00","EndTime":"2024-07-04T09:41:52.2255096+00:00","Properties":[{"Key":{"Id":"NUnit.Seed","Label":"Seed","Category":"","Description":"","Attributes":0,"ValueType":"System.String"},"Value":"616603806"}]},{"TestCase":{"Id":"626f430d-a0d6-34e2-8f32-70e0df8fca40","FullyQualifiedName":"AssertSyntax.AssertSyntaxTests.EmptyCollectionTests","DisplayName":"EmptyCollectionTests","ExecutorUri":"executor://NUnit3TestExecutor","Source":"C:\\Stuart\\Projects\\nunit-csharp-samples-master\\nunit-csharp-samples-master\\syntax\\bin\\Debug\\net6.0\\fine-code-coverage\\build-output\\AssertSyntax.dll","CodeFilePath":null,"LineNumber":0,"Properties":[{"Key":{"Id":"NUnit.Seed","Label":"Seed","Category":"","Description":"","Attributes":0,"ValueType":"System.String"},"Value":"624941246"}]},"Attachments":[],"Outcome":1,"ErrorMessage":null,"ErrorStackTrace":null,"DisplayName":"EmptyCollectionTests","Messages":[],"ComputerName":"LAPTOP-L48VN982","Duration":"00:00:00.0005710","StartTime":"2024-07-04T09:41:52.2255172+00:00","EndTime":"2024-07-04T09:41:52.2260876+00:00","Properties":[{"Key":{"Id":"NUnit.Seed","Label":"Seed","Category":"","Description":"","Attributes":0,"ValueType":"System.String"},"Value":"624941246"}]},{"TestCase":{"Id":"749b18ba-beae-fe8d-4ca6-23973e390d57","FullyQualifiedName":"AssertSyntax.AssertSyntaxTests.EmptyStringTests","DisplayName":"EmptyStringTests","ExecutorUri":"executor://NUnit3TestExecutor","Source":"C:\\Stuart\\Projects\\nunit-csharp-samples-master\\nunit-csharp-samples-master\\syntax\\bin\\Debug\\net6.0\\fine-code-coverage\\build-output\\AssertSyntax.dll","CodeFilePath":null,"LineNumber":0,"Properties":[{"Key":{"Id":"NUnit.Seed","Label":"Seed","Category":"","Description":"","Attributes":0,"ValueType":"System.String"},"Value":"935777249"}]},"Attachments":[],"Outcome":1,"ErrorMessage":null,"ErrorStackTrace":null,"DisplayName":"EmptyStringTests","Messages":[],"ComputerName":"LAPTOP-L48VN982","Duration":"00:00:00.0002250","StartTime":"2024-07-04T09:41:52.2260952+00:00","EndTime":"2024-07-04T09:41:52.2263198+00:00","Properties":[{"Key":{"Id":"NUnit.Seed","Label":"Seed","Category":"","Description":"","Attributes":0,"ValueType":"System.String"},"Value":"935777249"}]}],"TestRunStatistics":{"ExecutedTests":9,"Stats":{"Passed":9}},"ActiveTests":[{"Id":"50ad2d24-cf76-5a39-f549-c7ca7cca2b33","FullyQualifiedName":"AssertSyntax.AssertSyntaxTests.EndsWithTests","DisplayName":"EndsWithTests","ExecutorUri":"executor://NUnit3TestExecutor","Source":"C:\\Stuart\\Projects\\nunit-csharp-samples-master\\nunit-csharp-samples-master\\syntax\\bin\\Debug\\net6.0\\fine-code-coverage\\build-output\\AssertSyntax.dll","CodeFilePath":null,"LineNumber":0,"Properties":[{"Key":{"Id":"NUnit.Seed","Label":"Seed","Category":"","Description":"","Attributes":0,"ValueType":"System.String"},"Value":"411801242"}]}]}}
TpTrace Verbose: 0 : 3432, 14, 2024/07/04, 10:41:52.309, 1694403550601, vstest.console.dll, TestRunRequest:SendTestRunStatsChange: Starting.
TpTrace Verbose: 0 : 3432, 14, 2024/07/04, 10:41:52.309, 1694403552065, vstest.console.dll, InProgress is EndsWithTests
TpTrace Verbose: 0 : 3432, 14, 2024/07/04, 10:41:52.309, 1694403553540, vstest.console.dll, MulticastDelegateUtilities.SafeInvoke: TestRun.RunStatsChanged: Invoking callbacks was skipped because there are no subscribers.
TpTrace Information: 0 : 3432, 14, 2024/07/04, 10:41:52.309, 1694403553872, vstest.console.dll, TestRunRequest:SendTestRunStatsChange: Completed.
TpTrace Verbose: 0 : 3432, 14, 2024/07/04, 10:41:52.309, 1694403554338, vstest.console.dll, MulticastDelegateUtilities.SafeInvoke: LengthPrefixCommunicationChannel: MessageReceived: Invoking callback 1/1 for Microsoft.VisualStudio.TestPlatform.CommunicationUtilities.TestRequestSender+<>c__DisplayClass34_0., took 22 ms.
TpTrace Verbose: 0 : 3432, 14, 2024/07/04, 10:41:52.309, 1694403554724, vstest.console.dll, TcpClientExtensions.MessageLoopAsync: Polling on remoteEndPoint: 127.0.0.1:56037 localEndPoint: 127.0.0.1:56036 after 133 ms
TpTrace Verbose: 0 : 3432, 14, 2024/07/04, 10:41:52.309, 1694403555089, vstest.console.dll, TcpClientExtensions.MessageLoopAsync: NotifyDataAvailable remoteEndPoint: 127.0.0.1:56037 localEndPoint: 127.0.0.1:56036
TpTrace Verbose: 0 : 3432, 14, 2024/07/04, 10:41:52.310, 1694403557835, vstest.console.dll, TestRequestSender.OnExecutionMessageReceived: Received message: {"Version":7,"MessageType":"TestExecution.StatsChange","Payload":{"NewTestResults":[{"TestCase":{"Id":"50ad2d24-cf76-5a39-f549-c7ca7cca2b33","FullyQualifiedName":"AssertSyntax.AssertSyntaxTests.EndsWithTests","DisplayName":"EndsWithTests","ExecutorUri":"executor://NUnit3TestExecutor","Source":"C:\\Stuart\\Projects\\nunit-csharp-samples-master\\nunit-csharp-samples-master\\syntax\\bin\\Debug\\net6.0\\fine-code-coverage\\build-output\\AssertSyntax.dll","CodeFilePath":null,"LineNumber":0,"Properties":[{"Key":{"Id":"NUnit.Seed","Label":"Seed","Category":"","Description":"","Attributes":0,"ValueType":"System.String"},"Value":"411801242"}]},"Attachments":[],"Outcome":1,"ErrorMessage":null,"ErrorStackTrace":null,"DisplayName":"EndsWithTests","Messages":[],"ComputerName":"LAPTOP-L48VN982","Duration":"00:00:00.0004850","StartTime":"2024-07-04T09:41:52.2263264+00:00","EndTime":"2024-07-04T09:41:52.2268109+00:00","Properties":[{"Key":{"Id":"NUnit.Seed","Label":"Seed","Category":"","Description":"","Attributes":0,"ValueType":"System.String"},"Value":"411801242"}]},{"TestCase":{"Id":"15f16547-7080-0d6e-c146-6774692fac6f","FullyQualifiedName":"AssertSyntax.AssertSyntaxTests.EqualIgnoringCaseTests","DisplayName":"EqualIgnoringCaseTests","ExecutorUri":"executor://NUnit3TestExecutor","Source":"C:\\Stuart\\Projects\\nunit-csharp-samples-master\\nunit-csharp-samples-master\\syntax\\bin\\Debug\\net6.0\\fine-code-coverage\\build-output\\AssertSyntax.dll","CodeFilePath":null,"LineNumber":0,"Properties":[{"Key":{"Id":"NUnit.Seed","Label":"Seed","Category":"","Description":"","Attributes":0,"ValueType":"System.String"},"Value":"39483009"}]},"Attachments":[],"Outcome":1,"ErrorMessage":null,"ErrorStackTrace":null,"DisplayName":"EqualIgnoringCaseTests","Messages":[],"ComputerName":"LAPTOP-L48VN982","Duration":"00:00:00.0009800","StartTime":"2024-07-04T09:41:52.2268182+00:00","EndTime":"2024-07-04T09:41:52.2277982+00:00","Properties":[{"Key":{"Id":"NUnit.Seed","Label":"Seed","Category":"","Description":"","Attributes":0,"ValueType":"System.String"},"Value":"39483009"}]},{"TestCase":{"Id":"1799ae34-8e20-955b-3cb7-1e90d9c48ab3","FullyQualifiedName":"AssertSyntax.AssertSyntaxTests.EqualityTests","DisplayName":"EqualityTests","ExecutorUri":"executor://NUnit3TestExecutor","Source":"C:\\Stuart\\Projects\\nunit-csharp-samples-master\\nunit-csharp-samples-master\\syntax\\bin\\Debug\\net6.0\\fine-code-coverage\\build-output\\AssertSyntax.dll","CodeFilePath":null,"LineNumber":0,"Properties":[{"Key":{"Id":"NUnit.Seed","Label":"Seed","Category":"","Description":"","Attributes":0,"ValueType":"System.String"},"Value":"939241967"}]},"Attachments":[],"Outcome":1,"ErrorMessage":null,"ErrorStackTrace":null,"DisplayName":"EqualityTests","Messages":[],"ComputerName":"LAPTOP-L48VN982","Duration":"00:00:00.0007610","StartTime":"2024-07-04T09:41:52.2278062+00:00","EndTime":"2024-07-04T09:41:52.2285675+00:00","Properties":[{"Key":{"Id":"NUnit.Seed","Label":"Seed","Category":"","Description":"","Attributes":0,"ValueType":"System.String"},"Value":"939241967"}]},{"TestCase":{"Id":"919bdfee-82ac-4955-2c56-0cd5c8198e6c","FullyQualifiedName":"AssertSyntax.AssertSyntaxTests.EqualityTestsWithTolerance","DisplayName":"EqualityTestsWithTolerance","ExecutorUri":"executor://NUnit3TestExecutor","Source":"C:\\Stuart\\Projects\\nunit-csharp-samples-master\\nunit-csharp-samples-master\\syntax\\bin\\Debug\\net6.0\\fine-code-coverage\\build-output\\AssertSyntax.dll","CodeFilePath":null,"LineNumber":0,"Properties":[{"Key":{"Id":"NUnit.Seed","Label":"Seed","Category":"","Description":"","Attributes":0,"ValueType":"System.String"},"Value":"1070693620"}]},"Attachments":[],"Outcome":1,"ErrorMessage":null,"ErrorStackTrace":null,"DisplayName":"EqualityTestsWithTolerance","Messages":[],"ComputerName":"LAPTOP-L48VN982","Duration":"00:00:00.0025530","StartTime":"2024-07-04T09:41:52.228575+00:00","EndTime":"2024-07-04T09:41:52.2311279+00:00","Properties":[{"Key":{"Id":"NUnit.Seed","Label":"Seed","Category":"","Description":"","Attributes":0,"ValueType":"System.String"},"Value":"1070693620"}]},{"TestCase":{"Id":"b3a29cce-8439-7b66-aa94-02c39ebd797b","FullyQualifiedName":"AssertSyntax.AssertSyntaxTests.EqualityTestsWithTolerance_MixedFloatAndDouble","DisplayName":"EqualityTestsWithTolerance_MixedFloatAndDouble","ExecutorUri":"executor://NUnit3TestExecutor","Source":"C:\\Stuart\\Projects\\nunit-csharp-samples-master\\nunit-csharp-samples-master\\syntax\\bin\\Debug\\net6.0\\fine-code-coverage\\build-output\\AssertSyntax.dll","CodeFilePath":null,"LineNumber":0,"Properties":[{"Key":{"Id":"NUnit.Seed","Label":"Seed","Category":"","Description":"","Attributes":0,"ValueType":"System.String"},"Value":"1769398267"}]},"Attachments":[],"Outcome":1,"ErrorMessage":null,"ErrorStackTrace":null,"DisplayName":"EqualityTestsWithTolerance_MixedFloatAndDouble","Messages":[],"ComputerName":"LAPTOP-L48VN982","Duration":"00:00:00.0004550","StartTime":"2024-07-04T09:41:52.2311358+00:00","EndTime":"2024-07-04T09:41:52.2315903+00:00","Properties":[{"Key":{"Id":"NUnit.Seed","Label":"Seed","Category":"","Description":"","Attributes":0,"ValueType":"System.String"},"Value":"1769398267"}]},{"TestCase":{"Id":"88bf3634-59d0-23b2-53ec-365f2cfad859","FullyQualifiedName":"AssertSyntax.AssertSyntaxTests.EqualityTestsWithTolerance_MixingTypesGenerally","DisplayName":"EqualityTestsWithTolerance_MixingTypesGenerally","ExecutorUri":"executor://NUnit3TestExecutor","Source":"C:\\Stuart\\Projects\\nunit-csharp-samples-master\\nunit-csharp-samples-master\\syntax\\bin\\Debug\\net6.0\\fine-code-coverage\\build-output\\AssertSyntax.dll","CodeFilePath":null,"LineNumber":0,"Properties":[{"Key":{"Id":"NUnit.Seed","Label":"Seed","Category":"","Description":"","Attributes":0,"ValueType":"System.String"},"Value":"609762526"}]},"Attachments":[],"Outcome":1,"ErrorMessage":null,"ErrorStackTrace":null,"DisplayName":"EqualityTestsWithTolerance_MixingTypesGenerally","Messages":[],"ComputerName":"LAPTOP-L48VN982","Duration":"00:00:00.0002560","StartTime":"2024-07-04T09:41:52.2315973+00:00","EndTime":"2024-07-04T09:41:52.2318529+00:00","Properties":[{"Key":{"Id":"NUnit.Seed","Label":"Seed","Category":"","Description":"","Attributes":0,"ValueType":"System.String"},"Value":"609762526"}]},{"TestCase":{"Id":"9d4ad6f9-8e39-a554-a6ea-da2ae7cb04eb","FullyQualifiedName":"AssertSyntax.AssertSyntaxTests.ExactTypeTests","DisplayName":"ExactTypeTests","ExecutorUri":"executor://NUnit3TestExecutor","Source":"C:\\Stuart\\Projects\\nunit-csharp-samples-master\\nunit-csharp-samples-master\\syntax\\bin\\Debug\\net6.0\\fine-code-coverage\\build-output\\AssertSyntax.dll","CodeFilePath":null,"LineNumber":0,"Properties":[{"Key":{"Id":"NUnit.Seed","Label":"Seed","Category":"","Description":"","Attributes":0,"ValueType":"System.String"},"Value":"771866815"}]},"Attachments":[],"Outcome":1,"ErrorMessage":null,"ErrorStackTrace":null,"DisplayName":"ExactTypeTests","Messages":[],"ComputerName":"LAPTOP-L48VN982","Duration":"00:00:00.0022050","StartTime":"2024-07-04T09:41:52.2318578+00:00","EndTime":"2024-07-04T09:41:52.2340629+00:00","Properties":[{"Key":{"Id":"NUnit.Seed","Label":"Seed","Category":"","Description":"","Attributes":0,"ValueType":"System.String"},"Value":"771866815"}]},{"TestCase":{"Id":"02d4389b-d210-debe-39b3-c999b97bbcd8","FullyQualifiedName":"AssertSyntax.AssertSyntaxTests.InstanceOfTests","DisplayName":"InstanceOfTests","ExecutorUri":"executor://NUnit3TestExecutor","Source":"C:\\Stuart\\Projects\\nunit-csharp-samples-master\\nunit-csharp-samples-master\\syntax\\bin\\Debug\\net6.0\\fine-code-coverage\\build-output\\AssertSyntax.dll","CodeFilePath":null,"LineNumber":0,"Properties":[{"Key":{"Id":"NUnit.Seed","Label":"Seed","Category":"","Description":"","Attributes":0,"ValueType":"System.String"},"Value":"1666224033"}]},"Attachments":[],"Outcome":1,"ErrorMessage":null,"ErrorStackTrace":null,"DisplayName":"InstanceOfTests","Messages":[],"ComputerName":"LAPTOP-L48VN982","Duration":"00:00:00.0002160","StartTime":"2024-07-04T09:41:52.234071+00:00","EndTime":"2024-07-04T09:41:52.234287+00:00","Properties":[{"Key":{"Id":"NUnit.Seed","Label":"Seed","Category":"","Description":"","Attributes":0,"ValueType":"System.String"},"Value":"1666224033"}]},{"TestCase":{"Id":"38ee76c9-72e5-3500-cdb9-810d90e22b1a","FullyQualifiedName":"AssertSyntax.AssertSyntaxTests.IsFalse","DisplayName":"IsFalse","ExecutorUri":"executor://NUnit3TestExecutor","Source":"C:\\Stuart\\Projects\\nunit-csharp-samples-master\\nunit-csharp-samples-master\\syntax\\bin\\Debug\\net6.0\\fine-code-coverage\\build-output\\AssertSyntax.dll","CodeFilePath":null,"LineNumber":0,"Properties":[{"Key":{"Id":"NUnit.Seed","Label":"Seed","Category":"","Description":"","Attributes":0,"ValueType":"System.String"},"Value":"254429139"}]},"Attachments":[],"Outcome":1,"ErrorMessage":null,"ErrorStackTrace":null,"DisplayName":"IsFalse","Messages":[],"ComputerName":"LAPTOP-L48VN982","Duration":"00:00:00.0001540","StartTime":"2024-07-04T09:41:52.2342968+00:00","EndTime":"2024-07-04T09:41:52.2344503+00:00","Properties":[{"Key":{"Id":"NUnit.Seed","Label":"Seed","Category":"","Description":"","Attributes":0,"ValueType":"System.String"},"Value":"254429139"}]}],"TestRunStatistics":{"ExecutedTests":18,"Stats":{"Passed":18}},"ActiveTests":[{"Id":"21add9ec-bd69-b04e-4d6d-9a64dc576c68","FullyQualifiedName":"AssertSyntax.AssertSyntaxTests.IsNaN","DisplayName":"IsNaN","ExecutorUri":"executor://NUnit3TestExecutor","Source":"C:\\Stuart\\Projects\\nunit-csharp-samples-master\\nunit-csharp-samples-master\\syntax\\bin\\Debug\\net6.0\\fine-code-coverage\\build-output\\AssertSyntax.dll","CodeFilePath":null,"LineNumber":0,"Properties":[{"Key":{"Id":"NUnit.Seed","Label":"Seed","Category":"","Description":"","Attributes":0,"ValueType":"System.String"},"Value":"412947020"}]}]}}
TpTrace Verbose: 0 : 3432, 4, 2024/07/04, 10:41:52.311, 1694403567125, vstest.console.dll, MulticastDelegateUtilities.SafeInvoke: InternalTestLoggerEvents.SendTestResult: Invoking callback 1/1 for Microsoft.VisualStudio.TestPlatform.CommandLine.Internal.ConsoleLogger., took 1 ms.
TpTrace Verbose: 0 : 3432, 4, 2024/07/04, 10:41:52.311, 1694403569514, vstest.console.dll, MulticastDelegateUtilities.SafeInvoke: InternalTestLoggerEvents.SendTestResult: Invoking callback 1/1 for Microsoft.VisualStudio.TestPlatform.CommandLine.Internal.ConsoleLogger., took 0 ms.
TpTrace Verbose: 0 : 3432, 4, 2024/07/04, 10:41:52.311, 1694403570097, vstest.console.dll, MulticastDelegateUtilities.SafeInvoke: InternalTestLoggerEvents.SendTestResult: Invoking callback 1/1 for Microsoft.VisualStudio.TestPlatform.CommandLine.Internal.ConsoleLogger., took 0 ms.
TpTrace Verbose: 0 : 3432, 14, 2024/07/04, 10:41:52.311, 1694403571225, vstest.console.dll, TestRunRequest:SendTestRunStatsChange: Starting.
TpTrace Verbose: 0 : 3432, 14, 2024/07/04, 10:41:52.311, 1694403571670, vstest.console.dll, InProgress is IsNaN
TpTrace Verbose: 0 : 3432, 14, 2024/07/04, 10:41:52.311, 1694403571975, vstest.console.dll, MulticastDelegateUtilities.SafeInvoke: TestRun.RunStatsChanged: Invoking callbacks was skipped because there are no subscribers.
TpTrace Information: 0 : 3432, 14, 2024/07/04, 10:41:52.311, 1694403572102, vstest.console.dll, TestRunRequest:SendTestRunStatsChange: Completed.
TpTrace Verbose: 0 : 3432, 14, 2024/07/04, 10:41:52.311, 1694403572298, vstest.console.dll, MulticastDelegateUtilities.SafeInvoke: LengthPrefixCommunicationChannel: MessageReceived: Invoking callback 1/1 for Microsoft.VisualStudio.TestPlatform.CommunicationUtilities.TestRequestSender+<>c__DisplayClass34_0., took 1 ms.
TpTrace Verbose: 0 : 3432, 14, 2024/07/04, 10:41:52.311, 1694403572454, vstest.console.dll, TcpClientExtensions.MessageLoopAsync: Polling on remoteEndPoint: 127.0.0.1:56037 localEndPoint: 127.0.0.1:56036 after 1 ms
TpTrace Verbose: 0 : 3432, 4, 2024/07/04, 10:41:52.311, 1694403575621, vstest.console.dll, MulticastDelegateUtilities.SafeInvoke: InternalTestLoggerEvents.SendTestResult: Invoking callback 1/1 for Microsoft.VisualStudio.TestPlatform.CommandLine.Internal.ConsoleLogger., took 0 ms.
TpTrace Verbose: 0 : 3432, 4, 2024/07/04, 10:41:52.311, 1694403576284, vstest.console.dll, MulticastDelegateUtilities.SafeInvoke: InternalTestLoggerEvents.SendTestResult: Invoking callback 1/1 for Microsoft.VisualStudio.TestPlatform.CommandLine.Internal.ConsoleLogger., took 0 ms.
TpTrace Verbose: 0 : 3432, 4, 2024/07/04, 10:41:52.311, 1694403576820, vstest.console.dll, MulticastDelegateUtilities.SafeInvoke: InternalTestLoggerEvents.SendTestResult: Invoking callback 1/1 for Microsoft.VisualStudio.TestPlatform.CommandLine.Internal.ConsoleLogger., took 0 ms.
TpTrace Verbose: 0 : 3432, 4, 2024/07/04, 10:41:52.312, 1694403577640, vstest.console.dll, MulticastDelegateUtilities.SafeInvoke: InternalTestLoggerEvents.SendTestResult: Invoking callback 1/1 for Microsoft.VisualStudio.TestPlatform.CommandLine.Internal.ConsoleLogger., took 0 ms.
TpTrace Verbose: 0 : 3432, 4, 2024/07/04, 10:41:52.312, 1694403578052, vstest.console.dll, MulticastDelegateUtilities.SafeInvoke: InternalTestLoggerEvents.SendTestResult: Invoking callback 1/1 for Microsoft.VisualStudio.TestPlatform.CommandLine.Internal.ConsoleLogger., took 0 ms.
TpTrace Verbose: 0 : 3432, 4, 2024/07/04, 10:41:52.312, 1694403579032, vstest.console.dll, MulticastDelegateUtilities.SafeInvoke: InternalTestLoggerEvents.SendTestResult: Invoking callback 1/1 for Microsoft.VisualStudio.TestPlatform.CommandLine.Internal.ConsoleLogger., took 0 ms.
TpTrace Verbose: 0 : 3432, 4, 2024/07/04, 10:41:52.312, 1694403579278, vstest.console.dll, MulticastDelegateUtilities.SafeInvoke: InternalTestLoggerEvents.SendTestResult: Invoking callback 1/1 for Microsoft.VisualStudio.TestPlatform.CommandLine.Internal.ConsoleLogger., took 0 ms.
TpTrace Verbose: 0 : 3432, 4, 2024/07/04, 10:41:52.312, 1694403579475, vstest.console.dll, MulticastDelegateUtilities.SafeInvoke: InternalTestLoggerEvents.SendTestResult: Invoking callback 1/1 for Microsoft.VisualStudio.TestPlatform.CommandLine.Internal.ConsoleLogger., took 0 ms.
TpTrace Verbose: 0 : 3432, 4, 2024/07/04, 10:41:52.312, 1694403579643, vstest.console.dll, MulticastDelegateUtilities.SafeInvoke: InternalTestLoggerEvents.SendTestResult: Invoking callback 1/1 for Microsoft.VisualStudio.TestPlatform.CommandLine.Internal.ConsoleLogger., took 0 ms.
TpTrace Verbose: 0 : 3432, 4, 2024/07/04, 10:41:52.312, 1694403580078, vstest.console.dll, MulticastDelegateUtilities.SafeInvoke: InternalTestLoggerEvents.SendTestResult: Invoking callback 1/1 for Microsoft.VisualStudio.TestPlatform.CommandLine.Internal.ConsoleLogger., took 0 ms.
TpTrace Verbose: 0 : 3432, 4, 2024/07/04, 10:41:52.312, 1694403580379, vstest.console.dll, MulticastDelegateUtilities.SafeInvoke: InternalTestLoggerEvents.SendTestResult: Invoking callback 1/1 for Microsoft.VisualStudio.TestPlatform.CommandLine.Internal.ConsoleLogger., took 0 ms.
TpTrace Verbose: 0 : 3432, 4, 2024/07/04, 10:41:52.312, 1694403580549, vstest.console.dll, MulticastDelegateUtilities.SafeInvoke: InternalTestLoggerEvents.SendTestResult: Invoking callback 1/1 for Microsoft.VisualStudio.TestPlatform.CommandLine.Internal.ConsoleLogger., took 0 ms.
TpTrace Verbose: 0 : 3432, 4, 2024/07/04, 10:41:52.312, 1694403580699, vstest.console.dll, MulticastDelegateUtilities.SafeInvoke: InternalTestLoggerEvents.SendTestResult: Invoking callback 1/1 for Microsoft.VisualStudio.TestPlatform.CommandLine.Internal.ConsoleLogger., took 0 ms.
TpTrace Verbose: 0 : 3432, 4, 2024/07/04, 10:41:52.312, 1694403580884, vstest.console.dll, MulticastDelegateUtilities.SafeInvoke: InternalTestLoggerEvents.SendTestResult: Invoking callback 1/1 for Microsoft.VisualStudio.TestPlatform.CommandLine.Internal.ConsoleLogger., took 0 ms.
TpTrace Verbose: 0 : 3432, 4, 2024/07/04, 10:41:52.312, 1694403581179, vstest.console.dll, MulticastDelegateUtilities.SafeInvoke: InternalTestLoggerEvents.SendTestResult: Invoking callback 1/1 for Microsoft.VisualStudio.TestPlatform.CommandLine.Internal.ConsoleLogger., took 0 ms.
TpTrace Verbose: 0 : 3432, 14, 2024/07/04, 10:41:52.318, 1694403646538, vstest.console.dll, TcpClientExtensions.MessageLoopAsync: NotifyDataAvailable remoteEndPoint: 127.0.0.1:56037 localEndPoint: 127.0.0.1:56036
TpTrace Verbose: 0 : 3432, 14, 2024/07/04, 10:41:52.319, 1694403647205, vstest.console.dll, TestRequestSender.OnExecutionMessageReceived: Received message: {"Version":7,"MessageType":"TestSession.Message","Payload":{"MessageLevel":0,"Message":"NegativeAssumption:   Assume.That(false, Is.True)\r\n  Expected: True\r\n  But was:  False\r\n"}}
TpTrace Verbose: 0 : 3432, 14, 2024/07/04, 10:41:52.319, 1694403647818, vstest.console.dll, TestRunRequest:SendTestRunMessage: Starting.
TpTrace Verbose: 0 : 3432, 14, 2024/07/04, 10:41:52.319, 1694403648156, vstest.console.dll, MulticastDelegateUtilities.SafeInvoke: TestRun.LogMessages: Invoking callback 1/1 for Microsoft.VisualStudio.TestPlatform.CommandLine.TestRunResultAggregator., took 0 ms.
TpTrace Information: 0 : 3432, 14, 2024/07/04, 10:41:52.319, 1694403648395, vstest.console.dll, TestRunRequest:SendTestRunMessage: Completed.
TpTrace Verbose: 0 : 3432, 4, 2024/07/04, 10:41:52.319, 1694403648426, vstest.console.dll, MulticastDelegateUtilities.SafeInvoke: InternalTestLoggerEvents.SendTestRunMessage: Invoking callback 1/1 for Microsoft.VisualStudio.TestPlatform.CommandLine.Internal.ConsoleLogger., took 0 ms.
TpTrace Verbose: 0 : 3432, 14, 2024/07/04, 10:41:52.319, 1694403648537, vstest.console.dll, MulticastDelegateUtilities.SafeInvoke: LengthPrefixCommunicationChannel: MessageReceived: Invoking callback 1/1 for Microsoft.VisualStudio.TestPlatform.CommunicationUtilities.TestRequestSender+<>c__DisplayClass34_0., took 0 ms.
TpTrace Verbose: 0 : 3432, 14, 2024/07/04, 10:41:52.319, 1694403649040, vstest.console.dll, TcpClientExtensions.MessageLoopAsync: Polling on remoteEndPoint: 127.0.0.1:56037 localEndPoint: 127.0.0.1:56036 after 7 ms
TpTrace Verbose: 0 : 3432, 14, 2024/07/04, 10:41:52.321, 1694403669862, vstest.console.dll, TcpClientExtensions.MessageLoopAsync: NotifyDataAvailable remoteEndPoint: 127.0.0.1:56037 localEndPoint: 127.0.0.1:56036
TpTrace Verbose: 0 : 3432, 14, 2024/07/04, 10:41:52.321, 1694403670467, vstest.console.dll, TestRequestSender.OnExecutionMessageReceived: Received message: {"Version":7,"MessageType":"TestSession.Message","Payload":{"MessageLevel":0,"Message":"NegativeWarning: This test passes despite the warnings."}}
TpTrace Verbose: 0 : 3432, 14, 2024/07/04, 10:41:52.321, 1694403671186, vstest.console.dll, TestRunRequest:SendTestRunMessage: Starting.
TpTrace Verbose: 0 : 3432, 14, 2024/07/04, 10:41:52.321, 1694403671659, vstest.console.dll, MulticastDelegateUtilities.SafeInvoke: TestRun.LogMessages: Invoking callback 1/1 for Microsoft.VisualStudio.TestPlatform.CommandLine.TestRunResultAggregator., took 0 ms.
TpTrace Verbose: 0 : 3432, 4, 2024/07/04, 10:41:52.321, 1694403672774, vstest.console.dll, MulticastDelegateUtilities.SafeInvoke: InternalTestLoggerEvents.SendTestRunMessage: Invoking callback 1/1 for Microsoft.VisualStudio.TestPlatform.CommandLine.Internal.ConsoleLogger., took 0 ms.
TpTrace Information: 0 : 3432, 14, 2024/07/04, 10:41:52.321, 1694403671979, vstest.console.dll, TestRunRequest:SendTestRunMessage: Completed.
TpTrace Verbose: 0 : 3432, 14, 2024/07/04, 10:41:52.321, 1694403673695, vstest.console.dll, MulticastDelegateUtilities.SafeInvoke: LengthPrefixCommunicationChannel: MessageReceived: Invoking callback 1/1 for Microsoft.VisualStudio.TestPlatform.CommunicationUtilities.TestRequestSender+<>c__DisplayClass34_0., took 0 ms.
TpTrace Verbose: 0 : 3432, 14, 2024/07/04, 10:41:52.321, 1694403674009, vstest.console.dll, TcpClientExtensions.MessageLoopAsync: Polling on remoteEndPoint: 127.0.0.1:56037 localEndPoint: 127.0.0.1:56036 after 2 ms
TpTrace Verbose: 0 : 3432, 14, 2024/07/04, 10:41:52.329, 1694403753443, vstest.console.dll, TcpClientExtensions.MessageLoopAsync: NotifyDataAvailable remoteEndPoint: 127.0.0.1:56037 localEndPoint: 127.0.0.1:56036
TpTrace Verbose: 0 : 3432, 14, 2024/07/04, 10:41:52.329, 1694403755295, vstest.console.dll, TestRequestSender.OnExecutionMessageReceived: Received message: {"Version":7,"MessageType":"TestExecution.StatsChange","Payload":{"NewTestResults":[{"TestCase":{"Id":"21add9ec-bd69-b04e-4d6d-9a64dc576c68","FullyQualifiedName":"AssertSyntax.AssertSyntaxTests.IsNaN","DisplayName":"IsNaN","ExecutorUri":"executor://NUnit3TestExecutor","Source":"C:\\Stuart\\Projects\\nunit-csharp-samples-master\\nunit-csharp-samples-master\\syntax\\bin\\Debug\\net6.0\\fine-code-coverage\\build-output\\AssertSyntax.dll","CodeFilePath":null,"LineNumber":0,"Properties":[{"Key":{"Id":"NUnit.Seed","Label":"Seed","Category":"","Description":"","Attributes":0,"ValueType":"System.String"},"Value":"412947020"}]},"Attachments":[],"Outcome":1,"ErrorMessage":null,"ErrorStackTrace":null,"DisplayName":"IsNaN","Messages":[],"ComputerName":"LAPTOP-L48VN982","Duration":"00:00:00.0002660","StartTime":"2024-07-04T09:41:52.2344549+00:00","EndTime":"2024-07-04T09:41:52.234721+00:00","Properties":[{"Key":{"Id":"NUnit.Seed","Label":"Seed","Category":"","Description":"","Attributes":0,"ValueType":"System.String"},"Value":"412947020"}]},{"TestCase":{"Id":"c6617004-b0b7-3574-25b4-5387c4f17a9d","FullyQualifiedName":"AssertSyntax.AssertSyntaxTests.IsNotNull","DisplayName":"IsNotNull","ExecutorUri":"executor://NUnit3TestExecutor","Source":"C:\\Stuart\\Projects\\nunit-csharp-samples-master\\nunit-csharp-samples-master\\syntax\\bin\\Debug\\net6.0\\fine-code-coverage\\build-output\\AssertSyntax.dll","CodeFilePath":null,"LineNumber":0,"Properties":[{"Key":{"Id":"NUnit.Seed","Label":"Seed","Category":"","Description":"","Attributes":0,"ValueType":"System.String"},"Value":"1008460632"}]},"Attachments":[],"Outcome":1,"ErrorMessage":null,"ErrorStackTrace":null,"DisplayName":"IsNotNull","Messages":[],"ComputerName":"LAPTOP-L48VN982","Duration":"00:00:00.0000960","StartTime":"2024-07-04T09:41:52.2347272+00:00","EndTime":"2024-07-04T09:41:52.2348232+00:00","Properties":[{"Key":{"Id":"NUnit.Seed","Label":"Seed","Category":"","Description":"","Attributes":0,"ValueType":"System.String"},"Value":"1008460632"}]},{"TestCase":{"Id":"3b2b020a-4f3a-99a9-3963-6e0950e899af","FullyQualifiedName":"AssertSyntax.AssertSyntaxTests.IsNull","DisplayName":"IsNull","ExecutorUri":"executor://NUnit3TestExecutor","Source":"C:\\Stuart\\Projects\\nunit-csharp-samples-master\\nunit-csharp-samples-master\\syntax\\bin\\Debug\\net6.0\\fine-code-coverage\\build-output\\AssertSyntax.dll","CodeFilePath":null,"LineNumber":0,"Properties":[{"Key":{"Id":"NUnit.Seed","Label":"Seed","Category":"","Description":"","Attributes":0,"ValueType":"System.String"},"Value":"2130384686"}]},"Attachments":[],"Outcome":1,"ErrorMessage":null,"ErrorStackTrace":null,"DisplayName":"IsNull","Messages":[],"ComputerName":"LAPTOP-L48VN982","Duration":"00:00:00.0000710","StartTime":"2024-07-04T09:41:52.2348266+00:00","EndTime":"2024-07-04T09:41:52.2348976+00:00","Properties":[{"Key":{"Id":"NUnit.Seed","Label":"Seed","Category":"","Description":"","Attributes":0,"ValueType":"System.String"},"Value":"2130384686"}]},{"TestCase":{"Id":"bf95edd5-393c-442b-e566-25d02ab836f2","FullyQualifiedName":"AssertSyntax.AssertSyntaxTests.IsTrue","DisplayName":"IsTrue","ExecutorUri":"executor://NUnit3TestExecutor","Source":"C:\\Stuart\\Projects\\nunit-csharp-samples-master\\nunit-csharp-samples-master\\syntax\\bin\\Debug\\net6.0\\fine-code-coverage\\build-output\\AssertSyntax.dll","CodeFilePath":null,"LineNumber":0,"Properties":[{"Key":{"Id":"NUnit.Seed","Label":"Seed","Category":"","Description":"","Attributes":0,"ValueType":"System.String"},"Value":"1441206608"}]},"Attachments":[],"Outcome":1,"ErrorMessage":null,"ErrorStackTrace":null,"DisplayName":"IsTrue","Messages":[],"ComputerName":"LAPTOP-L48VN982","Duration":"00:00:00.0000790","StartTime":"2024-07-04T09:41:52.2349001+00:00","EndTime":"2024-07-04T09:41:52.2349795+00:00","Properties":[{"Key":{"Id":"NUnit.Seed","Label":"Seed","Category":"","Description":"","Attributes":0,"ValueType":"System.String"},"Value":"1441206608"}]},{"TestCase":{"Id":"a3859588-6564-1fd1-e5a1-0d63b37af8fe","FullyQualifiedName":"AssertSyntax.AssertSyntaxTests.NegativeAssumption","DisplayName":"NegativeAssumption","ExecutorUri":"executor://NUnit3TestExecutor","Source":"C:\\Stuart\\Projects\\nunit-csharp-samples-master\\nunit-csharp-samples-master\\syntax\\bin\\Debug\\net6.0\\fine-code-coverage\\build-output\\AssertSyntax.dll","CodeFilePath":null,"LineNumber":0,"Properties":[{"Key":{"Id":"NUnit.Seed","Label":"Seed","Category":"","Description":"","Attributes":0,"ValueType":"System.String"},"Value":"1333775751"}]},"Attachments":[],"Outcome":0,"ErrorMessage":"  Assume.That(false, Is.True)\r\n  Expected: True\r\n  But was:  False\r\n","ErrorStackTrace":null,"DisplayName":"NegativeAssumption","Messages":[{"Category":"StdOutMsgs","Text":"  Assume.That(false, Is.True)\r\n  Expected: True\r\n  But was:  False\r\n"}],"ComputerName":"LAPTOP-L48VN982","Duration":"00:00:00.0173910","StartTime":"2024-07-04T09:41:52.2349831+00:00","EndTime":"2024-07-04T09:41:52.2523738+00:00","Properties":[{"Key":{"Id":"NUnit.Seed","Label":"Seed","Category":"","Description":"","Attributes":0,"ValueType":"System.String"},"Value":"1333775751"}]},{"TestCase":{"Id":"fffeac36-ae30-b418-c1b8-9ca3432becf0","FullyQualifiedName":"AssertSyntax.AssertSyntaxTests.NegativeWarning","DisplayName":"NegativeWarning","ExecutorUri":"executor://NUnit3TestExecutor","Source":"C:\\Stuart\\Projects\\nunit-csharp-samples-master\\nunit-csharp-samples-master\\syntax\\bin\\Debug\\net6.0\\fine-code-coverage\\build-output\\AssertSyntax.dll","CodeFilePath":null,"LineNumber":0,"Properties":[{"Key":{"Id":"NUnit.Seed","Label":"Seed","Category":"","Description":"","Attributes":0,"ValueType":"System.String"},"Value":"728422760"}]},"Attachments":[],"Outcome":1,"ErrorMessage":null,"ErrorStackTrace":null,"DisplayName":"NegativeWarning","Messages":[{"Category":"StdOutMsgs","Text":"This test passes despite the warnings."}],"ComputerName":"LAPTOP-L48VN982","Duration":"00:00:00.0011509","StartTime":"2024-07-04T09:41:52.252388+00:00","EndTime":"2024-07-04T09:41:52.2535391+00:00","Properties":[{"Key":{"Id":"NUnit.Seed","Label":"Seed","Category":"","Description":"","Attributes":0,"ValueType":"System.String"},"Value":"728422760"}]},{"TestCase":{"Id":"e7794505-7a54-e4aa-853e-f72ad2fa2ba7","FullyQualifiedName":"AssertSyntax.AssertSyntaxTests.NoItemTests","DisplayName":"NoItemTests","ExecutorUri":"executor://NUnit3TestExecutor","Source":"C:\\Stuart\\Projects\\nunit-csharp-samples-master\\nunit-csharp-samples-master\\syntax\\bin\\Debug\\net6.0\\fine-code-coverage\\build-output\\AssertSyntax.dll","CodeFilePath":null,"LineNumber":0,"Properties":[{"Key":{"Id":"NUnit.Seed","Label":"Seed","Category":"","Description":"","Attributes":0,"ValueType":"System.String"},"Value":"1988757768"}]},"Attachments":[],"Outcome":1,"ErrorMessage":null,"ErrorStackTrace":null,"DisplayName":"NoItemTests","Messages":[],"ComputerName":"LAPTOP-L48VN982","Duration":"00:00:00.0002230","StartTime":"2024-07-04T09:41:52.253548+00:00","EndTime":"2024-07-04T09:41:52.253771+00:00","Properties":[{"Key":{"Id":"NUnit.Seed","Label":"Seed","Category":"","Description":"","Attributes":0,"ValueType":"System.String"},"Value":"1988757768"}]},{"TestCase":{"Id":"5f619d88-f616-e4d6-86b9-edefb4620d36","FullyQualifiedName":"AssertSyntax.AssertSyntaxTests.NotOperator","DisplayName":"NotOperator","ExecutorUri":"executor://NUnit3TestExecutor","Source":"C:\\Stuart\\Projects\\nunit-csharp-samples-master\\nunit-csharp-samples-master\\syntax\\bin\\Debug\\net6.0\\fine-code-coverage\\build-output\\AssertSyntax.dll","CodeFilePath":null,"LineNumber":0,"Properties":[{"Key":{"Id":"NUnit.Seed","Label":"Seed","Category":"","Description":"","Attributes":0,"ValueType":"System.String"},"Value":"1134959393"}]},"Attachments":[],"Outcome":1,"ErrorMessage":null,"ErrorStackTrace":null,"DisplayName":"NotOperator","Messages":[],"ComputerName":"LAPTOP-L48VN982","Duration":"00:00:00.0000970","StartTime":"2024-07-04T09:41:52.2537763+00:00","EndTime":"2024-07-04T09:41:52.2538731+00:00","Properties":[{"Key":{"Id":"NUnit.Seed","Label":"Seed","Category":"","Description":"","Attributes":0,"ValueType":"System.String"},"Value":"1134959393"}]},{"TestCase":{"Id":"986ce57c-c6e8-f449-829f-1ebd1cd31226","FullyQualifiedName":"AssertSyntax.AssertSyntaxTests.NotTests","DisplayName":"NotTests","ExecutorUri":"executor://NUnit3TestExecutor","Source":"C:\\Stuart\\Projects\\nunit-csharp-samples-master\\nunit-csharp-samples-master\\syntax\\bin\\Debug\\net6.0\\fine-code-coverage\\build-output\\AssertSyntax.dll","CodeFilePath":null,"LineNumber":0,"Properties":[{"Key":{"Id":"NUnit.Seed","Label":"Seed","Category":"","Description":"","Attributes":0,"ValueType":"System.String"},"Value":"335424571"}]},"Attachments":[],"Outcome":1,"ErrorMessage":null,"ErrorStackTrace":null,"DisplayName":"NotTests","Messages":[],"ComputerName":"LAPTOP-L48VN982","Duration":"00:00:00.0003420","StartTime":"2024-07-04T09:41:52.2538767+00:00","EndTime":"2024-07-04T09:41:52.2542187+00:00","Properties":[{"Key":{"Id":"NUnit.Seed","Label":"Seed","Category":"","Description":"","Attributes":0,"ValueType":"System.String"},"Value":"335424571"}]}],"TestRunStatistics":{"ExecutedTests":27,"Stats":{"Passed":26,"None":1}},"ActiveTests":[{"Id":"9bc7254f-3751-ab1a-7592-f5e3746561d2","FullyQualifiedName":"AssertSyntax.AssertSyntaxTests.OrOperator","DisplayName":"OrOperator","ExecutorUri":"executor://NUnit3TestExecutor","Source":"C:\\Stuart\\Projects\\nunit-csharp-samples-master\\nunit-csharp-samples-master\\syntax\\bin\\Debug\\net6.0\\fine-code-coverage\\build-output\\AssertSyntax.dll","CodeFilePath":null,"LineNumber":0,"Properties":[{"Key":{"Id":"NUnit.Seed","Label":"Seed","Category":"","Description":"","Attributes":0,"ValueType":"System.String"},"Value":"1090997354"}]}]}}
TpTrace Verbose: 0 : 3432, 14, 2024/07/04, 10:41:52.332, 1694403779545, vstest.console.dll, TestRunRequest:SendTestRunStatsChange: Starting.
TpTrace Verbose: 0 : 3432, 14, 2024/07/04, 10:41:52.332, 1694403780070, vstest.console.dll, InProgress is OrOperator
TpTrace Verbose: 0 : 3432, 4, 2024/07/04, 10:41:52.332, 1694403780764, vstest.console.dll, MulticastDelegateUtilities.SafeInvoke: InternalTestLoggerEvents.SendTestResult: Invoking callback 1/1 for Microsoft.VisualStudio.TestPlatform.CommandLine.Internal.ConsoleLogger., took 0 ms.
TpTrace Verbose: 0 : 3432, 4, 2024/07/04, 10:41:52.332, 1694403781313, vstest.console.dll, MulticastDelegateUtilities.SafeInvoke: InternalTestLoggerEvents.SendTestResult: Invoking callback 1/1 for Microsoft.VisualStudio.TestPlatform.CommandLine.Internal.ConsoleLogger., took 0 ms.
TpTrace Verbose: 0 : 3432, 14, 2024/07/04, 10:41:52.332, 1694403780810, vstest.console.dll, MulticastDelegateUtilities.SafeInvoke: TestRun.RunStatsChanged: Invoking callbacks was skipped because there are no subscribers.
TpTrace Information: 0 : 3432, 14, 2024/07/04, 10:41:52.332, 1694403782055, vstest.console.dll, TestRunRequest:SendTestRunStatsChange: Completed.
TpTrace Verbose: 0 : 3432, 14, 2024/07/04, 10:41:52.332, 1694403782412, vstest.console.dll, MulticastDelegateUtilities.SafeInvoke: LengthPrefixCommunicationChannel: MessageReceived: Invoking callback 1/1 for Microsoft.VisualStudio.TestPlatform.CommunicationUtilities.TestRequestSender+<>c__DisplayClass34_0., took 2 ms.
TpTrace Verbose: 0 : 3432, 4, 2024/07/04, 10:41:52.332, 1694403782888, vstest.console.dll, MulticastDelegateUtilities.SafeInvoke: InternalTestLoggerEvents.SendTestResult: Invoking callback 1/1 for Microsoft.VisualStudio.TestPlatform.CommandLine.Internal.ConsoleLogger., took 0 ms.
TpTrace Verbose: 0 : 3432, 14, 2024/07/04, 10:41:52.332, 1694403783601, vstest.console.dll, TcpClientExtensions.MessageLoopAsync: Polling on remoteEndPoint: 127.0.0.1:56037 localEndPoint: 127.0.0.1:56036 after 10 ms
TpTrace Verbose: 0 : 3432, 4, 2024/07/04, 10:41:52.332, 1694403784088, vstest.console.dll, MulticastDelegateUtilities.SafeInvoke: InternalTestLoggerEvents.SendTestResult: Invoking callback 1/1 for Microsoft.VisualStudio.TestPlatform.CommandLine.Internal.ConsoleLogger., took 0 ms.
TpTrace Verbose: 0 : 3432, 4, 2024/07/04, 10:41:52.332, 1694403785352, vstest.console.dll, MulticastDelegateUtilities.SafeInvoke: InternalTestLoggerEvents.SendTestResult: Invoking callback 1/1 for Microsoft.VisualStudio.TestPlatform.CommandLine.Internal.ConsoleLogger., took 0 ms.
TpTrace Verbose: 0 : 3432, 14, 2024/07/04, 10:41:52.332, 1694403785909, vstest.console.dll, TcpClientExtensions.MessageLoopAsync: NotifyDataAvailable remoteEndPoint: 127.0.0.1:56037 localEndPoint: 127.0.0.1:56036
TpTrace Verbose: 0 : 3432, 4, 2024/07/04, 10:41:52.332, 1694403786421, vstest.console.dll, MulticastDelegateUtilities.SafeInvoke: InternalTestLoggerEvents.SendTestResult: Invoking callback 1/1 for Microsoft.VisualStudio.TestPlatform.CommandLine.Internal.ConsoleLogger., took 0 ms.
TpTrace Verbose: 0 : 3432, 14, 2024/07/04, 10:41:52.333, 1694403787030, vstest.console.dll, TestRequestSender.OnExecutionMessageReceived: Received message: {"Version":7,"MessageType":"TestSession.Message","Payload":{"MessageLevel":0,"Message":"PositiveAssumption: This will be executed because of the assumption."}}
TpTrace Verbose: 0 : 3432, 14, 2024/07/04, 10:41:52.333, 1694403788749, vstest.console.dll, TestRunRequest:SendTestRunMessage: Starting.
TpTrace Verbose: 0 : 3432, 4, 2024/07/04, 10:41:52.333, 1694403789269, vstest.console.dll, MulticastDelegateUtilities.SafeInvoke: InternalTestLoggerEvents.SendTestResult: Invoking callback 1/1 for Microsoft.VisualStudio.TestPlatform.CommandLine.Internal.ConsoleLogger., took 0 ms.
TpTrace Verbose: 0 : 3432, 14, 2024/07/04, 10:41:52.333, 1694403789325, vstest.console.dll, MulticastDelegateUtilities.SafeInvoke: TestRun.LogMessages: Invoking callback 1/1 for Microsoft.VisualStudio.TestPlatform.CommandLine.TestRunResultAggregator., took 0 ms.
TpTrace Information: 0 : 3432, 14, 2024/07/04, 10:41:52.333, 1694403789637, vstest.console.dll, TestRunRequest:SendTestRunMessage: Completed.
TpTrace Verbose: 0 : 3432, 4, 2024/07/04, 10:41:52.333, 1694403789721, vstest.console.dll, MulticastDelegateUtilities.SafeInvoke: InternalTestLoggerEvents.SendTestResult: Invoking callback 1/1 for Microsoft.VisualStudio.TestPlatform.CommandLine.Internal.ConsoleLogger., took 0 ms.
TpTrace Verbose: 0 : 3432, 14, 2024/07/04, 10:41:52.333, 1694403790085, vstest.console.dll, MulticastDelegateUtilities.SafeInvoke: LengthPrefixCommunicationChannel: MessageReceived: Invoking callback 1/1 for Microsoft.VisualStudio.TestPlatform.CommunicationUtilities.TestRequestSender+<>c__DisplayClass34_0., took 0 ms.
TpTrace Verbose: 0 : 3432, 4, 2024/07/04, 10:41:52.333, 1694403790471, vstest.console.dll, MulticastDelegateUtilities.SafeInvoke: InternalTestLoggerEvents.SendTestResult: Invoking callback 1/1 for Microsoft.VisualStudio.TestPlatform.CommandLine.Internal.ConsoleLogger., took 0 ms.
TpTrace Verbose: 0 : 3432, 14, 2024/07/04, 10:41:52.333, 1694403790664, vstest.console.dll, TcpClientExtensions.MessageLoopAsync: Polling on remoteEndPoint: 127.0.0.1:56037 localEndPoint: 127.0.0.1:56036 after 0 ms
TpTrace Verbose: 0 : 3432, 4, 2024/07/04, 10:41:52.333, 1694403791042, vstest.console.dll, MulticastDelegateUtilities.SafeInvoke: InternalTestLoggerEvents.SendTestRunMessage: Invoking callback 1/1 for Microsoft.VisualStudio.TestPlatform.CommandLine.Internal.ConsoleLogger., took 0 ms.
TpTrace Verbose: 0 : 3432, 14, 2024/07/04, 10:41:52.335, 1694403815901, vstest.console.dll, TcpClientExtensions.MessageLoopAsync: NotifyDataAvailable remoteEndPoint: 127.0.0.1:56037 localEndPoint: 127.0.0.1:56036
TpTrace Verbose: 0 : 3432, 14, 2024/07/04, 10:41:52.335, 1694403816385, vstest.console.dll, TestRequestSender.OnExecutionMessageReceived: Received message: {"Version":7,"MessageType":"TestSession.Message","Payload":{"MessageLevel":0,"Message":"PositiveWarning: This test passes despite the warnings."}}
TpTrace Verbose: 0 : 3432, 14, 2024/07/04, 10:41:52.335, 1694403816844, vstest.console.dll, TestRunRequest:SendTestRunMessage: Starting.
TpTrace Verbose: 0 : 3432, 14, 2024/07/04, 10:41:52.336, 1694403817164, vstest.console.dll, MulticastDelegateUtilities.SafeInvoke: TestRun.LogMessages: Invoking callback 1/1 for Microsoft.VisualStudio.TestPlatform.CommandLine.TestRunResultAggregator., took 0 ms.
TpTrace Information: 0 : 3432, 14, 2024/07/04, 10:41:52.336, 1694403817378, vstest.console.dll, TestRunRequest:SendTestRunMessage: Completed.
TpTrace Verbose: 0 : 3432, 14, 2024/07/04, 10:41:52.336, 1694403817519, vstest.console.dll, MulticastDelegateUtilities.SafeInvoke: LengthPrefixCommunicationChannel: MessageReceived: Invoking callback 1/1 for Microsoft.VisualStudio.TestPlatform.CommunicationUtilities.TestRequestSender+<>c__DisplayClass34_0., took 0 ms.
TpTrace Verbose: 0 : 3432, 14, 2024/07/04, 10:41:52.336, 1694403817880, vstest.console.dll, TcpClientExtensions.MessageLoopAsync: Polling on remoteEndPoint: 127.0.0.1:56037 localEndPoint: 127.0.0.1:56036 after 2 ms
TpTrace Verbose: 0 : 3432, 4, 2024/07/04, 10:41:52.336, 1694403817976, vstest.console.dll, MulticastDelegateUtilities.SafeInvoke: InternalTestLoggerEvents.SendTestRunMessage: Invoking callback 1/1 for Microsoft.VisualStudio.TestPlatform.CommandLine.Internal.ConsoleLogger., took 0 ms.
TpTrace Verbose: 0 : 3432, 14, 2024/07/04, 10:41:52.357, 1694404031212, vstest.console.dll, TcpClientExtensions.MessageLoopAsync: NotifyDataAvailable remoteEndPoint: 127.0.0.1:56037 localEndPoint: 127.0.0.1:56036
TpTrace Verbose: 0 : 3432, 14, 2024/07/04, 10:41:52.357, 1694404032424, vstest.console.dll, TestRequestSender.OnExecutionMessageReceived: Received message: {"Version":7,"MessageType":"TestSession.Message","Payload":{"MessageLevel":0,"Message":"NUnit Adapter 4.5.0.0: Test execution complete"}}
TpTrace Verbose: 0 : 3432, 14, 2024/07/04, 10:41:52.357, 1694404033330, vstest.console.dll, TestRunRequest:SendTestRunMessage: Starting.
TpTrace Verbose: 0 : 3432, 14, 2024/07/04, 10:41:52.357, 1694404033713, vstest.console.dll, MulticastDelegateUtilities.SafeInvoke: TestRun.LogMessages: Invoking callback 1/1 for Microsoft.VisualStudio.TestPlatform.CommandLine.TestRunResultAggregator., took 0 ms.
TpTrace Information: 0 : 3432, 14, 2024/07/04, 10:41:52.357, 1694404033889, vstest.console.dll, TestRunRequest:SendTestRunMessage: Completed.
TpTrace Verbose: 0 : 3432, 14, 2024/07/04, 10:41:52.357, 1694404034025, vstest.console.dll, MulticastDelegateUtilities.SafeInvoke: LengthPrefixCommunicationChannel: MessageReceived: Invoking callback 1/1 for Microsoft.VisualStudio.TestPlatform.CommunicationUtilities.TestRequestSender+<>c__DisplayClass34_0., took 0 ms.
TpTrace Verbose: 0 : 3432, 14, 2024/07/04, 10:41:52.357, 1694404034184, vstest.console.dll, TcpClientExtensions.MessageLoopAsync: Polling on remoteEndPoint: 127.0.0.1:56037 localEndPoint: 127.0.0.1:56036 after 21 ms
TpTrace Verbose: 0 : 3432, 4, 2024/07/04, 10:41:52.357, 1694404034322, vstest.console.dll, MulticastDelegateUtilities.SafeInvoke: InternalTestLoggerEvents.SendTestRunMessage: Invoking callback 1/1 for Microsoft.VisualStudio.TestPlatform.CommandLine.Internal.ConsoleLogger., took 0 ms.
TpTrace Verbose: 0 : 3432, 14, 2024/07/04, 10:41:52.369, 1694404154293, vstest.console.dll, TcpClientExtensions.MessageLoopAsync: NotifyDataAvailable remoteEndPoint: 127.0.0.1:56037 localEndPoint: 127.0.0.1:56036
TpTrace Verbose: 0 : 3432, 14, 2024/07/04, 10:41:52.370, 1694404157913, vstest.console.dll, TestRequestSender.OnExecutionMessageReceived: Received message: {"Version":7,"MessageType":"TestExecution.Completed","Payload":{"TestRunCompleteArgs":{"TestRunStatistics":{"ExecutedTests":36,"Stats":{"Passed":35,"None":1}},"IsCanceled":false,"IsAborted":false,"Error":null,"AttachmentSets":[],"InvokedDataCollectors":[],"ElapsedTimeInRunningTests":"00:00:00.3377600","Metrics":{},"DiscoveredExtensions":{"TestDiscoverers":["NUnit.VisualStudio.TestAdapter.NUnit3TestDiscoverer, NUnit3.TestAdapter, Version=4.5.0.0, Culture=neutral, PublicKeyToken=4cb40d35494691ac"],"TestExecutors":["executor://NUnit3TestExecutor"],"TestExecutors2":[],"TestSettingsProviders":[]}},"LastRunTests":{"NewTestResults":[{"TestCase":{"Id":"9bc7254f-3751-ab1a-7592-f5e3746561d2","FullyQualifiedName":"AssertSyntax.AssertSyntaxTests.OrOperator","DisplayName":"OrOperator","ExecutorUri":"executor://NUnit3TestExecutor","Source":"C:\\Stuart\\Projects\\nunit-csharp-samples-master\\nunit-csharp-samples-master\\syntax\\bin\\Debug\\net6.0\\fine-code-coverage\\build-output\\AssertSyntax.dll","CodeFilePath":null,"LineNumber":0,"Properties":[{"Key":{"Id":"NUnit.Seed","Label":"Seed","Category":"","Description":"","Attributes":0,"ValueType":"System.String"},"Value":"1090997354"}]},"Attachments":[],"Outcome":1,"ErrorMessage":null,"ErrorStackTrace":null,"DisplayName":"OrOperator","Messages":[],"ComputerName":"LAPTOP-L48VN982","Duration":"00:00:00.0002240","StartTime":"2024-07-04T09:41:52.2542252+00:00","EndTime":"2024-07-04T09:41:52.254449+00:00","Properties":[{"Key":{"Id":"NUnit.Seed","Label":"Seed","Category":"","Description":"","Attributes":0,"ValueType":"System.String"},"Value":"1090997354"}]},{"TestCase":{"Id":"b47dd611-9ad8-b316-1066-3c9b55ce4222","FullyQualifiedName":"AssertSyntax.AssertSyntaxTests.PositiveAssumption","DisplayName":"PositiveAssumption","ExecutorUri":"executor://NUnit3TestExecutor","Source":"C:\\Stuart\\Projects\\nunit-csharp-samples-master\\nunit-csharp-samples-master\\syntax\\bin\\Debug\\net6.0\\fine-code-coverage\\build-output\\AssertSyntax.dll","CodeFilePath":null,"LineNumber":0,"Properties":[{"Key":{"Id":"NUnit.Seed","Label":"Seed","Category":"","Description":"","Attributes":0,"ValueType":"System.String"},"Value":"1445385798"}]},"Attachments":[],"Outcome":1,"ErrorMessage":null,"ErrorStackTrace":null,"DisplayName":"PositiveAssumption","Messages":[{"Category":"StdOutMsgs","Text":"This will be executed because of the assumption."}],"ComputerName":"LAPTOP-L48VN982","Duration":"00:00:00.0003930","StartTime":"2024-07-04T09:41:52.2544555+00:00","EndTime":"2024-07-04T09:41:52.2548488+00:00","Properties":[{"Key":{"Id":"NUnit.Seed","Label":"Seed","Category":"","Description":"","Attributes":0,"ValueType":"System.String"},"Value":"1445385798"}]},{"TestCase":{"Id":"9f30ba9c-a404-48dd-748f-d3dbdf73fc81","FullyQualifiedName":"AssertSyntax.AssertSyntaxTests.PositiveWarning","DisplayName":"PositiveWarning","ExecutorUri":"executor://NUnit3TestExecutor","Source":"C:\\Stuart\\Projects\\nunit-csharp-samples-master\\nunit-csharp-samples-master\\syntax\\bin\\Debug\\net6.0\\fine-code-coverage\\build-output\\AssertSyntax.dll","CodeFilePath":null,"LineNumber":0,"Properties":[{"Key":{"Id":"NUnit.Seed","Label":"Seed","Category":"","Description":"","Attributes":0,"ValueType":"System.String"},"Value":"1554464181"}]},"Attachments":[],"Outcome":1,"ErrorMessage":null,"ErrorStackTrace":null,"DisplayName":"PositiveWarning","Messages":[{"Category":"StdOutMsgs","Text":"This test passes despite the warnings."}],"ComputerName":"LAPTOP-L48VN982","Duration":"00:00:00.0052850","StartTime":"2024-07-04T09:41:52.2548561+00:00","EndTime":"2024-07-04T09:41:52.2601405+00:00","Properties":[{"Key":{"Id":"NUnit.Seed","Label":"Seed","Category":"","Description":"","Attributes":0,"ValueType":"System.String"},"Value":"1554464181"}]},{"TestCase":{"Id":"f63b99ea-e6da-254d-cd16-d01fe03cc769","FullyQualifiedName":"AssertSyntax.AssertSyntaxTests.PropertyTests","DisplayName":"PropertyTests","ExecutorUri":"executor://NUnit3TestExecutor","Source":"C:\\Stuart\\Projects\\nunit-csharp-samples-master\\nunit-csharp-samples-master\\syntax\\bin\\Debug\\net6.0\\fine-code-coverage\\build-output\\AssertSyntax.dll","CodeFilePath":null,"LineNumber":0,"Properties":[{"Key":{"Id":"NUnit.Seed","Label":"Seed","Category":"","Description":"","Attributes":0,"ValueType":"System.String"},"Value":"1541362789"}]},"Attachments":[],"Outcome":1,"ErrorMessage":null,"ErrorStackTrace":null,"DisplayName":"PropertyTests","Messages":[],"ComputerName":"LAPTOP-L48VN982","Duration":"00:00:00.0012620","StartTime":"2024-07-04T09:41:52.2601491+00:00","EndTime":"2024-07-04T09:41:52.2614112+00:00","Properties":[{"Key":{"Id":"NUnit.Seed","Label":"Seed","Category":"","Description":"","Attributes":0,"ValueType":"System.String"},"Value":"1541362789"}]},{"TestCase":{"Id":"51d023de-8a9d-95f1-815e-5b55f4fb0de1","FullyQualifiedName":"AssertSyntax.AssertSyntaxTests.RegularExpressionTests","DisplayName":"RegularExpressionTests","ExecutorUri":"executor://NUnit3TestExecutor","Source":"C:\\Stuart\\Projects\\nunit-csharp-samples-master\\nunit-csharp-samples-master\\syntax\\bin\\Debug\\net6.0\\fine-code-coverage\\build-output\\AssertSyntax.dll","CodeFilePath":null,"LineNumber":0,"Properties":[{"Key":{"Id":"NUnit.Seed","Label":"Seed","Category":"","Description":"","Attributes":0,"ValueType":"System.String"},"Value":"80205746"}]},"Attachments":[],"Outcome":1,"ErrorMessage":null,"ErrorStackTrace":null,"DisplayName":"RegularExpressionTests","Messages":[],"ComputerName":"LAPTOP-L48VN982","Duration":"00:00:00.0007800","StartTime":"2024-07-04T09:41:52.2614192+00:00","EndTime":"2024-07-04T09:41:52.2621995+00:00","Properties":[{"Key":{"Id":"NUnit.Seed","Label":"Seed","Category":"","Description":"","Attributes":0,"ValueType":"System.String"},"Value":"80205746"}]},{"TestCase":{"Id":"b4b131e8-ae1f-f26f-7a69-ff2e6bb6b910","FullyQualifiedName":"AssertSyntax.AssertSyntaxTests.SomeItemTests","DisplayName":"SomeItemTests","ExecutorUri":"executor://NUnit3TestExecutor","Source":"C:\\Stuart\\Projects\\nunit-csharp-samples-master\\nunit-csharp-samples-master\\syntax\\bin\\Debug\\net6.0\\fine-code-coverage\\build-output\\AssertSyntax.dll","CodeFilePath":null,"LineNumber":0,"Properties":[{"Key":{"Id":"NUnit.Seed","Label":"Seed","Category":"","Description":"","Attributes":0,"ValueType":"System.String"},"Value":"1569273111"}]},"Attachments":[],"Outcome":1,"ErrorMessage":null,"ErrorStackTrace":null,"DisplayName":"SomeItemTests","Messages":[],"ComputerName":"LAPTOP-L48VN982","Duration":"00:00:00.0002509","StartTime":"2024-07-04T09:41:52.2622119+00:00","EndTime":"2024-07-04T09:41:52.2624628+00:00","Properties":[{"Key":{"Id":"NUnit.Seed","Label":"Seed","Category":"","Description":"","Attributes":0,"ValueType":"System.String"},"Value":"1569273111"}]},{"TestCase":{"Id":"73535320-48c2-f42c-b849-1e6c57ee1e20","FullyQualifiedName":"AssertSyntax.AssertSyntaxTests.StartsWithTests","DisplayName":"StartsWithTests","ExecutorUri":"executor://NUnit3TestExecutor","Source":"C:\\Stuart\\Projects\\nunit-csharp-samples-master\\nunit-csharp-samples-master\\syntax\\bin\\Debug\\net6.0\\fine-code-coverage\\build-output\\AssertSyntax.dll","CodeFilePath":null,"LineNumber":0,"Properties":[{"Key":{"Id":"NUnit.Seed","Label":"Seed","Category":"","Description":"","Attributes":0,"ValueType":"System.String"},"Value":"1052559296"}]},"Attachments":[],"Outcome":1,"ErrorMessage":null,"ErrorStackTrace":null,"DisplayName":"StartsWithTests","Messages":[],"ComputerName":"LAPTOP-L48VN982","Duration":"00:00:00.0003490","StartTime":"2024-07-04T09:41:52.2624758+00:00","EndTime":"2024-07-04T09:41:52.2628244+00:00","Properties":[{"Key":{"Id":"NUnit.Seed","Label":"Seed","Category":"","Description":"","Attributes":0,"ValueType":"System.String"},"Value":"1052559296"}]},{"TestCase":{"Id":"d3e5c63a-ecf0-695a-4712-1737282542f2","FullyQualifiedName":"AssertSyntax.AssertSyntaxTests.SubsetTests","DisplayName":"SubsetTests","ExecutorUri":"executor://NUnit3TestExecutor","Source":"C:\\Stuart\\Projects\\nunit-csharp-samples-master\\nunit-csharp-samples-master\\syntax\\bin\\Debug\\net6.0\\fine-code-coverage\\build-output\\AssertSyntax.dll","CodeFilePath":null,"LineNumber":0,"Properties":[{"Key":{"Id":"NUnit.Seed","Label":"Seed","Category":"","Description":"","Attributes":0,"ValueType":"System.String"},"Value":"626047450"}]},"Attachments":[],"Outcome":1,"ErrorMessage":null,"ErrorStackTrace":null,"DisplayName":"SubsetTests","Messages":[],"ComputerName":"LAPTOP-L48VN982","Duration":"00:00:00.0006830","StartTime":"2024-07-04T09:41:52.2628315+00:00","EndTime":"2024-07-04T09:41:52.263514+00:00","Properties":[{"Key":{"Id":"NUnit.Seed","Label":"Seed","Category":"","Description":"","Attributes":0,"ValueType":"System.String"},"Value":"626047450"}]},{"TestCase":{"Id":"44cab827-d567-872b-b6b5-f3e11407117b","FullyQualifiedName":"AssertSyntax.AssertSyntaxTests.SubstringTests","DisplayName":"SubstringTests","ExecutorUri":"executor://NUnit3TestExecutor","Source":"C:\\Stuart\\Projects\\nunit-csharp-samples-master\\nunit-csharp-samples-master\\syntax\\bin\\Debug\\net6.0\\fine-code-coverage\\build-output\\AssertSyntax.dll","CodeFilePath":null,"LineNumber":0,"Properties":[{"Key":{"Id":"NUnit.Seed","Label":"Seed","Category":"","Description":"","Attributes":0,"ValueType":"System.String"},"Value":"1211969102"}]},"Attachments":[],"Outcome":1,"ErrorMessage":null,"ErrorStackTrace":null,"DisplayName":"SubstringTests","Messages":[],"ComputerName":"LAPTOP-L48VN982","Duration":"00:00:00.0004320","StartTime":"2024-07-04T09:41:52.2635215+00:00","EndTime":"2024-07-04T09:41:52.263953+00:00","Properties":[{"Key":{"Id":"NUnit.Seed","Label":"Seed","Category":"","Description":"","Attributes":0,"ValueType":"System.String"},"Value":"1211969102"}]}],"TestRunStatistics":{"ExecutedTests":36,"Stats":{"Passed":35,"None":1}},"ActiveTests":[]},"RunAttachments":[],"ExecutorUris":["executor://nunit3testexecutor/"]}}
TpTrace Verbose: 0 : 3432, 14, 2024/07/04, 10:41:52.370, 1694404166355, vstest.console.dll, TestRequestSender.EndSession: Sending end session.
TpTrace Verbose: 0 : 3432, 14, 2024/07/04, 10:41:52.371, 1694404167538, vstest.console.dll, ProxyOperationManager.Close: waiting for test host to exit for 100 ms
TpTrace Verbose: 0 : 3432, 12, 2024/07/04, 10:41:52.392, 1694404386350, vstest.console.dll, TestHostManagerCallbacks.ctor: Experimental forwarding output is disabled.
TpTrace Warning: 0 : 3432, 12, 2024/07/04, 10:41:52.393, 1694404387337, vstest.console.dll, TestHostManagerCallbacks.ErrorReceivedCallback Test host standard error line: 
TpTrace Verbose: 0 : 3432, 12, 2024/07/04, 10:41:52.397, 1694404435306, vstest.console.dll, TestHostProvider.ExitCallBack: Host exited starting callback.
TpTrace Information: 0 : 3432, 12, 2024/07/04, 10:41:52.397, 1694404436374, vstest.console.dll, TestHostManagerCallbacks.ExitCallBack: Testhost processId: 7304 exited with exitcode: 0 error: ''
TpTrace Verbose: 0 : 3432, 12, 2024/07/04, 10:41:52.397, 1694404436589, vstest.console.dll, DotnetTestHostManager.OnHostExited: invoking OnHostExited callback
TpTrace Verbose: 0 : 3432, 12, 2024/07/04, 10:41:52.397, 1694404436899, vstest.console.dll, CrossPlatEngine.TestHostManagerHostExited: calling on client process exit callback.
TpTrace Information: 0 : 3432, 12, 2024/07/04, 10:41:52.398, 1694404437180, vstest.console.dll, TestRequestSender.OnClientProcessExit: Test host process exited. Standard error: 
TpTrace Information: 0 : 3432, 12, 2024/07/04, 10:41:52.398, 1694404437418, vstest.console.dll, SocketServer.Stop: Stop server endPoint: 127.0.0.1:56036
TpTrace Information: 0 : 3432, 14, 2024/07/04, 10:41:52.398, 1694404437449, vstest.console.dll, SocketServer.Stop: Stop server endPoint: 127.0.0.1:56036
TpTrace Information: 0 : 3432, 12, 2024/07/04, 10:41:52.398, 1694404437537, vstest.console.dll, SocketServer.Stop: Cancellation requested. Stopping message loop.
TpTrace Information: 0 : 3432, 14, 2024/07/04, 10:41:52.398, 1694404437952, vstest.console.dll, SocketServer.Stop: Cancellation requested. Stopping message loop.
TpTrace Information: 0 : 3432, 14, 2024/07/04, 10:41:52.398, 1694404438444, vstest.console.dll, Closing the connection
TpTrace Verbose: 0 : 3432, 12, 2024/07/04, 10:41:52.398, 1694404438628, vstest.console.dll, MulticastDelegateUtilities.SafeInvoke: HostProviderEvents.OnHostExited: Invoking callback 1/1 for Microsoft.VisualStudio.TestPlatform.CrossPlatEngine.Client.ProxyOperationManager., took 0 ms.
TpTrace Verbose: 0 : 3432, 14, 2024/07/04, 10:41:52.398, 1694404439927, vstest.console.dll, ProxyDataCollectionManager.InvokeDataCollectionServiceAction: Starting.
TpTrace Information: 0 : 3432, 14, 2024/07/04, 10:41:52.398, 1694404440363, vstest.console.dll, ProxyDataCollectionManager.AfterTestRunEnd: Get attachment set and invoked data collectors processId: 28208 port: 56033
TpTrace Verbose: 0 : 3432, 14, 2024/07/04, 10:41:52.398, 1694404440604, vstest.console.dll, DataCollectionRequestSender.SendAfterTestRunStartAndGetResult: Send AfterTestRunEnd message with isCancelled: False
TpTrace Verbose: 0 : 3432, 14, 2024/07/04, 10:41:52.401, 1694404475394, vstest.console.dll, DataCollectionRequestSender.SendAfterTestRunStartAndGetResult: Received message: (DataCollection.AfterTestRunEndResult) -> {"MessageType":"DataCollection.AfterTestRunEndResult","Payload":{"AttachmentSets":[],"InvokedDataCollectors":[{"Uri":"datacollector://Microsoft/TestPlatform/Extensions/Blame/v1","FriendlyName":"Blame","AssemblyQualifiedName":"Microsoft.TestPlatform.Extensions.BlameDataCollector.BlameCollector, Microsoft.TestPlatform.Extensions.BlameDataCollector, Version=15.0.0.0, Culture=neutral, PublicKeyToken=b03f5f7f11d50a3a","FilePath":"C:\\Program Files\\dotnet\\sdk\\8.0.200\\Extensions\\Microsoft.TestPlatform.Extensions.BlameDataCollector.dll","HasAttachmentProcessor":false}],"Metrics":{}}}
TpTrace Information: 0 : 3432, 14, 2024/07/04, 10:41:52.404, 1694404501125, vstest.console.dll, ProxyDataCollectionManager.InvokeDataCollectionServiceAction: Completed.
TpTrace Warning: 0 : 3432, 11, 2024/07/04, 10:41:52.412, 1694404586501, vstest.console.dll, DataCollectionLauncher.ErrorReceivedCallback datacollector standard error line: 
TpTrace Information: 0 : 3432, 11, 2024/07/04, 10:41:52.416, 1694404623942, vstest.console.dll, DataCollectionLauncher.ExitCallBack: Data collector exited with exitcode: 0 error: ''
TpTrace Verbose: 0 : 3432, 14, 2024/07/04, 10:41:52.426, 1694404724791, vstest.console.dll, TestRunRequest:SendTestRunStatsChange: Starting.
TpTrace Verbose: 0 : 3432, 14, 2024/07/04, 10:41:52.426, 1694404725796, vstest.console.dll, MulticastDelegateUtilities.SafeInvoke: TestRun.RunStatsChanged: Invoking callbacks was skipped because there are no subscribers.
TpTrace Information: 0 : 3432, 14, 2024/07/04, 10:41:52.426, 1694404726004, vstest.console.dll, TestRunRequest:SendTestRunStatsChange: Completed.
TpTrace Verbose: 0 : 3432, 4, 2024/07/04, 10:41:52.426, 1694404726160, vstest.console.dll, MulticastDelegateUtilities.SafeInvoke: InternalTestLoggerEvents.SendTestResult: Invoking callback 1/1 for Microsoft.VisualStudio.TestPlatform.CommandLine.Internal.ConsoleLogger., took 0 ms.
TpTrace Verbose: 0 : 3432, 4, 2024/07/04, 10:41:52.426, 1694404726744, vstest.console.dll, MulticastDelegateUtilities.SafeInvoke: InternalTestLoggerEvents.SendTestResult: Invoking callback 1/1 for Microsoft.VisualStudio.TestPlatform.CommandLine.Internal.ConsoleLogger., took 0 ms.
TpTrace Verbose: 0 : 3432, 4, 2024/07/04, 10:41:52.427, 1694404726986, vstest.console.dll, MulticastDelegateUtilities.SafeInvoke: InternalTestLoggerEvents.SendTestResult: Invoking callback 1/1 for Microsoft.VisualStudio.TestPlatform.CommandLine.Internal.ConsoleLogger., took 0 ms.
TpTrace Verbose: 0 : 3432, 4, 2024/07/04, 10:41:52.427, 1694404727143, vstest.console.dll, MulticastDelegateUtilities.SafeInvoke: InternalTestLoggerEvents.SendTestResult: Invoking callback 1/1 for Microsoft.VisualStudio.TestPlatform.CommandLine.Internal.ConsoleLogger., took 0 ms.
TpTrace Verbose: 0 : 3432, 4, 2024/07/04, 10:41:52.427, 1694404727292, vstest.console.dll, MulticastDelegateUtilities.SafeInvoke: InternalTestLoggerEvents.SendTestResult: Invoking callback 1/1 for Microsoft.VisualStudio.TestPlatform.CommandLine.Internal.ConsoleLogger., took 0 ms.
TpTrace Verbose: 0 : 3432, 4, 2024/07/04, 10:41:52.427, 1694404727461, vstest.console.dll, MulticastDelegateUtilities.SafeInvoke: InternalTestLoggerEvents.SendTestResult: Invoking callback 1/1 for Microsoft.VisualStudio.TestPlatform.CommandLine.Internal.ConsoleLogger., took 0 ms.
TpTrace Verbose: 0 : 3432, 4, 2024/07/04, 10:41:52.427, 1694404727613, vstest.console.dll, MulticastDelegateUtilities.SafeInvoke: InternalTestLoggerEvents.SendTestResult: Invoking callback 1/1 for Microsoft.VisualStudio.TestPlatform.CommandLine.Internal.ConsoleLogger., took 0 ms.
TpTrace Verbose: 0 : 3432, 14, 2024/07/04, 10:41:52.427, 1694404727709, vstest.console.dll, ParallelProxyExecutionManager: HandlePartialRunComplete: Total workloads = 1, Total started clients = 1 Total completed clients = 1, Run complete = True, Run canceled: False.
TpTrace Verbose: 0 : 3432, 4, 2024/07/04, 10:41:52.427, 1694404727764, vstest.console.dll, MulticastDelegateUtilities.SafeInvoke: InternalTestLoggerEvents.SendTestResult: Invoking callback 1/1 for Microsoft.VisualStudio.TestPlatform.CommandLine.Internal.ConsoleLogger., took 0 ms.
TpTrace Verbose: 0 : 3432, 14, 2024/07/04, 10:41:52.427, 1694404727943, vstest.console.dll, ParallelProxyExecutionManager: HandlePartialRunComplete: All runs completed stopping all managers.
TpTrace Verbose: 0 : 3432, 14, 2024/07/04, 10:41:52.427, 1694404728228, vstest.console.dll, ParallelOperationManager.StopAllManagers: Stopping all managers.
TpTrace Verbose: 0 : 3432, 4, 2024/07/04, 10:41:52.427, 1694404728385, vstest.console.dll, MulticastDelegateUtilities.SafeInvoke: InternalTestLoggerEvents.SendTestResult: Invoking callback 1/1 for Microsoft.VisualStudio.TestPlatform.CommandLine.Internal.ConsoleLogger., took 0 ms.
TpTrace Verbose: 0 : 3432, 14, 2024/07/04, 10:41:52.427, 1694404728421, vstest.console.dll, ParallelOperationManager.ClearSlots: Clearing all slots. Slots should accept more work: False
TpTrace Verbose: 0 : 3432, 14, 2024/07/04, 10:41:52.427, 1694404729153, vstest.console.dll, ParallelOperationManager.SetOccupiedSlotCount: Setting slot counts AvailableSlotCount = 3, OccupiedSlotCount = 0.
TpTrace Verbose: 0 : 3432, 14, 2024/07/04, 10:41:52.427, 1694404729386, vstest.console.dll, Occupied slots:

TpTrace Verbose: 0 : 3432, 4, 2024/07/04, 10:41:52.431, 1694404774576, vstest.console.dll, MulticastDelegateUtilities.SafeInvoke: InternalTestLoggerEvents.SendTestRunComplete: Invoking callback 1/2 for Microsoft.TestPlatform.Extensions.BlameDataCollector.BlameLogger., took 0 ms.
TpTrace Verbose: 0 : 3432, 4, 2024/07/04, 10:41:52.434, 1694404803286, vstest.console.dll, MulticastDelegateUtilities.SafeInvoke: InternalTestLoggerEvents.SendTestRunComplete: Invoking callback 2/2 for Microsoft.VisualStudio.TestPlatform.CommandLine.Internal.ConsoleLogger., took 2 ms.
TpTrace Verbose: 0 : 3432, 14, 2024/07/04, 10:41:52.434, 1694404805155, vstest.console.dll, TestRunRequest:TestRunComplete: Starting. IsAborted:False IsCanceled:False.
TpTrace Verbose: 0 : 3432, 14, 2024/07/04, 10:41:52.434, 1694404806237, vstest.console.dll, ParallelOperationManager.DoActionOnAllManagers: Calling an action on all managers.
TpTrace Verbose: 0 : 3432, 14, 2024/07/04, 10:41:52.435, 1694404813467, vstest.console.dll, TestLoggerManager.HandleTestRunComplete: Ignoring as the object is disposed.
TpTrace Verbose: 0 : 3432, 14, 2024/07/04, 10:41:52.435, 1694404814980, vstest.console.dll, MulticastDelegateUtilities.SafeInvoke: TestRun.TestRunComplete: Invoking callback 1/2 for Microsoft.VisualStudio.TestPlatform.CommandLine.TestRunResultAggregator., took 0 ms.
TpTrace Verbose: 0 : 3432, 14, 2024/07/04, 10:41:52.435, 1694404815610, vstest.console.dll, MulticastDelegateUtilities.SafeInvoke: TestRun.TestRunComplete: Invoking callback 2/2 for Microsoft.VisualStudio.TestPlatform.CommandLine.Processors.RunTestsArgumentExecutor+TestRunRequestEventsRegistrar., took 0 ms.
TpTrace Information: 0 : 3432, 14, 2024/07/04, 10:41:52.435, 1694404816133, vstest.console.dll, TestRunRequest:TestRunComplete: Completed.
TpTrace Verbose: 0 : 3432, 1, 2024/07/04, 10:41:52.435, 1694404816298, vstest.console.dll, TestRunRequest.Dispose: Starting.
TpTrace Verbose: 0 : 3432, 14, 2024/07/04, 10:41:52.435, 1694404816385, vstest.console.dll, TestRequestSender.SetOperationComplete: Setting operation complete.
TpTrace Information: 0 : 3432, 1, 2024/07/04, 10:41:52.435, 1694404816758, vstest.console.dll, TestRunRequest.Dispose: Completed.
TpTrace Information: 0 : 3432, 14, 2024/07/04, 10:41:52.436, 1694404817014, vstest.console.dll, SocketServer.Stop: Stop server endPoint: 127.0.0.1:56036
TpTrace Information: 0 : 3432, 1, 2024/07/04, 10:41:52.436, 1694404817044, vstest.console.dll, TestRequestManager.RunTests: run tests completed.
TpTrace Information: 0 : 3432, 14, 2024/07/04, 10:41:52.436, 1694404817229, vstest.console.dll, SocketServer.Stop: Cancellation requested. Stopping message loop.
TpTrace Verbose: 0 : 3432, 14, 2024/07/04, 10:41:52.436, 1694404817631, vstest.console.dll, MulticastDelegateUtilities.SafeInvoke: LengthPrefixCommunicationChannel: MessageReceived: Invoking callback 1/1 for Microsoft.VisualStudio.TestPlatform.CommunicationUtilities.TestRequestSender+<>c__DisplayClass34_0., took 66 ms.
TpTrace Information: 0 : 3432, 1, 2024/07/04, 10:41:52.436, 1694404817687, vstest.console.dll, RunTestsArgumentProcessor:Execute: Test run is completed.
TpTrace Information: 0 : 3432, 14, 2024/07/04, 10:41:52.436, 1694404817849, vstest.console.dll, SocketServer.PrivateStop: Stopping server endPoint: 127.0.0.1:56036 error: 
TpTrace Verbose: 0 : 3432, 1, 2024/07/04, 10:41:52.436, 1694404818976, vstest.console.dll, Executor.Execute: Exiting with exit code of 0
TpTrace Verbose: 0 : 3432, 14, 2024/07/04, 10:41:52.436, 1694404821122, vstest.console.dll, LengthPrefixCommunicationChannel.Dispose: Dispose reader and writer.
TpTrace Information: 0 : 3432, 14, 2024/07/04, 10:41:52.436, 1694404821902, vstest.console.dll, SocketServer.Stop: Raise disconnected event endPoint: 127.0.0.1:56036 error: 
TpTrace Verbose: 0 : 3432, 14, 2024/07/04, 10:41:52.436, 1694404822335, vstest.console.dll, TestRequestSender: OnTestRunAbort: Operation is already complete. Skip error message.
TpTrace Verbose: 0 : 3432, 14, 2024/07/04, 10:41:52.436, 1694404822494, vstest.console.dll, MulticastDelegateUtilities.SafeInvoke: SocketServer: ClientDisconnected: Invoking callback 1/1 for Microsoft.VisualStudio.TestPlatform.CommunicationUtilities.TestRequestSender., took 0 ms.
TpTrace Verbose: 0 : 3432, 14, 2024/07/04, 10:41:52.436, 1694404822627, vstest.console.dll, TcpClientExtensions.MessageLoopAsync: exiting MessageLoopAsync remoteEndPoint: 127.0.0.1:56037 localEndPoint: 127.0.0.1:56036
